INFO: [SIM 2] *************** CSIM start ***************
INFO: [SIM 4] CSIM will launch GCC as the compiler.
   Compiling(apcc) ../../../../sha.c in debug mode
INFO: [HLS 200-10] Running '/opt/Xilinx2018/Vivado/2018.3/bin/unwrapped/lnx64.o/apcc'
INFO: [HLS 200-10] For user 'ds6365' on host 'hansolo.poly.edu' (Linux_x86_64 version 3.10.0-1127.18.2.el7.x86_64) on Mon Mar 22 23:53:02 EDT 2021
INFO: [HLS 200-10] On os "Red Hat Enterprise Linux Server release 7.8 (Maipo)"
INFO: [HLS 200-10] In directory '/home/ds6365/SHA/solution1/csim/build'
INFO: [APCC 202-3] Tmp directory is /tmp/apcc_db_ds6365/248151616471582986077
INFO: [APCC 202-1] APCC is done.
   Compiling(apcc) ../../../../fips202.c in debug mode
INFO: [HLS 200-10] Running '/opt/Xilinx2018/Vivado/2018.3/bin/unwrapped/lnx64.o/apcc'
INFO: [HLS 200-10] For user 'ds6365' on host 'hansolo.poly.edu' (Linux_x86_64 version 3.10.0-1127.18.2.el7.x86_64) on Mon Mar 22 23:53:14 EDT 2021
INFO: [HLS 200-10] On os "Red Hat Enterprise Linux Server release 7.8 (Maipo)"
INFO: [HLS 200-10] In directory '/home/ds6365/SHA/solution1/csim/build'
INFO: [APCC 202-3] Tmp directory is /tmp/apcc_db_ds6365/253391616471595080793
INFO: [APCC 202-1] APCC is done.
   Generating csim.exe
7127aab211f82a18d06cf7578ff49d508917944139aa6d8bee57811a15fb55a5388760a3eceba04de51105139f3256fe5b53e1913bfa6b32e716fe97da
INFO: [SIM 1] CSim done with 0 errors.
INFO: [SIM 3] *************** CSIM finish ***************
