

================================================================
== Vivado HLS Report for 'pqcrystals_fips202_ref_sha3_256'
================================================================
* Date:           Mon Apr 12 13:45:36 2021

* Version:        2018.3 (Build 2405991 on Thu Dec 06 23:56:15 MST 2018)
* Project:        SHA
* Solution:       NDT_part_pipeline
* Product family: virtex7
* Target device:  xc7vx980tffg1930-2l


================================================================
== Performance Estimates
================================================================
+ Timing (ns): 
    * Summary: 
    +--------+-------+----------+------------+
    |  Clock | Target| Estimated| Uncertainty|
    +--------+-------+----------+------------+
    |ap_clk  |  10.00|     5.078|        1.25|
    +--------+-------+----------+------------+

+ Latency (clock cycles): 
    * Summary: 
    +-----+-----+-----+-----+---------+
    |  Latency  |  Interval | Pipeline|
    | min | max | min | max |   Type  |
    +-----+-----+-----+-----+---------+
    |  864|  864|  864|  864|   none  |
    +-----+-----+-----+-----+---------+

    + Detail: 
        * Instance: 
        +---------------------------------+----------------------+-----+-----+-----+-----+---------+
        |                                 |                      |  Latency  |  Interval | Pipeline|
        |             Instance            |        Module        | min | max | min | max |   Type  |
        +---------------------------------+----------------------+-----+-----+-----+-----+---------+
        |grp_KeccakF1600_StatePer_fu_145  |KeccakF1600_StatePer  |   50|   50|   50|   50|   none  |
        |grp_keccak_absorb_fu_152         |keccak_absorb         |  558|  558|  558|  558|   none  |
        +---------------------------------+----------------------+-----+-----+-----+-----+---------+

        * Loop: 
        +------------------------------------------+-----+-----+----------+-----------+-----------+------+----------+
        |                                          |  Latency  | Iteration|  Initiation Interval  | Trip |          |
        |                 Loop Name                | min | max |  Latency |  achieved |   target  | Count| Pipelined|
        +------------------------------------------+-----+-----+----------+-----------+-----------+------+----------+
        |- Loop 1                                  |  187|  187|        11|          -|          -|    17|    no    |
        | + store64_label1                         |    8|    8|         1|          -|          -|     8|    no    |
        |- pqcrystals_fips202_ref_sha3_256_label2  |   64|   64|         2|          -|          -|    32|    no    |
        +------------------------------------------+-----+-----+----------+-----------+-----------+------+----------+



================================================================
== Utilization Estimates
================================================================
* Summary: 
+-----------------+---------+-------+---------+--------+
|       Name      | BRAM_18K| DSP48E|    FF   |   LUT  |
+-----------------+---------+-------+---------+--------+
|DSP              |        -|      -|        -|       -|
|Expression       |        -|      -|        0|     273|
|FIFO             |        -|      -|        -|       -|
|Instance         |        3|      -|     3236|   17540|
|Memory           |        5|      -|        0|       0|
|Multiplexer      |        -|      -|        -|     179|
|Register         |        -|      -|      112|       -|
+-----------------+---------+-------+---------+--------+
|Total            |        8|      0|     3348|   17992|
+-----------------+---------+-------+---------+--------+
|Available        |     3000|   3600|  1224000|  612000|
+-----------------+---------+-------+---------+--------+
|Utilization (%)  |    ~0   |      0|    ~0   |       2|
+-----------------+---------+-------+---------+--------+

+ Detail: 
    * Instance: 
    +---------------------------------+----------------------+---------+-------+------+-------+
    |             Instance            |        Module        | BRAM_18K| DSP48E|  FF  |  LUT  |
    +---------------------------------+----------------------+---------+-------+------+-------+
    |grp_KeccakF1600_StatePer_fu_145  |KeccakF1600_StatePer  |        2|      0|  3110|  16883|
    |grp_keccak_absorb_fu_152         |keccak_absorb         |        1|      0|   126|    657|
    +---------------------------------+----------------------+---------+-------+------+-------+
    |Total                            |                      |        3|      0|  3236|  17540|
    +---------------------------------+----------------------+---------+-------+------+-------+

    * DSP48: 
    N/A

    * Memory: 
    +--------------+--------------------------------------------+---------+---+----+------+-----+------+-------------+
    |    Memory    |                   Module                   | BRAM_18K| FF| LUT| Words| Bits| Banks| W*Bits*Banks|
    +--------------+--------------------------------------------+---------+---+----+------+-----+------+-------------+
    |out_assign_U  |pqcrystals_fips202_ref_sha3_256_out_assign  |        1|  0|   0|   136|    8|     1|         1088|
    |s_U           |pqcrystals_fips202_ref_sha3_256_s           |        4|  0|   0|    25|   64|     1|         1600|
    +--------------+--------------------------------------------+---------+---+----+------+-----+------+-------------+
    |Total         |                                            |        5|  0|   0|   161|   72|     2|         2688|
    +--------------+--------------------------------------------+---------+---+----+------+-----+------+-------------+

    * FIFO: 
    N/A

    * Expression: 
    +------------------------+----------+-------+---+-----+------------+------------+
    |      Variable Name     | Operation| DSP48E| FF| LUT | Bitwidth P0| Bitwidth P1|
    +------------------------+----------+-------+---+-----+------------+------------+
    |i_1_fu_243_p2           |     +    |      0|  0|   15|           6|           1|
    |i_2_fu_191_p2           |     +    |      0|  0|   13|           4|           1|
    |i_4_i_fu_166_p2         |     +    |      0|  0|   15|           5|           1|
    |sum_i_i_fu_227_p2       |     +    |      0|  0|   15|           8|           8|
    |exitcond_fu_237_p2      |   icmp   |      0|  0|   11|           6|           7|
    |exitcond_i_i_fu_185_p2  |   icmp   |      0|  0|   11|           4|           5|
    |tmp_i_fu_160_p2         |   icmp   |      0|  0|   11|           5|           5|
    |tmp_3_i_i_fu_213_p2     |   lshr   |      0|  0|  182|          64|          64|
    +------------------------+----------+-------+---+-----+------------+------------+
    |Total                   |          |      0|  0|  273|         102|          92|
    +------------------------+----------+-------+---+-----+------------+------------+

    * Multiplexer: 
    +---------------------+----+-----------+-----+-----------+
    |         Name        | LUT| Input Size| Bits| Total Bits|
    +---------------------+----+-----------+-----+-----------+
    |ap_NS_fsm            |  47|         10|    1|         10|
    |i_i_i_reg_123        |   9|          2|    4|          8|
    |i_i_reg_111          |   9|          2|    5|         10|
    |i_reg_134            |   9|          2|    6|         12|
    |out_assign_address0  |  15|          3|    8|         24|
    |s_address0           |  21|          4|    5|         20|
    |s_ce0                |  21|          4|    1|          4|
    |s_ce1                |   9|          2|    1|          2|
    |s_d0                 |  15|          3|   64|        192|
    |s_we0                |  15|          3|    1|          3|
    |s_we1                |   9|          2|    1|          2|
    +---------------------+----+-----------+-----+-----------+
    |Total                | 179|         37|   97|        287|
    +---------------------+----+-----------+-----+-----------+

    * Register: 
    +----------------------------------------------+----+----+-----+-----------+
    |                     Name                     | FF | LUT| Bits| Const Bits|
    +----------------------------------------------+----+----+-----+-----------+
    |ap_CS_fsm                                     |   9|   0|    9|          0|
    |grp_KeccakF1600_StatePer_fu_145_ap_start_reg  |   1|   0|    1|          0|
    |grp_keccak_absorb_fu_152_ap_start_reg         |   1|   0|    1|          0|
    |i_1_reg_288                                   |   6|   0|    6|          0|
    |i_4_i_reg_257                                 |   5|   0|    5|          0|
    |i_i_i_reg_123                                 |   4|   0|    4|          0|
    |i_i_reg_111                                   |   5|   0|    5|          0|
    |i_reg_134                                     |   6|   0|    6|          0|
    |s_load_reg_272                                |  64|   0|   64|          0|
    |tmp_4_i_reg_267                               |   5|   0|    8|          3|
    |tmp_reg_293                                   |   6|   0|   64|         58|
    +----------------------------------------------+----+----+-----+-----------+
    |Total                                         | 112|   0|  173|         61|
    +----------------------------------------------+----+----+-----+-----------+



================================================================
== Interface
================================================================
* Summary: 
+---------------+-----+-----+------------+---------------------------------+--------------+
|   RTL Ports   | Dir | Bits|  Protocol  |          Source Object          |    C Type    |
+---------------+-----+-----+------------+---------------------------------+--------------+
|ap_clk         |  in |    1| ap_ctrl_hs | pqcrystals_fips202_ref_sha3_256 | return value |
|ap_rst         |  in |    1| ap_ctrl_hs | pqcrystals_fips202_ref_sha3_256 | return value |
|ap_start       |  in |    1| ap_ctrl_hs | pqcrystals_fips202_ref_sha3_256 | return value |
|ap_done        | out |    1| ap_ctrl_hs | pqcrystals_fips202_ref_sha3_256 | return value |
|ap_idle        | out |    1| ap_ctrl_hs | pqcrystals_fips202_ref_sha3_256 | return value |
|ap_ready       | out |    1| ap_ctrl_hs | pqcrystals_fips202_ref_sha3_256 | return value |
|h_address0     | out |    5|  ap_memory |                h                |     array    |
|h_ce0          | out |    1|  ap_memory |                h                |     array    |
|h_we0          | out |    1|  ap_memory |                h                |     array    |
|h_d0           | out |    8|  ap_memory |                h                |     array    |
|in_r_address0  | out |    2|  ap_memory |               in_r              |     array    |
|in_r_ce0       | out |    1|  ap_memory |               in_r              |     array    |
|in_r_q0        |  in |    8|  ap_memory |               in_r              |     array    |
|inlen          |  in |   64|   ap_none  |              inlen              |    scalar    |
+---------------+-----+-----+------------+---------------------------------+--------------+

============================================================
+ Verbose Summary: Synthesis Manager
============================================================
InlineROM: 1
ExposeGlobal: 0
============================================================
+ Verbose Summary: CDFG Model
============================================================
IsTopModel: 1
ResetActiveHigh: 1
IsCombinational: 2
IsDatapathOnly: 2
HasWiredReturn: 1
HasMFsm: 0
HasVarLatency: 1
IsPipeline: 0
IsRtlPipelined: 0
IsInstanceOverlapped: 0
IsDontTouch: 0
HasImplIP: 0
IsGatedGlobalClock: 0


============================================================
+ Verbose Summary: Schedule
============================================================
* Number of FSM states : 9
* Pipeline : 0
* Dataflow Pipeline: 0

* FSM state transitions: 
1 --> 
	2  / true
2 --> 
	3  / true
3 --> 
	4  / true
4 --> 
	5  / true
5 --> 
	6  / (!tmp_i)
	8  / (tmp_i)
6 --> 
	7  / true
7 --> 
	7  / (!exitcond_i_i)
	5  / (exitcond_i_i)
8 --> 
	9  / (!exitcond)
9 --> 
	8  / true

* FSM state operations: 

State 1 <SV = 0> <Delay = 2.26>
ST_1 : Operation 10 [1/1] (2.26ns)   --->   "%s = alloca [25 x i64], align 16" [fips202.c:563]   --->   Operation 10 'alloca' 's' <Predicate = true> <Delay = 2.26> <Core = "RAM">   --->   Core 37 'RAM' <Latency = 1> <II = 1> <Delay = 2.26> <Storage> <Opcode : 'load' 'store'> <Ports = 2> <Width = 8> <Depth = 136> <RAM>
ST_1 : Operation 11 [1/1] (2.26ns)   --->   "%out_assign = alloca [136 x i8], align 16"   --->   Operation 11 'alloca' 'out_assign' <Predicate = true> <Delay = 2.26> <Core = "RAM">   --->   Core 37 'RAM' <Latency = 1> <II = 1> <Delay = 2.26> <Storage> <Opcode : 'load' 'store'> <Ports = 2> <Width = 8> <Depth = 136> <RAM>
ST_1 : Operation 12 [2/2] (0.00ns)   --->   "call fastcc void @keccak_absorb([25 x i64]* %s, [3 x i8]* %in_r) nounwind" [fips202.c:566]   --->   Operation 12 'call' <Predicate = true> <Delay = 0.00> <CoreType = "Generic">   --->   Core 0 '' <Latency = 0> <II = 1> <Delay = 1.00> <Generic> <Opcode : >

State 2 <SV = 1> <Delay = 0.00>
ST_2 : Operation 13 [1/2] (0.00ns)   --->   "call fastcc void @keccak_absorb([25 x i64]* %s, [3 x i8]* %in_r) nounwind" [fips202.c:566]   --->   Operation 13 'call' <Predicate = true> <Delay = 0.00> <CoreType = "Generic">   --->   Core 0 '' <Latency = 0> <II = 1> <Delay = 1.00> <Generic> <Opcode : >

State 3 <SV = 2> <Delay = 0.00>
ST_3 : Operation 14 [2/2] (0.00ns)   --->   "call fastcc void @KeccakF1600_StatePer([25 x i64]* %s) nounwind" [fips202.c:417->fips202.c:567]   --->   Operation 14 'call' <Predicate = true> <Delay = 0.00> <CoreType = "Generic">   --->   Core 0 '' <Latency = 0> <II = 1> <Delay = 1.00> <Generic> <Opcode : >

State 4 <SV = 3> <Delay = 0.85>
ST_4 : Operation 15 [1/1] (0.00ns)   --->   "call void (...)* @_ssdm_op_SpecBitsMap([32 x i8]* %h) nounwind, !map !54"   --->   Operation 15 'specbitsmap' <Predicate = true> <Delay = 0.00>
ST_4 : Operation 16 [1/1] (0.00ns)   --->   "call void (...)* @_ssdm_op_SpecBitsMap([3 x i8]* %in_r) nounwind, !map !60"   --->   Operation 16 'specbitsmap' <Predicate = true> <Delay = 0.00>
ST_4 : Operation 17 [1/1] (0.00ns)   --->   "call void (...)* @_ssdm_op_SpecBitsMap(i64 %inlen) nounwind, !map !66"   --->   Operation 17 'specbitsmap' <Predicate = true> <Delay = 0.00>
ST_4 : Operation 18 [1/1] (0.00ns)   --->   "call void (...)* @_ssdm_op_SpecTopModule() nounwind" [fips202.c:562]   --->   Operation 18 'spectopmodule' <Predicate = true> <Delay = 0.00>
ST_4 : Operation 19 [1/2] (0.00ns)   --->   "call fastcc void @KeccakF1600_StatePer([25 x i64]* %s) nounwind" [fips202.c:417->fips202.c:567]   --->   Operation 19 'call' <Predicate = true> <Delay = 0.00> <CoreType = "Generic">   --->   Core 0 '' <Latency = 0> <II = 1> <Delay = 1.00> <Generic> <Opcode : >
ST_4 : Operation 20 [1/1] (0.85ns)   --->   "br label %store64.exit.i" [fips202.c:418->fips202.c:567]   --->   Operation 20 'br' <Predicate = true> <Delay = 0.85>

State 5 <SV = 4> <Delay = 2.26>
ST_5 : Operation 21 [1/1] (0.00ns)   --->   "%i_i = phi i5 [ 0, %0 ], [ %i_4_i, %store64.exit.i.loopexit ]" [fips202.c:418->fips202.c:567]   --->   Operation 21 'phi' 'i_i' <Predicate = true> <Delay = 0.00>
ST_5 : Operation 22 [1/1] (0.87ns)   --->   "%tmp_i = icmp eq i5 %i_i, -15" [fips202.c:418->fips202.c:567]   --->   Operation 22 'icmp' 'tmp_i' <Predicate = true> <Delay = 0.87> <Core = "Cmp">   --->   Core 25 'Cmp' <Latency = 0> <II = 1> <Delay = 0.87> <FuncUnit> <Opcode : 'icmp'> <InPorts = 2> <OutPorts = 1>
ST_5 : Operation 23 [1/1] (0.00ns)   --->   "%empty = call i32 (...)* @_ssdm_op_SpecLoopTripCount(i64 17, i64 17, i64 17) nounwind"   --->   Operation 23 'speclooptripcount' 'empty' <Predicate = true> <Delay = 0.00>
ST_5 : Operation 24 [1/1] (1.09ns)   --->   "%i_4_i = add i5 %i_i, 1" [fips202.c:418->fips202.c:567]   --->   Operation 24 'add' 'i_4_i' <Predicate = true> <Delay = 1.09> <Core = "AddSub">   --->   Core 14 'AddSub' <Latency = 0> <II = 1> <Delay = 1.35> <FuncUnit> <Opcode : 'add' 'sub'> <InPorts = 2> <OutPorts = 1>
ST_5 : Operation 25 [1/1] (0.00ns)   --->   "br i1 %tmp_i, label %keccak_squeezeblocks.exit.preheader, label %1" [fips202.c:418->fips202.c:567]   --->   Operation 25 'br' <Predicate = true> <Delay = 0.00>
ST_5 : Operation 26 [1/1] (0.00ns)   --->   "%tmp_6_i = zext i5 %i_i to i64" [fips202.c:420->fips202.c:567]   --->   Operation 26 'zext' 'tmp_6_i' <Predicate = (!tmp_i)> <Delay = 0.00>
ST_5 : Operation 27 [1/1] (0.00ns)   --->   "%s_addr = getelementptr [25 x i64]* %s, i64 0, i64 %tmp_6_i" [fips202.c:420->fips202.c:567]   --->   Operation 27 'getelementptr' 's_addr' <Predicate = (!tmp_i)> <Delay = 0.00>
ST_5 : Operation 28 [2/2] (2.26ns)   --->   "%s_load = load i64* %s_addr, align 8" [fips202.c:420->fips202.c:567]   --->   Operation 28 'load' 's_load' <Predicate = (!tmp_i)> <Delay = 2.26> <Core = "RAM">   --->   Core 37 'RAM' <Latency = 1> <II = 1> <Delay = 2.26> <Storage> <Opcode : 'load' 'store'> <Ports = 2> <Width = 8> <Depth = 136> <RAM>
ST_5 : Operation 29 [1/1] (0.85ns)   --->   "br label %keccak_squeezeblocks.exit" [fips202.c:569]   --->   Operation 29 'br' <Predicate = (tmp_i)> <Delay = 0.85>

State 6 <SV = 5> <Delay = 2.26>
ST_6 : Operation 30 [1/1] (0.00ns)   --->   "%tmp_4_i = call i8 @_ssdm_op_BitConcatenate.i8.i5.i3(i5 %i_i, i3 0)" [fips202.c:420->fips202.c:567]   --->   Operation 30 'bitconcatenate' 'tmp_4_i' <Predicate = true> <Delay = 0.00>
ST_6 : Operation 31 [1/2] (2.26ns)   --->   "%s_load = load i64* %s_addr, align 8" [fips202.c:420->fips202.c:567]   --->   Operation 31 'load' 's_load' <Predicate = true> <Delay = 2.26> <Core = "RAM">   --->   Core 37 'RAM' <Latency = 1> <II = 1> <Delay = 2.26> <Storage> <Opcode : 'load' 'store'> <Ports = 2> <Width = 8> <Depth = 136> <RAM>
ST_6 : Operation 32 [1/1] (0.85ns)   --->   "br label %2" [fips202.c:45->fips202.c:420->fips202.c:567]   --->   Operation 32 'br' <Predicate = true> <Delay = 0.85>

State 7 <SV = 6> <Delay = 4.62>
ST_7 : Operation 33 [1/1] (0.00ns)   --->   "%i_i_i = phi i4 [ 0, %1 ], [ %i_2, %3 ]"   --->   Operation 33 'phi' 'i_i_i' <Predicate = true> <Delay = 0.00>
ST_7 : Operation 34 [1/1] (0.87ns)   --->   "%exitcond_i_i = icmp eq i4 %i_i_i, -8" [fips202.c:45->fips202.c:420->fips202.c:567]   --->   Operation 34 'icmp' 'exitcond_i_i' <Predicate = true> <Delay = 0.87> <Core = "Cmp">   --->   Core 25 'Cmp' <Latency = 0> <II = 1> <Delay = 0.87> <FuncUnit> <Opcode : 'icmp'> <InPorts = 2> <OutPorts = 1>
ST_7 : Operation 35 [1/1] (0.00ns)   --->   "%empty_5 = call i32 (...)* @_ssdm_op_SpecLoopTripCount(i64 8, i64 8, i64 8) nounwind"   --->   Operation 35 'speclooptripcount' 'empty_5' <Predicate = true> <Delay = 0.00>
ST_7 : Operation 36 [1/1] (1.01ns)   --->   "%i_2 = add i4 %i_i_i, 1" [fips202.c:45->fips202.c:420->fips202.c:567]   --->   Operation 36 'add' 'i_2' <Predicate = true> <Delay = 1.01> <Core = "AddSub">   --->   Core 14 'AddSub' <Latency = 0> <II = 1> <Delay = 1.35> <FuncUnit> <Opcode : 'add' 'sub'> <InPorts = 2> <OutPorts = 1>
ST_7 : Operation 37 [1/1] (0.00ns)   --->   "br i1 %exitcond_i_i, label %store64.exit.i.loopexit, label %3" [fips202.c:45->fips202.c:420->fips202.c:567]   --->   Operation 37 'br' <Predicate = true> <Delay = 0.00>
ST_7 : Operation 38 [1/1] (0.00ns)   --->   "call void (...)* @_ssdm_op_SpecLoopName([15 x i8]* @p_str1) nounwind" [fips202.c:46->fips202.c:420->fips202.c:567]   --->   Operation 38 'specloopname' <Predicate = (!exitcond_i_i)> <Delay = 0.00>
ST_7 : Operation 39 [1/1] (0.00ns)   --->   "%tmp_1 = trunc i4 %i_i_i to i3" [fips202.c:45->fips202.c:420->fips202.c:567]   --->   Operation 39 'trunc' 'tmp_1' <Predicate = (!exitcond_i_i)> <Delay = 0.00>
ST_7 : Operation 40 [1/1] (0.00ns)   --->   "%tmp_1_i_i = call i6 @_ssdm_op_BitConcatenate.i6.i3.i3(i3 %tmp_1, i3 0)" [fips202.c:46->fips202.c:420->fips202.c:567]   --->   Operation 40 'bitconcatenate' 'tmp_1_i_i' <Predicate = (!exitcond_i_i)> <Delay = 0.00>
ST_7 : Operation 41 [1/1] (0.00ns)   --->   "%tmp_2_i_i = zext i6 %tmp_1_i_i to i64" [fips202.c:46->fips202.c:420->fips202.c:567]   --->   Operation 41 'zext' 'tmp_2_i_i' <Predicate = (!exitcond_i_i)> <Delay = 0.00>
ST_7 : Operation 42 [1/1] (2.35ns)   --->   "%tmp_3_i_i = lshr i64 %s_load, %tmp_2_i_i" [fips202.c:46->fips202.c:420->fips202.c:567]   --->   Operation 42 'lshr' 'tmp_3_i_i' <Predicate = (!exitcond_i_i)> <Delay = 2.35> <Core = "Shift">   --->   Core 28 'Shift' <Latency = 0> <II = 1> <Delay = 2.35> <FuncUnit> <Opcode : 'shl' 'lshr' 'ashr'> <InPorts = 2> <OutPorts = 1>
ST_7 : Operation 43 [1/1] (0.00ns)   --->   "%tmp_2 = trunc i64 %tmp_3_i_i to i8" [fips202.c:46->fips202.c:420->fips202.c:567]   --->   Operation 43 'trunc' 'tmp_2' <Predicate = (!exitcond_i_i)> <Delay = 0.00>
ST_7 : Operation 44 [1/1] (0.00ns)   --->   "%tmp_5_i_i_cast = zext i4 %i_i_i to i8" [fips202.c:46->fips202.c:420->fips202.c:567]   --->   Operation 44 'zext' 'tmp_5_i_i_cast' <Predicate = (!exitcond_i_i)> <Delay = 0.00>
ST_7 : Operation 45 [1/1] (1.35ns)   --->   "%sum_i_i = add i8 %tmp_5_i_i_cast, %tmp_4_i" [fips202.c:46->fips202.c:420->fips202.c:567]   --->   Operation 45 'add' 'sum_i_i' <Predicate = (!exitcond_i_i)> <Delay = 1.35> <Core = "AddSub">   --->   Core 14 'AddSub' <Latency = 0> <II = 1> <Delay = 1.35> <FuncUnit> <Opcode : 'add' 'sub'> <InPorts = 2> <OutPorts = 1>
ST_7 : Operation 46 [1/1] (0.00ns)   --->   "%sum_i_i_cast = zext i8 %sum_i_i to i64" [fips202.c:46->fips202.c:420->fips202.c:567]   --->   Operation 46 'zext' 'sum_i_i_cast' <Predicate = (!exitcond_i_i)> <Delay = 0.00>
ST_7 : Operation 47 [1/1] (0.00ns)   --->   "%out_assign_addr_1 = getelementptr [136 x i8]* %out_assign, i64 0, i64 %sum_i_i_cast" [fips202.c:46->fips202.c:420->fips202.c:567]   --->   Operation 47 'getelementptr' 'out_assign_addr_1' <Predicate = (!exitcond_i_i)> <Delay = 0.00>
ST_7 : Operation 48 [1/1] (2.26ns)   --->   "store i8 %tmp_2, i8* %out_assign_addr_1, align 1" [fips202.c:46->fips202.c:420->fips202.c:567]   --->   Operation 48 'store' <Predicate = (!exitcond_i_i)> <Delay = 2.26> <Core = "RAM">   --->   Core 37 'RAM' <Latency = 1> <II = 1> <Delay = 2.26> <Storage> <Opcode : 'load' 'store'> <Ports = 2> <Width = 8> <Depth = 136> <RAM>
ST_7 : Operation 49 [1/1] (0.00ns)   --->   "br label %2" [fips202.c:45->fips202.c:420->fips202.c:567]   --->   Operation 49 'br' <Predicate = (!exitcond_i_i)> <Delay = 0.00>
ST_7 : Operation 50 [1/1] (0.00ns)   --->   "br label %store64.exit.i"   --->   Operation 50 'br' <Predicate = (exitcond_i_i)> <Delay = 0.00>

State 8 <SV = 5> <Delay = 2.26>
ST_8 : Operation 51 [1/1] (0.00ns)   --->   "%i = phi i6 [ %i_1, %4 ], [ 0, %keccak_squeezeblocks.exit.preheader ]"   --->   Operation 51 'phi' 'i' <Predicate = true> <Delay = 0.00>
ST_8 : Operation 52 [1/1] (0.86ns)   --->   "%exitcond = icmp eq i6 %i, -32" [fips202.c:569]   --->   Operation 52 'icmp' 'exitcond' <Predicate = true> <Delay = 0.86> <Core = "Cmp">   --->   Core 25 'Cmp' <Latency = 0> <II = 1> <Delay = 0.87> <FuncUnit> <Opcode : 'icmp'> <InPorts = 2> <OutPorts = 1>
ST_8 : Operation 53 [1/1] (0.00ns)   --->   "%empty_6 = call i32 (...)* @_ssdm_op_SpecLoopTripCount(i64 32, i64 32, i64 32) nounwind"   --->   Operation 53 'speclooptripcount' 'empty_6' <Predicate = true> <Delay = 0.00>
ST_8 : Operation 54 [1/1] (1.18ns)   --->   "%i_1 = add i6 %i, 1" [fips202.c:569]   --->   Operation 54 'add' 'i_1' <Predicate = true> <Delay = 1.18> <Core = "AddSub">   --->   Core 14 'AddSub' <Latency = 0> <II = 1> <Delay = 1.35> <FuncUnit> <Opcode : 'add' 'sub'> <InPorts = 2> <OutPorts = 1>
ST_8 : Operation 55 [1/1] (0.00ns)   --->   "br i1 %exitcond, label %5, label %4" [fips202.c:569]   --->   Operation 55 'br' <Predicate = true> <Delay = 0.00>
ST_8 : Operation 56 [1/1] (0.00ns)   --->   "%tmp = zext i6 %i to i64" [fips202.c:570]   --->   Operation 56 'zext' 'tmp' <Predicate = (!exitcond)> <Delay = 0.00>
ST_8 : Operation 57 [1/1] (0.00ns)   --->   "%out_assign_addr = getelementptr inbounds [136 x i8]* %out_assign, i64 0, i64 %tmp" [fips202.c:570]   --->   Operation 57 'getelementptr' 'out_assign_addr' <Predicate = (!exitcond)> <Delay = 0.00>
ST_8 : Operation 58 [2/2] (2.26ns)   --->   "%out_assign_load = load i8* %out_assign_addr, align 1" [fips202.c:570]   --->   Operation 58 'load' 'out_assign_load' <Predicate = (!exitcond)> <Delay = 2.26> <Core = "RAM">   --->   Core 37 'RAM' <Latency = 1> <II = 1> <Delay = 2.26> <Storage> <Opcode : 'load' 'store'> <Ports = 2> <Width = 8> <Depth = 136> <RAM>
ST_8 : Operation 59 [1/1] (0.00ns)   --->   "ret void" [fips202.c:571]   --->   Operation 59 'ret' <Predicate = (exitcond)> <Delay = 0.00>

State 9 <SV = 6> <Delay = 3.41>
ST_9 : Operation 60 [1/1] (0.00ns)   --->   "call void (...)* @_ssdm_op_SpecLoopName([39 x i8]* @p_str) nounwind" [fips202.c:570]   --->   Operation 60 'specloopname' <Predicate = true> <Delay = 0.00>
ST_9 : Operation 61 [1/2] (2.26ns)   --->   "%out_assign_load = load i8* %out_assign_addr, align 1" [fips202.c:570]   --->   Operation 61 'load' 'out_assign_load' <Predicate = true> <Delay = 2.26> <Core = "RAM">   --->   Core 37 'RAM' <Latency = 1> <II = 1> <Delay = 2.26> <Storage> <Opcode : 'load' 'store'> <Ports = 2> <Width = 8> <Depth = 136> <RAM>
ST_9 : Operation 62 [1/1] (0.00ns)   --->   "%h_addr = getelementptr [32 x i8]* %h, i64 0, i64 %tmp" [fips202.c:570]   --->   Operation 62 'getelementptr' 'h_addr' <Predicate = true> <Delay = 0.00>
ST_9 : Operation 63 [1/1] (1.14ns)   --->   "store i8 %out_assign_load, i8* %h_addr, align 1" [fips202.c:570]   --->   Operation 63 'store' <Predicate = true> <Delay = 1.14> <Core = "RAM">   --->   Core 37 'RAM' <Latency = 1> <II = 1> <Delay = 2.26> <Storage> <Opcode : 'load' 'store'> <Ports = 2> <Width = 8> <Depth = 136> <RAM>
ST_9 : Operation 64 [1/1] (0.00ns)   --->   "br label %keccak_squeezeblocks.exit" [fips202.c:569]   --->   Operation 64 'br' <Predicate = true> <Delay = 0.00>


============================================================
+ Verbose Summary: Binding
============================================================
STG Binding: 
---------------- STG Properties BEGIN ----------------
- Is combinational: 0
- Is one-state seq: 0
- Is datapath-only: 0
- Is pipelined: 0
- Is top level: 1
Port [ Return ] is wired: 1; IO mode=ap_ctrl_hs:ce=0
Port [ h]:  wired=1; compound=1; hidden=0; nouse=0; global=0; static=0; extern=0; dir=1; type=1; pingpong=0; private_global=0; MemPort=[03]; IO mode=ap_memory:ce=0
Port [ in_r]:  wired=1; compound=1; hidden=0; nouse=0; global=0; static=0; extern=0; dir=0; type=1; pingpong=0; private_global=0; MemPort=[13]; IO mode=ap_memory:ce=0
Port [ inlen]:  wired=1; compound=0; hidden=0; nouse=1; global=0; static=0; extern=0; dir=0; type=0; pingpong=0; private_global=0; IO mode=ap_none:ce=0
Port [ KeccakF_RoundConstan]:  wired=0; compound=1; hidden=1; nouse=1; global=1; static=1; extern=0; dir=0; type=1; pingpong=0; private_global=0; linkage=7; visibility=0; MemPort=[11]; IO mode=ap_memory:ce=0
---------------- STG Properties END ------------------

---------------- Datapath Model BEGIN ----------------

<LifeTime>
<method=bitvector/>
s                 (alloca           ) [ 0011111100]
out_assign        (alloca           ) [ 0011111111]
StgValue_13       (call             ) [ 0000000000]
StgValue_15       (specbitsmap      ) [ 0000000000]
StgValue_16       (specbitsmap      ) [ 0000000000]
StgValue_17       (specbitsmap      ) [ 0000000000]
StgValue_18       (spectopmodule    ) [ 0000000000]
StgValue_19       (call             ) [ 0000000000]
StgValue_20       (br               ) [ 0000111100]
i_i               (phi              ) [ 0000011000]
tmp_i             (icmp             ) [ 0000011100]
empty             (speclooptripcount) [ 0000000000]
i_4_i             (add              ) [ 0000111100]
StgValue_25       (br               ) [ 0000000000]
tmp_6_i           (zext             ) [ 0000000000]
s_addr            (getelementptr    ) [ 0000001000]
StgValue_29       (br               ) [ 0000011111]
tmp_4_i           (bitconcatenate   ) [ 0000000100]
s_load            (load             ) [ 0000000100]
StgValue_32       (br               ) [ 0000011100]
i_i_i             (phi              ) [ 0000000100]
exitcond_i_i      (icmp             ) [ 0000011100]
empty_5           (speclooptripcount) [ 0000000000]
i_2               (add              ) [ 0000011100]
StgValue_37       (br               ) [ 0000000000]
StgValue_38       (specloopname     ) [ 0000000000]
tmp_1             (trunc            ) [ 0000000000]
tmp_1_i_i         (bitconcatenate   ) [ 0000000000]
tmp_2_i_i         (zext             ) [ 0000000000]
tmp_3_i_i         (lshr             ) [ 0000000000]
tmp_2             (trunc            ) [ 0000000000]
tmp_5_i_i_cast    (zext             ) [ 0000000000]
sum_i_i           (add              ) [ 0000000000]
sum_i_i_cast      (zext             ) [ 0000000000]
out_assign_addr_1 (getelementptr    ) [ 0000000000]
StgValue_48       (store            ) [ 0000000000]
StgValue_49       (br               ) [ 0000011100]
StgValue_50       (br               ) [ 0000111100]
i                 (phi              ) [ 0000000010]
exitcond          (icmp             ) [ 0000000011]
empty_6           (speclooptripcount) [ 0000000000]
i_1               (add              ) [ 0000010011]
StgValue_55       (br               ) [ 0000000000]
tmp               (zext             ) [ 0000000001]
out_assign_addr   (getelementptr    ) [ 0000000001]
StgValue_59       (ret              ) [ 0000000000]
StgValue_60       (specloopname     ) [ 0000000000]
out_assign_load   (load             ) [ 0000000000]
h_addr            (getelementptr    ) [ 0000000000]
StgValue_63       (store            ) [ 0000000000]
StgValue_64       (br               ) [ 0000010011]
</LifeTime>

<model>

<comp_list>
<comp id="0" class="1000" name="h">
<pin_list>
<pin id="1" dir="1" index="0" bw="1" slack="0"/>
</pin_list>
<bind>
<StgValue><ssdm name="h"/><MemPortTyVec>0 3 </MemPortTyVec>
</StgValue>
</bind>
</comp>

<comp id="2" class="1000" name="in_r">
<pin_list>
<pin id="3" dir="1" index="0" bw="1" slack="0"/>
</pin_list>
<bind>
<StgValue><ssdm name="in_r"/><MemPortTyVec>1 3 </MemPortTyVec>
</StgValue>
</bind>
</comp>

<comp id="4" class="1000" name="inlen">
<pin_list>
<pin id="5" dir="1" index="0" bw="1" slack="2147483647"/>
</pin_list>
<bind>
<StgValue><ssdm name="inlen"/></StgValue>
</bind>
</comp>

<comp id="6" class="1000" name="KeccakF_RoundConstan">
<pin_list>
<pin id="7" dir="1" index="0" bw="1" slack="0"/>
</pin_list>
<bind>
<StgValue><ssdm name="KeccakF_RoundConstan"/><MemPortTyVec>1 1 </MemPortTyVec>
</StgValue>
</bind>
</comp>

<comp id="8" class="1001" name="const_8">
<pin_list>
<pin id="9" dir="1" index="0" bw="1" slack="0"/>
</pin_list>
<bind>
<StgValue><ssdm name=""/></StgValue>
</bind>
</comp>

<comp id="10" class="1001" name="const_10">
<pin_list>
<pin id="11" dir="1" index="0" bw="1" slack="0"/>
</pin_list>
<bind>
<StgValue><ssdm name="keccak_absorb"/></StgValue>
</bind>
</comp>

<comp id="12" class="1001" name="const_12">
<pin_list>
<pin id="13" dir="1" index="0" bw="1" slack="0"/>
</pin_list>
<bind>
<StgValue><ssdm name="KeccakF1600_StatePer"/></StgValue>
</bind>
</comp>

<comp id="14" class="1001" name="const_14">
<pin_list>
<pin id="15" dir="1" index="0" bw="1" slack="2147483647"/>
</pin_list>
<bind>
<StgValue><ssdm name="_ssdm_op_SpecBitsMap"/></StgValue>
</bind>
</comp>

<comp id="16" class="1001" name="const_16">
<pin_list>
<pin id="17" dir="1" index="0" bw="1" slack="2147483647"/>
</pin_list>
<bind>
<StgValue><ssdm name="_ssdm_op_SpecTopModule"/></StgValue>
</bind>
</comp>

<comp id="18" class="1001" name="const_18">
<pin_list>
<pin id="19" dir="1" index="0" bw="1" slack="1"/>
</pin_list>
<bind>
<StgValue><ssdm name=""/></StgValue>
</bind>
</comp>

<comp id="20" class="1001" name="const_20">
<pin_list>
<pin id="21" dir="1" index="0" bw="1" slack="0"/>
</pin_list>
<bind>
<StgValue><ssdm name=""/></StgValue>
</bind>
</comp>

<comp id="22" class="1001" name="const_22">
<pin_list>
<pin id="23" dir="1" index="0" bw="1" slack="2147483647"/>
</pin_list>
<bind>
<StgValue><ssdm name="_ssdm_op_SpecLoopTripCount"/></StgValue>
</bind>
</comp>

<comp id="24" class="1001" name="const_24">
<pin_list>
<pin id="25" dir="1" index="0" bw="1" slack="2147483647"/>
</pin_list>
<bind>
<StgValue><ssdm name=""/></StgValue>
</bind>
</comp>

<comp id="26" class="1001" name="const_26">
<pin_list>
<pin id="27" dir="1" index="0" bw="1" slack="0"/>
</pin_list>
<bind>
<StgValue><ssdm name=""/></StgValue>
</bind>
</comp>

<comp id="28" class="1001" name="const_28">
<pin_list>
<pin id="29" dir="1" index="0" bw="1" slack="0"/>
</pin_list>
<bind>
<StgValue><ssdm name=""/></StgValue>
</bind>
</comp>

<comp id="30" class="1001" name="const_30">
<pin_list>
<pin id="31" dir="1" index="0" bw="1" slack="0"/>
</pin_list>
<bind>
<StgValue><ssdm name="_ssdm_op_BitConcatenate.i8.i5.i3"/></StgValue>
</bind>
</comp>

<comp id="32" class="1001" name="const_32">
<pin_list>
<pin id="33" dir="1" index="0" bw="1" slack="0"/>
</pin_list>
<bind>
<StgValue><ssdm name=""/></StgValue>
</bind>
</comp>

<comp id="34" class="1001" name="const_34">
<pin_list>
<pin id="35" dir="1" index="0" bw="1" slack="1"/>
</pin_list>
<bind>
<StgValue><ssdm name=""/></StgValue>
</bind>
</comp>

<comp id="36" class="1001" name="const_36">
<pin_list>
<pin id="37" dir="1" index="0" bw="1" slack="0"/>
</pin_list>
<bind>
<StgValue><ssdm name=""/></StgValue>
</bind>
</comp>

<comp id="38" class="1001" name="const_38">
<pin_list>
<pin id="39" dir="1" index="0" bw="1" slack="2147483647"/>
</pin_list>
<bind>
<StgValue><ssdm name=""/></StgValue>
</bind>
</comp>

<comp id="40" class="1001" name="const_40">
<pin_list>
<pin id="41" dir="1" index="0" bw="1" slack="0"/>
</pin_list>
<bind>
<StgValue><ssdm name=""/></StgValue>
</bind>
</comp>

<comp id="42" class="1001" name="const_42">
<pin_list>
<pin id="43" dir="1" index="0" bw="1" slack="2147483647"/>
</pin_list>
<bind>
<StgValue><ssdm name="_ssdm_op_SpecLoopName"/></StgValue>
</bind>
</comp>

<comp id="44" class="1001" name="const_44">
<pin_list>
<pin id="45" dir="1" index="0" bw="1" slack="2147483647"/>
</pin_list>
<bind>
<StgValue><ssdm name="p_str1"/></StgValue>
</bind>
</comp>

<comp id="46" class="1001" name="const_46">
<pin_list>
<pin id="47" dir="1" index="0" bw="1" slack="0"/>
</pin_list>
<bind>
<StgValue><ssdm name="_ssdm_op_BitConcatenate.i6.i3.i3"/></StgValue>
</bind>
</comp>

<comp id="48" class="1001" name="const_48">
<pin_list>
<pin id="49" dir="1" index="0" bw="1" slack="1"/>
</pin_list>
<bind>
<StgValue><ssdm name=""/></StgValue>
</bind>
</comp>

<comp id="50" class="1001" name="const_50">
<pin_list>
<pin id="51" dir="1" index="0" bw="1" slack="0"/>
</pin_list>
<bind>
<StgValue><ssdm name=""/></StgValue>
</bind>
</comp>

<comp id="52" class="1001" name="const_52">
<pin_list>
<pin id="53" dir="1" index="0" bw="1" slack="2147483647"/>
</pin_list>
<bind>
<StgValue><ssdm name=""/></StgValue>
</bind>
</comp>

<comp id="54" class="1001" name="const_54">
<pin_list>
<pin id="55" dir="1" index="0" bw="1" slack="0"/>
</pin_list>
<bind>
<StgValue><ssdm name=""/></StgValue>
</bind>
</comp>

<comp id="56" class="1001" name="const_56">
<pin_list>
<pin id="57" dir="1" index="0" bw="1" slack="2147483647"/>
</pin_list>
<bind>
<StgValue><ssdm name="p_str"/></StgValue>
</bind>
</comp>

<comp id="58" class="1004" name="s_alloca_fu_58">
<pin_list>
<pin id="59" dir="0" index="0" bw="1" slack="0"/>
<pin id="60" dir="1" index="1" bw="64" slack="0"/>
</pin_list>
<bind>
<opcode="alloca(26) " fcode="alloca"/>
<opset="s/1 "/>
</bind>
</comp>

<comp id="62" class="1004" name="out_assign_alloca_fu_62">
<pin_list>
<pin id="63" dir="0" index="0" bw="1" slack="0"/>
<pin id="64" dir="1" index="1" bw="8" slack="2147483647"/>
</pin_list>
<bind>
<opcode="alloca(26) " fcode="alloca"/>
<opset="out_assign/1 "/>
</bind>
</comp>

<comp id="66" class="1004" name="s_addr_gep_fu_66">
<pin_list>
<pin id="67" dir="0" index="0" bw="64" slack="2147483647"/>
<pin id="68" dir="0" index="1" bw="1" slack="0"/>
<pin id="69" dir="0" index="2" bw="5" slack="0"/>
<pin id="70" dir="1" index="3" bw="5" slack="0"/>
</pin_list>
<bind>
<opcode="getelementptr(29) " fcode="getelementptr"/>
<opset="s_addr/5 "/>
</bind>
</comp>

<comp id="72" class="1004" name="grp_access_fu_72">
<pin_list>
<pin id="73" dir="0" index="0" bw="5" slack="0"/>
<pin id="74" dir="0" index="1" bw="64" slack="2147483647"/>
<pin id="75" dir="0" index="2" bw="0" slack="2147483647"/>
<pin id="76" dir="1" index="3" bw="64" slack="1"/>
</pin_list>
<bind>
<opcode="load(27) " fcode="load"/>
<opset="s_load/5 "/>
</bind>
</comp>

<comp id="78" class="1004" name="out_assign_addr_1_gep_fu_78">
<pin_list>
<pin id="79" dir="0" index="0" bw="8" slack="2147483647"/>
<pin id="80" dir="0" index="1" bw="1" slack="0"/>
<pin id="81" dir="0" index="2" bw="8" slack="0"/>
<pin id="82" dir="1" index="3" bw="8" slack="0"/>
</pin_list>
<bind>
<opcode="getelementptr(29) " fcode="getelementptr"/>
<opset="out_assign_addr_1/7 "/>
</bind>
</comp>

<comp id="84" class="1004" name="grp_access_fu_84">
<pin_list>
<pin id="85" dir="0" index="0" bw="8" slack="0"/>
<pin id="86" dir="0" index="1" bw="8" slack="0"/>
<pin id="87" dir="0" index="2" bw="0" slack="2147483647"/>
<pin id="88" dir="1" index="3" bw="8" slack="0"/>
</pin_list>
<bind>
<opcode="load(27) store(28) " fcode="load"/>
<opset="StgValue_48/7 out_assign_load/8 "/>
</bind>
</comp>

<comp id="90" class="1004" name="out_assign_addr_gep_fu_90">
<pin_list>
<pin id="91" dir="0" index="0" bw="8" slack="2147483647"/>
<pin id="92" dir="0" index="1" bw="1" slack="0"/>
<pin id="93" dir="0" index="2" bw="6" slack="0"/>
<pin id="94" dir="1" index="3" bw="8" slack="0"/>
</pin_list>
<bind>
<opcode="getelementptr(29) " fcode="getelementptr"/>
<opset="out_assign_addr/8 "/>
</bind>
</comp>

<comp id="97" class="1004" name="h_addr_gep_fu_97">
<pin_list>
<pin id="98" dir="0" index="0" bw="8" slack="0"/>
<pin id="99" dir="0" index="1" bw="1" slack="0"/>
<pin id="100" dir="0" index="2" bw="6" slack="1"/>
<pin id="101" dir="1" index="3" bw="5" slack="0"/>
</pin_list>
<bind>
<opcode="getelementptr(29) " fcode="getelementptr"/>
<opset="h_addr/9 "/>
</bind>
</comp>

<comp id="104" class="1004" name="StgValue_63_access_fu_104">
<pin_list>
<pin id="105" dir="0" index="0" bw="5" slack="0"/>
<pin id="106" dir="0" index="1" bw="8" slack="0"/>
<pin id="107" dir="0" index="2" bw="0" slack="2147483647"/>
<pin id="108" dir="1" index="3" bw="8" slack="2147483647"/>
</pin_list>
<bind>
<opcode="store(28) " fcode="store"/>
<opset="StgValue_63/9 "/>
</bind>
</comp>

<comp id="111" class="1005" name="i_i_reg_111">
<pin_list>
<pin id="112" dir="0" index="0" bw="5" slack="1"/>
<pin id="113" dir="1" index="1" bw="5" slack="1"/>
</pin_list>
<bind>
<opset="i_i (phireg) "/>
</bind>
</comp>

<comp id="115" class="1004" name="i_i_phi_fu_115">
<pin_list>
<pin id="116" dir="0" index="0" bw="1" slack="1"/>
<pin id="117" dir="0" index="1" bw="0" slack="2147483647"/>
<pin id="118" dir="0" index="2" bw="5" slack="0"/>
<pin id="119" dir="0" index="3" bw="0" slack="2147483647"/>
<pin id="120" dir="1" index="4" bw="5" slack="0"/>
</pin_list>
<bind>
<opcode="phi(47) " fcode="phi"/>
<opset="i_i/5 "/>
</bind>
</comp>

<comp id="123" class="1005" name="i_i_i_reg_123">
<pin_list>
<pin id="124" dir="0" index="0" bw="4" slack="1"/>
<pin id="125" dir="1" index="1" bw="4" slack="1"/>
</pin_list>
<bind>
<opset="i_i_i (phireg) "/>
</bind>
</comp>

<comp id="127" class="1004" name="i_i_i_phi_fu_127">
<pin_list>
<pin id="128" dir="0" index="0" bw="1" slack="1"/>
<pin id="129" dir="0" index="1" bw="0" slack="2147483647"/>
<pin id="130" dir="0" index="2" bw="4" slack="0"/>
<pin id="131" dir="0" index="3" bw="0" slack="2147483647"/>
<pin id="132" dir="1" index="4" bw="4" slack="0"/>
</pin_list>
<bind>
<opcode="phi(47) " fcode="phi"/>
<opset="i_i_i/7 "/>
</bind>
</comp>

<comp id="134" class="1005" name="i_reg_134">
<pin_list>
<pin id="135" dir="0" index="0" bw="6" slack="1"/>
<pin id="136" dir="1" index="1" bw="6" slack="1"/>
</pin_list>
<bind>
<opset="i (phireg) "/>
</bind>
</comp>

<comp id="138" class="1004" name="i_phi_fu_138">
<pin_list>
<pin id="139" dir="0" index="0" bw="6" slack="0"/>
<pin id="140" dir="0" index="1" bw="0" slack="2147483647"/>
<pin id="141" dir="0" index="2" bw="1" slack="1"/>
<pin id="142" dir="0" index="3" bw="0" slack="2147483647"/>
<pin id="143" dir="1" index="4" bw="6" slack="0"/>
</pin_list>
<bind>
<opcode="phi(47) " fcode="phi"/>
<opset="i/8 "/>
</bind>
</comp>

<comp id="145" class="1004" name="grp_KeccakF1600_StatePer_fu_145">
<pin_list>
<pin id="146" dir="0" index="0" bw="0" slack="0"/>
<pin id="147" dir="0" index="1" bw="64" slack="2147483647"/>
<pin id="148" dir="0" index="2" bw="64" slack="0"/>
<pin id="149" dir="1" index="3" bw="0" slack="2147483647"/>
</pin_list>
<bind>
<opcode="call(48) " fcode="call"/>
<opset="StgValue_14/3 "/>
</bind>
</comp>

<comp id="152" class="1004" name="grp_keccak_absorb_fu_152">
<pin_list>
<pin id="153" dir="0" index="0" bw="0" slack="0"/>
<pin id="154" dir="0" index="1" bw="64" slack="0"/>
<pin id="155" dir="0" index="2" bw="8" slack="0"/>
<pin id="156" dir="1" index="3" bw="0" slack="2147483647"/>
</pin_list>
<bind>
<opcode="call(48) " fcode="call"/>
<opset="StgValue_12/1 "/>
</bind>
</comp>

<comp id="160" class="1004" name="tmp_i_fu_160">
<pin_list>
<pin id="161" dir="0" index="0" bw="5" slack="0"/>
<pin id="162" dir="0" index="1" bw="5" slack="0"/>
<pin id="163" dir="1" index="2" bw="1" slack="2147483647"/>
</pin_list>
<bind>
<opcode="icmp(45) " fcode="icmp"/>
<opset="tmp_i/5 "/>
</bind>
</comp>

<comp id="166" class="1004" name="i_4_i_fu_166">
<pin_list>
<pin id="167" dir="0" index="0" bw="5" slack="0"/>
<pin id="168" dir="0" index="1" bw="1" slack="0"/>
<pin id="169" dir="1" index="2" bw="5" slack="0"/>
</pin_list>
<bind>
<opcode="add(8) " fcode="add"/>
<opset="i_4_i/5 "/>
</bind>
</comp>

<comp id="172" class="1004" name="tmp_6_i_fu_172">
<pin_list>
<pin id="173" dir="0" index="0" bw="5" slack="0"/>
<pin id="174" dir="1" index="1" bw="64" slack="0"/>
</pin_list>
<bind>
<opcode="zext(34) " fcode="zext"/>
<opset="tmp_6_i/5 "/>
</bind>
</comp>

<comp id="177" class="1004" name="tmp_4_i_fu_177">
<pin_list>
<pin id="178" dir="0" index="0" bw="8" slack="0"/>
<pin id="179" dir="0" index="1" bw="5" slack="1"/>
<pin id="180" dir="0" index="2" bw="1" slack="0"/>
<pin id="181" dir="1" index="3" bw="8" slack="1"/>
</pin_list>
<bind>
<opcode="bitconcatenate(1004) " fcode="bitconcatenate"/>
<opset="tmp_4_i/6 "/>
</bind>
</comp>

<comp id="185" class="1004" name="exitcond_i_i_fu_185">
<pin_list>
<pin id="186" dir="0" index="0" bw="4" slack="0"/>
<pin id="187" dir="0" index="1" bw="4" slack="0"/>
<pin id="188" dir="1" index="2" bw="1" slack="2147483647"/>
</pin_list>
<bind>
<opcode="icmp(45) " fcode="icmp"/>
<opset="exitcond_i_i/7 "/>
</bind>
</comp>

<comp id="191" class="1004" name="i_2_fu_191">
<pin_list>
<pin id="192" dir="0" index="0" bw="4" slack="0"/>
<pin id="193" dir="0" index="1" bw="1" slack="0"/>
<pin id="194" dir="1" index="2" bw="4" slack="0"/>
</pin_list>
<bind>
<opcode="add(8) " fcode="add"/>
<opset="i_2/7 "/>
</bind>
</comp>

<comp id="197" class="1004" name="tmp_1_fu_197">
<pin_list>
<pin id="198" dir="0" index="0" bw="4" slack="0"/>
<pin id="199" dir="1" index="1" bw="3" slack="0"/>
</pin_list>
<bind>
<opcode="trunc(33) " fcode="trunc"/>
<opset="tmp_1/7 "/>
</bind>
</comp>

<comp id="201" class="1004" name="tmp_1_i_i_fu_201">
<pin_list>
<pin id="202" dir="0" index="0" bw="6" slack="0"/>
<pin id="203" dir="0" index="1" bw="3" slack="0"/>
<pin id="204" dir="0" index="2" bw="1" slack="0"/>
<pin id="205" dir="1" index="3" bw="6" slack="0"/>
</pin_list>
<bind>
<opcode="bitconcatenate(1004) " fcode="bitconcatenate"/>
<opset="tmp_1_i_i/7 "/>
</bind>
</comp>

<comp id="209" class="1004" name="tmp_2_i_i_fu_209">
<pin_list>
<pin id="210" dir="0" index="0" bw="6" slack="0"/>
<pin id="211" dir="1" index="1" bw="64" slack="0"/>
</pin_list>
<bind>
<opcode="zext(34) " fcode="zext"/>
<opset="tmp_2_i_i/7 "/>
</bind>
</comp>

<comp id="213" class="1004" name="tmp_3_i_i_fu_213">
<pin_list>
<pin id="214" dir="0" index="0" bw="64" slack="1"/>
<pin id="215" dir="0" index="1" bw="6" slack="0"/>
<pin id="216" dir="1" index="2" bw="64" slack="0"/>
</pin_list>
<bind>
<opcode="lshr(21) " fcode="lshr"/>
<opset="tmp_3_i_i/7 "/>
</bind>
</comp>

<comp id="218" class="1004" name="tmp_2_fu_218">
<pin_list>
<pin id="219" dir="0" index="0" bw="64" slack="0"/>
<pin id="220" dir="1" index="1" bw="8" slack="0"/>
</pin_list>
<bind>
<opcode="trunc(33) " fcode="trunc"/>
<opset="tmp_2/7 "/>
</bind>
</comp>

<comp id="223" class="1004" name="tmp_5_i_i_cast_fu_223">
<pin_list>
<pin id="224" dir="0" index="0" bw="4" slack="0"/>
<pin id="225" dir="1" index="1" bw="8" slack="0"/>
</pin_list>
<bind>
<opcode="zext(34) " fcode="zext"/>
<opset="tmp_5_i_i_cast/7 "/>
</bind>
</comp>

<comp id="227" class="1004" name="sum_i_i_fu_227">
<pin_list>
<pin id="228" dir="0" index="0" bw="4" slack="0"/>
<pin id="229" dir="0" index="1" bw="8" slack="1"/>
<pin id="230" dir="1" index="2" bw="8" slack="0"/>
</pin_list>
<bind>
<opcode="add(8) " fcode="add"/>
<opset="sum_i_i/7 "/>
</bind>
</comp>

<comp id="232" class="1004" name="sum_i_i_cast_fu_232">
<pin_list>
<pin id="233" dir="0" index="0" bw="8" slack="0"/>
<pin id="234" dir="1" index="1" bw="64" slack="0"/>
</pin_list>
<bind>
<opcode="zext(34) " fcode="zext"/>
<opset="sum_i_i_cast/7 "/>
</bind>
</comp>

<comp id="237" class="1004" name="exitcond_fu_237">
<pin_list>
<pin id="238" dir="0" index="0" bw="6" slack="0"/>
<pin id="239" dir="0" index="1" bw="6" slack="0"/>
<pin id="240" dir="1" index="2" bw="1" slack="2147483647"/>
</pin_list>
<bind>
<opcode="icmp(45) " fcode="icmp"/>
<opset="exitcond/8 "/>
</bind>
</comp>

<comp id="243" class="1004" name="i_1_fu_243">
<pin_list>
<pin id="244" dir="0" index="0" bw="6" slack="0"/>
<pin id="245" dir="0" index="1" bw="1" slack="0"/>
<pin id="246" dir="1" index="2" bw="6" slack="0"/>
</pin_list>
<bind>
<opcode="add(8) " fcode="add"/>
<opset="i_1/8 "/>
</bind>
</comp>

<comp id="249" class="1004" name="tmp_fu_249">
<pin_list>
<pin id="250" dir="0" index="0" bw="6" slack="0"/>
<pin id="251" dir="1" index="1" bw="64" slack="0"/>
</pin_list>
<bind>
<opcode="zext(34) " fcode="zext"/>
<opset="tmp/8 "/>
</bind>
</comp>

<comp id="257" class="1005" name="i_4_i_reg_257">
<pin_list>
<pin id="258" dir="0" index="0" bw="5" slack="0"/>
<pin id="259" dir="1" index="1" bw="5" slack="0"/>
</pin_list>
<bind>
<opset="i_4_i "/>
</bind>
</comp>

<comp id="262" class="1005" name="s_addr_reg_262">
<pin_list>
<pin id="263" dir="0" index="0" bw="5" slack="1"/>
<pin id="264" dir="1" index="1" bw="5" slack="1"/>
</pin_list>
<bind>
<opset="s_addr "/>
</bind>
</comp>

<comp id="267" class="1005" name="tmp_4_i_reg_267">
<pin_list>
<pin id="268" dir="0" index="0" bw="8" slack="1"/>
<pin id="269" dir="1" index="1" bw="8" slack="1"/>
</pin_list>
<bind>
<opset="tmp_4_i "/>
</bind>
</comp>

<comp id="272" class="1005" name="s_load_reg_272">
<pin_list>
<pin id="273" dir="0" index="0" bw="64" slack="1"/>
<pin id="274" dir="1" index="1" bw="64" slack="1"/>
</pin_list>
<bind>
<opset="s_load "/>
</bind>
</comp>

<comp id="280" class="1005" name="i_2_reg_280">
<pin_list>
<pin id="281" dir="0" index="0" bw="4" slack="0"/>
<pin id="282" dir="1" index="1" bw="4" slack="0"/>
</pin_list>
<bind>
<opset="i_2 "/>
</bind>
</comp>

<comp id="288" class="1005" name="i_1_reg_288">
<pin_list>
<pin id="289" dir="0" index="0" bw="6" slack="0"/>
<pin id="290" dir="1" index="1" bw="6" slack="0"/>
</pin_list>
<bind>
<opset="i_1 "/>
</bind>
</comp>

<comp id="293" class="1005" name="tmp_reg_293">
<pin_list>
<pin id="294" dir="0" index="0" bw="64" slack="1"/>
<pin id="295" dir="1" index="1" bw="64" slack="1"/>
</pin_list>
<bind>
<opset="tmp "/>
</bind>
</comp>

<comp id="298" class="1005" name="out_assign_addr_reg_298">
<pin_list>
<pin id="299" dir="0" index="0" bw="8" slack="1"/>
<pin id="300" dir="1" index="1" bw="8" slack="1"/>
</pin_list>
<bind>
<opset="out_assign_addr "/>
</bind>
</comp>

</comp_list>

<net_list>
<net id="61"><net_src comp="8" pin="0"/><net_sink comp="58" pin=0"/></net>

<net id="65"><net_src comp="8" pin="0"/><net_sink comp="62" pin=0"/></net>

<net id="71"><net_src comp="28" pin="0"/><net_sink comp="66" pin=1"/></net>

<net id="77"><net_src comp="66" pin="3"/><net_sink comp="72" pin=0"/></net>

<net id="83"><net_src comp="28" pin="0"/><net_sink comp="78" pin=1"/></net>

<net id="89"><net_src comp="78" pin="3"/><net_sink comp="84" pin=0"/></net>

<net id="95"><net_src comp="28" pin="0"/><net_sink comp="90" pin=1"/></net>

<net id="96"><net_src comp="90" pin="3"/><net_sink comp="84" pin=0"/></net>

<net id="102"><net_src comp="0" pin="0"/><net_sink comp="97" pin=0"/></net>

<net id="103"><net_src comp="28" pin="0"/><net_sink comp="97" pin=1"/></net>

<net id="109"><net_src comp="84" pin="3"/><net_sink comp="104" pin=1"/></net>

<net id="110"><net_src comp="97" pin="3"/><net_sink comp="104" pin=0"/></net>

<net id="114"><net_src comp="18" pin="0"/><net_sink comp="111" pin=0"/></net>

<net id="121"><net_src comp="111" pin="1"/><net_sink comp="115" pin=0"/></net>

<net id="122"><net_src comp="115" pin="4"/><net_sink comp="111" pin=0"/></net>

<net id="126"><net_src comp="34" pin="0"/><net_sink comp="123" pin=0"/></net>

<net id="133"><net_src comp="123" pin="1"/><net_sink comp="127" pin=0"/></net>

<net id="137"><net_src comp="48" pin="0"/><net_sink comp="134" pin=0"/></net>

<net id="144"><net_src comp="134" pin="1"/><net_sink comp="138" pin=2"/></net>

<net id="150"><net_src comp="12" pin="0"/><net_sink comp="145" pin=0"/></net>

<net id="151"><net_src comp="6" pin="0"/><net_sink comp="145" pin=2"/></net>

<net id="157"><net_src comp="10" pin="0"/><net_sink comp="152" pin=0"/></net>

<net id="158"><net_src comp="58" pin="1"/><net_sink comp="152" pin=1"/></net>

<net id="159"><net_src comp="2" pin="0"/><net_sink comp="152" pin=2"/></net>

<net id="164"><net_src comp="115" pin="4"/><net_sink comp="160" pin=0"/></net>

<net id="165"><net_src comp="20" pin="0"/><net_sink comp="160" pin=1"/></net>

<net id="170"><net_src comp="115" pin="4"/><net_sink comp="166" pin=0"/></net>

<net id="171"><net_src comp="26" pin="0"/><net_sink comp="166" pin=1"/></net>

<net id="175"><net_src comp="115" pin="4"/><net_sink comp="172" pin=0"/></net>

<net id="176"><net_src comp="172" pin="1"/><net_sink comp="66" pin=2"/></net>

<net id="182"><net_src comp="30" pin="0"/><net_sink comp="177" pin=0"/></net>

<net id="183"><net_src comp="111" pin="1"/><net_sink comp="177" pin=1"/></net>

<net id="184"><net_src comp="32" pin="0"/><net_sink comp="177" pin=2"/></net>

<net id="189"><net_src comp="127" pin="4"/><net_sink comp="185" pin=0"/></net>

<net id="190"><net_src comp="36" pin="0"/><net_sink comp="185" pin=1"/></net>

<net id="195"><net_src comp="127" pin="4"/><net_sink comp="191" pin=0"/></net>

<net id="196"><net_src comp="40" pin="0"/><net_sink comp="191" pin=1"/></net>

<net id="200"><net_src comp="127" pin="4"/><net_sink comp="197" pin=0"/></net>

<net id="206"><net_src comp="46" pin="0"/><net_sink comp="201" pin=0"/></net>

<net id="207"><net_src comp="197" pin="1"/><net_sink comp="201" pin=1"/></net>

<net id="208"><net_src comp="32" pin="0"/><net_sink comp="201" pin=2"/></net>

<net id="212"><net_src comp="201" pin="3"/><net_sink comp="209" pin=0"/></net>

<net id="217"><net_src comp="209" pin="1"/><net_sink comp="213" pin=1"/></net>

<net id="221"><net_src comp="213" pin="2"/><net_sink comp="218" pin=0"/></net>

<net id="222"><net_src comp="218" pin="1"/><net_sink comp="84" pin=1"/></net>

<net id="226"><net_src comp="127" pin="4"/><net_sink comp="223" pin=0"/></net>

<net id="231"><net_src comp="223" pin="1"/><net_sink comp="227" pin=0"/></net>

<net id="235"><net_src comp="227" pin="2"/><net_sink comp="232" pin=0"/></net>

<net id="236"><net_src comp="232" pin="1"/><net_sink comp="78" pin=2"/></net>

<net id="241"><net_src comp="138" pin="4"/><net_sink comp="237" pin=0"/></net>

<net id="242"><net_src comp="50" pin="0"/><net_sink comp="237" pin=1"/></net>

<net id="247"><net_src comp="138" pin="4"/><net_sink comp="243" pin=0"/></net>

<net id="248"><net_src comp="54" pin="0"/><net_sink comp="243" pin=1"/></net>

<net id="252"><net_src comp="138" pin="4"/><net_sink comp="249" pin=0"/></net>

<net id="253"><net_src comp="249" pin="1"/><net_sink comp="90" pin=2"/></net>

<net id="260"><net_src comp="166" pin="2"/><net_sink comp="257" pin=0"/></net>

<net id="261"><net_src comp="257" pin="1"/><net_sink comp="115" pin=2"/></net>

<net id="265"><net_src comp="66" pin="3"/><net_sink comp="262" pin=0"/></net>

<net id="266"><net_src comp="262" pin="1"/><net_sink comp="72" pin=0"/></net>

<net id="270"><net_src comp="177" pin="3"/><net_sink comp="267" pin=0"/></net>

<net id="271"><net_src comp="267" pin="1"/><net_sink comp="227" pin=1"/></net>

<net id="275"><net_src comp="72" pin="3"/><net_sink comp="272" pin=0"/></net>

<net id="276"><net_src comp="272" pin="1"/><net_sink comp="213" pin=0"/></net>

<net id="283"><net_src comp="191" pin="2"/><net_sink comp="280" pin=0"/></net>

<net id="284"><net_src comp="280" pin="1"/><net_sink comp="127" pin=2"/></net>

<net id="291"><net_src comp="243" pin="2"/><net_sink comp="288" pin=0"/></net>

<net id="292"><net_src comp="288" pin="1"/><net_sink comp="138" pin=0"/></net>

<net id="296"><net_src comp="249" pin="1"/><net_sink comp="293" pin=0"/></net>

<net id="297"><net_src comp="293" pin="1"/><net_sink comp="97" pin=2"/></net>

<net id="301"><net_src comp="90" pin="3"/><net_sink comp="298" pin=0"/></net>

<net id="302"><net_src comp="298" pin="1"/><net_sink comp="84" pin=0"/></net>

</net_list>

</model> 
---------------- Datapath Model END ------------------

* FSMD analyzer results:
  - Output states:
	Port: h | {9 }
 - Input state : 
	Port: pqcrystals_fips202_ref_sha3_256 : in_r | {1 2 }
	Port: pqcrystals_fips202_ref_sha3_256 : KeccakF_RoundConstan | {3 4 }
  - Chain level:
	State 1
		StgValue_12 : 1
	State 2
	State 3
	State 4
	State 5
		tmp_i : 1
		i_4_i : 1
		StgValue_25 : 2
		tmp_6_i : 1
		s_addr : 2
		s_load : 3
	State 6
	State 7
		exitcond_i_i : 1
		i_2 : 1
		StgValue_37 : 2
		tmp_1 : 1
		tmp_1_i_i : 2
		tmp_2_i_i : 3
		tmp_3_i_i : 4
		tmp_2 : 5
		tmp_5_i_i_cast : 1
		sum_i_i : 2
		sum_i_i_cast : 3
		out_assign_addr_1 : 4
		StgValue_48 : 6
	State 8
		exitcond : 1
		i_1 : 1
		StgValue_55 : 2
		tmp : 1
		out_assign_addr : 2
		out_assign_load : 3
	State 9
		StgValue_63 : 1


============================================================
+ Verbose Summary: Datapath Resource usage 
============================================================

* Functional unit list:
|----------|---------------------------------|---------|---------|---------|---------|
| Operation|         Functional Unit         |   BRAM  |  Delay  |    FF   |   LUT   |
|----------|---------------------------------|---------|---------|---------|---------|
|   call   | grp_KeccakF1600_StatePer_fu_145 |    0    | 8.18752 |   4945  |  16607  |
|          |     grp_keccak_absorb_fu_152    |    1    |  7.259  |   335   |   382   |
|----------|---------------------------------|---------|---------|---------|---------|
|   lshr   |         tmp_3_i_i_fu_213        |    0    |    0    |    0    |   182   |
|----------|---------------------------------|---------|---------|---------|---------|
|          |           i_4_i_fu_166          |    0    |    0    |    0    |    15   |
|    add   |            i_2_fu_191           |    0    |    0    |    0    |    13   |
|          |          sum_i_i_fu_227         |    0    |    0    |    0    |    15   |
|          |            i_1_fu_243           |    0    |    0    |    0    |    15   |
|----------|---------------------------------|---------|---------|---------|---------|
|          |           tmp_i_fu_160          |    0    |    0    |    0    |    11   |
|   icmp   |       exitcond_i_i_fu_185       |    0    |    0    |    0    |    9    |
|          |         exitcond_fu_237         |    0    |    0    |    0    |    11   |
|----------|---------------------------------|---------|---------|---------|---------|
|          |          tmp_6_i_fu_172         |    0    |    0    |    0    |    0    |
|          |         tmp_2_i_i_fu_209        |    0    |    0    |    0    |    0    |
|   zext   |      tmp_5_i_i_cast_fu_223      |    0    |    0    |    0    |    0    |
|          |       sum_i_i_cast_fu_232       |    0    |    0    |    0    |    0    |
|          |            tmp_fu_249           |    0    |    0    |    0    |    0    |
|----------|---------------------------------|---------|---------|---------|---------|
|bitconcatenate|          tmp_4_i_fu_177         |    0    |    0    |    0    |    0    |
|          |         tmp_1_i_i_fu_201        |    0    |    0    |    0    |    0    |
|----------|---------------------------------|---------|---------|---------|---------|
|   trunc  |           tmp_1_fu_197          |    0    |    0    |    0    |    0    |
|          |           tmp_2_fu_218          |    0    |    0    |    0    |    0    |
|----------|---------------------------------|---------|---------|---------|---------|
|   Total  |                                 |    1    | 15.4465 |   5280  |  17260  |
|----------|---------------------------------|---------|---------|---------|---------|

Memories:
+--------------------+--------+--------+--------+
|                    |  BRAM  |   FF   |   LUT  |
+--------------------+--------+--------+--------+
|KeccakF_RoundConstan|    2   |    0   |    0   |
|     out_assign     |    1   |    0   |    0   |
|          s         |    4   |    0   |    0   |
+--------------------+--------+--------+--------+
|        Total       |    7   |    0   |    0   |
+--------------------+--------+--------+--------+

* Register list:
+-----------------------+--------+
|                       |   FF   |
+-----------------------+--------+
|      i_1_reg_288      |    6   |
|      i_2_reg_280      |    4   |
|     i_4_i_reg_257     |    5   |
|     i_i_i_reg_123     |    4   |
|      i_i_reg_111      |    5   |
|       i_reg_134       |    6   |
|out_assign_addr_reg_298|    8   |
|     s_addr_reg_262    |    5   |
|     s_load_reg_272    |   64   |
|    tmp_4_i_reg_267    |    8   |
|      tmp_reg_293      |   64   |
+-----------------------+--------+
|         Total         |   179  |
+-----------------------+--------+

* Multiplexer (MUX) list: 
|------------------|------|------|------|--------||---------||---------|
|       Comp       |  Pin | Size |  BW  | S x BW ||  Delay  ||   LUT   |
|------------------|------|------|------|--------||---------||---------|
| grp_access_fu_72 |  p0  |   2  |   5  |   10   ||    9    |
| grp_access_fu_84 |  p0  |   3  |   8  |   24   ||    15   |
|    i_i_reg_111   |  p0  |   2  |   5  |   10   ||    9    |
|------------------|------|------|------|--------||---------||---------|
|       Total      |      |      |      |   44   ||  2.6265 ||    33   |
|------------------|------|------|------|--------||---------||---------|



* Summary:
+-----------+--------+--------+--------+--------+
|           |  BRAM  |  Delay |   FF   |   LUT  |
+-----------+--------+--------+--------+--------+
|  Function |    1   |   15   |  5280  |  17260 |
|   Memory  |    7   |    -   |    0   |    0   |
|Multiplexer|    -   |    2   |    -   |   33   |
|  Register |    -   |    -   |   179  |    -   |
+-----------+--------+--------+--------+--------+
|   Total   |    8   |   18   |  5459  |  17293 |
+-----------+--------+--------+--------+--------+
