

================================================================
== Vivado HLS Report for 'keccak_absorb'
================================================================
* Date:           Tue Mar 30 01:30:33 2021

* Version:        2018.3 (Build 2405991 on Thu Dec 06 23:56:15 MST 2018)
* Project:        SHA
* Solution:       solution1
* Product family: artix7l
* Target device:  xc7a75tlftg256-2l


================================================================
== Performance Estimates
================================================================
+ Timing (ns): 
    * Summary: 
    +--------+-------+----------+------------+
    |  Clock | Target| Estimated| Uncertainty|
    +--------+-------+----------+------------+
    |ap_clk  |  10.00|     6.784|        1.25|
    +--------+-------+----------+------------+

+ Latency (clock cycles): 
    * Summary: 
    +-----+-----+-----+-----+---------+
    |  Latency  |  Interval | Pipeline|
    | min | max | min | max |   Type  |
    +-----+-----+-----+-----+---------+
    |  558|  558|  558|  558|   none  |
    +-----+-----+-----+-----+---------+

    + Detail: 
        * Instance: 
        N/A

        * Loop: 
        +-------------+-----+-----+----------+-----------+-----------+------+----------+
        |             |  Latency  | Iteration|  Initiation Interval  | Trip |          |
        |  Loop Name  | min | max |  Latency |  achieved |   target  | Count| Pipelined|
        +-------------+-----+-----+----------+-----------+-----------+------+----------+
        |- memset_t   |  199|  199|         1|          -|          -|   200|    no    |
        |- Loop 2     |   25|   25|         1|          -|          -|    25|    no    |
        |- Loop 3     |    6|    6|         2|          -|          -|     3|    no    |
        |- Loop 4     |  323|  323|        19|          -|          -|    17|    no    |
        | + Loop 4.1  |   16|   16|         2|          -|          -|     8|    no    |
        +-------------+-----+-----+----------+-----------+-----------+------+----------+



================================================================
== Utilization Estimates
================================================================
* Summary: 
+-----------------+---------+-------+-------+-------+
|       Name      | BRAM_18K| DSP48E|   FF  |  LUT  |
+-----------------+---------+-------+-------+-------+
|DSP              |        -|      -|      -|      -|
|Expression       |        -|      -|      0|    475|
|FIFO             |        -|      -|      -|      -|
|Instance         |        -|      -|      -|      -|
|Memory           |        1|      -|      0|      0|
|Multiplexer      |        -|      -|      -|    203|
|Register         |        -|      -|    126|      -|
+-----------------+---------+-------+-------+-------+
|Total            |        1|      0|    126|    678|
+-----------------+---------+-------+-------+-------+
|Available        |      210|    180|  94400|  47200|
+-----------------+---------+-------+-------+-------+
|Utilization (%)  |    ~0   |      0|   ~0  |      1|
+-----------------+---------+-------+-------+-------+

+ Detail: 
    * Instance: 
    N/A

    * DSP48: 
    N/A

    * Memory: 
    +-------+-----------------+---------+---+----+------+-----+------+-------------+
    | Memory|      Module     | BRAM_18K| FF| LUT| Words| Bits| Banks| W*Bits*Banks|
    +-------+-----------------+---------+---+----+------+-----+------+-------------+
    |t_U    |keccak_absorb_t  |        1|  0|   0|   200|    8|     1|         1600|
    +-------+-----------------+---------+---+----+------+-----+------+-------------+
    |Total  |                 |        1|  0|   0|   200|    8|     1|         1600|
    +-------+-----------------+---------+---+----+------+-----+------+-------------+

    * FIFO: 
    N/A

    * Expression: 
    +---------------------+----------+-------+---+-----+------------+------------+
    |    Variable Name    | Operation| DSP48E| FF| LUT | Bitwidth P0| Bitwidth P1|
    +---------------------+----------+-------+---+-----+------------+------------+
    |i_4_fu_246_p2        |     +    |      0|  0|   15|           5|           1|
    |i_5_fu_286_p2        |     +    |      0|  0|   15|           5|           1|
    |i_6_fu_306_p2        |     +    |      0|  0|   13|           4|           1|
    |indvarinc_fu_218_p2  |     +    |      0|  0|   15|           8|           1|
    |sum_i_fu_316_p2      |     +    |      0|  0|   15|           8|           8|
    |tmp_3_fu_263_p2      |     +    |      0|  0|   10|           2|           1|
    |tmp_1_fu_257_p2      |   icmp   |      0|  0|    8|           2|           2|
    |tmp_4_fu_280_p2      |   icmp   |      0|  0|   11|           5|           5|
    |tmp_7_fu_240_p2      |   icmp   |      0|  0|   11|           5|           4|
    |tmp_i_fu_300_p2      |   icmp   |      0|  0|   11|           4|           5|
    |tmp_s_fu_229_p2      |   icmp   |      0|  0|   11|           8|           7|
    |r_fu_352_p2          |    or    |      0|  0|   71|          64|          64|
    |t_d1                 |    or    |      0|  0|   16|           8|           9|
    |tmp_3_i_fu_346_p2    |    shl   |      0|  0|  182|          64|          64|
    |tmp_8_fu_358_p2      |    xor   |      0|  0|   71|          64|          64|
    +---------------------+----------+-------+---+-----+------------+------------+
    |Total                |          |      0|  0|  475|         256|         237|
    +---------------------+----------+-------+---+-----+------------+------------+

    * Multiplexer: 
    +----------------+----+-----------+-----+-----------+
    |      Name      | LUT| Input Size| Bits| Total Bits|
    +----------------+----+-----------+-----+-----------+
    |ap_NS_fsm       |  50|         11|    1|         11|
    |i_2_reg_172     |   9|          2|    2|          4|
    |i_3_reg_183     |   9|          2|    5|         10|
    |i_i_reg_194     |   9|          2|    4|          8|
    |i_reg_161       |   9|          2|    5|         10|
    |invdar_reg_150  |   9|          2|    8|         16|
    |r_i_reg_206     |   9|          2|   64|        128|
    |s_address0      |  21|          4|    5|         20|
    |s_d0            |  15|          3|   64|        192|
    |t_address0      |  27|          5|    8|         40|
    |t_address1      |  15|          3|    8|         24|
    |t_d0            |  21|          4|    8|         32|
    +----------------+----+-----------+-----+-----------+
    |Total           | 203|         42|  182|        495|
    +----------------+----+-----------+-----+-----------+

    * Register: 
    +-------------------+----+----+-----+-----------+
    |        Name       | FF | LUT| Bits| Const Bits|
    +-------------------+----+----+-----+-----------+
    |ap_CS_fsm          |  10|   0|   10|          0|
    |i_2_cast5_reg_381  |   2|   0|   64|         62|
    |i_2_reg_172        |   2|   0|    2|          0|
    |i_3_cast4_reg_405  |   5|   0|   64|         59|
    |i_3_reg_183        |   5|   0|    5|          0|
    |i_5_reg_413        |   5|   0|    5|          0|
    |i_6_reg_426        |   4|   0|    4|          0|
    |i_i_reg_194        |   4|   0|    4|          0|
    |i_reg_161          |   5|   0|    5|          0|
    |invdar_reg_150     |   8|   0|    8|          0|
    |r_i_reg_206        |  64|   0|   64|          0|
    |s_addr_1_reg_436   |   5|   0|    5|          0|
    |tmp_3_reg_389      |   2|   0|    2|          0|
    |tmp_5_reg_418      |   5|   0|    8|          3|
    +-------------------+----+----+-----+-----------+
    |Total              | 126|   0|  250|        124|
    +-------------------+----+----+-----+-----------+



================================================================
== Interface
================================================================
* Summary: 
+------------+-----+-----+------------+---------------+--------------+
|  RTL Ports | Dir | Bits|  Protocol  | Source Object |    C Type    |
+------------+-----+-----+------------+---------------+--------------+
|ap_clk      |  in |    1| ap_ctrl_hs | keccak_absorb | return value |
|ap_rst      |  in |    1| ap_ctrl_hs | keccak_absorb | return value |
|ap_start    |  in |    1| ap_ctrl_hs | keccak_absorb | return value |
|ap_done     | out |    1| ap_ctrl_hs | keccak_absorb | return value |
|ap_idle     | out |    1| ap_ctrl_hs | keccak_absorb | return value |
|ap_ready    | out |    1| ap_ctrl_hs | keccak_absorb | return value |
|s_address0  | out |    5|  ap_memory |       s       |     array    |
|s_ce0       | out |    1|  ap_memory |       s       |     array    |
|s_we0       | out |    1|  ap_memory |       s       |     array    |
|s_d0        | out |   64|  ap_memory |       s       |     array    |
|s_q0        |  in |   64|  ap_memory |       s       |     array    |
|m_address0  | out |    2|  ap_memory |       m       |     array    |
|m_ce0       | out |    1|  ap_memory |       m       |     array    |
|m_q0        |  in |    8|  ap_memory |       m       |     array    |
+------------+-----+-----+------------+---------------+--------------+

