

================================================================
== Vivado HLS Report for 'pqcrystals_fips202_ref_sha3_256'
================================================================
* Date:           Tue Mar 30 01:30:38 2021

* Version:        2018.3 (Build 2405991 on Thu Dec 06 23:56:15 MST 2018)
* Project:        SHA
* Solution:       solution1
* Product family: artix7l
* Target device:  xc7a75tlftg256-2l


================================================================
== Performance Estimates
================================================================
+ Timing (ns): 
    * Summary: 
    +--------+-------+----------+------------+
    |  Clock | Target| Estimated| Uncertainty|
    +--------+-------+----------+------------+
    |ap_clk  |  10.00|     7.440|        1.25|
    +--------+-------+----------+------------+

+ Latency (clock cycles): 
    * Summary: 
    +-----+-----+-----+-----+---------+
    |  Latency  |  Interval | Pipeline|
    | min | max | min | max |   Type  |
    +-----+-----+-----+-----+---------+
    |  876|  876|  876|  876|   none  |
    +-----+-----+-----+-----+---------+

    + Detail: 
        * Instance: 
        +---------------------------------+----------------------+-----+-----+-----+-----+---------+
        |                                 |                      |  Latency  |  Interval | Pipeline|
        |             Instance            |        Module        | min | max | min | max |   Type  |
        +---------------------------------+----------------------+-----+-----+-----+-----+---------+
        |grp_KeccakF1600_StatePer_fu_141  |KeccakF1600_StatePer  |   62|   62|   62|   62|   none  |
        |grp_keccak_absorb_fu_148         |keccak_absorb         |  558|  558|  558|  558|   none  |
        +---------------------------------+----------------------+-----+-----+-----+-----+---------+

        * Loop: 
        +-------------+-----+-----+----------+-----------+-----------+------+----------+
        |             |  Latency  | Iteration|  Initiation Interval  | Trip |          |
        |  Loop Name  | min | max |  Latency |  achieved |   target  | Count| Pipelined|
        +-------------+-----+-----+----------+-----------+-----------+------+----------+
        |- Loop 1     |  187|  187|        11|          -|          -|    17|    no    |
        | + Loop 1.1  |    8|    8|         1|          -|          -|     8|    no    |
        |- Loop 2     |   64|   64|         2|          -|          -|    32|    no    |
        +-------------+-----+-----+----------+-----------+-----------+------+----------+



================================================================
== Utilization Estimates
================================================================
* Summary: 
+-----------------+---------+-------+-------+-------+
|       Name      | BRAM_18K| DSP48E|   FF  |  LUT  |
+-----------------+---------+-------+-------+-------+
|DSP              |        -|      -|      -|      -|
|Expression       |        -|      -|      0|    273|
|FIFO             |        -|      -|      -|      -|
|Instance         |        3|      -|   3621|  19351|
|Memory           |        5|      -|      0|      0|
|Multiplexer      |        -|      -|      -|    179|
|Register         |        -|      -|    112|      -|
+-----------------+---------+-------+-------+-------+
|Total            |        8|      0|   3733|  19803|
+-----------------+---------+-------+-------+-------+
|Available        |      210|    180|  94400|  47200|
+-----------------+---------+-------+-------+-------+
|Utilization (%)  |        3|      0|      3|     41|
+-----------------+---------+-------+-------+-------+

+ Detail: 
    * Instance: 
    +---------------------------------+----------------------+---------+-------+------+-------+
    |             Instance            |        Module        | BRAM_18K| DSP48E|  FF  |  LUT  |
    +---------------------------------+----------------------+---------+-------+------+-------+
    |grp_KeccakF1600_StatePer_fu_141  |KeccakF1600_StatePer  |        2|      0|  3495|  18673|
    |grp_keccak_absorb_fu_148         |keccak_absorb         |        1|      0|   126|    678|
    +---------------------------------+----------------------+---------+-------+------+-------+
    |Total                            |                      |        3|      0|  3621|  19351|
    +---------------------------------+----------------------+---------+-------+------+-------+

    * DSP48: 
    N/A

    * Memory: 
    +--------------+--------------------------------------------+---------+---+----+------+-----+------+-------------+
    |    Memory    |                   Module                   | BRAM_18K| FF| LUT| Words| Bits| Banks| W*Bits*Banks|
    +--------------+--------------------------------------------+---------+---+----+------+-----+------+-------------+
    |out_assign_U  |pqcrystals_fips202_ref_sha3_256_out_assign  |        1|  0|   0|   136|    8|     1|         1088|
    |s_U           |pqcrystals_fips202_ref_sha3_256_s           |        4|  0|   0|    25|   64|     1|         1600|
    +--------------+--------------------------------------------+---------+---+----+------+-----+------+-------------+
    |Total         |                                            |        5|  0|   0|   161|   72|     2|         2688|
    +--------------+--------------------------------------------+---------+---+----+------+-----+------+-------------+

    * FIFO: 
    N/A

    * Expression: 
    +---------------------+----------+-------+---+-----+------------+------------+
    |    Variable Name    | Operation| DSP48E| FF| LUT | Bitwidth P0| Bitwidth P1|
    +---------------------+----------+-------+---+-----+------------+------------+
    |i_1_fu_239_p2        |     +    |      0|  0|   15|           6|           1|
    |i_2_fu_187_p2        |     +    |      0|  0|   13|           4|           1|
    |i_4_i_fu_162_p2      |     +    |      0|  0|   15|           5|           1|
    |sum_i_i_fu_223_p2    |     +    |      0|  0|   15|           8|           8|
    |tmp_fu_233_p2        |   icmp   |      0|  0|   11|           6|           7|
    |tmp_i_fu_156_p2      |   icmp   |      0|  0|   11|           5|           5|
    |tmp_i_i_fu_181_p2    |   icmp   |      0|  0|   11|           4|           5|
    |tmp_3_i_i_fu_209_p2  |   lshr   |      0|  0|  182|          64|          64|
    +---------------------+----------+-------+---+-----+------------+------------+
    |Total                |          |      0|  0|  273|         102|          92|
    +---------------------+----------+-------+---+-----+------------+------------+

    * Multiplexer: 
    +---------------------+----+-----------+-----+-----------+
    |         Name        | LUT| Input Size| Bits| Total Bits|
    +---------------------+----+-----------+-----+-----------+
    |ap_NS_fsm            |  47|         10|    1|         10|
    |i_i_i_reg_119        |   9|          2|    4|          8|
    |i_i_reg_107          |   9|          2|    5|         10|
    |i_reg_130            |   9|          2|    6|         12|
    |out_assign_address0  |  15|          3|    8|         24|
    |s_address0           |  21|          4|    5|         20|
    |s_ce0                |  21|          4|    1|          4|
    |s_ce1                |   9|          2|    1|          2|
    |s_d0                 |  15|          3|   64|        192|
    |s_we0                |  15|          3|    1|          3|
    |s_we1                |   9|          2|    1|          2|
    +---------------------+----+-----------+-----+-----------+
    |Total                | 179|         37|   97|        287|
    +---------------------+----+-----------+-----+-----------+

    * Register: 
    +----------------------------------------------+----+----+-----+-----------+
    |                     Name                     | FF | LUT| Bits| Const Bits|
    +----------------------------------------------+----+----+-----+-----------+
    |ap_CS_fsm                                     |   9|   0|    9|          0|
    |grp_KeccakF1600_StatePer_fu_141_ap_start_reg  |   1|   0|    1|          0|
    |grp_keccak_absorb_fu_148_ap_start_reg         |   1|   0|    1|          0|
    |i_1_reg_284                                   |   6|   0|    6|          0|
    |i_4_i_reg_253                                 |   5|   0|    5|          0|
    |i_i_i_reg_119                                 |   4|   0|    4|          0|
    |i_i_reg_107                                   |   5|   0|    5|          0|
    |i_reg_130                                     |   6|   0|    6|          0|
    |s_load_reg_268                                |  64|   0|   64|          0|
    |tmp_4_i_reg_263                               |   5|   0|    8|          3|
    |tmp_7_reg_289                                 |   6|   0|   64|         58|
    +----------------------------------------------+----+----+-----+-----------+
    |Total                                         | 112|   0|  173|         61|
    +----------------------------------------------+----+----+-----+-----------+



================================================================
== Interface
================================================================
* Summary: 
+---------------+-----+-----+------------+---------------------------------+--------------+
|   RTL Ports   | Dir | Bits|  Protocol  |          Source Object          |    C Type    |
+---------------+-----+-----+------------+---------------------------------+--------------+
|ap_clk         |  in |    1| ap_ctrl_hs | pqcrystals_fips202_ref_sha3_256 | return value |
|ap_rst         |  in |    1| ap_ctrl_hs | pqcrystals_fips202_ref_sha3_256 | return value |
|ap_start       |  in |    1| ap_ctrl_hs | pqcrystals_fips202_ref_sha3_256 | return value |
|ap_done        | out |    1| ap_ctrl_hs | pqcrystals_fips202_ref_sha3_256 | return value |
|ap_idle        | out |    1| ap_ctrl_hs | pqcrystals_fips202_ref_sha3_256 | return value |
|ap_ready       | out |    1| ap_ctrl_hs | pqcrystals_fips202_ref_sha3_256 | return value |
|h_address0     | out |    5|  ap_memory |                h                |     array    |
|h_ce0          | out |    1|  ap_memory |                h                |     array    |
|h_we0          | out |    1|  ap_memory |                h                |     array    |
|h_d0           | out |    8|  ap_memory |                h                |     array    |
|in_r_address0  | out |    2|  ap_memory |               in_r              |     array    |
|in_r_ce0       | out |    1|  ap_memory |               in_r              |     array    |
|in_r_q0        |  in |    8|  ap_memory |               in_r              |     array    |
|inlen          |  in |   64|   ap_none  |              inlen              |    scalar    |
+---------------+-----+-----+------------+---------------------------------+--------------+

