Copyright 1986-2018 Xilinx, Inc. All Rights Reserved.
--------------------------------------------------------------------------------------------------------------------------------------------------------------------------
| Tool Version : Vivado v.2018.3 (lin64) Build 2405991 Thu Dec  6 23:36:41 MST 2018
| Date         : Mon Apr 19 06:01:17 2021
| Host         : hansolo.poly.edu running 64-bit Red Hat Enterprise Linux Server release 7.8 (Maipo)
| Command      : report_methodology -file bd_0_wrapper_methodology_drc_routed.rpt -pb bd_0_wrapper_methodology_drc_routed.pb -rpx bd_0_wrapper_methodology_drc_routed.rpx
| Design       : bd_0_wrapper
| Device       : xc7a75tlftg256-2L
| Speed File   : -2L
| Design State : Fully Routed
--------------------------------------------------------------------------------------------------------------------------------------------------------------------------

Report Methodology

Table of Contents
-----------------
1. REPORT SUMMARY
2. REPORT DETAILS

1. REPORT SUMMARY
-----------------
            Netlist: netlist
          Floorplan: checkpoint_bd_0_wrapper
      Design limits: <entire design considered>
             Max violations: <unlimited>
             Violations found: 141
+-----------+----------+-------------------------------+------------+
| Rule      | Severity | Description                   | Violations |
+-----------+----------+-------------------------------+------------+
| TIMING-18 | Warning  | Missing input or output delay | 141        |
+-----------+----------+-------------------------------+------------+

2. REPORT DETAILS
-----------------
TIMING-18#1 Warning
Missing input or output delay  
An input delay is missing on IN_r_q0[0] relative to clock(s) ap_clk
Related violations: <none>

TIMING-18#2 Warning
Missing input or output delay  
An input delay is missing on IN_r_q0[1] relative to clock(s) ap_clk
Related violations: <none>

TIMING-18#3 Warning
Missing input or output delay  
An input delay is missing on IN_r_q0[2] relative to clock(s) ap_clk
Related violations: <none>

TIMING-18#4 Warning
Missing input or output delay  
An input delay is missing on IN_r_q0[3] relative to clock(s) ap_clk
Related violations: <none>

TIMING-18#5 Warning
Missing input or output delay  
An input delay is missing on IN_r_q0[4] relative to clock(s) ap_clk
Related violations: <none>

TIMING-18#6 Warning
Missing input or output delay  
An input delay is missing on IN_r_q0[5] relative to clock(s) ap_clk
Related violations: <none>

TIMING-18#7 Warning
Missing input or output delay  
An input delay is missing on IN_r_q0[6] relative to clock(s) ap_clk
Related violations: <none>

TIMING-18#8 Warning
Missing input or output delay  
An input delay is missing on IN_r_q0[7] relative to clock(s) ap_clk
Related violations: <none>

TIMING-18#9 Warning
Missing input or output delay  
An input delay is missing on IN_r_q1[0] relative to clock(s) ap_clk
Related violations: <none>

TIMING-18#10 Warning
Missing input or output delay  
An input delay is missing on IN_r_q1[1] relative to clock(s) ap_clk
Related violations: <none>

TIMING-18#11 Warning
Missing input or output delay  
An input delay is missing on IN_r_q1[2] relative to clock(s) ap_clk
Related violations: <none>

TIMING-18#12 Warning
Missing input or output delay  
An input delay is missing on IN_r_q1[3] relative to clock(s) ap_clk
Related violations: <none>

TIMING-18#13 Warning
Missing input or output delay  
An input delay is missing on IN_r_q1[4] relative to clock(s) ap_clk
Related violations: <none>

TIMING-18#14 Warning
Missing input or output delay  
An input delay is missing on IN_r_q1[5] relative to clock(s) ap_clk
Related violations: <none>

TIMING-18#15 Warning
Missing input or output delay  
An input delay is missing on IN_r_q1[6] relative to clock(s) ap_clk
Related violations: <none>

TIMING-18#16 Warning
Missing input or output delay  
An input delay is missing on IN_r_q1[7] relative to clock(s) ap_clk
Related violations: <none>

TIMING-18#17 Warning
Missing input or output delay  
An input delay is missing on ap_ctrl_start relative to clock(s) ap_clk
Related violations: <none>

TIMING-18#18 Warning
Missing input or output delay  
An input delay is missing on ap_rst relative to clock(s) ap_clk
Related violations: <none>

TIMING-18#19 Warning
Missing input or output delay  
An input delay is missing on inlen[0] relative to clock(s) ap_clk
Related violations: <none>

TIMING-18#20 Warning
Missing input or output delay  
An input delay is missing on inlen[10] relative to clock(s) ap_clk
Related violations: <none>

TIMING-18#21 Warning
Missing input or output delay  
An input delay is missing on inlen[11] relative to clock(s) ap_clk
Related violations: <none>

TIMING-18#22 Warning
Missing input or output delay  
An input delay is missing on inlen[12] relative to clock(s) ap_clk
Related violations: <none>

TIMING-18#23 Warning
Missing input or output delay  
An input delay is missing on inlen[13] relative to clock(s) ap_clk
Related violations: <none>

TIMING-18#24 Warning
Missing input or output delay  
An input delay is missing on inlen[14] relative to clock(s) ap_clk
Related violations: <none>

TIMING-18#25 Warning
Missing input or output delay  
An input delay is missing on inlen[15] relative to clock(s) ap_clk
Related violations: <none>

TIMING-18#26 Warning
Missing input or output delay  
An input delay is missing on inlen[16] relative to clock(s) ap_clk
Related violations: <none>

TIMING-18#27 Warning
Missing input or output delay  
An input delay is missing on inlen[17] relative to clock(s) ap_clk
Related violations: <none>

TIMING-18#28 Warning
Missing input or output delay  
An input delay is missing on inlen[18] relative to clock(s) ap_clk
Related violations: <none>

TIMING-18#29 Warning
Missing input or output delay  
An input delay is missing on inlen[19] relative to clock(s) ap_clk
Related violations: <none>

TIMING-18#30 Warning
Missing input or output delay  
An input delay is missing on inlen[1] relative to clock(s) ap_clk
Related violations: <none>

TIMING-18#31 Warning
Missing input or output delay  
An input delay is missing on inlen[20] relative to clock(s) ap_clk
Related violations: <none>

TIMING-18#32 Warning
Missing input or output delay  
An input delay is missing on inlen[21] relative to clock(s) ap_clk
Related violations: <none>

TIMING-18#33 Warning
Missing input or output delay  
An input delay is missing on inlen[22] relative to clock(s) ap_clk
Related violations: <none>

TIMING-18#34 Warning
Missing input or output delay  
An input delay is missing on inlen[23] relative to clock(s) ap_clk
Related violations: <none>

TIMING-18#35 Warning
Missing input or output delay  
An input delay is missing on inlen[24] relative to clock(s) ap_clk
Related violations: <none>

TIMING-18#36 Warning
Missing input or output delay  
An input delay is missing on inlen[25] relative to clock(s) ap_clk
Related violations: <none>

TIMING-18#37 Warning
Missing input or output delay  
An input delay is missing on inlen[26] relative to clock(s) ap_clk
Related violations: <none>

TIMING-18#38 Warning
Missing input or output delay  
An input delay is missing on inlen[27] relative to clock(s) ap_clk
Related violations: <none>

TIMING-18#39 Warning
Missing input or output delay  
An input delay is missing on inlen[28] relative to clock(s) ap_clk
Related violations: <none>

TIMING-18#40 Warning
Missing input or output delay  
An input delay is missing on inlen[29] relative to clock(s) ap_clk
Related violations: <none>

TIMING-18#41 Warning
Missing input or output delay  
An input delay is missing on inlen[2] relative to clock(s) ap_clk
Related violations: <none>

TIMING-18#42 Warning
Missing input or output delay  
An input delay is missing on inlen[30] relative to clock(s) ap_clk
Related violations: <none>

TIMING-18#43 Warning
Missing input or output delay  
An input delay is missing on inlen[31] relative to clock(s) ap_clk
Related violations: <none>

TIMING-18#44 Warning
Missing input or output delay  
An input delay is missing on inlen[32] relative to clock(s) ap_clk
Related violations: <none>

TIMING-18#45 Warning
Missing input or output delay  
An input delay is missing on inlen[33] relative to clock(s) ap_clk
Related violations: <none>

TIMING-18#46 Warning
Missing input or output delay  
An input delay is missing on inlen[34] relative to clock(s) ap_clk
Related violations: <none>

TIMING-18#47 Warning
Missing input or output delay  
An input delay is missing on inlen[35] relative to clock(s) ap_clk
Related violations: <none>

TIMING-18#48 Warning
Missing input or output delay  
An input delay is missing on inlen[36] relative to clock(s) ap_clk
Related violations: <none>

TIMING-18#49 Warning
Missing input or output delay  
An input delay is missing on inlen[37] relative to clock(s) ap_clk
Related violations: <none>

TIMING-18#50 Warning
Missing input or output delay  
An input delay is missing on inlen[38] relative to clock(s) ap_clk
Related violations: <none>

TIMING-18#51 Warning
Missing input or output delay  
An input delay is missing on inlen[39] relative to clock(s) ap_clk
Related violations: <none>

TIMING-18#52 Warning
Missing input or output delay  
An input delay is missing on inlen[3] relative to clock(s) ap_clk
Related violations: <none>

TIMING-18#53 Warning
Missing input or output delay  
An input delay is missing on inlen[40] relative to clock(s) ap_clk
Related violations: <none>

TIMING-18#54 Warning
Missing input or output delay  
An input delay is missing on inlen[41] relative to clock(s) ap_clk
Related violations: <none>

TIMING-18#55 Warning
Missing input or output delay  
An input delay is missing on inlen[42] relative to clock(s) ap_clk
Related violations: <none>

TIMING-18#56 Warning
Missing input or output delay  
An input delay is missing on inlen[43] relative to clock(s) ap_clk
Related violations: <none>

TIMING-18#57 Warning
Missing input or output delay  
An input delay is missing on inlen[44] relative to clock(s) ap_clk
Related violations: <none>

TIMING-18#58 Warning
Missing input or output delay  
An input delay is missing on inlen[45] relative to clock(s) ap_clk
Related violations: <none>

TIMING-18#59 Warning
Missing input or output delay  
An input delay is missing on inlen[46] relative to clock(s) ap_clk
Related violations: <none>

TIMING-18#60 Warning
Missing input or output delay  
An input delay is missing on inlen[47] relative to clock(s) ap_clk
Related violations: <none>

TIMING-18#61 Warning
Missing input or output delay  
An input delay is missing on inlen[48] relative to clock(s) ap_clk
Related violations: <none>

TIMING-18#62 Warning
Missing input or output delay  
An input delay is missing on inlen[49] relative to clock(s) ap_clk
Related violations: <none>

TIMING-18#63 Warning
Missing input or output delay  
An input delay is missing on inlen[4] relative to clock(s) ap_clk
Related violations: <none>

TIMING-18#64 Warning
Missing input or output delay  
An input delay is missing on inlen[50] relative to clock(s) ap_clk
Related violations: <none>

TIMING-18#65 Warning
Missing input or output delay  
An input delay is missing on inlen[51] relative to clock(s) ap_clk
Related violations: <none>

TIMING-18#66 Warning
Missing input or output delay  
An input delay is missing on inlen[52] relative to clock(s) ap_clk
Related violations: <none>

TIMING-18#67 Warning
Missing input or output delay  
An input delay is missing on inlen[53] relative to clock(s) ap_clk
Related violations: <none>

TIMING-18#68 Warning
Missing input or output delay  
An input delay is missing on inlen[54] relative to clock(s) ap_clk
Related violations: <none>

TIMING-18#69 Warning
Missing input or output delay  
An input delay is missing on inlen[55] relative to clock(s) ap_clk
Related violations: <none>

TIMING-18#70 Warning
Missing input or output delay  
An input delay is missing on inlen[56] relative to clock(s) ap_clk
Related violations: <none>

TIMING-18#71 Warning
Missing input or output delay  
An input delay is missing on inlen[57] relative to clock(s) ap_clk
Related violations: <none>

TIMING-18#72 Warning
Missing input or output delay  
An input delay is missing on inlen[58] relative to clock(s) ap_clk
Related violations: <none>

TIMING-18#73 Warning
Missing input or output delay  
An input delay is missing on inlen[59] relative to clock(s) ap_clk
Related violations: <none>

TIMING-18#74 Warning
Missing input or output delay  
An input delay is missing on inlen[5] relative to clock(s) ap_clk
Related violations: <none>

TIMING-18#75 Warning
Missing input or output delay  
An input delay is missing on inlen[60] relative to clock(s) ap_clk
Related violations: <none>

TIMING-18#76 Warning
Missing input or output delay  
An input delay is missing on inlen[61] relative to clock(s) ap_clk
Related violations: <none>

TIMING-18#77 Warning
Missing input or output delay  
An input delay is missing on inlen[62] relative to clock(s) ap_clk
Related violations: <none>

TIMING-18#78 Warning
Missing input or output delay  
An input delay is missing on inlen[63] relative to clock(s) ap_clk
Related violations: <none>

TIMING-18#79 Warning
Missing input or output delay  
An input delay is missing on inlen[6] relative to clock(s) ap_clk
Related violations: <none>

TIMING-18#80 Warning
Missing input or output delay  
An input delay is missing on inlen[7] relative to clock(s) ap_clk
Related violations: <none>

TIMING-18#81 Warning
Missing input or output delay  
An input delay is missing on inlen[8] relative to clock(s) ap_clk
Related violations: <none>

TIMING-18#82 Warning
Missing input or output delay  
An input delay is missing on inlen[9] relative to clock(s) ap_clk
Related violations: <none>

TIMING-18#83 Warning
Missing input or output delay  
An output delay is missing on IN_r_address0[0] relative to clock(s) ap_clk
Related violations: <none>

TIMING-18#84 Warning
Missing input or output delay  
An output delay is missing on IN_r_address0[10] relative to clock(s) ap_clk
Related violations: <none>

TIMING-18#85 Warning
Missing input or output delay  
An output delay is missing on IN_r_address0[11] relative to clock(s) ap_clk
Related violations: <none>

TIMING-18#86 Warning
Missing input or output delay  
An output delay is missing on IN_r_address0[1] relative to clock(s) ap_clk
Related violations: <none>

TIMING-18#87 Warning
Missing input or output delay  
An output delay is missing on IN_r_address0[2] relative to clock(s) ap_clk
Related violations: <none>

TIMING-18#88 Warning
Missing input or output delay  
An output delay is missing on IN_r_address0[3] relative to clock(s) ap_clk
Related violations: <none>

TIMING-18#89 Warning
Missing input or output delay  
An output delay is missing on IN_r_address0[4] relative to clock(s) ap_clk
Related violations: <none>

TIMING-18#90 Warning
Missing input or output delay  
An output delay is missing on IN_r_address0[5] relative to clock(s) ap_clk
Related violations: <none>

TIMING-18#91 Warning
Missing input or output delay  
An output delay is missing on IN_r_address0[6] relative to clock(s) ap_clk
Related violations: <none>

TIMING-18#92 Warning
Missing input or output delay  
An output delay is missing on IN_r_address0[7] relative to clock(s) ap_clk
Related violations: <none>

TIMING-18#93 Warning
Missing input or output delay  
An output delay is missing on IN_r_address0[8] relative to clock(s) ap_clk
Related violations: <none>

TIMING-18#94 Warning
Missing input or output delay  
An output delay is missing on IN_r_address0[9] relative to clock(s) ap_clk
Related violations: <none>

TIMING-18#95 Warning
Missing input or output delay  
An output delay is missing on IN_r_address1[0] relative to clock(s) ap_clk
Related violations: <none>

TIMING-18#96 Warning
Missing input or output delay  
An output delay is missing on IN_r_address1[10] relative to clock(s) ap_clk
Related violations: <none>

TIMING-18#97 Warning
Missing input or output delay  
An output delay is missing on IN_r_address1[11] relative to clock(s) ap_clk
Related violations: <none>

TIMING-18#98 Warning
Missing input or output delay  
An output delay is missing on IN_r_address1[1] relative to clock(s) ap_clk
Related violations: <none>

TIMING-18#99 Warning
Missing input or output delay  
An output delay is missing on IN_r_address1[2] relative to clock(s) ap_clk
Related violations: <none>

TIMING-18#100 Warning
Missing input or output delay  
An output delay is missing on IN_r_address1[3] relative to clock(s) ap_clk
Related violations: <none>

TIMING-18#101 Warning
Missing input or output delay  
An output delay is missing on IN_r_address1[4] relative to clock(s) ap_clk
Related violations: <none>

TIMING-18#102 Warning
Missing input or output delay  
An output delay is missing on IN_r_address1[5] relative to clock(s) ap_clk
Related violations: <none>

TIMING-18#103 Warning
Missing input or output delay  
An output delay is missing on IN_r_address1[6] relative to clock(s) ap_clk
Related violations: <none>

TIMING-18#104 Warning
Missing input or output delay  
An output delay is missing on IN_r_address1[7] relative to clock(s) ap_clk
Related violations: <none>

TIMING-18#105 Warning
Missing input or output delay  
An output delay is missing on IN_r_address1[8] relative to clock(s) ap_clk
Related violations: <none>

TIMING-18#106 Warning
Missing input or output delay  
An output delay is missing on IN_r_address1[9] relative to clock(s) ap_clk
Related violations: <none>

TIMING-18#107 Warning
Missing input or output delay  
An output delay is missing on IN_r_ce0 relative to clock(s) ap_clk
Related violations: <none>

TIMING-18#108 Warning
Missing input or output delay  
An output delay is missing on IN_r_ce1[0] relative to clock(s) ap_clk
Related violations: <none>

TIMING-18#109 Warning
Missing input or output delay  
An output delay is missing on ap_ctrl_done relative to clock(s) ap_clk
Related violations: <none>

TIMING-18#110 Warning
Missing input or output delay  
An output delay is missing on ap_ctrl_idle relative to clock(s) ap_clk
Related violations: <none>

TIMING-18#111 Warning
Missing input or output delay  
An output delay is missing on ap_ctrl_ready relative to clock(s) ap_clk
Related violations: <none>

TIMING-18#112 Warning
Missing input or output delay  
An output delay is missing on h_address0[0] relative to clock(s) ap_clk
Related violations: <none>

TIMING-18#113 Warning
Missing input or output delay  
An output delay is missing on h_address0[1] relative to clock(s) ap_clk
Related violations: <none>

TIMING-18#114 Warning
Missing input or output delay  
An output delay is missing on h_address0[2] relative to clock(s) ap_clk
Related violations: <none>

TIMING-18#115 Warning
Missing input or output delay  
An output delay is missing on h_address0[3] relative to clock(s) ap_clk
Related violations: <none>

TIMING-18#116 Warning
Missing input or output delay  
An output delay is missing on h_address0[4] relative to clock(s) ap_clk
Related violations: <none>

TIMING-18#117 Warning
Missing input or output delay  
An output delay is missing on h_address1[0] relative to clock(s) ap_clk
Related violations: <none>

TIMING-18#118 Warning
Missing input or output delay  
An output delay is missing on h_address1[1] relative to clock(s) ap_clk
Related violations: <none>

TIMING-18#119 Warning
Missing input or output delay  
An output delay is missing on h_address1[2] relative to clock(s) ap_clk
Related violations: <none>

TIMING-18#120 Warning
Missing input or output delay  
An output delay is missing on h_address1[3] relative to clock(s) ap_clk
Related violations: <none>

TIMING-18#121 Warning
Missing input or output delay  
An output delay is missing on h_address1[4] relative to clock(s) ap_clk
Related violations: <none>

TIMING-18#122 Warning
Missing input or output delay  
An output delay is missing on h_ce0 relative to clock(s) ap_clk
Related violations: <none>

TIMING-18#123 Warning
Missing input or output delay  
An output delay is missing on h_ce1[0] relative to clock(s) ap_clk
Related violations: <none>

TIMING-18#124 Warning
Missing input or output delay  
An output delay is missing on h_d0[0] relative to clock(s) ap_clk
Related violations: <none>

TIMING-18#125 Warning
Missing input or output delay  
An output delay is missing on h_d0[1] relative to clock(s) ap_clk
Related violations: <none>

TIMING-18#126 Warning
Missing input or output delay  
An output delay is missing on h_d0[2] relative to clock(s) ap_clk
Related violations: <none>

TIMING-18#127 Warning
Missing input or output delay  
An output delay is missing on h_d0[3] relative to clock(s) ap_clk
Related violations: <none>

TIMING-18#128 Warning
Missing input or output delay  
An output delay is missing on h_d0[4] relative to clock(s) ap_clk
Related violations: <none>

TIMING-18#129 Warning
Missing input or output delay  
An output delay is missing on h_d0[5] relative to clock(s) ap_clk
Related violations: <none>

TIMING-18#130 Warning
Missing input or output delay  
An output delay is missing on h_d0[6] relative to clock(s) ap_clk
Related violations: <none>

TIMING-18#131 Warning
Missing input or output delay  
An output delay is missing on h_d0[7] relative to clock(s) ap_clk
Related violations: <none>

TIMING-18#132 Warning
Missing input or output delay  
An output delay is missing on h_d1[0] relative to clock(s) ap_clk
Related violations: <none>

TIMING-18#133 Warning
Missing input or output delay  
An output delay is missing on h_d1[1] relative to clock(s) ap_clk
Related violations: <none>

TIMING-18#134 Warning
Missing input or output delay  
An output delay is missing on h_d1[2] relative to clock(s) ap_clk
Related violations: <none>

TIMING-18#135 Warning
Missing input or output delay  
An output delay is missing on h_d1[3] relative to clock(s) ap_clk
Related violations: <none>

TIMING-18#136 Warning
Missing input or output delay  
An output delay is missing on h_d1[4] relative to clock(s) ap_clk
Related violations: <none>

TIMING-18#137 Warning
Missing input or output delay  
An output delay is missing on h_d1[5] relative to clock(s) ap_clk
Related violations: <none>

TIMING-18#138 Warning
Missing input or output delay  
An output delay is missing on h_d1[6] relative to clock(s) ap_clk
Related violations: <none>

TIMING-18#139 Warning
Missing input or output delay  
An output delay is missing on h_d1[7] relative to clock(s) ap_clk
Related violations: <none>

TIMING-18#140 Warning
Missing input or output delay  
An output delay is missing on h_we0 relative to clock(s) ap_clk
Related violations: <none>

TIMING-18#141 Warning
Missing input or output delay  
An output delay is missing on h_we1[0] relative to clock(s) ap_clk
Related violations: <none>


