

================================================================
== Vivado HLS Report for 'pqcrystals_fips202_ref_sha3_256'
================================================================
* Date:           Tue Mar 30 01:18:49 2021

* Version:        2018.3 (Build 2405991 on Thu Dec 06 23:56:15 MST 2018)
* Project:        SHA
* Solution:       solution2
* Product family: virtex7
* Target device:  xc7vx980tffg1930-2l


================================================================
== Performance Estimates
================================================================
+ Timing (ns): 
    * Summary: 
    +--------+-------+----------+------------+
    |  Clock | Target| Estimated| Uncertainty|
    +--------+-------+----------+------------+
    |ap_clk  |  10.00|     8.736|        1.25|
    +--------+-------+----------+------------+

+ Latency (clock cycles): 
    * Summary: 
    +-----+-----+-----+-----+----------+
    |  Latency  |  Interval | Pipeline |
    | min | max | min | max |   Type   |
    +-----+-----+-----+-----+----------+
    |  110|  110|   85|   85| function |
    +-----+-----+-----+-----+----------+

    + Detail: 
        * Instance: 
        +---------------------------------+----------------------+-----+-----+-----+-----+----------+
        |                                 |                      |  Latency  |  Interval | Pipeline |
        |             Instance            |        Module        | min | max | min | max |   Type   |
        +---------------------------------+----------------------+-----+-----+-----+-----+----------+
        |grp_KeccakF1600_StatePer_fu_730  |KeccakF1600_StatePer  |    6|    6|    1|    1| function |
        |grp_load64_fu_751                |load64                |    0|    0|    1|    1| function |
        |grp_store64_fu_777               |store64               |    3|    3|    4|    4| function |
        +---------------------------------+----------------------+-----+-----+-----+-----+----------+

        * Loop: 
        N/A



================================================================
== Utilization Estimates
================================================================
* Summary: 
+-----------------+---------+-------+---------+--------+
|       Name      | BRAM_18K| DSP48E|    FF   |   LUT  |
+-----------------+---------+-------+---------+--------+
|DSP              |        -|      -|        -|       -|
|Expression       |        -|      -|        0|       4|
|FIFO             |        -|      -|        -|       -|
|Instance         |        -|      -|    11773|  199874|
|Memory           |        1|      -|        0|       0|
|Multiplexer      |        -|      -|        -|    1088|
|Register         |        -|      -|     2224|       -|
+-----------------+---------+-------+---------+--------+
|Total            |        1|      0|    13997|  200966|
+-----------------+---------+-------+---------+--------+
|Available        |     3000|   3600|  1224000|  612000|
+-----------------+---------+-------+---------+--------+
|Utilization (%)  |    ~0   |      0|        1|      32|
+-----------------+---------+-------+---------+--------+

+ Detail: 
    * Instance: 
    +---------------------------------+----------------------+---------+-------+-------+--------+
    |             Instance            |        Module        | BRAM_18K| DSP48E|   FF  |   LUT  |
    +---------------------------------+----------------------+---------+-------+-------+--------+
    |grp_KeccakF1600_StatePer_fu_730  |KeccakF1600_StatePer  |        0|      0|  11713|  190873|
    |grp_load64_fu_751                |load64                |        0|      0|      0|    8761|
    |grp_store64_fu_777               |store64               |        0|      0|     60|     240|
    +---------------------------------+----------------------+---------+-------+-------+--------+
    |Total                            |                      |        0|      0|  11773|  199874|
    +---------------------------------+----------------------+---------+-------+-------+--------+

    * DSP48: 
    N/A

    * Memory: 
    +--------------+--------------------------------------------+---------+---+----+------+-----+------+-------------+
    |    Memory    |                   Module                   | BRAM_18K| FF| LUT| Words| Bits| Banks| W*Bits*Banks|
    +--------------+--------------------------------------------+---------+---+----+------+-----+------+-------------+
    |out_assign_U  |pqcrystals_fips202_ref_sha3_256_out_assign  |        1|  0|   0|   136|    8|     1|         1088|
    +--------------+--------------------------------------------+---------+---+----+------+-----+------+-------------+
    |Total         |                                            |        1|  0|   0|   136|    8|     1|         1088|
    +--------------+--------------------------------------------+---------+---+----+------+-----+------+-------------+

    * FIFO: 
    N/A

    * Expression: 
    +---------------------------+----------+-------+---+----+------------+------------+
    |       Variable Name       | Operation| DSP48E| FF| LUT| Bitwidth P0| Bitwidth P1|
    +---------------------------+----------+-------+---+----+------------+------------+
    |ap_block_pp0_stage0_11001  |    and   |      0|  0|   2|           1|           1|
    |ap_enable_pp0              |    xor   |      0|  0|   2|           1|           2|
    +---------------------------+----------+-------+---+----+------------+------------+
    |Total                      |          |      0|  0|   4|           2|           3|
    +---------------------------+----------+-------+---+----+------------+------------+

    * Multiplexer: 
    +-----------------------------+-----+-----------+-----+-----------+
    |             Name            | LUT | Input Size| Bits| Total Bits|
    +-----------------------------+-----+-----------+-----+-----------+
    |ap_NS_fsm                    |  377|         86|    1|         86|
    |ap_enable_reg_pp0_iter0      |    9|          2|    1|          2|
    |ap_enable_reg_pp0_iter1      |    9|          2|    1|          2|
    |grp_load64_fu_751_x_2_read   |   15|          3|    8|         24|
    |grp_load64_fu_751_x_offset   |   89|         18|    9|        162|
    |grp_store64_fu_777_u         |   89|         18|   64|       1152|
    |grp_store64_fu_777_x_offset  |   89|         18|    9|        162|
    |h_address0                   |   85|         17|    5|         85|
    |h_address1                   |   85|         17|    5|         85|
    |in_r_address0                |   15|          3|    2|          6|
    |out_assign_address0          |   89|         18|    8|        144|
    |out_assign_address1          |   89|         18|    8|        144|
    |out_assign_ce0               |   15|          3|    1|          3|
    |out_assign_ce1               |   15|          3|    1|          3|
    |out_assign_we0               |    9|          2|    1|          2|
    |out_assign_we1               |    9|          2|    1|          2|
    +-----------------------------+-----+-----------+-----+-----------+
    |Total                        | 1088|        230|  125|       2064|
    +-----------------------------+-----+-----------+-----+-----------+

    * Register: 
    +---------------------------------+----+----+-----+-----------+
    |               Name              | FF | LUT| Bits| Const Bits|
    +---------------------------------+----+----+-----+-----------+
    |ap_CS_fsm                        |  85|   0|   85|          0|
    |ap_enable_reg_pp0_iter0_reg      |   1|   0|    1|          0|
    |ap_enable_reg_pp0_iter1          |   1|   0|    1|          0|
    |grp_store64_fu_777_ap_start_reg  |   1|   0|    1|          0|
    |newret11_i_reg_1010              |  64|   0|   64|          0|
    |newret13_i_reg_1015              |  64|   0|   64|          0|
    |newret15_i_reg_1020              |  64|   0|   64|          0|
    |newret17_i_reg_1025              |  64|   0|   64|          0|
    |newret18_i_reg_1030              |  64|   0|   64|          0|
    |newret19_i_reg_1035              |  64|   0|   64|          0|
    |newret1_i_reg_985                |  64|   0|   64|          0|
    |newret20_i_reg_1040              |  64|   0|   64|          0|
    |newret21_i_reg_1045              |  64|   0|   64|          0|
    |newret22_i_reg_1050              |  64|   0|   64|          0|
    |newret23_i_reg_1055              |  64|   0|   64|          0|
    |newret24_i_reg_1060              |  64|   0|   64|          0|
    |newret3_i_reg_990                |  64|   0|   64|          0|
    |newret5_i_reg_995                |  64|   0|   64|          0|
    |newret7_i_reg_1000               |  64|   0|   64|          0|
    |newret9_i_reg_1005               |  64|   0|   64|          0|
    |s_0_reg_900                      |  64|   0|   64|          0|
    |s_10_reg_950                     |  64|   0|   64|          0|
    |s_11_reg_955                     |  64|   0|   64|          0|
    |s_12_reg_960                     |  64|   0|   64|          0|
    |s_13_reg_965                     |  64|   0|   64|          0|
    |s_14_reg_970                     |  64|   0|   64|          0|
    |s_15_reg_975                     |  64|   0|   64|          0|
    |s_16_reg_980                     |  64|   0|   64|          0|
    |s_1_reg_905                      |  64|   0|   64|          0|
    |s_2_reg_910                      |  64|   0|   64|          0|
    |s_3_reg_915                      |  64|   0|   64|          0|
    |s_4_reg_920                      |  64|   0|   64|          0|
    |s_5_reg_925                      |  64|   0|   64|          0|
    |s_6_reg_930                      |  64|   0|   64|          0|
    |s_7_reg_935                      |  64|   0|   64|          0|
    |s_8_reg_940                      |  64|   0|   64|          0|
    |s_9_reg_945                      |  64|   0|   64|          0|
    |t_0_reg_880                      |   8|   0|    8|          0|
    |t_1_reg_885                      |   8|   0|    8|          0|
    |t_2_reg_895                      |   8|   0|    8|          0|
    +---------------------------------+----+----+-----+-----------+
    |Total                            |2224|   0| 2224|          0|
    +---------------------------------+----+----+-----+-----------+



================================================================
== Interface
================================================================
* Summary: 
+---------------+-----+-----+------------+---------------------------------+--------------+
|   RTL Ports   | Dir | Bits|  Protocol  |          Source Object          |    C Type    |
+---------------+-----+-----+------------+---------------------------------+--------------+
|ap_clk         |  in |    1| ap_ctrl_hs | pqcrystals_fips202_ref_sha3_256 | return value |
|ap_rst         |  in |    1| ap_ctrl_hs | pqcrystals_fips202_ref_sha3_256 | return value |
|ap_start       |  in |    1| ap_ctrl_hs | pqcrystals_fips202_ref_sha3_256 | return value |
|ap_done        | out |    1| ap_ctrl_hs | pqcrystals_fips202_ref_sha3_256 | return value |
|ap_idle        | out |    1| ap_ctrl_hs | pqcrystals_fips202_ref_sha3_256 | return value |
|ap_ready       | out |    1| ap_ctrl_hs | pqcrystals_fips202_ref_sha3_256 | return value |
|h_address0     | out |    5|  ap_memory |                h                |     array    |
|h_ce0          | out |    1|  ap_memory |                h                |     array    |
|h_we0          | out |    1|  ap_memory |                h                |     array    |
|h_d0           | out |    8|  ap_memory |                h                |     array    |
|h_address1     | out |    5|  ap_memory |                h                |     array    |
|h_ce1          | out |    1|  ap_memory |                h                |     array    |
|h_we1          | out |    1|  ap_memory |                h                |     array    |
|h_d1           | out |    8|  ap_memory |                h                |     array    |
|in_r_address0  | out |    2|  ap_memory |               in_r              |     array    |
|in_r_ce0       | out |    1|  ap_memory |               in_r              |     array    |
|in_r_q0        |  in |    8|  ap_memory |               in_r              |     array    |
|in_r_address1  | out |    2|  ap_memory |               in_r              |     array    |
|in_r_ce1       | out |    1|  ap_memory |               in_r              |     array    |
|in_r_q1        |  in |    8|  ap_memory |               in_r              |     array    |
|inlen          |  in |   64|   ap_none  |              inlen              |    scalar    |
+---------------+-----+-----+------------+---------------------------------+--------------+

