

================================================================
== Vivado HLS Report for 'store64'
================================================================
* Date:           Tue Mar 30 01:18:39 2021

* Version:        2018.3 (Build 2405991 on Thu Dec 06 23:56:15 MST 2018)
* Project:        SHA
* Solution:       solution2
* Product family: virtex7
* Target device:  xc7vx980tffg1930-2l


================================================================
== Performance Estimates
================================================================
+ Timing (ns): 
    * Summary: 
    +--------+-------+----------+------------+
    |  Clock | Target| Estimated| Uncertainty|
    +--------+-------+----------+------------+
    |ap_clk  |  10.00|     3.624|        1.25|
    +--------+-------+----------+------------+

+ Latency (clock cycles): 
    * Summary: 
    +-----+-----+-----+-----+----------+
    |  Latency  |  Interval | Pipeline |
    | min | max | min | max |   Type   |
    +-----+-----+-----+-----+----------+
    |    3|    3|    4|    4| function |
    +-----+-----+-----+-----+----------+

    + Detail: 
        * Instance: 
        N/A

        * Loop: 
        N/A



================================================================
== Utilization Estimates
================================================================
* Summary: 
+-----------------+---------+-------+---------+--------+
|       Name      | BRAM_18K| DSP48E|    FF   |   LUT  |
+-----------------+---------+-------+---------+--------+
|DSP              |        -|      -|        -|       -|
|Expression       |        -|      -|        0|     105|
|FIFO             |        -|      -|        -|       -|
|Instance         |        -|      -|        -|       -|
|Memory           |        -|      -|        -|       -|
|Multiplexer      |        -|      -|        -|     135|
|Register         |        -|      -|       60|       -|
+-----------------+---------+-------+---------+--------+
|Total            |        0|      0|       60|     240|
+-----------------+---------+-------+---------+--------+
|Available        |     3000|   3600|  1224000|  612000|
+-----------------+---------+-------+---------+--------+
|Utilization (%)  |        0|      0|    ~0   |   ~0   |
+-----------------+---------+-------+---------+--------+

+ Detail: 
    * Instance: 
    N/A

    * DSP48: 
    N/A

    * Memory: 
    N/A

    * FIFO: 
    N/A

    * Expression: 
    +-----------------+----------+-------+---+----+------------+------------+
    |  Variable Name  | Operation| DSP48E| FF| LUT| Bitwidth P0| Bitwidth P1|
    +-----------------+----------+-------+---+----+------------+------------+
    |sum_1_fu_166_p2  |     +    |      0|  0|  15|           1|           8|
    |sum_2_fu_237_p2  |     +    |      0|  0|  15|           2|           8|
    |sum_3_fu_247_p2  |     +    |      0|  0|  15|           2|           8|
    |sum_4_fu_257_p2  |     +    |      0|  0|  15|           3|           8|
    |sum_5_fu_267_p2  |     +    |      0|  0|  15|           3|           8|
    |sum_6_fu_277_p2  |     +    |      0|  0|  15|           3|           8|
    |sum_7_fu_287_p2  |     +    |      0|  0|  15|           3|           8|
    +-----------------+----------+-------+---+----+------------+------------+
    |Total            |          |      0|  0| 105|          17|          56|
    +-----------------+----------+-------+---+----+------------+------------+

    * Multiplexer: 
    +------------+----+-----------+-----+-----------+
    |    Name    | LUT| Input Size| Bits| Total Bits|
    +------------+----+-----------+-----+-----------+
    |ap_NS_fsm   |  27|          5|    1|          5|
    |x_address0  |  27|          5|    8|         40|
    |x_address1  |  27|          5|    8|         40|
    |x_d0        |  27|          5|    8|         40|
    |x_d1        |  27|          5|    8|         40|
    +------------+----+-----------+-----+-----------+
    |Total       | 135|         25|   33|        165|
    +------------+----+-----------+-----+-----------+

    * Register: 
    +-----------------+---+----+-----+-----------+
    |       Name      | FF| LUT| Bits| Const Bits|
    +-----------------+---+----+-----+-----------+
    |ap_CS_fsm        |  4|   0|    4|          0|
    |tmp_1_reg_297    |  8|   0|    8|          0|
    |tmp_4_2_reg_307  |  8|   0|    8|          0|
    |tmp_4_3_reg_312  |  8|   0|    8|          0|
    |tmp_4_4_reg_317  |  8|   0|    8|          0|
    |tmp_4_5_reg_322  |  8|   0|    8|          0|
    |tmp_4_6_reg_327  |  8|   0|    8|          0|
    |tmp_4_7_reg_332  |  8|   0|    8|          0|
    +-----------------+---+----+-----+-----------+
    |Total            | 60|   0|   60|          0|
    +-----------------+---+----+-----+-----------+



================================================================
== Interface
================================================================
* Summary: 
+------------+-----+-----+------------+--------------+--------------+
|  RTL Ports | Dir | Bits|  Protocol  | Source Object|    C Type    |
+------------+-----+-----+------------+--------------+--------------+
|ap_clk      |  in |    1| ap_ctrl_hs |    store64   | return value |
|ap_rst      |  in |    1| ap_ctrl_hs |    store64   | return value |
|ap_start    |  in |    1| ap_ctrl_hs |    store64   | return value |
|ap_done     | out |    1| ap_ctrl_hs |    store64   | return value |
|ap_idle     | out |    1| ap_ctrl_hs |    store64   | return value |
|ap_ready    | out |    1| ap_ctrl_hs |    store64   | return value |
|ap_ce       |  in |    1| ap_ctrl_hs |    store64   | return value |
|x_address0  | out |    8|  ap_memory |       x      |     array    |
|x_ce0       | out |    1|  ap_memory |       x      |     array    |
|x_we0       | out |    1|  ap_memory |       x      |     array    |
|x_d0        | out |    8|  ap_memory |       x      |     array    |
|x_address1  | out |    8|  ap_memory |       x      |     array    |
|x_ce1       | out |    1|  ap_memory |       x      |     array    |
|x_we1       | out |    1|  ap_memory |       x      |     array    |
|x_d1        | out |    8|  ap_memory |       x      |     array    |
|x_offset    |  in |    9|   ap_none  |   x_offset   |    scalar    |
|u           |  in |   64|   ap_none  |       u      |    scalar    |
+------------+-----+-----+------------+--------------+--------------+

