
*** Running vivado
    with args -log bd_0_wrapper.vdi -applog -m64 -product Vivado -messageDb vivado.pb -mode batch -source bd_0_wrapper.tcl -notrace


****** Vivado v2018.3 (64-bit)
  **** SW Build 2405991 on Thu Dec  6 23:36:41 MST 2018
  **** IP Build 2404404 on Fri Dec  7 01:43:56 MST 2018
    ** Copyright 1986-2018 Xilinx, Inc. All Rights Reserved.

source bd_0_wrapper.tcl -notrace
Command: open_checkpoint /home/ds6365/SHA/NDT_c/impl/vhdl/project.runs/impl_1/bd_0_wrapper.dcp

Starting open_checkpoint Task

Time (s): cpu = 00:00:00.09 ; elapsed = 00:00:00.28 . Memory (MB): peak = 1470.441 ; gain = 0.000 ; free physical = 86145 ; free virtual = 585817
INFO: [Netlist 29-17] Analyzing 4 Unisim elements for replacement
INFO: [Netlist 29-28] Unisim Transformation completed in 0 CPU seconds
WARNING: [Netlist 29-43] Netlist 'bd_0_wrapper' is not ideal for floorplanning, since the cellview 'bd_0_hls_inst_0_KeccakF1600_StatePer' defined in file 'bd_0_hls_inst_0.edf' contains large number of primitives.  Please consider enabling hierarchy in synthesis if you want to do floorplanning.
INFO: [Project 1-479] Netlist was created with Vivado 2018.3
INFO: [Device 21-403] Loading part xc7a75tlftg256-2L
INFO: [Project 1-570] Preparing netlist for logic optimization
INFO: [Timing 38-478] Restoring timing data from binary archive.
INFO: [Timing 38-479] Binary timing data restore complete.
INFO: [Project 1-856] Restoring constraints from binary archive.
INFO: [Project 1-853] Binary constraint restore complete.
Netlist sorting complete. Time (s): cpu = 00:00:00 ; elapsed = 00:00:00 . Memory (MB): peak = 2101.922 ; gain = 0.000 ; free physical = 85734 ; free virtual = 585406
INFO: [Project 1-111] Unisim Transformation Summary:
No Unisim elements were transformed.

INFO: [Project 1-604] Checkpoint was created with Vivado v2018.3 (64-bit) build 2405991
open_checkpoint: Time (s): cpu = 00:00:27 ; elapsed = 00:00:33 . Memory (MB): peak = 2101.922 ; gain = 631.484 ; free physical = 85734 ; free virtual = 585406
INFO: [IP_Flow 19-234] Refreshing IP repositories
INFO: [IP_Flow 19-1700] Loaded user IP repository '/home/ds6365/SHA/NDT_c/impl/ip'.
INFO: [IP_Flow 19-2313] Loaded Vivado IP repository '/opt/Xilinx2018/Vivado/2018.3/data/ip'.
Command: opt_design
Attempting to get a license for feature 'Implementation' and/or device 'xc7a75tl'
INFO: [Common 17-349] Got license for feature 'Implementation' and/or device 'xc7a75tl'
Running DRC as a precondition to command opt_design

Starting DRC Task
INFO: [DRC 23-27] Running DRC with 8 threads
INFO: [Project 1-461] DRC finished with 0 Errors
INFO: [Project 1-462] Please refer to the DRC report (report_drc) for more information.

Time (s): cpu = 00:00:03 ; elapsed = 00:00:04 . Memory (MB): peak = 2224.812 ; gain = 93.035 ; free physical = 85689 ; free virtual = 585361

Starting Cache Timing Information Task
Ending Cache Timing Information Task | Checksum: 130066a18

Time (s): cpu = 00:00:00.04 ; elapsed = 00:00:00.05 . Memory (MB): peak = 2224.812 ; gain = 0.000 ; free physical = 85690 ; free virtual = 585362

Starting Logic Optimization Task

Phase 1 Retarget
INFO: [Opt 31-138] Pushed 0 inverter(s) to 0 load pin(s).
INFO: [Opt 31-49] Retargeted 0 cell(s).
Phase 1 Retarget | Checksum: 130066a18

Time (s): cpu = 00:00:02 ; elapsed = 00:00:02 . Memory (MB): peak = 2240.797 ; gain = 0.004 ; free physical = 85698 ; free virtual = 585370
INFO: [Opt 31-389] Phase Retarget created 0 cells and removed 0 cells

Phase 2 Constant propagation
INFO: [Opt 31-138] Pushed 0 inverter(s) to 0 load pin(s).
Phase 2 Constant propagation | Checksum: 130066a18

Time (s): cpu = 00:00:02 ; elapsed = 00:00:02 . Memory (MB): peak = 2240.797 ; gain = 0.004 ; free physical = 85699 ; free virtual = 585371
INFO: [Opt 31-389] Phase Constant propagation created 0 cells and removed 0 cells

Phase 3 Sweep
Phase 3 Sweep | Checksum: f6949bb4

Time (s): cpu = 00:00:03 ; elapsed = 00:00:02 . Memory (MB): peak = 2240.797 ; gain = 0.004 ; free physical = 85697 ; free virtual = 585369
INFO: [Opt 31-389] Phase Sweep created 0 cells and removed 0 cells

Phase 4 BUFG optimization
Phase 4 BUFG optimization | Checksum: f6949bb4

Time (s): cpu = 00:00:03 ; elapsed = 00:00:02 . Memory (MB): peak = 2240.797 ; gain = 0.004 ; free physical = 85697 ; free virtual = 585369
INFO: [Opt 31-662] Phase BUFG optimization created 0 cells of which 0 are BUFGs and removed 0 cells.

Phase 5 Shift Register Optimization
Phase 5 Shift Register Optimization | Checksum: f6949bb4

Time (s): cpu = 00:00:03 ; elapsed = 00:00:03 . Memory (MB): peak = 2240.797 ; gain = 0.004 ; free physical = 85698 ; free virtual = 585370
INFO: [Opt 31-389] Phase Shift Register Optimization created 0 cells and removed 0 cells

Phase 6 Post Processing Netlist
Phase 6 Post Processing Netlist | Checksum: f6949bb4

Time (s): cpu = 00:00:03 ; elapsed = 00:00:03 . Memory (MB): peak = 2240.797 ; gain = 0.004 ; free physical = 85698 ; free virtual = 585370
INFO: [Opt 31-389] Phase Post Processing Netlist created 0 cells and removed 0 cells
Opt_design Change Summary
=========================


-------------------------------------------------------------------------------------------------------------------------
|  Phase                        |  #Cells created  |  #Cells Removed  |  #Constrained objects preventing optimizations  |
-------------------------------------------------------------------------------------------------------------------------
|  Retarget                     |               0  |               0  |                                              0  |
|  Constant propagation         |               0  |               0  |                                              0  |
|  Sweep                        |               0  |               0  |                                              0  |
|  BUFG optimization            |               0  |               0  |                                              0  |
|  Shift Register Optimization  |               0  |               0  |                                              0  |
|  Post Processing Netlist      |               0  |               0  |                                              0  |
-------------------------------------------------------------------------------------------------------------------------



Starting Connectivity Check Task

Time (s): cpu = 00:00:00.08 ; elapsed = 00:00:00.08 . Memory (MB): peak = 2240.797 ; gain = 0.000 ; free physical = 85698 ; free virtual = 585370
Ending Logic Optimization Task | Checksum: f6949bb4

Time (s): cpu = 00:00:04 ; elapsed = 00:00:03 . Memory (MB): peak = 2240.797 ; gain = 0.004 ; free physical = 85698 ; free virtual = 585370

Starting Power Optimization Task
INFO: [Pwropt 34-132] Skipping clock gating for clocks with a period < 2.00 ns.
INFO: [Timing 38-35] Done setting XDC timing constraints.
INFO: [Pwropt 34-9] Applying IDT optimizations ...
INFO: [Pwropt 34-10] Applying ODC optimizations ...
WARNING: [Timing 38-242] The property HD.CLK_SRC of clock port "ap_clk" is not set. In out-of-context mode, this prevents timing estimation for clock delay/skew
Resolution: Set the HD.CLK_SRC property of the out-of-context port to the location of the clock buffer instance in the top-level design
INFO: [Physopt 32-619] Estimated Timing Summary | WNS=8.584 | TNS=0.000 |
Running Vector-less Activity Propagation...

Finished Running Vector-less Activity Propagation


Starting PowerOpt Patch Enables Task
INFO: [Pwropt 34-162] WRITE_MODE attribute of 0 BRAM(s) out of a total of 4 has been updated to save power. Run report_power_opt to get a complete listing of the BRAMs updated.
INFO: [Pwropt 34-201] Structural ODC has moved 0 WE to EN ports
Number of BRAM Ports augmented: 0 newly gated: 0 Total Ports: 8
Ending PowerOpt Patch Enables Task | Checksum: f6949bb4

Time (s): cpu = 00:00:00.13 ; elapsed = 00:00:00.14 . Memory (MB): peak = 2653.738 ; gain = 0.000 ; free physical = 85668 ; free virtual = 585340
Ending Power Optimization Task | Checksum: f6949bb4

Time (s): cpu = 00:00:13 ; elapsed = 00:00:05 . Memory (MB): peak = 2653.738 ; gain = 412.941 ; free physical = 85678 ; free virtual = 585350

Starting Final Cleanup Task
Ending Final Cleanup Task | Checksum: f6949bb4

Time (s): cpu = 00:00:00 ; elapsed = 00:00:00 . Memory (MB): peak = 2653.738 ; gain = 0.000 ; free physical = 85678 ; free virtual = 585350

Starting Netlist Obfuscation Task
Netlist sorting complete. Time (s): cpu = 00:00:00.01 ; elapsed = 00:00:00.01 . Memory (MB): peak = 2653.738 ; gain = 0.000 ; free physical = 85678 ; free virtual = 585350
Ending Netlist Obfuscation Task | Checksum: f6949bb4

Time (s): cpu = 00:00:00.01 ; elapsed = 00:00:00.01 . Memory (MB): peak = 2653.738 ; gain = 0.000 ; free physical = 85678 ; free virtual = 585350
INFO: [Common 17-83] Releasing license: Implementation
35 Infos, 2 Warnings, 0 Critical Warnings and 0 Errors encountered.
opt_design completed successfully
opt_design: Time (s): cpu = 00:00:22 ; elapsed = 00:00:15 . Memory (MB): peak = 2653.738 ; gain = 522.961 ; free physical = 85678 ; free virtual = 585350
Netlist sorting complete. Time (s): cpu = 00:00:00 ; elapsed = 00:00:00.01 . Memory (MB): peak = 2653.738 ; gain = 0.000 ; free physical = 85678 ; free virtual = 585350
INFO: [Timing 38-35] Done setting XDC timing constraints.
INFO: [Timing 38-480] Writing timing data to binary archive.
Netlist sorting complete. Time (s): cpu = 00:00:00.01 ; elapsed = 00:00:00 . Memory (MB): peak = 2653.738 ; gain = 0.000 ; free physical = 85666 ; free virtual = 585343
INFO: [Common 17-1381] The checkpoint '/home/ds6365/SHA/NDT_c/impl/vhdl/project.runs/impl_1/bd_0_wrapper_opt.dcp' has been generated.
INFO: [runtcl-4] Executing : report_drc -file bd_0_wrapper_drc_opted.rpt -pb bd_0_wrapper_drc_opted.pb -rpx bd_0_wrapper_drc_opted.rpx
Command: report_drc -file bd_0_wrapper_drc_opted.rpt -pb bd_0_wrapper_drc_opted.pb -rpx bd_0_wrapper_drc_opted.rpx
INFO: [IP_Flow 19-1839] IP Catalog is up to date.
INFO: [DRC 23-27] Running DRC with 8 threads
INFO: [Coretcl 2-168] The results of DRC are in file /home/ds6365/SHA/NDT_c/impl/vhdl/project.runs/impl_1/bd_0_wrapper_drc_opted.rpt.
report_drc completed successfully
report_drc: Time (s): cpu = 00:00:06 ; elapsed = 00:00:05 . Memory (MB): peak = 2653.738 ; gain = 0.000 ; free physical = 85652 ; free virtual = 585325
Command: place_design
Attempting to get a license for feature 'Implementation' and/or device 'xc7a75tl'
INFO: [Common 17-349] Got license for feature 'Implementation' and/or device 'xc7a75tl'
INFO: [DRC 23-27] Running DRC with 8 threads
INFO: [Vivado_Tcl 4-198] DRC finished with 0 Errors
INFO: [Vivado_Tcl 4-199] Please refer to the DRC report (report_drc) for more information.
Running DRC as a precondition to command place_design
INFO: [DRC 23-27] Running DRC with 8 threads
INFO: [Vivado_Tcl 4-198] DRC finished with 0 Errors
INFO: [Vivado_Tcl 4-199] Please refer to the DRC report (report_drc) for more information.

Starting Placer Task
INFO: [Place 30-611] Multithreading enabled for place_design using a maximum of 8 CPUs

Phase 1 Placer Initialization

Phase 1.1 Placer Initialization Netlist Sorting
Netlist sorting complete. Time (s): cpu = 00:00:00.01 ; elapsed = 00:00:00 . Memory (MB): peak = 2653.738 ; gain = 0.000 ; free physical = 85639 ; free virtual = 585313
Phase 1.1 Placer Initialization Netlist Sorting | Checksum: a4f0ce14

Time (s): cpu = 00:00:00.03 ; elapsed = 00:00:00.05 . Memory (MB): peak = 2653.738 ; gain = 0.000 ; free physical = 85639 ; free virtual = 585313
Netlist sorting complete. Time (s): cpu = 00:00:00.01 ; elapsed = 00:00:00 . Memory (MB): peak = 2653.738 ; gain = 0.000 ; free physical = 85639 ; free virtual = 585313

Phase 1.2 IO Placement/ Clock Placement/ Build Placer Device
Phase 1.2 IO Placement/ Clock Placement/ Build Placer Device | Checksum: bdc8e3e2

Time (s): cpu = 00:00:02 ; elapsed = 00:00:02 . Memory (MB): peak = 2653.738 ; gain = 0.000 ; free physical = 85636 ; free virtual = 585310

Phase 1.3 Build Placer Netlist Model
Phase 1.3 Build Placer Netlist Model | Checksum: 12898acb7

Time (s): cpu = 00:00:09 ; elapsed = 00:00:05 . Memory (MB): peak = 2677.746 ; gain = 24.008 ; free physical = 85626 ; free virtual = 585300

Phase 1.4 Constrain Clocks/Macros
Phase 1.4 Constrain Clocks/Macros | Checksum: 12898acb7

Time (s): cpu = 00:00:09 ; elapsed = 00:00:05 . Memory (MB): peak = 2677.746 ; gain = 24.008 ; free physical = 85627 ; free virtual = 585300
Phase 1 Placer Initialization | Checksum: 12898acb7

Time (s): cpu = 00:00:09 ; elapsed = 00:00:05 . Memory (MB): peak = 2677.746 ; gain = 24.008 ; free physical = 85627 ; free virtual = 585300

Phase 2 Global Placement

Phase 2.1 Floorplanning
Phase 2.1 Floorplanning | Checksum: 1780c0be8

Time (s): cpu = 00:00:12 ; elapsed = 00:00:06 . Memory (MB): peak = 2677.746 ; gain = 24.008 ; free physical = 85611 ; free virtual = 585285

Phase 2.2 Physical Synthesis In Placer
INFO: [Physopt 32-65] No nets found for high-fanout optimization.
INFO: [Physopt 32-232] Optimized 0 net. Created 0 new instance.
INFO: [Physopt 32-775] End 1 Pass. Optimized 0 net or cell. Created 0 new cell, deleted 0 existing cell and moved 0 existing cell
INFO: [Physopt 32-670] No setup violation found.  DSP Register Optimization was not performed.
INFO: [Physopt 32-670] No setup violation found.  Shift Register Optimization was not performed.
INFO: [Physopt 32-670] No setup violation found.  BRAM Register Optimization was not performed.
INFO: [Physopt 32-949] No candidate nets found for HD net replication
INFO: [Physopt 32-775] End 1 Pass. Optimized 0 net or cell. Created 0 new cell, deleted 0 existing cell and moved 0 existing cell
Netlist sorting complete. Time (s): cpu = 00:00:00 ; elapsed = 00:00:00 . Memory (MB): peak = 2685.750 ; gain = 0.000 ; free physical = 85602 ; free virtual = 585276

Summary of Physical Synthesis Optimizations
============================================


----------------------------------------------------------------------------------------------------------------------------------------
|  Optimization                  |  Added Cells  |  Removed Cells  |  Optimized Cells/Nets  |  Dont Touch  |  Iterations  |  Elapsed   |
----------------------------------------------------------------------------------------------------------------------------------------
|  Very High Fanout              |            0  |              0  |                     0  |           0  |           1  |  00:00:00  |
|  DSP Register                  |            0  |              0  |                     0  |           0  |           0  |  00:00:00  |
|  Shift Register                |            0  |              0  |                     0  |           0  |           0  |  00:00:00  |
|  BRAM Register                 |            0  |              0  |                     0  |           0  |           0  |  00:00:00  |
|  HD Interface Net Replication  |            0  |              0  |                     0  |           0  |           1  |  00:00:00  |
|  Total                         |            0  |              0  |                     0  |           0  |           2  |  00:00:00  |
----------------------------------------------------------------------------------------------------------------------------------------


Phase 2.2 Physical Synthesis In Placer | Checksum: 25d98f36b

Time (s): cpu = 00:00:51 ; elapsed = 00:00:35 . Memory (MB): peak = 2685.750 ; gain = 32.012 ; free physical = 85602 ; free virtual = 585276
Phase 2 Global Placement | Checksum: 2172bbd33

Time (s): cpu = 00:00:54 ; elapsed = 00:00:36 . Memory (MB): peak = 2685.750 ; gain = 32.012 ; free physical = 85604 ; free virtual = 585278

Phase 3 Detail Placement

Phase 3.1 Commit Multi Column Macros
Phase 3.1 Commit Multi Column Macros | Checksum: 2172bbd33

Time (s): cpu = 00:00:54 ; elapsed = 00:00:36 . Memory (MB): peak = 2685.750 ; gain = 32.012 ; free physical = 85605 ; free virtual = 585279

Phase 3.2 Commit Most Macros & LUTRAMs
Phase 3.2 Commit Most Macros & LUTRAMs | Checksum: 211a7d6fb

Time (s): cpu = 00:01:01 ; elapsed = 00:00:39 . Memory (MB): peak = 2685.750 ; gain = 32.012 ; free physical = 85604 ; free virtual = 585278

Phase 3.3 Area Swap Optimization
Phase 3.3 Area Swap Optimization | Checksum: 1c90d278b

Time (s): cpu = 00:01:02 ; elapsed = 00:00:39 . Memory (MB): peak = 2685.750 ; gain = 32.012 ; free physical = 85605 ; free virtual = 585279

Phase 3.4 Pipeline Register Optimization
Phase 3.4 Pipeline Register Optimization | Checksum: 238315bb5

Time (s): cpu = 00:01:02 ; elapsed = 00:00:39 . Memory (MB): peak = 2685.750 ; gain = 32.012 ; free physical = 85605 ; free virtual = 585279

Phase 3.5 Small Shape Detail Placement
Phase 3.5 Small Shape Detail Placement | Checksum: 282615c66

Time (s): cpu = 00:01:14 ; elapsed = 00:00:50 . Memory (MB): peak = 2685.750 ; gain = 32.012 ; free physical = 85605 ; free virtual = 585279

Phase 3.6 Re-assign LUT pins
Phase 3.6 Re-assign LUT pins | Checksum: 242d27993

Time (s): cpu = 00:01:15 ; elapsed = 00:00:51 . Memory (MB): peak = 2685.750 ; gain = 32.012 ; free physical = 85606 ; free virtual = 585280

Phase 3.7 Pipeline Register Optimization
Phase 3.7 Pipeline Register Optimization | Checksum: 2304e375d

Time (s): cpu = 00:01:15 ; elapsed = 00:00:51 . Memory (MB): peak = 2685.750 ; gain = 32.012 ; free physical = 85606 ; free virtual = 585280
Phase 3 Detail Placement | Checksum: 2304e375d

Time (s): cpu = 00:01:15 ; elapsed = 00:00:51 . Memory (MB): peak = 2685.750 ; gain = 32.012 ; free physical = 85606 ; free virtual = 585280

Phase 4 Post Placement Optimization and Clean-Up

Phase 4.1 Post Commit Optimization
INFO: [Timing 38-35] Done setting XDC timing constraints.

Phase 4.1.1 Post Placement Optimization
Post Placement Optimization Initialization | Checksum: 15c4a51a5

Phase 4.1.1.1 BUFG Insertion
INFO: [Place 46-33] Processed net bd_0_i/hls_inst/U0/grp_KeccakF1600_StatePer_fu_800/Asu1_reg_760, BUFG insertion was skipped due to placement/routing conflicts.
INFO: [Place 46-46] BUFG insertion identified 1 candidate nets, 0 success, 0 bufg driver replicated, 1 skipped for placement/routing, 0 skipped for timing, 0 skipped for netlist change reason
Phase 4.1.1.1 BUFG Insertion | Checksum: 15c4a51a5

Time (s): cpu = 00:01:25 ; elapsed = 00:00:55 . Memory (MB): peak = 2685.750 ; gain = 32.012 ; free physical = 85607 ; free virtual = 585281
INFO: [Place 30-746] Post Placement Timing Summary WNS=3.667. For the most accurate timing information please run report_timing.
Phase 4.1.1 Post Placement Optimization | Checksum: 1e65c4e2d

Time (s): cpu = 00:01:25 ; elapsed = 00:00:55 . Memory (MB): peak = 2685.750 ; gain = 32.012 ; free physical = 85607 ; free virtual = 585281
Phase 4.1 Post Commit Optimization | Checksum: 1e65c4e2d

Time (s): cpu = 00:01:25 ; elapsed = 00:00:55 . Memory (MB): peak = 2685.750 ; gain = 32.012 ; free physical = 85607 ; free virtual = 585281

Phase 4.2 Post Placement Cleanup
Phase 4.2 Post Placement Cleanup | Checksum: 1e65c4e2d

Time (s): cpu = 00:01:25 ; elapsed = 00:00:56 . Memory (MB): peak = 2685.750 ; gain = 32.012 ; free physical = 85607 ; free virtual = 585281

Phase 4.3 Placer Reporting
Phase 4.3 Placer Reporting | Checksum: 1e65c4e2d

Time (s): cpu = 00:01:25 ; elapsed = 00:00:56 . Memory (MB): peak = 2685.750 ; gain = 32.012 ; free physical = 85607 ; free virtual = 585281

Phase 4.4 Final Placement Cleanup
Netlist sorting complete. Time (s): cpu = 00:00:00.03 ; elapsed = 00:00:00.03 . Memory (MB): peak = 2685.750 ; gain = 0.000 ; free physical = 85607 ; free virtual = 585281
Phase 4.4 Final Placement Cleanup | Checksum: 19bceb168

Time (s): cpu = 00:01:26 ; elapsed = 00:00:56 . Memory (MB): peak = 2685.750 ; gain = 32.012 ; free physical = 85608 ; free virtual = 585282
Phase 4 Post Placement Optimization and Clean-Up | Checksum: 19bceb168

Time (s): cpu = 00:01:26 ; elapsed = 00:00:56 . Memory (MB): peak = 2685.750 ; gain = 32.012 ; free physical = 85608 ; free virtual = 585282
Ending Placer Task | Checksum: 1004751b7

Time (s): cpu = 00:01:26 ; elapsed = 00:00:56 . Memory (MB): peak = 2685.750 ; gain = 32.012 ; free physical = 85625 ; free virtual = 585299
INFO: [Common 17-83] Releasing license: Implementation
63 Infos, 2 Warnings, 0 Critical Warnings and 0 Errors encountered.
place_design completed successfully
place_design: Time (s): cpu = 00:01:30 ; elapsed = 00:01:00 . Memory (MB): peak = 2685.750 ; gain = 32.012 ; free physical = 85625 ; free virtual = 585299
Netlist sorting complete. Time (s): cpu = 00:00:00 ; elapsed = 00:00:00 . Memory (MB): peak = 2685.750 ; gain = 0.000 ; free physical = 85625 ; free virtual = 585299
INFO: [Timing 38-480] Writing timing data to binary archive.
Netlist sorting complete. Time (s): cpu = 00:00:00.01 ; elapsed = 00:00:00.01 . Memory (MB): peak = 2685.750 ; gain = 0.000 ; free physical = 85623 ; free virtual = 585299
Writing placer database...
Writing XDEF routing.
Writing XDEF routing logical nets.
Writing XDEF routing special nets.
Write XDEF Complete: Time (s): cpu = 00:00:04 ; elapsed = 00:00:02 . Memory (MB): peak = 2685.750 ; gain = 0.000 ; free physical = 85520 ; free virtual = 585206
INFO: [Common 17-1381] The checkpoint '/home/ds6365/SHA/NDT_c/impl/vhdl/project.runs/impl_1/bd_0_wrapper_placed.dcp' has been generated.
INFO: [runtcl-4] Executing : report_io -file bd_0_wrapper_io_placed.rpt
report_io: Time (s): cpu = 00:00:00.12 ; elapsed = 00:00:00.27 . Memory (MB): peak = 2685.750 ; gain = 0.000 ; free physical = 85604 ; free virtual = 585281
INFO: [runtcl-4] Executing : report_utilization -file bd_0_wrapper_utilization_placed.rpt -pb bd_0_wrapper_utilization_placed.pb
INFO: [runtcl-4] Executing : report_control_sets -verbose -file bd_0_wrapper_control_sets_placed.rpt
report_control_sets: Time (s): cpu = 00:00:00.06 ; elapsed = 00:00:00.22 . Memory (MB): peak = 2685.750 ; gain = 0.000 ; free physical = 85608 ; free virtual = 585285
Command: phys_opt_design
Attempting to get a license for feature 'Implementation' and/or device 'xc7a75tl'
INFO: [Common 17-349] Got license for feature 'Implementation' and/or device 'xc7a75tl'
INFO: [Vivado_Tcl 4-383] Design worst setup slack (WNS) is greater than or equal to 0.250 ns. Skipping all physical synthesis optimizations.
INFO: [Vivado_Tcl 4-232] No setup violation found. The netlist was not modified.
INFO: [Common 17-83] Releasing license: Implementation
72 Infos, 2 Warnings, 0 Critical Warnings and 0 Errors encountered.
phys_opt_design completed successfully
Netlist sorting complete. Time (s): cpu = 00:00:00 ; elapsed = 00:00:00.01 . Memory (MB): peak = 2685.750 ; gain = 0.000 ; free physical = 85576 ; free virtual = 585252
INFO: [Timing 38-480] Writing timing data to binary archive.
Writing placer database...
Netlist sorting complete. Time (s): cpu = 00:00:00.02 ; elapsed = 00:00:00 . Memory (MB): peak = 2685.750 ; gain = 0.000 ; free physical = 85571 ; free virtual = 585250
Writing XDEF routing.
Writing XDEF routing logical nets.
Writing XDEF routing special nets.
Write XDEF Complete: Time (s): cpu = 00:00:03 ; elapsed = 00:00:02 . Memory (MB): peak = 2685.750 ; gain = 0.000 ; free physical = 85561 ; free virtual = 585250
INFO: [Common 17-1381] The checkpoint '/home/ds6365/SHA/NDT_c/impl/vhdl/project.runs/impl_1/bd_0_wrapper_physopt.dcp' has been generated.
Command: route_design
Attempting to get a license for feature 'Implementation' and/or device 'xc7a75tl'
INFO: [Common 17-349] Got license for feature 'Implementation' and/or device 'xc7a75tl'
Running DRC as a precondition to command route_design
INFO: [DRC 23-27] Running DRC with 8 threads
INFO: [Vivado_Tcl 4-198] DRC finished with 0 Errors
INFO: [Vivado_Tcl 4-199] Please refer to the DRC report (report_drc) for more information.


Starting Routing Task
INFO: [Route 35-254] Multithreading enabled for route_design using a maximum of 8 CPUs
Checksum: PlaceDB: b7c5ada8 ConstDB: 0 ShapeSum: 4881a40f RouteDB: 0

Phase 1 Build RT Design
WARNING: [Route 35-197] Clock port "ap_clk" does not have an associated HD.CLK_SRC. Without this constraint, timing analysis may not be accurate and upstream checks cannot be done to ensure correct clock placement.
WARNING: [Route 35-198] Port "ap_rst" does not have an associated HD.PARTPIN_LOCS, which will prevent the partial routing of the signal "ap_rst". Without this partial route, timing analysis to/from this port will not be accurate, and no routing information for this port can be exported.
WARNING: [Route 35-198] Port "ap_ctrl_start" does not have an associated HD.PARTPIN_LOCS, which will prevent the partial routing of the signal "ap_ctrl_start". Without this partial route, timing analysis to/from this port will not be accurate, and no routing information for this port can be exported.
WARNING: [Route 35-198] Port "in_r_q0[2]" does not have an associated HD.PARTPIN_LOCS, which will prevent the partial routing of the signal "in_r_q0[2]". Without this partial route, timing analysis to/from this port will not be accurate, and no routing information for this port can be exported.
WARNING: [Route 35-198] Port "in_r_q0[1]" does not have an associated HD.PARTPIN_LOCS, which will prevent the partial routing of the signal "in_r_q0[1]". Without this partial route, timing analysis to/from this port will not be accurate, and no routing information for this port can be exported.
WARNING: [Route 35-198] Port "in_r_q0[3]" does not have an associated HD.PARTPIN_LOCS, which will prevent the partial routing of the signal "in_r_q0[3]". Without this partial route, timing analysis to/from this port will not be accurate, and no routing information for this port can be exported.
WARNING: [Route 35-198] Port "in_r_q0[6]" does not have an associated HD.PARTPIN_LOCS, which will prevent the partial routing of the signal "in_r_q0[6]". Without this partial route, timing analysis to/from this port will not be accurate, and no routing information for this port can be exported.
WARNING: [Route 35-198] Port "in_r_q0[5]" does not have an associated HD.PARTPIN_LOCS, which will prevent the partial routing of the signal "in_r_q0[5]". Without this partial route, timing analysis to/from this port will not be accurate, and no routing information for this port can be exported.
WARNING: [Route 35-198] Port "in_r_q0[4]" does not have an associated HD.PARTPIN_LOCS, which will prevent the partial routing of the signal "in_r_q0[4]". Without this partial route, timing analysis to/from this port will not be accurate, and no routing information for this port can be exported.
WARNING: [Route 35-198] Port "in_r_q0[0]" does not have an associated HD.PARTPIN_LOCS, which will prevent the partial routing of the signal "in_r_q0[0]". Without this partial route, timing analysis to/from this port will not be accurate, and no routing information for this port can be exported.
WARNING: [Route 35-198] Port "in_r_q0[7]" does not have an associated HD.PARTPIN_LOCS, which will prevent the partial routing of the signal "in_r_q0[7]". Without this partial route, timing analysis to/from this port will not be accurate, and no routing information for this port can be exported.
Phase 1 Build RT Design | Checksum: 147114a5d

Time (s): cpu = 00:01:02 ; elapsed = 00:00:51 . Memory (MB): peak = 2685.750 ; gain = 0.000 ; free physical = 85436 ; free virtual = 585115
Post Restoration Checksum: NetGraph: 4c20d5ad NumContArr: faf074b0 Constraints: 0 Timing: 0

Phase 2 Router Initialization

Phase 2.1 Create Timer
Phase 2.1 Create Timer | Checksum: 147114a5d

Time (s): cpu = 00:01:02 ; elapsed = 00:00:52 . Memory (MB): peak = 2685.750 ; gain = 0.000 ; free physical = 85437 ; free virtual = 585116

Phase 2.2 Fix Topology Constraints
Phase 2.2 Fix Topology Constraints | Checksum: 147114a5d

Time (s): cpu = 00:01:02 ; elapsed = 00:00:52 . Memory (MB): peak = 2685.750 ; gain = 0.000 ; free physical = 85405 ; free virtual = 585084

Phase 2.3 Pre Route Cleanup
Phase 2.3 Pre Route Cleanup | Checksum: 147114a5d

Time (s): cpu = 00:01:02 ; elapsed = 00:00:52 . Memory (MB): peak = 2685.750 ; gain = 0.000 ; free physical = 85405 ; free virtual = 585084
 Number of Nodes with overlaps = 0

Phase 2.4 Update Timing
Phase 2.4 Update Timing | Checksum: ca4515c2

Time (s): cpu = 00:01:13 ; elapsed = 00:00:57 . Memory (MB): peak = 2685.750 ; gain = 0.000 ; free physical = 85386 ; free virtual = 585065
INFO: [Route 35-416] Intermediate Timing Summary | WNS=3.830  | TNS=0.000  | WHS=-0.070 | THS=-0.329 |

Phase 2 Router Initialization | Checksum: 156cb6fd4

Time (s): cpu = 00:01:18 ; elapsed = 00:00:58 . Memory (MB): peak = 2685.750 ; gain = 0.000 ; free physical = 85385 ; free virtual = 585064

Phase 3 Initial Routing
Phase 3 Initial Routing | Checksum: 149d1e6db

Time (s): cpu = 00:01:30 ; elapsed = 00:01:02 . Memory (MB): peak = 2685.750 ; gain = 0.000 ; free physical = 85373 ; free virtual = 585052

Phase 4 Rip-up And Reroute

Phase 4.1 Global Iteration 0
 Number of Nodes with overlaps = 6513
 Number of Nodes with overlaps = 2030
 Number of Nodes with overlaps = 881
 Number of Nodes with overlaps = 453
 Number of Nodes with overlaps = 259
 Number of Nodes with overlaps = 156
 Number of Nodes with overlaps = 98
 Number of Nodes with overlaps = 52
 Number of Nodes with overlaps = 32
INFO: [Route 35-416] Intermediate Timing Summary | WNS=2.646  | TNS=0.000  | WHS=N/A    | THS=N/A    |

WARNING: [Route 35-447] Congestion is preventing the router from routing all nets. The router will prioritize the successful completion of routing all nets over timing optimizations.
Phase 4.1 Global Iteration 0 | Checksum: 293f28bed

Time (s): cpu = 00:18:56 ; elapsed = 00:10:32 . Memory (MB): peak = 2786.266 ; gain = 100.516 ; free physical = 85504 ; free virtual = 585183

Phase 4.2 Global Iteration 1
 Number of Nodes with overlaps = 930
 Number of Nodes with overlaps = 560
 Number of Nodes with overlaps = 208
 Number of Nodes with overlaps = 68
 Number of Nodes with overlaps = 29
 Number of Nodes with overlaps = 15
 Number of Nodes with overlaps = 3
 Number of Nodes with overlaps = 2
 Number of Nodes with overlaps = 0
INFO: [Route 35-416] Intermediate Timing Summary | WNS=2.646  | TNS=0.000  | WHS=N/A    | THS=N/A    |

Phase 4.2 Global Iteration 1 | Checksum: 1be631765

Time (s): cpu = 00:20:08 ; elapsed = 00:11:14 . Memory (MB): peak = 2786.266 ; gain = 100.516 ; free physical = 85490 ; free virtual = 585169
Phase 4 Rip-up And Reroute | Checksum: 1be631765

Time (s): cpu = 00:20:08 ; elapsed = 00:11:15 . Memory (MB): peak = 2786.266 ; gain = 100.516 ; free physical = 85491 ; free virtual = 585170

Phase 5 Delay and Skew Optimization

Phase 5.1 Delay CleanUp
Phase 5.1 Delay CleanUp | Checksum: 1be631765

Time (s): cpu = 00:20:08 ; elapsed = 00:11:15 . Memory (MB): peak = 2786.266 ; gain = 100.516 ; free physical = 85491 ; free virtual = 585170

Phase 5.2 Clock Skew Optimization
Phase 5.2 Clock Skew Optimization | Checksum: 1be631765

Time (s): cpu = 00:20:08 ; elapsed = 00:11:15 . Memory (MB): peak = 2786.266 ; gain = 100.516 ; free physical = 85491 ; free virtual = 585171
Phase 5 Delay and Skew Optimization | Checksum: 1be631765

Time (s): cpu = 00:20:08 ; elapsed = 00:11:15 . Memory (MB): peak = 2786.266 ; gain = 100.516 ; free physical = 85491 ; free virtual = 585171

Phase 6 Post Hold Fix

Phase 6.1 Hold Fix Iter

Phase 6.1.1 Update Timing
Phase 6.1.1 Update Timing | Checksum: 1d5468f11

Time (s): cpu = 00:20:10 ; elapsed = 00:11:16 . Memory (MB): peak = 2786.266 ; gain = 100.516 ; free physical = 85491 ; free virtual = 585171
INFO: [Route 35-416] Intermediate Timing Summary | WNS=2.646  | TNS=0.000  | WHS=0.049  | THS=0.000  |

Phase 6.1 Hold Fix Iter | Checksum: 1447df116

Time (s): cpu = 00:20:10 ; elapsed = 00:11:16 . Memory (MB): peak = 2786.266 ; gain = 100.516 ; free physical = 85491 ; free virtual = 585171
Phase 6 Post Hold Fix | Checksum: 1447df116

Time (s): cpu = 00:20:10 ; elapsed = 00:11:16 . Memory (MB): peak = 2786.266 ; gain = 100.516 ; free physical = 85491 ; free virtual = 585170

Phase 7 Route finalize

Router Utilization Summary
  Global Vertical Routing Utilization    = 7.15398 %
  Global Horizontal Routing Utilization  = 8.6732 %
  Routable Net Status*
  *Does not include unroutable nets such as driverless and loadless.
  Run report_route_status for detailed report.
  Number of Failed Nets               = 0
  Number of Unrouted Nets             = 0
  Number of Partially Routed Nets     = 0
  Number of Node Overlaps             = 0

Phase 7 Route finalize | Checksum: 1852b6302

Time (s): cpu = 00:20:11 ; elapsed = 00:11:16 . Memory (MB): peak = 2786.266 ; gain = 100.516 ; free physical = 85491 ; free virtual = 585170

Phase 8 Verifying routed nets

 Verification completed successfully
Phase 8 Verifying routed nets | Checksum: 1852b6302

Time (s): cpu = 00:20:11 ; elapsed = 00:11:16 . Memory (MB): peak = 2786.266 ; gain = 100.516 ; free physical = 85489 ; free virtual = 585168

Phase 9 Depositing Routes
Phase 9 Depositing Routes | Checksum: 1e6c674b4

Time (s): cpu = 00:20:13 ; elapsed = 00:11:19 . Memory (MB): peak = 2786.266 ; gain = 100.516 ; free physical = 85493 ; free virtual = 585172

Phase 10 Post Router Timing
INFO: [Route 35-57] Estimated Timing Summary | WNS=2.646  | TNS=0.000  | WHS=0.049  | THS=0.000  |

INFO: [Route 35-327] The final timing numbers are based on the router estimated timing analysis. For a complete and accurate timing signoff, please run report_timing_summary.
Phase 10 Post Router Timing | Checksum: 1e6c674b4

Time (s): cpu = 00:20:13 ; elapsed = 00:11:19 . Memory (MB): peak = 2786.266 ; gain = 100.516 ; free physical = 85493 ; free virtual = 585173
INFO: [Route 35-16] Router Completed Successfully

Time (s): cpu = 00:20:13 ; elapsed = 00:11:19 . Memory (MB): peak = 2786.266 ; gain = 100.516 ; free physical = 85529 ; free virtual = 585208

Routing Is Done.
INFO: [Common 17-83] Releasing license: Implementation
87 Infos, 14 Warnings, 0 Critical Warnings and 0 Errors encountered.
route_design completed successfully
route_design: Time (s): cpu = 00:20:19 ; elapsed = 00:11:25 . Memory (MB): peak = 2786.266 ; gain = 100.516 ; free physical = 85529 ; free virtual = 585208
Netlist sorting complete. Time (s): cpu = 00:00:00 ; elapsed = 00:00:00.01 . Memory (MB): peak = 2786.266 ; gain = 0.000 ; free physical = 85529 ; free virtual = 585208
INFO: [Timing 38-480] Writing timing data to binary archive.
Writing placer database...
Netlist sorting complete. Time (s): cpu = 00:00:00.03 ; elapsed = 00:00:00.01 . Memory (MB): peak = 2786.266 ; gain = 0.000 ; free physical = 85520 ; free virtual = 585203
Writing XDEF routing.
Writing XDEF routing logical nets.
Writing XDEF routing special nets.
Write XDEF Complete: Time (s): cpu = 00:00:04 ; elapsed = 00:00:02 . Memory (MB): peak = 2786.266 ; gain = 0.000 ; free physical = 85507 ; free virtual = 585204
INFO: [Common 17-1381] The checkpoint '/home/ds6365/SHA/NDT_c/impl/vhdl/project.runs/impl_1/bd_0_wrapper_routed.dcp' has been generated.
INFO: [runtcl-4] Executing : report_drc -file bd_0_wrapper_drc_routed.rpt -pb bd_0_wrapper_drc_routed.pb -rpx bd_0_wrapper_drc_routed.rpx
Command: report_drc -file bd_0_wrapper_drc_routed.rpt -pb bd_0_wrapper_drc_routed.pb -rpx bd_0_wrapper_drc_routed.rpx
INFO: [IP_Flow 19-1839] IP Catalog is up to date.
INFO: [DRC 23-27] Running DRC with 8 threads
INFO: [Coretcl 2-168] The results of DRC are in file /home/ds6365/SHA/NDT_c/impl/vhdl/project.runs/impl_1/bd_0_wrapper_drc_routed.rpt.
report_drc completed successfully
report_drc: Time (s): cpu = 00:00:11 ; elapsed = 00:00:07 . Memory (MB): peak = 2866.305 ; gain = 80.035 ; free physical = 85505 ; free virtual = 585188
INFO: [runtcl-4] Executing : report_methodology -file bd_0_wrapper_methodology_drc_routed.rpt -pb bd_0_wrapper_methodology_drc_routed.pb -rpx bd_0_wrapper_methodology_drc_routed.rpx
Command: report_methodology -file bd_0_wrapper_methodology_drc_routed.rpt -pb bd_0_wrapper_methodology_drc_routed.pb -rpx bd_0_wrapper_methodology_drc_routed.rpx
INFO: [Timing 38-35] Done setting XDC timing constraints.
WARNING: [Timing 38-242] The property HD.CLK_SRC of clock port "ap_clk" is not set. In out-of-context mode, this prevents timing estimation for clock delay/skew
Resolution: Set the HD.CLK_SRC property of the out-of-context port to the location of the clock buffer instance in the top-level design
INFO: [DRC 23-133] Running Methodology with 8 threads
INFO: [Coretcl 2-1520] The results of Report Methodology are in file /home/ds6365/SHA/NDT_c/impl/vhdl/project.runs/impl_1/bd_0_wrapper_methodology_drc_routed.rpt.
report_methodology completed successfully
report_methodology: Time (s): cpu = 00:00:16 ; elapsed = 00:00:07 . Memory (MB): peak = 2866.305 ; gain = 0.000 ; free physical = 85319 ; free virtual = 585002
INFO: [runtcl-4] Executing : report_power -file bd_0_wrapper_power_routed.rpt -pb bd_0_wrapper_power_summary_routed.pb -rpx bd_0_wrapper_power_routed.rpx
Command: report_power -file bd_0_wrapper_power_routed.rpt -pb bd_0_wrapper_power_summary_routed.pb -rpx bd_0_wrapper_power_routed.rpx
INFO: [Timing 38-35] Done setting XDC timing constraints.
Running Vector-less Activity Propagation...

Finished Running Vector-less Activity Propagation
99 Infos, 15 Warnings, 0 Critical Warnings and 0 Errors encountered.
report_power completed successfully
report_power: Time (s): cpu = 00:00:17 ; elapsed = 00:00:10 . Memory (MB): peak = 2866.305 ; gain = 0.000 ; free physical = 85463 ; free virtual = 585151
INFO: [runtcl-4] Executing : report_route_status -file bd_0_wrapper_route_status.rpt -pb bd_0_wrapper_route_status.pb
INFO: [runtcl-4] Executing : report_timing_summary -max_paths 10 -file bd_0_wrapper_timing_summary_routed.rpt -pb bd_0_wrapper_timing_summary_routed.pb -rpx bd_0_wrapper_timing_summary_routed.rpx -warn_on_violation 
INFO: [Timing 38-91] UpdateTimingParams: Speed grade: -2L, Delay Type: min_max.
INFO: [Timing 38-191] Multithreading enabled for timing update using a maximum of 8 CPUs
INFO: [runtcl-4] Executing : report_incremental_reuse -file bd_0_wrapper_incremental_reuse_routed.rpt
INFO: [Vivado_Tcl 4-1062] Incremental flow is disabled. No incremental reuse Info to report.
INFO: [runtcl-4] Executing : report_clock_utilization -file bd_0_wrapper_clock_utilization_routed.rpt
INFO: [runtcl-4] Executing : report_bus_skew -warn_on_violation -file bd_0_wrapper_bus_skew_routed.rpt -pb bd_0_wrapper_bus_skew_routed.pb -rpx bd_0_wrapper_bus_skew_routed.rpx
INFO: [Timing 38-91] UpdateTimingParams: Speed grade: -2L, Delay Type: min_max.
INFO: [Timing 38-191] Multithreading enabled for timing update using a maximum of 8 CPUs
INFO: [Common 17-206] Exiting Vivado at Tue Apr 13 18:51:17 2021...
