

================================================================
== Vivado HLS Report for 'keccak_absorb'
================================================================
* Date:           Mon Apr 12 12:28:41 2021

* Version:        2018.3 (Build 2405991 on Thu Dec 06 23:56:15 MST 2018)
* Project:        SHA
* Solution:       NDT_pip_
* Product family: artix7l
* Target device:  xc7a75tlftg256-2l


================================================================
== Performance Estimates
================================================================
+ Timing (ns): 
    * Summary: 
    +--------+-------+----------+------------+
    |  Clock | Target| Estimated| Uncertainty|
    +--------+-------+----------+------------+
    |ap_clk  |  10.00|     6.784|        1.25|
    +--------+-------+----------+------------+

+ Latency (clock cycles): 
    * Summary: 
    +-----+-----+-----+-----+---------+
    |  Latency  |  Interval | Pipeline|
    | min | max | min | max |   Type  |
    +-----+-----+-----+-----+---------+
    |  558|  558|  558|  558|   none  |
    +-----+-----+-----+-----+---------+

    + Detail: 
        * Instance: 
        N/A

        * Loop: 
        +------------------+-----+-----+----------+-----------+-----------+------+----------+
        |                  |  Latency  | Iteration|  Initiation Interval  | Trip |          |
        |     Loop Name    | min | max |  Latency |  achieved |   target  | Count| Pipelined|
        +------------------+-----+-----+----------+-----------+-----------+------+----------+
        |- memset_t        |  199|  199|         1|          -|          -|   200|    no    |
        |- Loop 2          |   25|   25|         1|          -|          -|    25|    no    |
        |- Loop 3          |    6|    6|         2|          -|          -|     3|    no    |
        |- Loop 4          |  323|  323|        19|          -|          -|    17|    no    |
        | + load64_label0  |   16|   16|         2|          -|          -|     8|    no    |
        +------------------+-----+-----+----------+-----------+-----------+------+----------+



================================================================
== Utilization Estimates
================================================================
* Summary: 
+-----------------+---------+-------+-------+-------+
|       Name      | BRAM_18K| DSP48E|   FF  |  LUT  |
+-----------------+---------+-------+-------+-------+
|DSP              |        -|      -|      -|      -|
|Expression       |        -|      -|      0|    475|
|FIFO             |        -|      -|      -|      -|
|Instance         |        -|      -|      -|      -|
|Memory           |        1|      -|      0|      0|
|Multiplexer      |        -|      -|      -|    203|
|Register         |        -|      -|    126|      -|
+-----------------+---------+-------+-------+-------+
|Total            |        1|      0|    126|    678|
+-----------------+---------+-------+-------+-------+
|Available        |      210|    180|  94400|  47200|
+-----------------+---------+-------+-------+-------+
|Utilization (%)  |    ~0   |      0|   ~0  |      1|
+-----------------+---------+-------+-------+-------+

+ Detail: 
    * Instance: 
    N/A

    * DSP48: 
    N/A

    * Memory: 
    +-------+-----------------+---------+---+----+------+-----+------+-------------+
    | Memory|      Module     | BRAM_18K| FF| LUT| Words| Bits| Banks| W*Bits*Banks|
    +-------+-----------------+---------+---+----+------+-----+------+-------------+
    |t_U    |keccak_absorb_t  |        1|  0|   0|   200|    8|     1|         1600|
    +-------+-----------------+---------+---+----+------+-----+------+-------------+
    |Total  |                 |        1|  0|   0|   200|    8|     1|         1600|
    +-------+-----------------+---------+---+----+------+-----+------+-------------+

    * FIFO: 
    N/A

    * Expression: 
    +----------------------+----------+-------+---+-----+------------+------------+
    |     Variable Name    | Operation| DSP48E| FF| LUT | Bitwidth P0| Bitwidth P1|
    +----------------------+----------+-------+---+-----+------------+------------+
    |i_4_fu_248_p2         |     +    |      0|  0|   15|           5|           1|
    |i_5_fu_288_p2         |     +    |      0|  0|   15|           5|           1|
    |i_6_fu_308_p2         |     +    |      0|  0|   13|           4|           1|
    |indvarinc_fu_220_p2   |     +    |      0|  0|   15|           8|           1|
    |sum_i_fu_318_p2       |     +    |      0|  0|   15|           8|           8|
    |tmp_3_fu_265_p2       |     +    |      0|  0|   10|           2|           1|
    |exitcond_i_fu_302_p2  |   icmp   |      0|  0|   11|           4|           5|
    |tmp_1_fu_259_p2       |   icmp   |      0|  0|    8|           2|           2|
    |tmp_4_fu_282_p2       |   icmp   |      0|  0|   11|           5|           5|
    |tmp_7_fu_242_p2       |   icmp   |      0|  0|   11|           5|           4|
    |tmp_s_fu_231_p2       |   icmp   |      0|  0|   11|           8|           7|
    |r_fu_354_p2           |    or    |      0|  0|   71|          64|          64|
    |t_d1                  |    or    |      0|  0|   16|           8|           9|
    |tmp_2_i_fu_348_p2     |    shl   |      0|  0|  182|          64|          64|
    |tmp_8_fu_360_p2       |    xor   |      0|  0|   71|          64|          64|
    +----------------------+----------+-------+---+-----+------------+------------+
    |Total                 |          |      0|  0|  475|         256|         237|
    +----------------------+----------+-------+---+-----+------------+------------+

    * Multiplexer: 
    +----------------+----+-----------+-----+-----------+
    |      Name      | LUT| Input Size| Bits| Total Bits|
    +----------------+----+-----------+-----+-----------+
    |ap_NS_fsm       |  50|         11|    1|         11|
    |i_2_reg_174     |   9|          2|    2|          4|
    |i_3_reg_185     |   9|          2|    5|         10|
    |i_i_reg_196     |   9|          2|    4|          8|
    |i_reg_163       |   9|          2|    5|         10|
    |invdar_reg_152  |   9|          2|    8|         16|
    |r_i_reg_208     |   9|          2|   64|        128|
    |s_address0      |  21|          4|    5|         20|
    |s_d0            |  15|          3|   64|        192|
    |t_address0      |  27|          5|    8|         40|
    |t_address1      |  15|          3|    8|         24|
    |t_d0            |  21|          4|    8|         32|
    +----------------+----+-----------+-----+-----------+
    |Total           | 203|         42|  182|        495|
    +----------------+----+-----------+-----+-----------+

    * Register: 
    +-------------------+----+----+-----+-----------+
    |        Name       | FF | LUT| Bits| Const Bits|
    +-------------------+----+----+-----+-----------+
    |ap_CS_fsm          |  10|   0|   10|          0|
    |i_2_cast3_reg_383  |   2|   0|   64|         62|
    |i_2_reg_174        |   2|   0|    2|          0|
    |i_3_cast2_reg_407  |   5|   0|   64|         59|
    |i_3_reg_185        |   5|   0|    5|          0|
    |i_5_reg_415        |   5|   0|    5|          0|
    |i_6_reg_428        |   4|   0|    4|          0|
    |i_i_reg_196        |   4|   0|    4|          0|
    |i_reg_163          |   5|   0|    5|          0|
    |invdar_reg_152     |   8|   0|    8|          0|
    |r_i_reg_208        |  64|   0|   64|          0|
    |s_addr_1_reg_438   |   5|   0|    5|          0|
    |tmp_3_reg_391      |   2|   0|    2|          0|
    |tmp_5_reg_420      |   5|   0|    8|          3|
    +-------------------+----+----+-----+-----------+
    |Total              | 126|   0|  250|        124|
    +-------------------+----+----+-----+-----------+



================================================================
== Interface
================================================================
* Summary: 
+------------+-----+-----+------------+---------------+--------------+
|  RTL Ports | Dir | Bits|  Protocol  | Source Object |    C Type    |
+------------+-----+-----+------------+---------------+--------------+
|ap_clk      |  in |    1| ap_ctrl_hs | keccak_absorb | return value |
|ap_rst      |  in |    1| ap_ctrl_hs | keccak_absorb | return value |
|ap_start    |  in |    1| ap_ctrl_hs | keccak_absorb | return value |
|ap_done     | out |    1| ap_ctrl_hs | keccak_absorb | return value |
|ap_idle     | out |    1| ap_ctrl_hs | keccak_absorb | return value |
|ap_ready    | out |    1| ap_ctrl_hs | keccak_absorb | return value |
|s_address0  | out |    5|  ap_memory |       s       |     array    |
|s_ce0       | out |    1|  ap_memory |       s       |     array    |
|s_we0       | out |    1|  ap_memory |       s       |     array    |
|s_d0        | out |   64|  ap_memory |       s       |     array    |
|s_q0        |  in |   64|  ap_memory |       s       |     array    |
|m_address0  | out |    2|  ap_memory |       m       |     array    |
|m_ce0       | out |    1|  ap_memory |       m       |     array    |
|m_q0        |  in |    8|  ap_memory |       m       |     array    |
+------------+-----+-----+------------+---------------+--------------+

