
*** Running vivado
    with args -log bd_0_hls_inst_0.vds -m64 -product Vivado -mode batch -messageDb vivado.pb -notrace -source bd_0_hls_inst_0.tcl


****** Vivado v2018.3 (64-bit)
  **** SW Build 2405991 on Thu Dec  6 23:36:41 MST 2018
  **** IP Build 2404404 on Fri Dec  7 01:43:56 MST 2018
    ** Copyright 1986-2018 Xilinx, Inc. All Rights Reserved.

source bd_0_hls_inst_0.tcl -notrace
INFO: [IP_Flow 19-234] Refreshing IP repositories
INFO: [IP_Flow 19-1700] Loaded user IP repository '/home/ds6365/SHA/solution6/impl/ip'.
INFO: [IP_Flow 19-2313] Loaded Vivado IP repository '/opt/Xilinx2018/Vivado/2018.3/data/ip'.
Command: synth_design -top bd_0_hls_inst_0 -part xc7a75tlftg256-2L -directive sdx_optimization_effort_high -mode out_of_context
Starting synth_design
Attempting to get a license for feature 'Synthesis' and/or device 'xc7a75tl'
INFO: [Common 17-349] Got license for feature 'Synthesis' and/or device 'xc7a75tl'
INFO: Launching helper process for spawning children vivado processes
INFO: Helper process launched with PID 40727 
---------------------------------------------------------------------------------
Starting RTL Elaboration : Time (s): cpu = 00:00:04 ; elapsed = 00:00:06 . Memory (MB): peak = 1548.113 ; gain = 88.914 ; free physical = 88059 ; free virtual = 587369
---------------------------------------------------------------------------------
INFO: [Synth 8-638] synthesizing module 'bd_0_hls_inst_0' [/home/ds6365/SHA/solution6/impl/vhdl/project.srcs/sources_1/bd/bd_0/ip/bd_0_hls_inst_0/synth/bd_0_hls_inst_0.vhd:75]
INFO: [Synth 8-3491] module 'pqcrystals_fips202_ref_sha3_256' declared at '/home/ds6365/SHA/solution6/impl/vhdl/project.srcs/sources_1/bd/bd_0/ipshared/2a5a/hdl/vhdl/pqcrystals_fips202_ref_sha3_256.vhd:12' bound to instance 'U0' of component 'pqcrystals_fips202_ref_sha3_256' [/home/ds6365/SHA/solution6/impl/vhdl/project.srcs/sources_1/bd/bd_0/ip/bd_0_hls_inst_0/synth/bd_0_hls_inst_0.vhd:131]
INFO: [Synth 8-638] synthesizing module 'pqcrystals_fips202_ref_sha3_256' [/home/ds6365/SHA/solution6/impl/vhdl/project.srcs/sources_1/bd/bd_0/ipshared/2a5a/hdl/vhdl/pqcrystals_fips202_ref_sha3_256.vhd:31]
INFO: [Synth 8-5534] Detected attribute (* fsm_encoding = "none" *) [/home/ds6365/SHA/solution6/impl/vhdl/project.srcs/sources_1/bd/bd_0/ipshared/2a5a/hdl/vhdl/pqcrystals_fips202_ref_sha3_256.vhd:69]
INFO: [Synth 8-5534] Detected attribute (* fsm_encoding = "none" *) [/home/ds6365/SHA/solution6/impl/vhdl/project.srcs/sources_1/bd/bd_0/ipshared/2a5a/hdl/vhdl/pqcrystals_fips202_ref_sha3_256.vhd:72]
INFO: [Synth 8-5534] Detected attribute (* fsm_encoding = "none" *) [/home/ds6365/SHA/solution6/impl/vhdl/project.srcs/sources_1/bd/bd_0/ipshared/2a5a/hdl/vhdl/pqcrystals_fips202_ref_sha3_256.vhd:76]
INFO: [Synth 8-5534] Detected attribute (* fsm_encoding = "none" *) [/home/ds6365/SHA/solution6/impl/vhdl/project.srcs/sources_1/bd/bd_0/ipshared/2a5a/hdl/vhdl/pqcrystals_fips202_ref_sha3_256.vhd:81]
INFO: [Synth 8-5534] Detected attribute (* fsm_encoding = "none" *) [/home/ds6365/SHA/solution6/impl/vhdl/project.srcs/sources_1/bd/bd_0/ipshared/2a5a/hdl/vhdl/pqcrystals_fips202_ref_sha3_256.vhd:86]
INFO: [Synth 8-5534] Detected attribute (* fsm_encoding = "none" *) [/home/ds6365/SHA/solution6/impl/vhdl/project.srcs/sources_1/bd/bd_0/ipshared/2a5a/hdl/vhdl/pqcrystals_fips202_ref_sha3_256.vhd:90]
INFO: [Synth 8-5534] Detected attribute (* fsm_encoding = "none" *) [/home/ds6365/SHA/solution6/impl/vhdl/project.srcs/sources_1/bd/bd_0/ipshared/2a5a/hdl/vhdl/pqcrystals_fips202_ref_sha3_256.vhd:130]
INFO: [Synth 8-5534] Detected attribute (* fsm_encoding = "none" *) [/home/ds6365/SHA/solution6/impl/vhdl/project.srcs/sources_1/bd/bd_0/ipshared/2a5a/hdl/vhdl/pqcrystals_fips202_ref_sha3_256.vhd:135]
INFO: [Synth 8-5534] Detected attribute (* fsm_encoding = "none" *) [/home/ds6365/SHA/solution6/impl/vhdl/project.srcs/sources_1/bd/bd_0/ipshared/2a5a/hdl/vhdl/pqcrystals_fips202_ref_sha3_256.vhd:138]
INFO: [Synth 8-5534] Detected attribute (* fsm_encoding = "none" *) [/home/ds6365/SHA/solution6/impl/vhdl/project.srcs/sources_1/bd/bd_0/ipshared/2a5a/hdl/vhdl/pqcrystals_fips202_ref_sha3_256.vhd:141]
	Parameter DataWidth bound to: 64 - type: integer 
	Parameter AddressRange bound to: 25 - type: integer 
	Parameter AddressWidth bound to: 5 - type: integer 
INFO: [Synth 8-3491] module 'pqcrystals_fips202_ref_sha3_256_s' declared at '/home/ds6365/SHA/solution6/impl/vhdl/project.srcs/sources_1/bd/bd_0/ipshared/2a5a/hdl/vhdl/pqcrystals_fips202_ref_sha3_256_s.vhd:105' bound to instance 's_U' of component 'pqcrystals_fips202_ref_sha3_256_s' [/home/ds6365/SHA/solution6/impl/vhdl/project.srcs/sources_1/bd/bd_0/ipshared/2a5a/hdl/vhdl/pqcrystals_fips202_ref_sha3_256.vhd:232]
INFO: [Synth 8-638] synthesizing module 'pqcrystals_fips202_ref_sha3_256_s' [/home/ds6365/SHA/solution6/impl/vhdl/project.srcs/sources_1/bd/bd_0/ipshared/2a5a/hdl/vhdl/pqcrystals_fips202_ref_sha3_256_s.vhd:125]
	Parameter DataWidth bound to: 64 - type: integer 
	Parameter AddressRange bound to: 25 - type: integer 
	Parameter AddressWidth bound to: 5 - type: integer 
INFO: [Synth 8-3491] module 'pqcrystals_fips202_ref_sha3_256_s_ram' declared at '/home/ds6365/SHA/solution6/impl/vhdl/project.srcs/sources_1/bd/bd_0/ipshared/2a5a/hdl/vhdl/pqcrystals_fips202_ref_sha3_256_s.vhd:13' bound to instance 'pqcrystals_fips202_ref_sha3_256_s_ram_U' of component 'pqcrystals_fips202_ref_sha3_256_s_ram' [/home/ds6365/SHA/solution6/impl/vhdl/project.srcs/sources_1/bd/bd_0/ipshared/2a5a/hdl/vhdl/pqcrystals_fips202_ref_sha3_256_s.vhd:144]
INFO: [Synth 8-638] synthesizing module 'pqcrystals_fips202_ref_sha3_256_s_ram' [/home/ds6365/SHA/solution6/impl/vhdl/project.srcs/sources_1/bd/bd_0/ipshared/2a5a/hdl/vhdl/pqcrystals_fips202_ref_sha3_256_s.vhd:36]
	Parameter MEM_TYPE bound to: block - type: string 
	Parameter DWIDTH bound to: 64 - type: integer 
	Parameter AWIDTH bound to: 5 - type: integer 
	Parameter MEM_SIZE bound to: 25 - type: integer 
INFO: [Synth 8-256] done synthesizing module 'pqcrystals_fips202_ref_sha3_256_s_ram' (1#1) [/home/ds6365/SHA/solution6/impl/vhdl/project.srcs/sources_1/bd/bd_0/ipshared/2a5a/hdl/vhdl/pqcrystals_fips202_ref_sha3_256_s.vhd:36]
INFO: [Synth 8-256] done synthesizing module 'pqcrystals_fips202_ref_sha3_256_s' (2#1) [/home/ds6365/SHA/solution6/impl/vhdl/project.srcs/sources_1/bd/bd_0/ipshared/2a5a/hdl/vhdl/pqcrystals_fips202_ref_sha3_256_s.vhd:125]
	Parameter DataWidth bound to: 8 - type: integer 
	Parameter AddressRange bound to: 136 - type: integer 
	Parameter AddressWidth bound to: 8 - type: integer 
INFO: [Synth 8-3491] module 'pqcrystals_fips202_ref_sha3_256_out_assign' declared at '/home/ds6365/SHA/solution6/impl/vhdl/project.srcs/sources_1/bd/bd_0/ipshared/2a5a/hdl/vhdl/pqcrystals_fips202_ref_sha3_256_out_assign.vhd:75' bound to instance 'out_assign_U' of component 'pqcrystals_fips202_ref_sha3_256_out_assign' [/home/ds6365/SHA/solution6/impl/vhdl/project.srcs/sources_1/bd/bd_0/ipshared/2a5a/hdl/vhdl/pqcrystals_fips202_ref_sha3_256.vhd:251]
INFO: [Synth 8-638] synthesizing module 'pqcrystals_fips202_ref_sha3_256_out_assign' [/home/ds6365/SHA/solution6/impl/vhdl/project.srcs/sources_1/bd/bd_0/ipshared/2a5a/hdl/vhdl/pqcrystals_fips202_ref_sha3_256_out_assign.vhd:90]
	Parameter DataWidth bound to: 8 - type: integer 
	Parameter AddressRange bound to: 136 - type: integer 
	Parameter AddressWidth bound to: 8 - type: integer 
INFO: [Synth 8-3491] module 'pqcrystals_fips202_ref_sha3_256_out_assign_ram' declared at '/home/ds6365/SHA/solution6/impl/vhdl/project.srcs/sources_1/bd/bd_0/ipshared/2a5a/hdl/vhdl/pqcrystals_fips202_ref_sha3_256_out_assign.vhd:13' bound to instance 'pqcrystals_fips202_ref_sha3_256_out_assign_ram_U' of component 'pqcrystals_fips202_ref_sha3_256_out_assign_ram' [/home/ds6365/SHA/solution6/impl/vhdl/project.srcs/sources_1/bd/bd_0/ipshared/2a5a/hdl/vhdl/pqcrystals_fips202_ref_sha3_256_out_assign.vhd:104]
INFO: [Synth 8-638] synthesizing module 'pqcrystals_fips202_ref_sha3_256_out_assign_ram' [/home/ds6365/SHA/solution6/impl/vhdl/project.srcs/sources_1/bd/bd_0/ipshared/2a5a/hdl/vhdl/pqcrystals_fips202_ref_sha3_256_out_assign.vhd:31]
	Parameter MEM_TYPE bound to: block - type: string 
	Parameter DWIDTH bound to: 8 - type: integer 
	Parameter AWIDTH bound to: 8 - type: integer 
	Parameter MEM_SIZE bound to: 136 - type: integer 
INFO: [Synth 8-256] done synthesizing module 'pqcrystals_fips202_ref_sha3_256_out_assign_ram' (3#1) [/home/ds6365/SHA/solution6/impl/vhdl/project.srcs/sources_1/bd/bd_0/ipshared/2a5a/hdl/vhdl/pqcrystals_fips202_ref_sha3_256_out_assign.vhd:31]
INFO: [Synth 8-256] done synthesizing module 'pqcrystals_fips202_ref_sha3_256_out_assign' (4#1) [/home/ds6365/SHA/solution6/impl/vhdl/project.srcs/sources_1/bd/bd_0/ipshared/2a5a/hdl/vhdl/pqcrystals_fips202_ref_sha3_256_out_assign.vhd:90]
INFO: [Synth 8-3491] module 'KeccakF1600_StatePer' declared at '/home/ds6365/SHA/solution6/impl/vhdl/project.srcs/sources_1/bd/bd_0/ipshared/2a5a/hdl/vhdl/KeccakF1600_StatePer.vhd:12' bound to instance 'grp_KeccakF1600_StatePer_fu_155' of component 'KeccakF1600_StatePer' [/home/ds6365/SHA/solution6/impl/vhdl/project.srcs/sources_1/bd/bd_0/ipshared/2a5a/hdl/vhdl/pqcrystals_fips202_ref_sha3_256.vhd:265]
INFO: [Synth 8-638] synthesizing module 'KeccakF1600_StatePer' [/home/ds6365/SHA/solution6/impl/vhdl/project.srcs/sources_1/bd/bd_0/ipshared/2a5a/hdl/vhdl/KeccakF1600_StatePer.vhd:33]
INFO: [Synth 8-5534] Detected attribute (* fsm_encoding = "none" *) [/home/ds6365/SHA/solution6/impl/vhdl/project.srcs/sources_1/bd/bd_0/ipshared/2a5a/hdl/vhdl/KeccakF1600_StatePer.vhd:141]
INFO: [Synth 8-5534] Detected attribute (* fsm_encoding = "none" *) [/home/ds6365/SHA/solution6/impl/vhdl/project.srcs/sources_1/bd/bd_0/ipshared/2a5a/hdl/vhdl/KeccakF1600_StatePer.vhd:144]
INFO: [Synth 8-5534] Detected attribute (* fsm_encoding = "none" *) [/home/ds6365/SHA/solution6/impl/vhdl/project.srcs/sources_1/bd/bd_0/ipshared/2a5a/hdl/vhdl/KeccakF1600_StatePer.vhd:150]
INFO: [Synth 8-5534] Detected attribute (* fsm_encoding = "none" *) [/home/ds6365/SHA/solution6/impl/vhdl/project.srcs/sources_1/bd/bd_0/ipshared/2a5a/hdl/vhdl/KeccakF1600_StatePer.vhd:155]
INFO: [Synth 8-5534] Detected attribute (* fsm_encoding = "none" *) [/home/ds6365/SHA/solution6/impl/vhdl/project.srcs/sources_1/bd/bd_0/ipshared/2a5a/hdl/vhdl/KeccakF1600_StatePer.vhd:159]
INFO: [Synth 8-5534] Detected attribute (* fsm_encoding = "none" *) [/home/ds6365/SHA/solution6/impl/vhdl/project.srcs/sources_1/bd/bd_0/ipshared/2a5a/hdl/vhdl/KeccakF1600_StatePer.vhd:163]
INFO: [Synth 8-5534] Detected attribute (* fsm_encoding = "none" *) [/home/ds6365/SHA/solution6/impl/vhdl/project.srcs/sources_1/bd/bd_0/ipshared/2a5a/hdl/vhdl/KeccakF1600_StatePer.vhd:167]
INFO: [Synth 8-5534] Detected attribute (* fsm_encoding = "none" *) [/home/ds6365/SHA/solution6/impl/vhdl/project.srcs/sources_1/bd/bd_0/ipshared/2a5a/hdl/vhdl/KeccakF1600_StatePer.vhd:171]
INFO: [Synth 8-5534] Detected attribute (* fsm_encoding = "none" *) [/home/ds6365/SHA/solution6/impl/vhdl/project.srcs/sources_1/bd/bd_0/ipshared/2a5a/hdl/vhdl/KeccakF1600_StatePer.vhd:175]
INFO: [Synth 8-5534] Detected attribute (* fsm_encoding = "none" *) [/home/ds6365/SHA/solution6/impl/vhdl/project.srcs/sources_1/bd/bd_0/ipshared/2a5a/hdl/vhdl/KeccakF1600_StatePer.vhd:179]
INFO: [Synth 8-5534] Detected attribute (* fsm_encoding = "none" *) [/home/ds6365/SHA/solution6/impl/vhdl/project.srcs/sources_1/bd/bd_0/ipshared/2a5a/hdl/vhdl/KeccakF1600_StatePer.vhd:183]
INFO: [Synth 8-5534] Detected attribute (* fsm_encoding = "none" *) [/home/ds6365/SHA/solution6/impl/vhdl/project.srcs/sources_1/bd/bd_0/ipshared/2a5a/hdl/vhdl/KeccakF1600_StatePer.vhd:187]
INFO: [Synth 8-5534] Detected attribute (* fsm_encoding = "none" *) [/home/ds6365/SHA/solution6/impl/vhdl/project.srcs/sources_1/bd/bd_0/ipshared/2a5a/hdl/vhdl/KeccakF1600_StatePer.vhd:191]
INFO: [Synth 8-5534] Detected attribute (* fsm_encoding = "none" *) [/home/ds6365/SHA/solution6/impl/vhdl/project.srcs/sources_1/bd/bd_0/ipshared/2a5a/hdl/vhdl/KeccakF1600_StatePer.vhd:195]
INFO: [Synth 8-5534] Detected attribute (* fsm_encoding = "none" *) [/home/ds6365/SHA/solution6/impl/vhdl/project.srcs/sources_1/bd/bd_0/ipshared/2a5a/hdl/vhdl/KeccakF1600_StatePer.vhd:198]
INFO: [Synth 8-5534] Detected attribute (* fsm_encoding = "none" *) [/home/ds6365/SHA/solution6/impl/vhdl/project.srcs/sources_1/bd/bd_0/ipshared/2a5a/hdl/vhdl/KeccakF1600_StatePer.vhd:200]
INFO: [Synth 8-5534] Detected attribute (* fsm_encoding = "none" *) [/home/ds6365/SHA/solution6/impl/vhdl/project.srcs/sources_1/bd/bd_0/ipshared/2a5a/hdl/vhdl/KeccakF1600_StatePer.vhd:205]
INFO: [Synth 8-5534] Detected attribute (* fsm_encoding = "none" *) [/home/ds6365/SHA/solution6/impl/vhdl/project.srcs/sources_1/bd/bd_0/ipshared/2a5a/hdl/vhdl/KeccakF1600_StatePer.vhd:219]
INFO: [Synth 8-5534] Detected attribute (* fsm_encoding = "none" *) [/home/ds6365/SHA/solution6/impl/vhdl/project.srcs/sources_1/bd/bd_0/ipshared/2a5a/hdl/vhdl/KeccakF1600_StatePer.vhd:273]
INFO: [Synth 8-5534] Detected attribute (* fsm_encoding = "none" *) [/home/ds6365/SHA/solution6/impl/vhdl/project.srcs/sources_1/bd/bd_0/ipshared/2a5a/hdl/vhdl/KeccakF1600_StatePer.vhd:275]
INFO: [Synth 8-5534] Detected attribute (* fsm_encoding = "none" *) [/home/ds6365/SHA/solution6/impl/vhdl/project.srcs/sources_1/bd/bd_0/ipshared/2a5a/hdl/vhdl/KeccakF1600_StatePer.vhd:277]
INFO: [Synth 8-5534] Detected attribute (* fsm_encoding = "none" *) [/home/ds6365/SHA/solution6/impl/vhdl/project.srcs/sources_1/bd/bd_0/ipshared/2a5a/hdl/vhdl/KeccakF1600_StatePer.vhd:279]
INFO: [Synth 8-5534] Detected attribute (* fsm_encoding = "none" *) [/home/ds6365/SHA/solution6/impl/vhdl/project.srcs/sources_1/bd/bd_0/ipshared/2a5a/hdl/vhdl/KeccakF1600_StatePer.vhd:281]
INFO: [Synth 8-5534] Detected attribute (* fsm_encoding = "none" *) [/home/ds6365/SHA/solution6/impl/vhdl/project.srcs/sources_1/bd/bd_0/ipshared/2a5a/hdl/vhdl/KeccakF1600_StatePer.vhd:283]
INFO: [Synth 8-5534] Detected attribute (* fsm_encoding = "none" *) [/home/ds6365/SHA/solution6/impl/vhdl/project.srcs/sources_1/bd/bd_0/ipshared/2a5a/hdl/vhdl/KeccakF1600_StatePer.vhd:285]
INFO: [Synth 8-5534] Detected attribute (* fsm_encoding = "none" *) [/home/ds6365/SHA/solution6/impl/vhdl/project.srcs/sources_1/bd/bd_0/ipshared/2a5a/hdl/vhdl/KeccakF1600_StatePer.vhd:287]
INFO: [Synth 8-5534] Detected attribute (* fsm_encoding = "none" *) [/home/ds6365/SHA/solution6/impl/vhdl/project.srcs/sources_1/bd/bd_0/ipshared/2a5a/hdl/vhdl/KeccakF1600_StatePer.vhd:289]
INFO: [Synth 8-5534] Detected attribute (* fsm_encoding = "none" *) [/home/ds6365/SHA/solution6/impl/vhdl/project.srcs/sources_1/bd/bd_0/ipshared/2a5a/hdl/vhdl/KeccakF1600_StatePer.vhd:291]
INFO: [Synth 8-5534] Detected attribute (* fsm_encoding = "none" *) [/home/ds6365/SHA/solution6/impl/vhdl/project.srcs/sources_1/bd/bd_0/ipshared/2a5a/hdl/vhdl/KeccakF1600_StatePer.vhd:293]
INFO: [Synth 8-5534] Detected attribute (* fsm_encoding = "none" *) [/home/ds6365/SHA/solution6/impl/vhdl/project.srcs/sources_1/bd/bd_0/ipshared/2a5a/hdl/vhdl/KeccakF1600_StatePer.vhd:295]
	Parameter DataWidth bound to: 64 - type: integer 
	Parameter AddressRange bound to: 24 - type: integer 
	Parameter AddressWidth bound to: 5 - type: integer 
INFO: [Synth 8-3491] module 'KeccakF1600_StatePer_KeccakF_RoundConstan' declared at '/home/ds6365/SHA/solution6/impl/vhdl/project.srcs/sources_1/bd/bd_0/ipshared/2a5a/hdl/vhdl/KeccakF1600_StatePer_KeccakF_RoundConstan.vhd:87' bound to instance 'KeccakF_RoundConstan_U' of component 'KeccakF1600_StatePer_KeccakF_RoundConstan' [/home/ds6365/SHA/solution6/impl/vhdl/project.srcs/sources_1/bd/bd_0/ipshared/2a5a/hdl/vhdl/KeccakF1600_StatePer.vhd:712]
INFO: [Synth 8-638] synthesizing module 'KeccakF1600_StatePer_KeccakF_RoundConstan' [/home/ds6365/SHA/solution6/impl/vhdl/project.srcs/sources_1/bd/bd_0/ipshared/2a5a/hdl/vhdl/KeccakF1600_StatePer_KeccakF_RoundConstan.vhd:100]
	Parameter DataWidth bound to: 64 - type: integer 
	Parameter AddressRange bound to: 24 - type: integer 
	Parameter AddressWidth bound to: 5 - type: integer 
INFO: [Synth 8-3491] module 'KeccakF1600_StatePer_KeccakF_RoundConstan_rom' declared at '/home/ds6365/SHA/solution6/impl/vhdl/project.srcs/sources_1/bd/bd_0/ipshared/2a5a/hdl/vhdl/KeccakF1600_StatePer_KeccakF_RoundConstan.vhd:12' bound to instance 'KeccakF1600_StatePer_KeccakF_RoundConstan_rom_U' of component 'KeccakF1600_StatePer_KeccakF_RoundConstan_rom' [/home/ds6365/SHA/solution6/impl/vhdl/project.srcs/sources_1/bd/bd_0/ipshared/2a5a/hdl/vhdl/KeccakF1600_StatePer_KeccakF_RoundConstan.vhd:112]
INFO: [Synth 8-638] synthesizing module 'KeccakF1600_StatePer_KeccakF_RoundConstan_rom' [/home/ds6365/SHA/solution6/impl/vhdl/project.srcs/sources_1/bd/bd_0/ipshared/2a5a/hdl/vhdl/KeccakF1600_StatePer_KeccakF_RoundConstan.vhd:27]
	Parameter DWIDTH bound to: 64 - type: integer 
	Parameter AWIDTH bound to: 5 - type: integer 
	Parameter MEM_SIZE bound to: 24 - type: integer 
INFO: [Synth 8-256] done synthesizing module 'KeccakF1600_StatePer_KeccakF_RoundConstan_rom' (5#1) [/home/ds6365/SHA/solution6/impl/vhdl/project.srcs/sources_1/bd/bd_0/ipshared/2a5a/hdl/vhdl/KeccakF1600_StatePer_KeccakF_RoundConstan.vhd:27]
INFO: [Synth 8-256] done synthesizing module 'KeccakF1600_StatePer_KeccakF_RoundConstan' (6#1) [/home/ds6365/SHA/solution6/impl/vhdl/project.srcs/sources_1/bd/bd_0/ipshared/2a5a/hdl/vhdl/KeccakF1600_StatePer_KeccakF_RoundConstan.vhd:100]
INFO: [Synth 8-256] done synthesizing module 'KeccakF1600_StatePer' (7#1) [/home/ds6365/SHA/solution6/impl/vhdl/project.srcs/sources_1/bd/bd_0/ipshared/2a5a/hdl/vhdl/KeccakF1600_StatePer.vhd:33]
INFO: [Synth 8-3491] module 'keccak_absorb' declared at '/home/ds6365/SHA/solution6/impl/vhdl/project.srcs/sources_1/bd/bd_0/ipshared/2a5a/hdl/vhdl/keccak_absorb.vhd:12' bound to instance 'grp_keccak_absorb_fu_162' of component 'keccak_absorb' [/home/ds6365/SHA/solution6/impl/vhdl/project.srcs/sources_1/bd/bd_0/ipshared/2a5a/hdl/vhdl/pqcrystals_fips202_ref_sha3_256.vhd:284]
INFO: [Synth 8-638] synthesizing module 'keccak_absorb' [/home/ds6365/SHA/solution6/impl/vhdl/project.srcs/sources_1/bd/bd_0/ipshared/2a5a/hdl/vhdl/keccak_absorb.vhd:31]
INFO: [Synth 8-5534] Detected attribute (* fsm_encoding = "none" *) [/home/ds6365/SHA/solution6/impl/vhdl/project.srcs/sources_1/bd/bd_0/ipshared/2a5a/hdl/vhdl/keccak_absorb.vhd:77]
INFO: [Synth 8-5534] Detected attribute (* fsm_encoding = "none" *) [/home/ds6365/SHA/solution6/impl/vhdl/project.srcs/sources_1/bd/bd_0/ipshared/2a5a/hdl/vhdl/keccak_absorb.vhd:80]
INFO: [Synth 8-5534] Detected attribute (* fsm_encoding = "none" *) [/home/ds6365/SHA/solution6/impl/vhdl/project.srcs/sources_1/bd/bd_0/ipshared/2a5a/hdl/vhdl/keccak_absorb.vhd:83]
INFO: [Synth 8-5534] Detected attribute (* fsm_encoding = "none" *) [/home/ds6365/SHA/solution6/impl/vhdl/project.srcs/sources_1/bd/bd_0/ipshared/2a5a/hdl/vhdl/keccak_absorb.vhd:86]
INFO: [Synth 8-5534] Detected attribute (* fsm_encoding = "none" *) [/home/ds6365/SHA/solution6/impl/vhdl/project.srcs/sources_1/bd/bd_0/ipshared/2a5a/hdl/vhdl/keccak_absorb.vhd:90]
INFO: [Synth 8-5534] Detected attribute (* fsm_encoding = "none" *) [/home/ds6365/SHA/solution6/impl/vhdl/project.srcs/sources_1/bd/bd_0/ipshared/2a5a/hdl/vhdl/keccak_absorb.vhd:97]
INFO: [Synth 8-5534] Detected attribute (* fsm_encoding = "none" *) [/home/ds6365/SHA/solution6/impl/vhdl/project.srcs/sources_1/bd/bd_0/ipshared/2a5a/hdl/vhdl/keccak_absorb.vhd:106]
INFO: [Synth 8-5534] Detected attribute (* fsm_encoding = "none" *) [/home/ds6365/SHA/solution6/impl/vhdl/project.srcs/sources_1/bd/bd_0/ipshared/2a5a/hdl/vhdl/keccak_absorb.vhd:111]
INFO: [Synth 8-5534] Detected attribute (* fsm_encoding = "none" *) [/home/ds6365/SHA/solution6/impl/vhdl/project.srcs/sources_1/bd/bd_0/ipshared/2a5a/hdl/vhdl/keccak_absorb.vhd:128]
INFO: [Synth 8-5534] Detected attribute (* fsm_encoding = "none" *) [/home/ds6365/SHA/solution6/impl/vhdl/project.srcs/sources_1/bd/bd_0/ipshared/2a5a/hdl/vhdl/keccak_absorb.vhd:131]
INFO: [Synth 8-5534] Detected attribute (* fsm_encoding = "none" *) [/home/ds6365/SHA/solution6/impl/vhdl/project.srcs/sources_1/bd/bd_0/ipshared/2a5a/hdl/vhdl/keccak_absorb.vhd:133]
	Parameter DataWidth bound to: 8 - type: integer 
	Parameter AddressRange bound to: 200 - type: integer 
	Parameter AddressWidth bound to: 8 - type: integer 
INFO: [Synth 8-3491] module 'keccak_absorb_t' declared at '/home/ds6365/SHA/solution6/impl/vhdl/project.srcs/sources_1/bd/bd_0/ipshared/2a5a/hdl/vhdl/keccak_absorb_t.vhd:105' bound to instance 't_U' of component 'keccak_absorb_t' [/home/ds6365/SHA/solution6/impl/vhdl/project.srcs/sources_1/bd/bd_0/ipshared/2a5a/hdl/vhdl/keccak_absorb.vhd:173]
INFO: [Synth 8-638] synthesizing module 'keccak_absorb_t' [/home/ds6365/SHA/solution6/impl/vhdl/project.srcs/sources_1/bd/bd_0/ipshared/2a5a/hdl/vhdl/keccak_absorb_t.vhd:125]
	Parameter DataWidth bound to: 8 - type: integer 
	Parameter AddressRange bound to: 200 - type: integer 
	Parameter AddressWidth bound to: 8 - type: integer 
INFO: [Synth 8-3491] module 'keccak_absorb_t_ram' declared at '/home/ds6365/SHA/solution6/impl/vhdl/project.srcs/sources_1/bd/bd_0/ipshared/2a5a/hdl/vhdl/keccak_absorb_t.vhd:13' bound to instance 'keccak_absorb_t_ram_U' of component 'keccak_absorb_t_ram' [/home/ds6365/SHA/solution6/impl/vhdl/project.srcs/sources_1/bd/bd_0/ipshared/2a5a/hdl/vhdl/keccak_absorb_t.vhd:144]
INFO: [Synth 8-638] synthesizing module 'keccak_absorb_t_ram' [/home/ds6365/SHA/solution6/impl/vhdl/project.srcs/sources_1/bd/bd_0/ipshared/2a5a/hdl/vhdl/keccak_absorb_t.vhd:36]
	Parameter MEM_TYPE bound to: block - type: string 
	Parameter DWIDTH bound to: 8 - type: integer 
	Parameter AWIDTH bound to: 8 - type: integer 
	Parameter MEM_SIZE bound to: 200 - type: integer 
INFO: [Synth 8-256] done synthesizing module 'keccak_absorb_t_ram' (8#1) [/home/ds6365/SHA/solution6/impl/vhdl/project.srcs/sources_1/bd/bd_0/ipshared/2a5a/hdl/vhdl/keccak_absorb_t.vhd:36]
INFO: [Synth 8-256] done synthesizing module 'keccak_absorb_t' (9#1) [/home/ds6365/SHA/solution6/impl/vhdl/project.srcs/sources_1/bd/bd_0/ipshared/2a5a/hdl/vhdl/keccak_absorb_t.vhd:125]
INFO: [Synth 8-256] done synthesizing module 'keccak_absorb' (10#1) [/home/ds6365/SHA/solution6/impl/vhdl/project.srcs/sources_1/bd/bd_0/ipshared/2a5a/hdl/vhdl/keccak_absorb.vhd:31]
INFO: [Synth 8-256] done synthesizing module 'pqcrystals_fips202_ref_sha3_256' (11#1) [/home/ds6365/SHA/solution6/impl/vhdl/project.srcs/sources_1/bd/bd_0/ipshared/2a5a/hdl/vhdl/pqcrystals_fips202_ref_sha3_256.vhd:31]
INFO: [Synth 8-256] done synthesizing module 'bd_0_hls_inst_0' (12#1) [/home/ds6365/SHA/solution6/impl/vhdl/project.srcs/sources_1/bd/bd_0/ip/bd_0_hls_inst_0/synth/bd_0_hls_inst_0.vhd:75]
WARNING: [Synth 8-3331] design keccak_absorb_t has unconnected port reset
WARNING: [Synth 8-3331] design KeccakF1600_StatePer_KeccakF_RoundConstan has unconnected port reset
WARNING: [Synth 8-3331] design pqcrystals_fips202_ref_sha3_256_out_assign has unconnected port reset
WARNING: [Synth 8-3331] design pqcrystals_fips202_ref_sha3_256_s has unconnected port reset
WARNING: [Synth 8-3331] design pqcrystals_fips202_ref_sha3_256 has unconnected port inlen[63]
WARNING: [Synth 8-3331] design pqcrystals_fips202_ref_sha3_256 has unconnected port inlen[62]
WARNING: [Synth 8-3331] design pqcrystals_fips202_ref_sha3_256 has unconnected port inlen[61]
WARNING: [Synth 8-3331] design pqcrystals_fips202_ref_sha3_256 has unconnected port inlen[60]
WARNING: [Synth 8-3331] design pqcrystals_fips202_ref_sha3_256 has unconnected port inlen[59]
WARNING: [Synth 8-3331] design pqcrystals_fips202_ref_sha3_256 has unconnected port inlen[58]
WARNING: [Synth 8-3331] design pqcrystals_fips202_ref_sha3_256 has unconnected port inlen[57]
WARNING: [Synth 8-3331] design pqcrystals_fips202_ref_sha3_256 has unconnected port inlen[56]
WARNING: [Synth 8-3331] design pqcrystals_fips202_ref_sha3_256 has unconnected port inlen[55]
WARNING: [Synth 8-3331] design pqcrystals_fips202_ref_sha3_256 has unconnected port inlen[54]
WARNING: [Synth 8-3331] design pqcrystals_fips202_ref_sha3_256 has unconnected port inlen[53]
WARNING: [Synth 8-3331] design pqcrystals_fips202_ref_sha3_256 has unconnected port inlen[52]
WARNING: [Synth 8-3331] design pqcrystals_fips202_ref_sha3_256 has unconnected port inlen[51]
WARNING: [Synth 8-3331] design pqcrystals_fips202_ref_sha3_256 has unconnected port inlen[50]
WARNING: [Synth 8-3331] design pqcrystals_fips202_ref_sha3_256 has unconnected port inlen[49]
WARNING: [Synth 8-3331] design pqcrystals_fips202_ref_sha3_256 has unconnected port inlen[48]
WARNING: [Synth 8-3331] design pqcrystals_fips202_ref_sha3_256 has unconnected port inlen[47]
WARNING: [Synth 8-3331] design pqcrystals_fips202_ref_sha3_256 has unconnected port inlen[46]
WARNING: [Synth 8-3331] design pqcrystals_fips202_ref_sha3_256 has unconnected port inlen[45]
WARNING: [Synth 8-3331] design pqcrystals_fips202_ref_sha3_256 has unconnected port inlen[44]
WARNING: [Synth 8-3331] design pqcrystals_fips202_ref_sha3_256 has unconnected port inlen[43]
WARNING: [Synth 8-3331] design pqcrystals_fips202_ref_sha3_256 has unconnected port inlen[42]
WARNING: [Synth 8-3331] design pqcrystals_fips202_ref_sha3_256 has unconnected port inlen[41]
WARNING: [Synth 8-3331] design pqcrystals_fips202_ref_sha3_256 has unconnected port inlen[40]
WARNING: [Synth 8-3331] design pqcrystals_fips202_ref_sha3_256 has unconnected port inlen[39]
WARNING: [Synth 8-3331] design pqcrystals_fips202_ref_sha3_256 has unconnected port inlen[38]
WARNING: [Synth 8-3331] design pqcrystals_fips202_ref_sha3_256 has unconnected port inlen[37]
WARNING: [Synth 8-3331] design pqcrystals_fips202_ref_sha3_256 has unconnected port inlen[36]
WARNING: [Synth 8-3331] design pqcrystals_fips202_ref_sha3_256 has unconnected port inlen[35]
WARNING: [Synth 8-3331] design pqcrystals_fips202_ref_sha3_256 has unconnected port inlen[34]
WARNING: [Synth 8-3331] design pqcrystals_fips202_ref_sha3_256 has unconnected port inlen[33]
WARNING: [Synth 8-3331] design pqcrystals_fips202_ref_sha3_256 has unconnected port inlen[32]
WARNING: [Synth 8-3331] design pqcrystals_fips202_ref_sha3_256 has unconnected port inlen[31]
WARNING: [Synth 8-3331] design pqcrystals_fips202_ref_sha3_256 has unconnected port inlen[30]
WARNING: [Synth 8-3331] design pqcrystals_fips202_ref_sha3_256 has unconnected port inlen[29]
WARNING: [Synth 8-3331] design pqcrystals_fips202_ref_sha3_256 has unconnected port inlen[28]
WARNING: [Synth 8-3331] design pqcrystals_fips202_ref_sha3_256 has unconnected port inlen[27]
WARNING: [Synth 8-3331] design pqcrystals_fips202_ref_sha3_256 has unconnected port inlen[26]
WARNING: [Synth 8-3331] design pqcrystals_fips202_ref_sha3_256 has unconnected port inlen[25]
WARNING: [Synth 8-3331] design pqcrystals_fips202_ref_sha3_256 has unconnected port inlen[24]
WARNING: [Synth 8-3331] design pqcrystals_fips202_ref_sha3_256 has unconnected port inlen[23]
WARNING: [Synth 8-3331] design pqcrystals_fips202_ref_sha3_256 has unconnected port inlen[22]
WARNING: [Synth 8-3331] design pqcrystals_fips202_ref_sha3_256 has unconnected port inlen[21]
WARNING: [Synth 8-3331] design pqcrystals_fips202_ref_sha3_256 has unconnected port inlen[20]
WARNING: [Synth 8-3331] design pqcrystals_fips202_ref_sha3_256 has unconnected port inlen[19]
WARNING: [Synth 8-3331] design pqcrystals_fips202_ref_sha3_256 has unconnected port inlen[18]
WARNING: [Synth 8-3331] design pqcrystals_fips202_ref_sha3_256 has unconnected port inlen[17]
WARNING: [Synth 8-3331] design pqcrystals_fips202_ref_sha3_256 has unconnected port inlen[16]
WARNING: [Synth 8-3331] design pqcrystals_fips202_ref_sha3_256 has unconnected port inlen[15]
WARNING: [Synth 8-3331] design pqcrystals_fips202_ref_sha3_256 has unconnected port inlen[14]
WARNING: [Synth 8-3331] design pqcrystals_fips202_ref_sha3_256 has unconnected port inlen[13]
WARNING: [Synth 8-3331] design pqcrystals_fips202_ref_sha3_256 has unconnected port inlen[12]
WARNING: [Synth 8-3331] design pqcrystals_fips202_ref_sha3_256 has unconnected port inlen[11]
WARNING: [Synth 8-3331] design pqcrystals_fips202_ref_sha3_256 has unconnected port inlen[10]
WARNING: [Synth 8-3331] design pqcrystals_fips202_ref_sha3_256 has unconnected port inlen[9]
WARNING: [Synth 8-3331] design pqcrystals_fips202_ref_sha3_256 has unconnected port inlen[8]
WARNING: [Synth 8-3331] design pqcrystals_fips202_ref_sha3_256 has unconnected port inlen[7]
WARNING: [Synth 8-3331] design pqcrystals_fips202_ref_sha3_256 has unconnected port inlen[6]
WARNING: [Synth 8-3331] design pqcrystals_fips202_ref_sha3_256 has unconnected port inlen[5]
WARNING: [Synth 8-3331] design pqcrystals_fips202_ref_sha3_256 has unconnected port inlen[4]
WARNING: [Synth 8-3331] design pqcrystals_fips202_ref_sha3_256 has unconnected port inlen[3]
WARNING: [Synth 8-3331] design pqcrystals_fips202_ref_sha3_256 has unconnected port inlen[2]
WARNING: [Synth 8-3331] design pqcrystals_fips202_ref_sha3_256 has unconnected port inlen[1]
WARNING: [Synth 8-3331] design pqcrystals_fips202_ref_sha3_256 has unconnected port inlen[0]
---------------------------------------------------------------------------------
Finished RTL Elaboration : Time (s): cpu = 00:00:06 ; elapsed = 00:00:10 . Memory (MB): peak = 1607.871 ; gain = 148.672 ; free physical = 88056 ; free virtual = 587366
---------------------------------------------------------------------------------

Report Check Netlist: 
+------+------------------+-------+---------+-------+------------------+
|      |Item              |Errors |Warnings |Status |Description       |
+------+------------------+-------+---------+-------+------------------+
|1     |multi_driven_nets |      0|        0|Passed |Multi driven nets |
+------+------------------+-------+---------+-------+------------------+
---------------------------------------------------------------------------------
Start Handling Custom Attributes
---------------------------------------------------------------------------------
---------------------------------------------------------------------------------
Finished Handling Custom Attributes : Time (s): cpu = 00:00:07 ; elapsed = 00:00:10 . Memory (MB): peak = 1607.871 ; gain = 148.672 ; free physical = 88059 ; free virtual = 587370
---------------------------------------------------------------------------------
---------------------------------------------------------------------------------
Finished RTL Optimization Phase 1 : Time (s): cpu = 00:00:07 ; elapsed = 00:00:10 . Memory (MB): peak = 1607.871 ; gain = 148.672 ; free physical = 88059 ; free virtual = 587370
---------------------------------------------------------------------------------
INFO: [Device 21-403] Loading part xc7a75tlftg256-2L
INFO: [Project 1-570] Preparing netlist for logic optimization

Processing XDC Constraints
Initializing timing engine
Parsing XDC File [/home/ds6365/SHA/solution6/impl/vhdl/project.srcs/sources_1/bd/bd_0/ip/bd_0_hls_inst_0/constraints/pqcrystals_fips202_ref_sha3_256_ooc.xdc] for cell 'U0'
Finished Parsing XDC File [/home/ds6365/SHA/solution6/impl/vhdl/project.srcs/sources_1/bd/bd_0/ip/bd_0_hls_inst_0/constraints/pqcrystals_fips202_ref_sha3_256_ooc.xdc] for cell 'U0'
Parsing XDC File [/home/ds6365/SHA/solution6/impl/vhdl/project.runs/bd_0_hls_inst_0_synth_1/dont_touch.xdc]
Finished Parsing XDC File [/home/ds6365/SHA/solution6/impl/vhdl/project.runs/bd_0_hls_inst_0_synth_1/dont_touch.xdc]
Completed Processing XDC Constraints

Netlist sorting complete. Time (s): cpu = 00:00:00 ; elapsed = 00:00:00.01 . Memory (MB): peak = 1992.828 ; gain = 0.000 ; free physical = 87773 ; free virtual = 587083
INFO: [Project 1-111] Unisim Transformation Summary:
No Unisim elements were transformed.

Netlist sorting complete. Time (s): cpu = 00:00:00 ; elapsed = 00:00:00.01 . Memory (MB): peak = 1992.832 ; gain = 0.000 ; free physical = 87772 ; free virtual = 587083
Constraint Validation Runtime : Time (s): cpu = 00:00:00.81 ; elapsed = 00:00:00.22 . Memory (MB): peak = 1992.832 ; gain = 0.004 ; free physical = 87772 ; free virtual = 587083
---------------------------------------------------------------------------------
Finished Constraint Validation : Time (s): cpu = 00:00:22 ; elapsed = 00:00:30 . Memory (MB): peak = 1992.832 ; gain = 533.633 ; free physical = 87859 ; free virtual = 587169
---------------------------------------------------------------------------------
---------------------------------------------------------------------------------
Start Loading Part and Timing Information
---------------------------------------------------------------------------------
Loading part: xc7a75tlftg256-2L
---------------------------------------------------------------------------------
Finished Loading Part and Timing Information : Time (s): cpu = 00:00:22 ; elapsed = 00:00:30 . Memory (MB): peak = 1992.832 ; gain = 533.633 ; free physical = 87859 ; free virtual = 587169
---------------------------------------------------------------------------------
---------------------------------------------------------------------------------
Start Applying 'set_property' XDC Constraints
---------------------------------------------------------------------------------
Applied set_property DONT_TOUCH = true for U0. (constraint file  /home/ds6365/SHA/solution6/impl/vhdl/project.runs/bd_0_hls_inst_0_synth_1/dont_touch.xdc, line 9).
---------------------------------------------------------------------------------
Finished applying 'set_property' XDC Constraints : Time (s): cpu = 00:00:22 ; elapsed = 00:00:30 . Memory (MB): peak = 1992.832 ; gain = 533.633 ; free physical = 87860 ; free virtual = 587171
---------------------------------------------------------------------------------
INFO: [Synth 8-5546] ROM "mem" won't be mapped to RAM because it is too sparse
INFO: [Synth 8-4490] FSM extraction disabled for register 'ap_CS_fsm_reg' through user attribute
INFO: [Synth 8-4490] FSM extraction disabled for register 'ap_CS_fsm_reg' through user attribute
INFO: [Synth 8-5544] ROM "ap_NS_fsm" won't be mapped to Block RAM because address size (1) smaller than threshold (5)
INFO: [Synth 8-5544] ROM "ap_NS_fsm" won't be mapped to Block RAM because address size (1) smaller than threshold (5)
INFO: [Synth 8-4490] FSM extraction disabled for register 'ap_CS_fsm_reg' through user attribute
INFO: [Synth 8-4490] FSM extraction disabled for register 'ap_CS_fsm_reg' through user attribute
INFO: [Synth 8-5546] ROM "tmp_4_fu_288_p2" won't be mapped to RAM because it is too sparse
INFO: [Synth 8-5546] ROM "tmp_7_fu_248_p2" won't be mapped to RAM because it is too sparse
INFO: [Synth 8-5546] ROM "tmp_s_fu_237_p2" won't be mapped to RAM because it is too sparse
INFO: [Synth 8-5544] ROM "tmp_1_fu_265_p2" won't be mapped to Block RAM because address size (2) smaller than threshold (5)
INFO: [Synth 8-5544] ROM "exitcond_i_fu_308_p2" won't be mapped to Block RAM because address size (4) smaller than threshold (5)
INFO: [Synth 8-4490] FSM extraction disabled for register 'ap_CS_fsm_reg' through user attribute
INFO: [Synth 8-5546] ROM "exitcond_fu_247_p2" won't be mapped to RAM because it is too sparse
INFO: [Synth 8-5544] ROM "exitcond_i_i_fu_195_p2" won't be mapped to Block RAM because address size (4) smaller than threshold (5)
INFO: [Synth 8-5546] ROM "tmp_i_5_fu_170_p2" won't be mapped to RAM because it is too sparse
INFO: [Synth 8-3971] The signal ram_reg was recognized as a true dual port RAM template.
INFO: [Synth 8-3971] The signal ram_reg was recognized as a true dual port RAM template.
---------------------------------------------------------------------------------
Finished RTL Optimization Phase 2 : Time (s): cpu = 00:00:25 ; elapsed = 00:00:32 . Memory (MB): peak = 1992.832 ; gain = 533.633 ; free physical = 87849 ; free virtual = 587161
---------------------------------------------------------------------------------

Report RTL Partitions: 
+-+--------------+------------+----------+
| |RTL Partition |Replication |Instances |
+-+--------------+------------+----------+
+-+--------------+------------+----------+
---------------------------------------------------------------------------------
Start RTL Component Statistics 
---------------------------------------------------------------------------------
Detailed RTL Component Info : 
+---Adders : 
	   2 Input      8 Bit       Adders := 3     
	   2 Input      6 Bit       Adders := 1     
	   2 Input      5 Bit       Adders := 4     
	   2 Input      4 Bit       Adders := 2     
	   2 Input      2 Bit       Adders := 1     
+---XORs : 
	   2 Input     64 Bit         XORs := 159   
	   5 Input     64 Bit         XORs := 10    
	   3 Input     64 Bit         XORs := 2     
+---Registers : 
	               64 Bit    Registers := 62    
	               29 Bit    Registers := 1     
	               10 Bit    Registers := 1     
	                9 Bit    Registers := 1     
	                8 Bit    Registers := 6     
	                6 Bit    Registers := 2     
	                5 Bit    Registers := 8     
	                4 Bit    Registers := 3     
	                2 Bit    Registers := 2     
	                1 Bit    Registers := 2     
+---RAMs : 
	               1K Bit         RAMs := 3     
+---Muxes : 
	  25 Input     64 Bit        Muxes := 1     
	   2 Input     64 Bit        Muxes := 27    
	  30 Input     29 Bit        Muxes := 1     
	   2 Input     18 Bit        Muxes := 1     
	   2 Input     10 Bit        Muxes := 1     
	   2 Input      9 Bit        Muxes := 1     
	   2 Input      8 Bit        Muxes := 9     
	   2 Input      7 Bit        Muxes := 1     
	   2 Input      6 Bit        Muxes := 1     
	  25 Input      5 Bit        Muxes := 2     
	   2 Input      5 Bit        Muxes := 5     
	   2 Input      4 Bit        Muxes := 1     
	   2 Input      3 Bit        Muxes := 2     
	   2 Input      2 Bit        Muxes := 3     
	   2 Input      1 Bit        Muxes := 14    
---------------------------------------------------------------------------------
Finished RTL Component Statistics 
---------------------------------------------------------------------------------
---------------------------------------------------------------------------------
Start RTL Hierarchical Component Statistics 
---------------------------------------------------------------------------------
Hierarchical RTL Component report 
Module pqcrystals_fips202_ref_sha3_256_s_ram 
Detailed RTL Component Info : 
+---Registers : 
	               64 Bit    Registers := 2     
+---RAMs : 
	               1K Bit         RAMs := 1     
Module pqcrystals_fips202_ref_sha3_256_out_assign_ram 
Detailed RTL Component Info : 
+---Registers : 
	                8 Bit    Registers := 1     
+---RAMs : 
	               1K Bit         RAMs := 1     
Module KeccakF1600_StatePer_KeccakF_RoundConstan_rom 
Detailed RTL Component Info : 
+---Registers : 
	               64 Bit    Registers := 1     
+---Muxes : 
	  25 Input     64 Bit        Muxes := 1     
Module KeccakF1600_StatePer 
Detailed RTL Component Info : 
+---Adders : 
	   2 Input      5 Bit       Adders := 1     
+---XORs : 
	   2 Input     64 Bit         XORs := 158   
	   5 Input     64 Bit         XORs := 10    
	   3 Input     64 Bit         XORs := 2     
+---Registers : 
	               64 Bit    Registers := 54    
	               29 Bit    Registers := 1     
	                5 Bit    Registers := 2     
+---Muxes : 
	   2 Input     64 Bit        Muxes := 25    
	  30 Input     29 Bit        Muxes := 1     
	   2 Input     18 Bit        Muxes := 1     
	  25 Input      5 Bit        Muxes := 2     
	   2 Input      2 Bit        Muxes := 1     
	   2 Input      1 Bit        Muxes := 1     
Module keccak_absorb_t_ram 
Detailed RTL Component Info : 
+---Registers : 
	                8 Bit    Registers := 2     
+---RAMs : 
	               1K Bit         RAMs := 1     
Module keccak_absorb 
Detailed RTL Component Info : 
+---Adders : 
	   2 Input      8 Bit       Adders := 2     
	   2 Input      5 Bit       Adders := 2     
	   2 Input      4 Bit       Adders := 1     
	   2 Input      2 Bit       Adders := 1     
+---XORs : 
	   2 Input     64 Bit         XORs := 1     
+---Registers : 
	               64 Bit    Registers := 3     
	               10 Bit    Registers := 1     
	                8 Bit    Registers := 2     
	                5 Bit    Registers := 4     
	                4 Bit    Registers := 2     
	                2 Bit    Registers := 2     
+---Muxes : 
	   2 Input     64 Bit        Muxes := 1     
	   2 Input     10 Bit        Muxes := 1     
	   2 Input      8 Bit        Muxes := 7     
	   2 Input      6 Bit        Muxes := 1     
	   2 Input      5 Bit        Muxes := 2     
	   2 Input      4 Bit        Muxes := 1     
	   2 Input      3 Bit        Muxes := 1     
	   2 Input      2 Bit        Muxes := 1     
	   2 Input      1 Bit        Muxes := 5     
Module pqcrystals_fips202_ref_sha3_256 
Detailed RTL Component Info : 
+---Adders : 
	   2 Input      8 Bit       Adders := 1     
	   2 Input      6 Bit       Adders := 1     
	   2 Input      5 Bit       Adders := 1     
	   2 Input      4 Bit       Adders := 1     
+---Registers : 
	               64 Bit    Registers := 2     
	                9 Bit    Registers := 1     
	                8 Bit    Registers := 1     
	                6 Bit    Registers := 2     
	                5 Bit    Registers := 2     
	                4 Bit    Registers := 1     
	                1 Bit    Registers := 2     
+---Muxes : 
	   2 Input     64 Bit        Muxes := 1     
	   2 Input      9 Bit        Muxes := 1     
	   2 Input      8 Bit        Muxes := 2     
	   2 Input      7 Bit        Muxes := 1     
	   2 Input      5 Bit        Muxes := 3     
	   2 Input      3 Bit        Muxes := 1     
	   2 Input      2 Bit        Muxes := 1     
	   2 Input      1 Bit        Muxes := 8     
---------------------------------------------------------------------------------
Finished RTL Hierarchical Component Statistics
---------------------------------------------------------------------------------
---------------------------------------------------------------------------------
Start Part Resource Summary
---------------------------------------------------------------------------------
Part Resources:
DSPs: 180 (col length:80)
BRAMs: 210 (col length: RAMB18 80 RAMB36 40)
---------------------------------------------------------------------------------
Finished Part Resource Summary
---------------------------------------------------------------------------------
---------------------------------------------------------------------------------
Start Cross Boundary and Area Optimization
---------------------------------------------------------------------------------
Warning: Parallel synthesis criteria is not met 
INFO: [Synth 8-5544] ROM "grp_keccak_absorb_fu_162/tmp_1_fu_265_p2" won't be mapped to Block RAM because address size (2) smaller than threshold (5)
INFO: [Synth 8-5546] ROM "grp_keccak_absorb_fu_162/tmp_4_fu_288_p2" won't be mapped to RAM because it is too sparse
INFO: [Synth 8-5544] ROM "grp_keccak_absorb_fu_162/exitcond_i_fu_308_p2" won't be mapped to Block RAM because address size (4) smaller than threshold (5)
INFO: [Synth 8-5546] ROM "tmp_i_5_fu_170_p2" won't be mapped to RAM because it is too sparse
INFO: [Synth 8-5546] ROM "exitcond_fu_247_p2" won't be mapped to RAM because it is too sparse
INFO: [Synth 8-5546] ROM "grp_keccak_absorb_fu_162/tmp_s_fu_237_p2" won't be mapped to RAM because it is too sparse
WARNING: [Synth 8-3331] design KeccakF1600_StatePer_KeccakF_RoundConstan has unconnected port reset
WARNING: [Synth 8-3331] design pqcrystals_fips202_ref_sha3_256 has unconnected port inlen[63]
WARNING: [Synth 8-3331] design pqcrystals_fips202_ref_sha3_256 has unconnected port inlen[62]
WARNING: [Synth 8-3331] design pqcrystals_fips202_ref_sha3_256 has unconnected port inlen[61]
WARNING: [Synth 8-3331] design pqcrystals_fips202_ref_sha3_256 has unconnected port inlen[60]
WARNING: [Synth 8-3331] design pqcrystals_fips202_ref_sha3_256 has unconnected port inlen[59]
WARNING: [Synth 8-3331] design pqcrystals_fips202_ref_sha3_256 has unconnected port inlen[58]
WARNING: [Synth 8-3331] design pqcrystals_fips202_ref_sha3_256 has unconnected port inlen[57]
WARNING: [Synth 8-3331] design pqcrystals_fips202_ref_sha3_256 has unconnected port inlen[56]
WARNING: [Synth 8-3331] design pqcrystals_fips202_ref_sha3_256 has unconnected port inlen[55]
WARNING: [Synth 8-3331] design pqcrystals_fips202_ref_sha3_256 has unconnected port inlen[54]
WARNING: [Synth 8-3331] design pqcrystals_fips202_ref_sha3_256 has unconnected port inlen[53]
WARNING: [Synth 8-3331] design pqcrystals_fips202_ref_sha3_256 has unconnected port inlen[52]
WARNING: [Synth 8-3331] design pqcrystals_fips202_ref_sha3_256 has unconnected port inlen[51]
WARNING: [Synth 8-3331] design pqcrystals_fips202_ref_sha3_256 has unconnected port inlen[50]
WARNING: [Synth 8-3331] design pqcrystals_fips202_ref_sha3_256 has unconnected port inlen[49]
WARNING: [Synth 8-3331] design pqcrystals_fips202_ref_sha3_256 has unconnected port inlen[48]
WARNING: [Synth 8-3331] design pqcrystals_fips202_ref_sha3_256 has unconnected port inlen[47]
WARNING: [Synth 8-3331] design pqcrystals_fips202_ref_sha3_256 has unconnected port inlen[46]
WARNING: [Synth 8-3331] design pqcrystals_fips202_ref_sha3_256 has unconnected port inlen[45]
WARNING: [Synth 8-3331] design pqcrystals_fips202_ref_sha3_256 has unconnected port inlen[44]
WARNING: [Synth 8-3331] design pqcrystals_fips202_ref_sha3_256 has unconnected port inlen[43]
WARNING: [Synth 8-3331] design pqcrystals_fips202_ref_sha3_256 has unconnected port inlen[42]
WARNING: [Synth 8-3331] design pqcrystals_fips202_ref_sha3_256 has unconnected port inlen[41]
WARNING: [Synth 8-3331] design pqcrystals_fips202_ref_sha3_256 has unconnected port inlen[40]
WARNING: [Synth 8-3331] design pqcrystals_fips202_ref_sha3_256 has unconnected port inlen[39]
WARNING: [Synth 8-3331] design pqcrystals_fips202_ref_sha3_256 has unconnected port inlen[38]
WARNING: [Synth 8-3331] design pqcrystals_fips202_ref_sha3_256 has unconnected port inlen[37]
WARNING: [Synth 8-3331] design pqcrystals_fips202_ref_sha3_256 has unconnected port inlen[36]
WARNING: [Synth 8-3331] design pqcrystals_fips202_ref_sha3_256 has unconnected port inlen[35]
WARNING: [Synth 8-3331] design pqcrystals_fips202_ref_sha3_256 has unconnected port inlen[34]
WARNING: [Synth 8-3331] design pqcrystals_fips202_ref_sha3_256 has unconnected port inlen[33]
INFO: [Common 17-14] Message 'Synth 8-3331' appears 100 times and further instances of the messages will be disabled. Use the Tcl command set_msg_config to change the current settings.
INFO: [Synth 8-3971] The signal s_U/pqcrystals_fips202_ref_sha3_256_s_ram_U/ram_reg was recognized as a true dual port RAM template.
WARNING: [Synth 8-3936] Found unconnected internal register 'grp_keccak_absorb_fu_162/t_U/keccak_absorb_t_ram_U/q0_reg' and it is trimmed from '8' to '7' bits. [/home/ds6365/SHA/solution6/impl/vhdl/project.srcs/sources_1/bd/bd_0/ipshared/2a5a/hdl/vhdl/keccak_absorb_t.vhd:70]
INFO: [Synth 8-3971] The signal grp_keccak_absorb_fu_162/t_U/keccak_absorb_t_ram_U/ram_reg was recognized as a true dual port RAM template.
INFO: [Synth 8-3886] merging instance 'U0/grp_KeccakF1600_StatePer_fu_155/KeccakF_RoundConstan_U/KeccakF1600_StatePer_KeccakF_RoundConstan_rom_U/q0_reg[36]' (FDE) to 'U0/grp_KeccakF1600_StatePer_fu_155/KeccakF_RoundConstan_U/KeccakF1600_StatePer_KeccakF_RoundConstan_rom_U/q0_reg[62]'
INFO: [Synth 8-3886] merging instance 'U0/grp_KeccakF1600_StatePer_fu_155/KeccakF_RoundConstan_U/KeccakF1600_StatePer_KeccakF_RoundConstan_rom_U/q0_reg[37]' (FDE) to 'U0/grp_KeccakF1600_StatePer_fu_155/KeccakF_RoundConstan_U/KeccakF1600_StatePer_KeccakF_RoundConstan_rom_U/q0_reg[62]'
INFO: [Synth 8-3886] merging instance 'U0/grp_KeccakF1600_StatePer_fu_155/KeccakF_RoundConstan_U/KeccakF1600_StatePer_KeccakF_RoundConstan_rom_U/q0_reg[38]' (FDE) to 'U0/grp_KeccakF1600_StatePer_fu_155/KeccakF_RoundConstan_U/KeccakF1600_StatePer_KeccakF_RoundConstan_rom_U/q0_reg[62]'
INFO: [Synth 8-3886] merging instance 'U0/grp_KeccakF1600_StatePer_fu_155/KeccakF_RoundConstan_U/KeccakF1600_StatePer_KeccakF_RoundConstan_rom_U/q0_reg[39]' (FDE) to 'U0/grp_KeccakF1600_StatePer_fu_155/KeccakF_RoundConstan_U/KeccakF1600_StatePer_KeccakF_RoundConstan_rom_U/q0_reg[62]'
INFO: [Synth 8-3886] merging instance 'U0/grp_KeccakF1600_StatePer_fu_155/KeccakF_RoundConstan_U/KeccakF1600_StatePer_KeccakF_RoundConstan_rom_U/q0_reg[40]' (FDE) to 'U0/grp_KeccakF1600_StatePer_fu_155/KeccakF_RoundConstan_U/KeccakF1600_StatePer_KeccakF_RoundConstan_rom_U/q0_reg[62]'
INFO: [Synth 8-3886] merging instance 'U0/grp_KeccakF1600_StatePer_fu_155/KeccakF_RoundConstan_U/KeccakF1600_StatePer_KeccakF_RoundConstan_rom_U/q0_reg[41]' (FDE) to 'U0/grp_KeccakF1600_StatePer_fu_155/KeccakF_RoundConstan_U/KeccakF1600_StatePer_KeccakF_RoundConstan_rom_U/q0_reg[62]'
INFO: [Synth 8-3886] merging instance 'U0/grp_KeccakF1600_StatePer_fu_155/KeccakF_RoundConstan_U/KeccakF1600_StatePer_KeccakF_RoundConstan_rom_U/q0_reg[42]' (FDE) to 'U0/grp_KeccakF1600_StatePer_fu_155/KeccakF_RoundConstan_U/KeccakF1600_StatePer_KeccakF_RoundConstan_rom_U/q0_reg[62]'
INFO: [Synth 8-3886] merging instance 'U0/grp_KeccakF1600_StatePer_fu_155/KeccakF_RoundConstan_U/KeccakF1600_StatePer_KeccakF_RoundConstan_rom_U/q0_reg[43]' (FDE) to 'U0/grp_KeccakF1600_StatePer_fu_155/KeccakF_RoundConstan_U/KeccakF1600_StatePer_KeccakF_RoundConstan_rom_U/q0_reg[62]'
INFO: [Synth 8-3886] merging instance 'U0/grp_KeccakF1600_StatePer_fu_155/KeccakF_RoundConstan_U/KeccakF1600_StatePer_KeccakF_RoundConstan_rom_U/q0_reg[44]' (FDE) to 'U0/grp_KeccakF1600_StatePer_fu_155/KeccakF_RoundConstan_U/KeccakF1600_StatePer_KeccakF_RoundConstan_rom_U/q0_reg[62]'
INFO: [Synth 8-3886] merging instance 'U0/grp_KeccakF1600_StatePer_fu_155/KeccakF_RoundConstan_U/KeccakF1600_StatePer_KeccakF_RoundConstan_rom_U/q0_reg[45]' (FDE) to 'U0/grp_KeccakF1600_StatePer_fu_155/KeccakF_RoundConstan_U/KeccakF1600_StatePer_KeccakF_RoundConstan_rom_U/q0_reg[62]'
INFO: [Synth 8-3886] merging instance 'U0/grp_KeccakF1600_StatePer_fu_155/KeccakF_RoundConstan_U/KeccakF1600_StatePer_KeccakF_RoundConstan_rom_U/q0_reg[46]' (FDE) to 'U0/grp_KeccakF1600_StatePer_fu_155/KeccakF_RoundConstan_U/KeccakF1600_StatePer_KeccakF_RoundConstan_rom_U/q0_reg[62]'
INFO: [Synth 8-3886] merging instance 'U0/grp_KeccakF1600_StatePer_fu_155/KeccakF_RoundConstan_U/KeccakF1600_StatePer_KeccakF_RoundConstan_rom_U/q0_reg[47]' (FDE) to 'U0/grp_KeccakF1600_StatePer_fu_155/KeccakF_RoundConstan_U/KeccakF1600_StatePer_KeccakF_RoundConstan_rom_U/q0_reg[62]'
INFO: [Synth 8-3886] merging instance 'U0/grp_KeccakF1600_StatePer_fu_155/KeccakF_RoundConstan_U/KeccakF1600_StatePer_KeccakF_RoundConstan_rom_U/q0_reg[48]' (FDE) to 'U0/grp_KeccakF1600_StatePer_fu_155/KeccakF_RoundConstan_U/KeccakF1600_StatePer_KeccakF_RoundConstan_rom_U/q0_reg[62]'
INFO: [Synth 8-3886] merging instance 'U0/grp_KeccakF1600_StatePer_fu_155/KeccakF_RoundConstan_U/KeccakF1600_StatePer_KeccakF_RoundConstan_rom_U/q0_reg[49]' (FDE) to 'U0/grp_KeccakF1600_StatePer_fu_155/KeccakF_RoundConstan_U/KeccakF1600_StatePer_KeccakF_RoundConstan_rom_U/q0_reg[62]'
INFO: [Synth 8-3886] merging instance 'U0/grp_KeccakF1600_StatePer_fu_155/KeccakF_RoundConstan_U/KeccakF1600_StatePer_KeccakF_RoundConstan_rom_U/q0_reg[50]' (FDE) to 'U0/grp_KeccakF1600_StatePer_fu_155/KeccakF_RoundConstan_U/KeccakF1600_StatePer_KeccakF_RoundConstan_rom_U/q0_reg[62]'
INFO: [Synth 8-3886] merging instance 'U0/grp_KeccakF1600_StatePer_fu_155/KeccakF_RoundConstan_U/KeccakF1600_StatePer_KeccakF_RoundConstan_rom_U/q0_reg[51]' (FDE) to 'U0/grp_KeccakF1600_StatePer_fu_155/KeccakF_RoundConstan_U/KeccakF1600_StatePer_KeccakF_RoundConstan_rom_U/q0_reg[62]'
INFO: [Synth 8-3886] merging instance 'U0/grp_KeccakF1600_StatePer_fu_155/KeccakF_RoundConstan_U/KeccakF1600_StatePer_KeccakF_RoundConstan_rom_U/q0_reg[52]' (FDE) to 'U0/grp_KeccakF1600_StatePer_fu_155/KeccakF_RoundConstan_U/KeccakF1600_StatePer_KeccakF_RoundConstan_rom_U/q0_reg[62]'
INFO: [Synth 8-3886] merging instance 'U0/grp_KeccakF1600_StatePer_fu_155/KeccakF_RoundConstan_U/KeccakF1600_StatePer_KeccakF_RoundConstan_rom_U/q0_reg[53]' (FDE) to 'U0/grp_KeccakF1600_StatePer_fu_155/KeccakF_RoundConstan_U/KeccakF1600_StatePer_KeccakF_RoundConstan_rom_U/q0_reg[62]'
INFO: [Synth 8-3886] merging instance 'U0/grp_KeccakF1600_StatePer_fu_155/KeccakF_RoundConstan_U/KeccakF1600_StatePer_KeccakF_RoundConstan_rom_U/q0_reg[54]' (FDE) to 'U0/grp_KeccakF1600_StatePer_fu_155/KeccakF_RoundConstan_U/KeccakF1600_StatePer_KeccakF_RoundConstan_rom_U/q0_reg[62]'
INFO: [Synth 8-3886] merging instance 'U0/grp_KeccakF1600_StatePer_fu_155/KeccakF_RoundConstan_U/KeccakF1600_StatePer_KeccakF_RoundConstan_rom_U/q0_reg[55]' (FDE) to 'U0/grp_KeccakF1600_StatePer_fu_155/KeccakF_RoundConstan_U/KeccakF1600_StatePer_KeccakF_RoundConstan_rom_U/q0_reg[62]'
INFO: [Synth 8-3886] merging instance 'U0/grp_KeccakF1600_StatePer_fu_155/KeccakF_RoundConstan_U/KeccakF1600_StatePer_KeccakF_RoundConstan_rom_U/q0_reg[56]' (FDE) to 'U0/grp_KeccakF1600_StatePer_fu_155/KeccakF_RoundConstan_U/KeccakF1600_StatePer_KeccakF_RoundConstan_rom_U/q0_reg[62]'
INFO: [Synth 8-3886] merging instance 'U0/grp_KeccakF1600_StatePer_fu_155/KeccakF_RoundConstan_U/KeccakF1600_StatePer_KeccakF_RoundConstan_rom_U/q0_reg[57]' (FDE) to 'U0/grp_KeccakF1600_StatePer_fu_155/KeccakF_RoundConstan_U/KeccakF1600_StatePer_KeccakF_RoundConstan_rom_U/q0_reg[62]'
INFO: [Synth 8-3886] merging instance 'U0/grp_KeccakF1600_StatePer_fu_155/KeccakF_RoundConstan_U/KeccakF1600_StatePer_KeccakF_RoundConstan_rom_U/q0_reg[58]' (FDE) to 'U0/grp_KeccakF1600_StatePer_fu_155/KeccakF_RoundConstan_U/KeccakF1600_StatePer_KeccakF_RoundConstan_rom_U/q0_reg[62]'
INFO: [Synth 8-3886] merging instance 'U0/grp_KeccakF1600_StatePer_fu_155/KeccakF_RoundConstan_U/KeccakF1600_StatePer_KeccakF_RoundConstan_rom_U/q0_reg[59]' (FDE) to 'U0/grp_KeccakF1600_StatePer_fu_155/KeccakF_RoundConstan_U/KeccakF1600_StatePer_KeccakF_RoundConstan_rom_U/q0_reg[62]'
INFO: [Synth 8-3886] merging instance 'U0/grp_KeccakF1600_StatePer_fu_155/KeccakF_RoundConstan_U/KeccakF1600_StatePer_KeccakF_RoundConstan_rom_U/q0_reg[60]' (FDE) to 'U0/grp_KeccakF1600_StatePer_fu_155/KeccakF_RoundConstan_U/KeccakF1600_StatePer_KeccakF_RoundConstan_rom_U/q0_reg[62]'
INFO: [Synth 8-3886] merging instance 'U0/grp_KeccakF1600_StatePer_fu_155/KeccakF_RoundConstan_U/KeccakF1600_StatePer_KeccakF_RoundConstan_rom_U/q0_reg[61]' (FDE) to 'U0/grp_KeccakF1600_StatePer_fu_155/KeccakF_RoundConstan_U/KeccakF1600_StatePer_KeccakF_RoundConstan_rom_U/q0_reg[62]'
INFO: [Synth 8-3886] merging instance 'U0/grp_KeccakF1600_StatePer_fu_155/KeccakF_RoundConstan_U/KeccakF1600_StatePer_KeccakF_RoundConstan_rom_U/q0_reg[62]' (FDE) to 'U0/grp_KeccakF1600_StatePer_fu_155/KeccakF_RoundConstan_U/KeccakF1600_StatePer_KeccakF_RoundConstan_rom_U/q0_reg[35]'
INFO: [Synth 8-3886] merging instance 'U0/grp_KeccakF1600_StatePer_fu_155/KeccakF_RoundConstan_U/KeccakF1600_StatePer_KeccakF_RoundConstan_rom_U/q0_reg[32]' (FDE) to 'U0/grp_KeccakF1600_StatePer_fu_155/KeccakF_RoundConstan_U/KeccakF1600_StatePer_KeccakF_RoundConstan_rom_U/q0_reg[35]'
INFO: [Synth 8-3886] merging instance 'U0/grp_KeccakF1600_StatePer_fu_155/KeccakF_RoundConstan_U/KeccakF1600_StatePer_KeccakF_RoundConstan_rom_U/q0_reg[33]' (FDE) to 'U0/grp_KeccakF1600_StatePer_fu_155/KeccakF_RoundConstan_U/KeccakF1600_StatePer_KeccakF_RoundConstan_rom_U/q0_reg[35]'
INFO: [Synth 8-3886] merging instance 'U0/grp_KeccakF1600_StatePer_fu_155/KeccakF_RoundConstan_U/KeccakF1600_StatePer_KeccakF_RoundConstan_rom_U/q0_reg[34]' (FDE) to 'U0/grp_KeccakF1600_StatePer_fu_155/KeccakF_RoundConstan_U/KeccakF1600_StatePer_KeccakF_RoundConstan_rom_U/q0_reg[35]'
INFO: [Synth 8-3886] merging instance 'U0/grp_KeccakF1600_StatePer_fu_155/KeccakF_RoundConstan_U/KeccakF1600_StatePer_KeccakF_RoundConstan_rom_U/q0_reg[35]' (FDE) to 'U0/grp_KeccakF1600_StatePer_fu_155/KeccakF_RoundConstan_U/KeccakF1600_StatePer_KeccakF_RoundConstan_rom_U/q0_reg[30]'
INFO: [Synth 8-3886] merging instance 'U0/grp_KeccakF1600_StatePer_fu_155/KeccakF_RoundConstan_U/KeccakF1600_StatePer_KeccakF_RoundConstan_rom_U/q0_reg[2]' (FDE) to 'U0/grp_KeccakF1600_StatePer_fu_155/KeccakF_RoundConstan_U/KeccakF1600_StatePer_KeccakF_RoundConstan_rom_U/q0_reg[30]'
INFO: [Synth 8-3886] merging instance 'U0/grp_KeccakF1600_StatePer_fu_155/KeccakF_RoundConstan_U/KeccakF1600_StatePer_KeccakF_RoundConstan_rom_U/q0_reg[4]' (FDE) to 'U0/grp_KeccakF1600_StatePer_fu_155/KeccakF_RoundConstan_U/KeccakF1600_StatePer_KeccakF_RoundConstan_rom_U/q0_reg[30]'
INFO: [Synth 8-3886] merging instance 'U0/grp_KeccakF1600_StatePer_fu_155/KeccakF_RoundConstan_U/KeccakF1600_StatePer_KeccakF_RoundConstan_rom_U/q0_reg[5]' (FDE) to 'U0/grp_KeccakF1600_StatePer_fu_155/KeccakF_RoundConstan_U/KeccakF1600_StatePer_KeccakF_RoundConstan_rom_U/q0_reg[30]'
INFO: [Synth 8-3886] merging instance 'U0/grp_KeccakF1600_StatePer_fu_155/KeccakF_RoundConstan_U/KeccakF1600_StatePer_KeccakF_RoundConstan_rom_U/q0_reg[6]' (FDE) to 'U0/grp_KeccakF1600_StatePer_fu_155/KeccakF_RoundConstan_U/KeccakF1600_StatePer_KeccakF_RoundConstan_rom_U/q0_reg[30]'
INFO: [Synth 8-3886] merging instance 'U0/grp_KeccakF1600_StatePer_fu_155/KeccakF_RoundConstan_U/KeccakF1600_StatePer_KeccakF_RoundConstan_rom_U/q0_reg[8]' (FDE) to 'U0/grp_KeccakF1600_StatePer_fu_155/KeccakF_RoundConstan_U/KeccakF1600_StatePer_KeccakF_RoundConstan_rom_U/q0_reg[30]'
INFO: [Synth 8-3886] merging instance 'U0/grp_KeccakF1600_StatePer_fu_155/KeccakF_RoundConstan_U/KeccakF1600_StatePer_KeccakF_RoundConstan_rom_U/q0_reg[9]' (FDE) to 'U0/grp_KeccakF1600_StatePer_fu_155/KeccakF_RoundConstan_U/KeccakF1600_StatePer_KeccakF_RoundConstan_rom_U/q0_reg[30]'
INFO: [Synth 8-3886] merging instance 'U0/grp_KeccakF1600_StatePer_fu_155/KeccakF_RoundConstan_U/KeccakF1600_StatePer_KeccakF_RoundConstan_rom_U/q0_reg[10]' (FDE) to 'U0/grp_KeccakF1600_StatePer_fu_155/KeccakF_RoundConstan_U/KeccakF1600_StatePer_KeccakF_RoundConstan_rom_U/q0_reg[30]'
INFO: [Synth 8-3886] merging instance 'U0/grp_KeccakF1600_StatePer_fu_155/KeccakF_RoundConstan_U/KeccakF1600_StatePer_KeccakF_RoundConstan_rom_U/q0_reg[11]' (FDE) to 'U0/grp_KeccakF1600_StatePer_fu_155/KeccakF_RoundConstan_U/KeccakF1600_StatePer_KeccakF_RoundConstan_rom_U/q0_reg[30]'
INFO: [Synth 8-3886] merging instance 'U0/grp_KeccakF1600_StatePer_fu_155/KeccakF_RoundConstan_U/KeccakF1600_StatePer_KeccakF_RoundConstan_rom_U/q0_reg[12]' (FDE) to 'U0/grp_KeccakF1600_StatePer_fu_155/KeccakF_RoundConstan_U/KeccakF1600_StatePer_KeccakF_RoundConstan_rom_U/q0_reg[30]'
INFO: [Synth 8-3886] merging instance 'U0/grp_KeccakF1600_StatePer_fu_155/KeccakF_RoundConstan_U/KeccakF1600_StatePer_KeccakF_RoundConstan_rom_U/q0_reg[13]' (FDE) to 'U0/grp_KeccakF1600_StatePer_fu_155/KeccakF_RoundConstan_U/KeccakF1600_StatePer_KeccakF_RoundConstan_rom_U/q0_reg[30]'
INFO: [Synth 8-3886] merging instance 'U0/grp_KeccakF1600_StatePer_fu_155/KeccakF_RoundConstan_U/KeccakF1600_StatePer_KeccakF_RoundConstan_rom_U/q0_reg[14]' (FDE) to 'U0/grp_KeccakF1600_StatePer_fu_155/KeccakF_RoundConstan_U/KeccakF1600_StatePer_KeccakF_RoundConstan_rom_U/q0_reg[30]'
INFO: [Synth 8-3886] merging instance 'U0/grp_KeccakF1600_StatePer_fu_155/KeccakF_RoundConstan_U/KeccakF1600_StatePer_KeccakF_RoundConstan_rom_U/q0_reg[16]' (FDE) to 'U0/grp_KeccakF1600_StatePer_fu_155/KeccakF_RoundConstan_U/KeccakF1600_StatePer_KeccakF_RoundConstan_rom_U/q0_reg[30]'
INFO: [Synth 8-3886] merging instance 'U0/grp_KeccakF1600_StatePer_fu_155/KeccakF_RoundConstan_U/KeccakF1600_StatePer_KeccakF_RoundConstan_rom_U/q0_reg[17]' (FDE) to 'U0/grp_KeccakF1600_StatePer_fu_155/KeccakF_RoundConstan_U/KeccakF1600_StatePer_KeccakF_RoundConstan_rom_U/q0_reg[30]'
INFO: [Synth 8-3886] merging instance 'U0/grp_KeccakF1600_StatePer_fu_155/KeccakF_RoundConstan_U/KeccakF1600_StatePer_KeccakF_RoundConstan_rom_U/q0_reg[18]' (FDE) to 'U0/grp_KeccakF1600_StatePer_fu_155/KeccakF_RoundConstan_U/KeccakF1600_StatePer_KeccakF_RoundConstan_rom_U/q0_reg[30]'
INFO: [Synth 8-3886] merging instance 'U0/grp_KeccakF1600_StatePer_fu_155/KeccakF_RoundConstan_U/KeccakF1600_StatePer_KeccakF_RoundConstan_rom_U/q0_reg[19]' (FDE) to 'U0/grp_KeccakF1600_StatePer_fu_155/KeccakF_RoundConstan_U/KeccakF1600_StatePer_KeccakF_RoundConstan_rom_U/q0_reg[30]'
INFO: [Synth 8-3886] merging instance 'U0/grp_KeccakF1600_StatePer_fu_155/KeccakF_RoundConstan_U/KeccakF1600_StatePer_KeccakF_RoundConstan_rom_U/q0_reg[20]' (FDE) to 'U0/grp_KeccakF1600_StatePer_fu_155/KeccakF_RoundConstan_U/KeccakF1600_StatePer_KeccakF_RoundConstan_rom_U/q0_reg[30]'
INFO: [Synth 8-3886] merging instance 'U0/grp_KeccakF1600_StatePer_fu_155/KeccakF_RoundConstan_U/KeccakF1600_StatePer_KeccakF_RoundConstan_rom_U/q0_reg[21]' (FDE) to 'U0/grp_KeccakF1600_StatePer_fu_155/KeccakF_RoundConstan_U/KeccakF1600_StatePer_KeccakF_RoundConstan_rom_U/q0_reg[30]'
INFO: [Synth 8-3886] merging instance 'U0/grp_KeccakF1600_StatePer_fu_155/KeccakF_RoundConstan_U/KeccakF1600_StatePer_KeccakF_RoundConstan_rom_U/q0_reg[22]' (FDE) to 'U0/grp_KeccakF1600_StatePer_fu_155/KeccakF_RoundConstan_U/KeccakF1600_StatePer_KeccakF_RoundConstan_rom_U/q0_reg[30]'
INFO: [Synth 8-3886] merging instance 'U0/grp_KeccakF1600_StatePer_fu_155/KeccakF_RoundConstan_U/KeccakF1600_StatePer_KeccakF_RoundConstan_rom_U/q0_reg[23]' (FDE) to 'U0/grp_KeccakF1600_StatePer_fu_155/KeccakF_RoundConstan_U/KeccakF1600_StatePer_KeccakF_RoundConstan_rom_U/q0_reg[30]'
INFO: [Synth 8-3886] merging instance 'U0/grp_KeccakF1600_StatePer_fu_155/KeccakF_RoundConstan_U/KeccakF1600_StatePer_KeccakF_RoundConstan_rom_U/q0_reg[24]' (FDE) to 'U0/grp_KeccakF1600_StatePer_fu_155/KeccakF_RoundConstan_U/KeccakF1600_StatePer_KeccakF_RoundConstan_rom_U/q0_reg[30]'
INFO: [Synth 8-3886] merging instance 'U0/grp_KeccakF1600_StatePer_fu_155/KeccakF_RoundConstan_U/KeccakF1600_StatePer_KeccakF_RoundConstan_rom_U/q0_reg[25]' (FDE) to 'U0/grp_KeccakF1600_StatePer_fu_155/KeccakF_RoundConstan_U/KeccakF1600_StatePer_KeccakF_RoundConstan_rom_U/q0_reg[30]'
INFO: [Synth 8-3886] merging instance 'U0/grp_KeccakF1600_StatePer_fu_155/KeccakF_RoundConstan_U/KeccakF1600_StatePer_KeccakF_RoundConstan_rom_U/q0_reg[26]' (FDE) to 'U0/grp_KeccakF1600_StatePer_fu_155/KeccakF_RoundConstan_U/KeccakF1600_StatePer_KeccakF_RoundConstan_rom_U/q0_reg[30]'
INFO: [Synth 8-3886] merging instance 'U0/grp_KeccakF1600_StatePer_fu_155/KeccakF_RoundConstan_U/KeccakF1600_StatePer_KeccakF_RoundConstan_rom_U/q0_reg[27]' (FDE) to 'U0/grp_KeccakF1600_StatePer_fu_155/KeccakF_RoundConstan_U/KeccakF1600_StatePer_KeccakF_RoundConstan_rom_U/q0_reg[30]'
INFO: [Synth 8-3886] merging instance 'U0/grp_KeccakF1600_StatePer_fu_155/KeccakF_RoundConstan_U/KeccakF1600_StatePer_KeccakF_RoundConstan_rom_U/q0_reg[28]' (FDE) to 'U0/grp_KeccakF1600_StatePer_fu_155/KeccakF_RoundConstan_U/KeccakF1600_StatePer_KeccakF_RoundConstan_rom_U/q0_reg[30]'
INFO: [Synth 8-3886] merging instance 'U0/grp_KeccakF1600_StatePer_fu_155/KeccakF_RoundConstan_U/KeccakF1600_StatePer_KeccakF_RoundConstan_rom_U/q0_reg[29]' (FDE) to 'U0/grp_KeccakF1600_StatePer_fu_155/KeccakF_RoundConstan_U/KeccakF1600_StatePer_KeccakF_RoundConstan_rom_U/q0_reg[30]'
INFO: [Synth 8-3333] propagating constant 0 across sequential element (U0/grp_KeccakF1600_StatePer_fu_155/KeccakF_RoundConstan_U/\KeccakF1600_StatePer_KeccakF_RoundConstan_rom_U/q0_reg[30] )
INFO: [Synth 8-3886] merging instance 'U0/grp_KeccakF1600_StatePer_fu_155/KeccakF_RoundConstan_2_reg_3848_reg[32]' (FDE) to 'U0/grp_KeccakF1600_StatePer_fu_155/KeccakF_RoundConstan_2_reg_3848_reg[2]'
INFO: [Synth 8-3886] merging instance 'U0/grp_KeccakF1600_StatePer_fu_155/KeccakF_RoundConstan_2_reg_3848_reg[33]' (FDE) to 'U0/grp_KeccakF1600_StatePer_fu_155/KeccakF_RoundConstan_2_reg_3848_reg[2]'
INFO: [Synth 8-3886] merging instance 'U0/grp_KeccakF1600_StatePer_fu_155/KeccakF_RoundConstan_2_reg_3848_reg[34]' (FDE) to 'U0/grp_KeccakF1600_StatePer_fu_155/KeccakF_RoundConstan_2_reg_3848_reg[2]'
INFO: [Synth 8-3886] merging instance 'U0/grp_KeccakF1600_StatePer_fu_155/KeccakF_RoundConstan_2_reg_3848_reg[35]' (FDE) to 'U0/grp_KeccakF1600_StatePer_fu_155/KeccakF_RoundConstan_2_reg_3848_reg[2]'
INFO: [Synth 8-3886] merging instance 'U0/grp_KeccakF1600_StatePer_fu_155/KeccakF_RoundConstan_2_reg_3848_reg[36]' (FDE) to 'U0/grp_KeccakF1600_StatePer_fu_155/KeccakF_RoundConstan_2_reg_3848_reg[2]'
INFO: [Synth 8-3886] merging instance 'U0/grp_KeccakF1600_StatePer_fu_155/KeccakF_RoundConstan_2_reg_3848_reg[37]' (FDE) to 'U0/grp_KeccakF1600_StatePer_fu_155/KeccakF_RoundConstan_2_reg_3848_reg[2]'
INFO: [Synth 8-3886] merging instance 'U0/grp_KeccakF1600_StatePer_fu_155/KeccakF_RoundConstan_2_reg_3848_reg[38]' (FDE) to 'U0/grp_KeccakF1600_StatePer_fu_155/KeccakF_RoundConstan_2_reg_3848_reg[2]'
INFO: [Synth 8-3886] merging instance 'U0/grp_KeccakF1600_StatePer_fu_155/KeccakF_RoundConstan_2_reg_3848_reg[39]' (FDE) to 'U0/grp_KeccakF1600_StatePer_fu_155/KeccakF_RoundConstan_2_reg_3848_reg[2]'
INFO: [Synth 8-3886] merging instance 'U0/grp_KeccakF1600_StatePer_fu_155/KeccakF_RoundConstan_2_reg_3848_reg[56]' (FDE) to 'U0/grp_KeccakF1600_StatePer_fu_155/KeccakF_RoundConstan_2_reg_3848_reg[2]'
INFO: [Synth 8-3886] merging instance 'U0/grp_KeccakF1600_StatePer_fu_155/KeccakF_RoundConstan_2_reg_3848_reg[40]' (FDE) to 'U0/grp_KeccakF1600_StatePer_fu_155/KeccakF_RoundConstan_2_reg_3848_reg[2]'
INFO: [Synth 8-3886] merging instance 'U0/grp_KeccakF1600_StatePer_fu_155/KeccakF_RoundConstan_2_reg_3848_reg[57]' (FDE) to 'U0/grp_KeccakF1600_StatePer_fu_155/KeccakF_RoundConstan_2_reg_3848_reg[2]'
INFO: [Synth 8-3886] merging instance 'U0/grp_KeccakF1600_StatePer_fu_155/KeccakF_RoundConstan_2_reg_3848_reg[41]' (FDE) to 'U0/grp_KeccakF1600_StatePer_fu_155/KeccakF_RoundConstan_2_reg_3848_reg[2]'
INFO: [Synth 8-3886] merging instance 'U0/grp_KeccakF1600_StatePer_fu_155/KeccakF_RoundConstan_2_reg_3848_reg[58]' (FDE) to 'U0/grp_KeccakF1600_StatePer_fu_155/KeccakF_RoundConstan_2_reg_3848_reg[2]'
INFO: [Synth 8-3886] merging instance 'U0/grp_KeccakF1600_StatePer_fu_155/KeccakF_RoundConstan_2_reg_3848_reg[42]' (FDE) to 'U0/grp_KeccakF1600_StatePer_fu_155/KeccakF_RoundConstan_2_reg_3848_reg[2]'
INFO: [Synth 8-3886] merging instance 'U0/grp_KeccakF1600_StatePer_fu_155/KeccakF_RoundConstan_2_reg_3848_reg[59]' (FDE) to 'U0/grp_KeccakF1600_StatePer_fu_155/KeccakF_RoundConstan_2_reg_3848_reg[2]'
INFO: [Synth 8-3886] merging instance 'U0/grp_KeccakF1600_StatePer_fu_155/KeccakF_RoundConstan_2_reg_3848_reg[43]' (FDE) to 'U0/grp_KeccakF1600_StatePer_fu_155/KeccakF_RoundConstan_2_reg_3848_reg[2]'
INFO: [Synth 8-3886] merging instance 'U0/grp_KeccakF1600_StatePer_fu_155/KeccakF_RoundConstan_2_reg_3848_reg[60]' (FDE) to 'U0/grp_KeccakF1600_StatePer_fu_155/KeccakF_RoundConstan_2_reg_3848_reg[2]'
INFO: [Synth 8-3886] merging instance 'U0/grp_KeccakF1600_StatePer_fu_155/KeccakF_RoundConstan_2_reg_3848_reg[44]' (FDE) to 'U0/grp_KeccakF1600_StatePer_fu_155/KeccakF_RoundConstan_2_reg_3848_reg[2]'
INFO: [Synth 8-3886] merging instance 'U0/grp_KeccakF1600_StatePer_fu_155/KeccakF_RoundConstan_2_reg_3848_reg[4]' (FDE) to 'U0/grp_KeccakF1600_StatePer_fu_155/KeccakF_RoundConstan_2_reg_3848_reg[2]'
INFO: [Synth 8-3886] merging instance 'U0/grp_KeccakF1600_StatePer_fu_155/KeccakF_RoundConstan_2_reg_3848_reg[61]' (FDE) to 'U0/grp_KeccakF1600_StatePer_fu_155/KeccakF_RoundConstan_2_reg_3848_reg[2]'
INFO: [Synth 8-3886] merging instance 'U0/grp_KeccakF1600_StatePer_fu_155/KeccakF_RoundConstan_2_reg_3848_reg[23]' (FDE) to 'U0/grp_KeccakF1600_StatePer_fu_155/KeccakF_RoundConstan_2_reg_3848_reg[2]'
INFO: [Synth 8-3886] merging instance 'U0/grp_KeccakF1600_StatePer_fu_155/KeccakF_RoundConstan_2_reg_3848_reg[11]' (FDE) to 'U0/grp_KeccakF1600_StatePer_fu_155/KeccakF_RoundConstan_2_reg_3848_reg[2]'
INFO: [Synth 8-3886] merging instance 'U0/grp_KeccakF1600_StatePer_fu_155/KeccakF_RoundConstan_2_reg_3848_reg[45]' (FDE) to 'U0/grp_KeccakF1600_StatePer_fu_155/KeccakF_RoundConstan_2_reg_3848_reg[2]'
INFO: [Synth 8-3886] merging instance 'U0/grp_KeccakF1600_StatePer_fu_155/KeccakF_RoundConstan_2_reg_3848_reg[5]' (FDE) to 'U0/grp_KeccakF1600_StatePer_fu_155/KeccakF_RoundConstan_2_reg_3848_reg[2]'
INFO: [Synth 8-3886] merging instance 'U0/grp_KeccakF1600_StatePer_fu_155/KeccakF_RoundConstan_2_reg_3848_reg[62]' (FDE) to 'U0/grp_KeccakF1600_StatePer_fu_155/KeccakF_RoundConstan_2_reg_3848_reg[2]'
INFO: [Synth 8-3886] merging instance 'U0/grp_KeccakF1600_StatePer_fu_155/KeccakF_RoundConstan_2_reg_3848_reg[24]' (FDE) to 'U0/grp_KeccakF1600_StatePer_fu_155/KeccakF_RoundConstan_2_reg_3848_reg[2]'
INFO: [Synth 8-3886] merging instance 'U0/grp_KeccakF1600_StatePer_fu_155/KeccakF_RoundConstan_2_reg_3848_reg[12]' (FDE) to 'U0/grp_KeccakF1600_StatePer_fu_155/KeccakF_RoundConstan_2_reg_3848_reg[2]'
INFO: [Synth 8-3886] merging instance 'U0/grp_KeccakF1600_StatePer_fu_155/KeccakF_RoundConstan_2_reg_3848_reg[46]' (FDE) to 'U0/grp_KeccakF1600_StatePer_fu_155/KeccakF_RoundConstan_2_reg_3848_reg[2]'
INFO: [Synth 8-3886] merging instance 'U0/grp_KeccakF1600_StatePer_fu_155/KeccakF_RoundConstan_2_reg_3848_reg[6]' (FDE) to 'U0/grp_KeccakF1600_StatePer_fu_155/KeccakF_RoundConstan_2_reg_3848_reg[2]'
INFO: [Synth 8-3886] merging instance 'U0/grp_KeccakF1600_StatePer_fu_155/KeccakF_RoundConstan_2_reg_3848_reg[17]' (FDE) to 'U0/grp_KeccakF1600_StatePer_fu_155/KeccakF_RoundConstan_2_reg_3848_reg[2]'
INFO: [Synth 8-3886] merging instance 'U0/grp_KeccakF1600_StatePer_fu_155/KeccakF_RoundConstan_2_reg_3848_reg[25]' (FDE) to 'U0/grp_KeccakF1600_StatePer_fu_155/KeccakF_RoundConstan_2_reg_3848_reg[2]'
INFO: [Synth 8-3886] merging instance 'U0/grp_KeccakF1600_StatePer_fu_155/KeccakF_RoundConstan_2_reg_3848_reg[13]' (FDE) to 'U0/grp_KeccakF1600_StatePer_fu_155/KeccakF_RoundConstan_2_reg_3848_reg[2]'
INFO: [Synth 8-3886] merging instance 'U0/grp_KeccakF1600_StatePer_fu_155/KeccakF_RoundConstan_2_reg_3848_reg[47]' (FDE) to 'U0/grp_KeccakF1600_StatePer_fu_155/KeccakF_RoundConstan_2_reg_3848_reg[2]'
INFO: [Synth 8-3886] merging instance 'U0/grp_KeccakF1600_StatePer_fu_155/KeccakF_RoundConstan_2_reg_3848_reg[18]' (FDE) to 'U0/grp_KeccakF1600_StatePer_fu_155/KeccakF_RoundConstan_2_reg_3848_reg[2]'
INFO: [Synth 8-3886] merging instance 'U0/grp_KeccakF1600_StatePer_fu_155/KeccakF_RoundConstan_2_reg_3848_reg[52]' (FDE) to 'U0/grp_KeccakF1600_StatePer_fu_155/KeccakF_RoundConstan_2_reg_3848_reg[2]'
INFO: [Synth 8-3886] merging instance 'U0/grp_KeccakF1600_StatePer_fu_155/KeccakF_RoundConstan_2_reg_3848_reg[26]' (FDE) to 'U0/grp_KeccakF1600_StatePer_fu_155/KeccakF_RoundConstan_2_reg_3848_reg[2]'
INFO: [Synth 8-3886] merging instance 'U0/grp_KeccakF1600_StatePer_fu_155/KeccakF_RoundConstan_2_reg_3848_reg[14]' (FDE) to 'U0/grp_KeccakF1600_StatePer_fu_155/KeccakF_RoundConstan_2_reg_3848_reg[2]'
INFO: [Synth 8-3886] merging instance 'U0/grp_KeccakF1600_StatePer_fu_155/KeccakF_RoundConstan_2_reg_3848_reg[48]' (FDE) to 'U0/grp_KeccakF1600_StatePer_fu_155/KeccakF_RoundConstan_2_reg_3848_reg[2]'
INFO: [Synth 8-3886] merging instance 'U0/grp_KeccakF1600_StatePer_fu_155/KeccakF_RoundConstan_2_reg_3848_reg[8]' (FDE) to 'U0/grp_KeccakF1600_StatePer_fu_155/KeccakF_RoundConstan_2_reg_3848_reg[2]'
INFO: [Synth 8-3886] merging instance 'U0/grp_KeccakF1600_StatePer_fu_155/KeccakF_RoundConstan_2_reg_3848_reg[19]' (FDE) to 'U0/grp_KeccakF1600_StatePer_fu_155/KeccakF_RoundConstan_2_reg_3848_reg[2]'
INFO: [Synth 8-3886] merging instance 'U0/grp_KeccakF1600_StatePer_fu_155/KeccakF_RoundConstan_2_reg_3848_reg[53]' (FDE) to 'U0/grp_KeccakF1600_StatePer_fu_155/KeccakF_RoundConstan_2_reg_3848_reg[2]'
INFO: [Synth 8-3886] merging instance 'U0/grp_KeccakF1600_StatePer_fu_155/KeccakF_RoundConstan_2_reg_3848_reg[27]' (FDE) to 'U0/grp_KeccakF1600_StatePer_fu_155/KeccakF_RoundConstan_2_reg_3848_reg[2]'
INFO: [Synth 8-3886] merging instance 'U0/grp_KeccakF1600_StatePer_fu_155/KeccakF_RoundConstan_2_reg_3848_reg[49]' (FDE) to 'U0/grp_KeccakF1600_StatePer_fu_155/KeccakF_RoundConstan_2_reg_3848_reg[2]'
INFO: [Synth 8-3886] merging instance 'U0/grp_KeccakF1600_StatePer_fu_155/KeccakF_RoundConstan_2_reg_3848_reg[9]' (FDE) to 'U0/grp_KeccakF1600_StatePer_fu_155/KeccakF_RoundConstan_2_reg_3848_reg[2]'
INFO: [Common 17-14] Message 'Synth 8-3886' appears 100 times and further instances of the messages will be disabled. Use the Tcl command set_msg_config to change the current settings.
INFO: [Synth 8-3333] propagating constant 0 across sequential element (U0/grp_KeccakF1600_StatePer_fu_155/\KeccakF_RoundConstan_2_reg_3848_reg[29] )
---------------------------------------------------------------------------------
Finished Cross Boundary and Area Optimization : Time (s): cpu = 00:02:22 ; elapsed = 00:02:34 . Memory (MB): peak = 2584.812 ; gain = 1125.613 ; free physical = 87802 ; free virtual = 587121
---------------------------------------------------------------------------------
---------------------------------------------------------------------------------
Start ROM, RAM, DSP and Shift Register Reporting
---------------------------------------------------------------------------------

Block RAM: Preliminary Mapping  Report (see note below)
+------------------------------------------------+------------+------------------------+---+---+------------------------+---+---+------------------+--------+--------+
|Module Name                                     | RTL Object | PORT A (Depth x Width) | W | R | PORT B (Depth x Width) | W | R | Ports driving FF | RAMB18 | RAMB36 | 
+------------------------------------------------+------------+------------------------+---+---+------------------------+---+---+------------------+--------+--------+
|pqcrystals_fips202_ref_sha3_256_s_ram:          | ram_reg    | 32 x 64(WRITE_FIRST)   | W | R | 32 x 64(WRITE_FIRST)   | W | R | Port A and B     | 0      | 2      | 
|pqcrystals_fips202_ref_sha3_256_out_assign_ram: | ram_reg    | 256 x 8(WRITE_FIRST)   | W | R |                        |   |   | Port A           | 1      | 0      | 
|keccak_absorb_t_ram:                            | ram_reg    | 256 x 8(WRITE_FIRST)   | W | R | 256 x 8(WRITE_FIRST)   | W | R | Port A and B     | 1      | 0      | 
+------------------------------------------------+------------+------------------------+---+---+------------------------+---+---+------------------+--------+--------+

Note: The table above is a preliminary report that shows the Block RAMs at the current stage of the synthesis flow. Some Block RAMs may be reimplemented as non Block RAM primitives later in the synthesis flow. Multiple instantiated Block RAMs are reported only once. 
---------------------------------------------------------------------------------
Finished ROM, RAM, DSP and Shift Register Reporting
---------------------------------------------------------------------------------
INFO: [Synth 8-6837] The timing for the instance U0/i_7_2/s_U/pqcrystals_fips202_ref_sha3_256_s_ram_U/ram_reg_0 (implemented as a Block RAM) might be sub-optimal as no optional output register could be merged into the block ram. Providing additional output register may help in improving timing.
INFO: [Synth 8-6837] The timing for the instance U0/i_7_2/s_U/pqcrystals_fips202_ref_sha3_256_s_ram_U/ram_reg_0 (implemented as a Block RAM) might be sub-optimal as no optional output register could be merged into the block ram. Providing additional output register may help in improving timing.
INFO: [Synth 8-6837] The timing for the instance U0/i_7_2/s_U/pqcrystals_fips202_ref_sha3_256_s_ram_U/ram_reg_1 (implemented as a Block RAM) might be sub-optimal as no optional output register could be merged into the block ram. Providing additional output register may help in improving timing.
INFO: [Synth 8-6837] The timing for the instance U0/i_7_2/s_U/pqcrystals_fips202_ref_sha3_256_s_ram_U/ram_reg_1 (implemented as a Block RAM) might be sub-optimal as no optional output register could be merged into the block ram. Providing additional output register may help in improving timing.
INFO: [Synth 8-6837] The timing for the instance U0/i_7_3/out_assign_U/pqcrystals_fips202_ref_sha3_256_out_assign_ram_U/ram_reg (implemented as a Block RAM) might be sub-optimal as no optional output register could be merged into the block ram. Providing additional output register may help in improving timing.
INFO: [Synth 8-6837] The timing for the instance U0/i_7_4/grp_keccak_absorb_fu_162/t_U/keccak_absorb_t_ram_U/ram_reg (implemented as a Block RAM) might be sub-optimal as no optional output register could be merged into the block ram. Providing additional output register may help in improving timing.
INFO: [Synth 8-6837] The timing for the instance U0/i_7_4/grp_keccak_absorb_fu_162/t_U/keccak_absorb_t_ram_U/ram_reg (implemented as a Block RAM) might be sub-optimal as no optional output register could be merged into the block ram. Providing additional output register may help in improving timing.

Report RTL Partitions: 
+-+--------------+------------+----------+
| |RTL Partition |Replication |Instances |
+-+--------------+------------+----------+
+-+--------------+------------+----------+
---------------------------------------------------------------------------------
Start Applying XDC Timing Constraints
---------------------------------------------------------------------------------
---------------------------------------------------------------------------------
Finished Applying XDC Timing Constraints : Time (s): cpu = 00:02:36 ; elapsed = 00:02:47 . Memory (MB): peak = 2584.816 ; gain = 1125.617 ; free physical = 87684 ; free virtual = 587002
---------------------------------------------------------------------------------
---------------------------------------------------------------------------------
Start Timing Optimization
---------------------------------------------------------------------------------
---------------------------------------------------------------------------------
Finished Timing Optimization : Time (s): cpu = 00:02:44 ; elapsed = 00:02:56 . Memory (MB): peak = 2584.816 ; gain = 1125.617 ; free physical = 87666 ; free virtual = 586984
---------------------------------------------------------------------------------
---------------------------------------------------------------------------------
Start ROM, RAM, DSP and Shift Register Reporting
---------------------------------------------------------------------------------

Block RAM: Final Mapping  Report
+------------------------------------------------+------------+------------------------+---+---+------------------------+---+---+------------------+--------+--------+
|Module Name                                     | RTL Object | PORT A (Depth x Width) | W | R | PORT B (Depth x Width) | W | R | Ports driving FF | RAMB18 | RAMB36 | 
+------------------------------------------------+------------+------------------------+---+---+------------------------+---+---+------------------+--------+--------+
|pqcrystals_fips202_ref_sha3_256_s_ram:          | ram_reg    | 32 x 64(WRITE_FIRST)   | W | R | 32 x 64(WRITE_FIRST)   | W | R | Port A and B     | 0      | 2      | 
|pqcrystals_fips202_ref_sha3_256_out_assign_ram: | ram_reg    | 256 x 8(WRITE_FIRST)   | W | R |                        |   |   | Port A           | 1      | 0      | 
|keccak_absorb_t_ram:                            | ram_reg    | 256 x 8(WRITE_FIRST)   | W | R | 256 x 8(WRITE_FIRST)   | W | R | Port A and B     | 1      | 0      | 
+------------------------------------------------+------------+------------------------+---+---+------------------------+---+---+------------------+--------+--------+

---------------------------------------------------------------------------------
Finished ROM, RAM, DSP and Shift Register Reporting
---------------------------------------------------------------------------------

Report RTL Partitions: 
+-+--------------+------------+----------+
| |RTL Partition |Replication |Instances |
+-+--------------+------------+----------+
+-+--------------+------------+----------+
---------------------------------------------------------------------------------
Start Technology Mapping
---------------------------------------------------------------------------------
INFO: [Synth 8-6837] The timing for the instance U0/s_U/pqcrystals_fips202_ref_sha3_256_s_ram_U/ram_reg_0 (implemented as a Block RAM) might be sub-optimal as no optional output register could be merged into the block ram. Providing additional output register may help in improving timing.
INFO: [Synth 8-6837] The timing for the instance U0/s_U/pqcrystals_fips202_ref_sha3_256_s_ram_U/ram_reg_0 (implemented as a Block RAM) might be sub-optimal as no optional output register could be merged into the block ram. Providing additional output register may help in improving timing.
INFO: [Synth 8-6837] The timing for the instance U0/s_U/pqcrystals_fips202_ref_sha3_256_s_ram_U/ram_reg_1 (implemented as a Block RAM) might be sub-optimal as no optional output register could be merged into the block ram. Providing additional output register may help in improving timing.
INFO: [Synth 8-6837] The timing for the instance U0/s_U/pqcrystals_fips202_ref_sha3_256_s_ram_U/ram_reg_1 (implemented as a Block RAM) might be sub-optimal as no optional output register could be merged into the block ram. Providing additional output register may help in improving timing.
INFO: [Synth 8-6837] The timing for the instance U0/out_assign_U/pqcrystals_fips202_ref_sha3_256_out_assign_ram_U/ram_reg (implemented as a Block RAM) might be sub-optimal as no optional output register could be merged into the block ram. Providing additional output register may help in improving timing.
INFO: [Synth 8-6837] The timing for the instance U0/grp_keccak_absorb_fu_162/t_U/keccak_absorb_t_ram_U/ram_reg (implemented as a Block RAM) might be sub-optimal as no optional output register could be merged into the block ram. Providing additional output register may help in improving timing.
INFO: [Synth 8-6837] The timing for the instance U0/grp_keccak_absorb_fu_162/t_U/keccak_absorb_t_ram_U/ram_reg (implemented as a Block RAM) might be sub-optimal as no optional output register could be merged into the block ram. Providing additional output register may help in improving timing.
---------------------------------------------------------------------------------
Finished Technology Mapping : Time (s): cpu = 00:02:57 ; elapsed = 00:03:09 . Memory (MB): peak = 2584.816 ; gain = 1125.617 ; free physical = 87656 ; free virtual = 586974
---------------------------------------------------------------------------------

Report RTL Partitions: 
+-+--------------+------------+----------+
| |RTL Partition |Replication |Instances |
+-+--------------+------------+----------+
+-+--------------+------------+----------+
---------------------------------------------------------------------------------
Start IO Insertion
---------------------------------------------------------------------------------
---------------------------------------------------------------------------------
Start Flattening Before IO Insertion
---------------------------------------------------------------------------------
---------------------------------------------------------------------------------
Finished Flattening Before IO Insertion
---------------------------------------------------------------------------------
---------------------------------------------------------------------------------
Start Final Netlist Cleanup
---------------------------------------------------------------------------------
---------------------------------------------------------------------------------
Finished Final Netlist Cleanup
---------------------------------------------------------------------------------
---------------------------------------------------------------------------------
Finished IO Insertion : Time (s): cpu = 00:03:00 ; elapsed = 00:03:12 . Memory (MB): peak = 2584.816 ; gain = 1125.617 ; free physical = 87655 ; free virtual = 586973
---------------------------------------------------------------------------------

Report Check Netlist: 
+------+------------------+-------+---------+-------+------------------+
|      |Item              |Errors |Warnings |Status |Description       |
+------+------------------+-------+---------+-------+------------------+
|1     |multi_driven_nets |      0|        0|Passed |Multi driven nets |
+------+------------------+-------+---------+-------+------------------+
---------------------------------------------------------------------------------
Start Renaming Generated Instances
---------------------------------------------------------------------------------
---------------------------------------------------------------------------------
Finished Renaming Generated Instances : Time (s): cpu = 00:03:00 ; elapsed = 00:03:12 . Memory (MB): peak = 2584.816 ; gain = 1125.617 ; free physical = 87655 ; free virtual = 586973
---------------------------------------------------------------------------------

Report RTL Partitions: 
+-+--------------+------------+----------+
| |RTL Partition |Replication |Instances |
+-+--------------+------------+----------+
+-+--------------+------------+----------+
---------------------------------------------------------------------------------
Start Rebuilding User Hierarchy
---------------------------------------------------------------------------------
---------------------------------------------------------------------------------
Finished Rebuilding User Hierarchy : Time (s): cpu = 00:03:01 ; elapsed = 00:03:13 . Memory (MB): peak = 2584.816 ; gain = 1125.617 ; free physical = 87654 ; free virtual = 586973
---------------------------------------------------------------------------------
---------------------------------------------------------------------------------
Start Renaming Generated Ports
---------------------------------------------------------------------------------
---------------------------------------------------------------------------------
Finished Renaming Generated Ports : Time (s): cpu = 00:03:01 ; elapsed = 00:03:13 . Memory (MB): peak = 2584.816 ; gain = 1125.617 ; free physical = 87654 ; free virtual = 586973
---------------------------------------------------------------------------------
---------------------------------------------------------------------------------
Start Handling Custom Attributes
---------------------------------------------------------------------------------
---------------------------------------------------------------------------------
Finished Handling Custom Attributes : Time (s): cpu = 00:03:12 ; elapsed = 00:03:25 . Memory (MB): peak = 2584.816 ; gain = 1125.617 ; free physical = 87660 ; free virtual = 586978
---------------------------------------------------------------------------------
---------------------------------------------------------------------------------
Start Renaming Generated Nets
---------------------------------------------------------------------------------
---------------------------------------------------------------------------------
Finished Renaming Generated Nets : Time (s): cpu = 00:03:12 ; elapsed = 00:03:25 . Memory (MB): peak = 2584.816 ; gain = 1125.617 ; free physical = 87660 ; free virtual = 586978
---------------------------------------------------------------------------------
---------------------------------------------------------------------------------
Start Writing Synthesis Report
---------------------------------------------------------------------------------

Report BlackBoxes: 
+-+--------------+----------+
| |BlackBox name |Instances |
+-+--------------+----------+
+-+--------------+----------+

Report Cell Usage: 
+------+-----------+------+
|      |Cell       |Count |
+------+-----------+------+
|1     |LUT1       |     9|
|2     |LUT2       |   371|
|3     |LUT3       |  1572|
|4     |LUT4       |   112|
|5     |LUT5       |  1132|
|6     |LUT6       |  3982|
|7     |MUXF7      |     8|
|8     |RAMB18E1   |     1|
|9     |RAMB18E1_1 |     1|
|10    |RAMB36E1   |     2|
|11    |FDRE       |  3677|
|12    |FDSE       |     3|
+------+-----------+------+

Report Instance Areas: 
+------+--------------------------------------------------------+-----------------------------------------------+------+
|      |Instance                                                |Module                                         |Cells |
+------+--------------------------------------------------------+-----------------------------------------------+------+
|1     |top                                                     |                                               | 10870|
|2     |  U0                                                    |pqcrystals_fips202_ref_sha3_256                | 10870|
|3     |    grp_KeccakF1600_StatePer_fu_155                     |KeccakF1600_StatePer                           | 10350|
|4     |      KeccakF_RoundConstan_U                            |KeccakF1600_StatePer_KeccakF_RoundConstan      |    22|
|5     |        KeccakF1600_StatePer_KeccakF_RoundConstan_rom_U |KeccakF1600_StatePer_KeccakF_RoundConstan_rom  |    22|
|6     |    grp_keccak_absorb_fu_162                            |keccak_absorb                                  |   343|
|7     |      t_U                                               |keccak_absorb_t                                |    93|
|8     |        keccak_absorb_t_ram_U                           |keccak_absorb_t_ram                            |    93|
|9     |    out_assign_U                                        |pqcrystals_fips202_ref_sha3_256_out_assign     |    36|
|10    |      pqcrystals_fips202_ref_sha3_256_out_assign_ram_U  |pqcrystals_fips202_ref_sha3_256_out_assign_ram |    36|
|11    |    s_U                                                 |pqcrystals_fips202_ref_sha3_256_s              |     2|
|12    |      pqcrystals_fips202_ref_sha3_256_s_ram_U           |pqcrystals_fips202_ref_sha3_256_s_ram          |     2|
+------+--------------------------------------------------------+-----------------------------------------------+------+
---------------------------------------------------------------------------------
Finished Writing Synthesis Report : Time (s): cpu = 00:03:12 ; elapsed = 00:03:25 . Memory (MB): peak = 2584.816 ; gain = 1125.617 ; free physical = 87660 ; free virtual = 586978
---------------------------------------------------------------------------------
Synthesis finished with 0 errors, 0 critical warnings and 66 warnings.
Synthesis Optimization Runtime : Time (s): cpu = 00:03:01 ; elapsed = 00:03:12 . Memory (MB): peak = 2584.816 ; gain = 740.656 ; free physical = 87714 ; free virtual = 587032
Synthesis Optimization Complete : Time (s): cpu = 00:03:12 ; elapsed = 00:03:25 . Memory (MB): peak = 2584.820 ; gain = 1125.617 ; free physical = 87714 ; free virtual = 587032
INFO: [Project 1-571] Translating synthesized netlist
INFO: [Netlist 29-17] Analyzing 12 Unisim elements for replacement
INFO: [Netlist 29-28] Unisim Transformation completed in 0 CPU seconds
WARNING: [Netlist 29-101] Netlist 'bd_0_hls_inst_0' is not ideal for floorplanning, since the cellview 'KeccakF1600_StatePer' contains a large number of primitives.  Please consider enabling hierarchy in synthesis if you want to do floorplanning.
INFO: [Project 1-570] Preparing netlist for logic optimization
INFO: [Opt 31-138] Pushed 0 inverter(s) to 0 load pin(s).
Netlist sorting complete. Time (s): cpu = 00:00:00.01 ; elapsed = 00:00:00.01 . Memory (MB): peak = 2616.832 ; gain = 0.000 ; free physical = 87663 ; free virtual = 586981
INFO: [Project 1-111] Unisim Transformation Summary:
No Unisim elements were transformed.

INFO: [Common 17-83] Releasing license: Synthesis
244 Infos, 102 Warnings, 0 Critical Warnings and 0 Errors encountered.
synth_design completed successfully
synth_design: Time (s): cpu = 00:03:18 ; elapsed = 00:03:30 . Memory (MB): peak = 2616.832 ; gain = 1169.172 ; free physical = 87729 ; free virtual = 587047
Netlist sorting complete. Time (s): cpu = 00:00:00.01 ; elapsed = 00:00:00.01 . Memory (MB): peak = 2616.832 ; gain = 0.000 ; free physical = 87729 ; free virtual = 587047
WARNING: [Constraints 18-5210] No constraints selected for write.
Resolution: This message can indicate that there are no constraints for the design, or it can indicate that the used_in flags are set such that the constraints are ignored. This later case is used when running synth_design to not write synthesis constraints to the resulting checkpoint. Instead, project constraints are read when the synthesized design is opened.
INFO: [Common 17-1381] The checkpoint '/home/ds6365/SHA/solution6/impl/vhdl/project.runs/bd_0_hls_inst_0_synth_1/bd_0_hls_inst_0.dcp' has been generated.
INFO: [Coretcl 2-1648] Added synthesis output to IP cache for IP bd_0_hls_inst_0, cache-ID = 80f8b72bf9ce6283
INFO: [Coretcl 2-1174] Renamed 11 cell refs.
Netlist sorting complete. Time (s): cpu = 00:00:00.01 ; elapsed = 00:00:00 . Memory (MB): peak = 2640.848 ; gain = 0.000 ; free physical = 87716 ; free virtual = 587042
WARNING: [Constraints 18-5210] No constraints selected for write.
Resolution: This message can indicate that there are no constraints for the design, or it can indicate that the used_in flags are set such that the constraints are ignored. This later case is used when running synth_design to not write synthesis constraints to the resulting checkpoint. Instead, project constraints are read when the synthesized design is opened.
INFO: [Common 17-1381] The checkpoint '/home/ds6365/SHA/solution6/impl/vhdl/project.runs/bd_0_hls_inst_0_synth_1/bd_0_hls_inst_0.dcp' has been generated.
INFO: [runtcl-4] Executing : report_utilization -file bd_0_hls_inst_0_utilization_synth.rpt -pb bd_0_hls_inst_0_utilization_synth.pb
INFO: [Common 17-206] Exiting Vivado at Tue Apr 13 00:56:17 2021...
