

================================================================
== Vivado HLS Report for 'KeccakF1600_StatePer'
================================================================
* Date:           Mon Apr 12 23:35:40 2021

* Version:        2018.3 (Build 2405991 on Thu Dec 06 23:56:15 MST 2018)
* Project:        SHA
* Solution:       NDT_b
* Product family: artix7l
* Target device:  xc7a75tlftg256-2l


================================================================
== Performance Estimates
================================================================
+ Timing (ns): 
    * Summary: 
    +--------+-------+----------+------------+
    |  Clock | Target| Estimated| Uncertainty|
    +--------+-------+----------+------------+
    |ap_clk  |  10.00|     7.440|        1.25|
    +--------+-------+----------+------------+

+ Latency (clock cycles): 
    * Summary: 
    +-----+-----+-----+-----+---------+
    |  Latency  |  Interval | Pipeline|
    | min | max | min | max |   Type  |
    +-----+-----+-----+-----+---------+
    |   62|   62|   62|   62|   none  |
    +-----+-----+-----+-----+---------+

    + Detail: 
        * Instance: 
        N/A

        * Loop: 
        +-----------------------------------+-----+-----+----------+-----------+-----------+------+----------+
        |                                   |  Latency  | Iteration|  Initiation Interval  | Trip |          |
        |             Loop Name             | min | max |  Latency |  achieved |   target  | Count| Pipelined|
        +-----------------------------------+-----+-----+----------+-----------+-----------+------+----------+
        |- KeccakF1600_StatePermute_label1  |   36|   36|         3|          -|          -|    12|    no    |
        +-----------------------------------+-----+-----+----------+-----------+-----------+------+----------+



================================================================
== Utilization Estimates
================================================================
* Summary: 
+-----------------+---------+-------+-------+-------+
|       Name      | BRAM_18K| DSP48E|   FF  |  LUT  |
+-----------------+---------+-------+-------+-------+
|DSP              |        -|      -|      -|      -|
|Expression       |        -|      -|      0|  17930|
|FIFO             |        -|      -|      -|      -|
|Instance         |        -|      -|      -|      -|
|Memory           |        2|      -|      0|      0|
|Multiplexer      |        -|      -|      -|    743|
|Register         |        -|      -|   3495|      -|
+-----------------+---------+-------+-------+-------+
|Total            |        2|      0|   3495|  18673|
+-----------------+---------+-------+-------+-------+
|Available        |      210|    180|  94400|  47200|
+-----------------+---------+-------+-------+-------+
|Utilization (%)  |    ~0   |      0|      3|     39|
+-----------------+---------+-------+-------+-------+

+ Detail: 
    * Instance: 
    N/A

    * DSP48: 
    N/A

    * Memory: 
    +------------------------+-------------------------------------------+---------+---+----+------+-----+------+-------------+
    |         Memory         |                   Module                  | BRAM_18K| FF| LUT| Words| Bits| Banks| W*Bits*Banks|
    +------------------------+-------------------------------------------+---------+---+----+------+-----+------+-------------+
    |KeccakF_RoundConstan_U  |KeccakF1600_StatePer_KeccakF_RoundConstan  |        2|  0|   0|    24|   64|     1|         1536|
    +------------------------+-------------------------------------------+---------+---+----+------+-----+------+-------------+
    |Total                   |                                           |        2|  0|   0|    24|   64|     1|         1536|
    +------------------------+-------------------------------------------+---------+---+----+------+-----+------+-------------+

    * FIFO: 
    N/A

    * Expression: 
    +--------------------+----------+-------+---+-----+------------+------------+
    |    Variable Name   | Operation| DSP48E| FF| LUT | Bitwidth P0| Bitwidth P1|
    +--------------------+----------+-------+---+-----+------------+------------+
    |round_1_fu_1028_p2  |     +    |      0|  0|   15|           2|           5|
    |tmp_101_fu_2128_p2  |    and   |      0|  0|   71|          64|          64|
    |tmp_10_fu_1153_p2   |    and   |      0|  0|   71|          64|          64|
    |tmp_121_fu_2514_p2  |    and   |      0|  0|   71|          64|          64|
    |tmp_127_fu_2538_p2  |    and   |      0|  0|   71|          64|          64|
    |tmp_130_fu_2556_p2  |    and   |      0|  0|   71|          64|          64|
    |tmp_134_fu_2574_p2  |    and   |      0|  0|   71|          64|          64|
    |tmp_137_fu_2592_p2  |    and   |      0|  0|   71|          64|          64|
    |tmp_13_fu_1176_p2   |    and   |      0|  0|   71|          64|          64|
    |tmp_144_fu_2750_p2  |    and   |      0|  0|   71|          64|          64|
    |tmp_146_fu_2768_p2  |    and   |      0|  0|   71|          64|          64|
    |tmp_148_fu_2786_p2  |    and   |      0|  0|   71|          64|          64|
    |tmp_152_fu_2804_p2  |    and   |      0|  0|   71|          64|          64|
    |tmp_156_fu_2822_p2  |    and   |      0|  0|   71|          64|          64|
    |tmp_15_fu_1194_p2   |    and   |      0|  0|   71|          64|          64|
    |tmp_164_fu_2978_p2  |    and   |      0|  0|   71|          64|          64|
    |tmp_166_fu_2996_p2  |    and   |      0|  0|   71|          64|          64|
    |tmp_168_fu_3014_p2  |    and   |      0|  0|   71|          64|          64|
    |tmp_172_fu_3032_p2  |    and   |      0|  0|   71|          64|          64|
    |tmp_176_fu_3050_p2  |    and   |      0|  0|   71|          64|          64|
    |tmp_184_fu_3208_p2  |    and   |      0|  0|   71|          64|          64|
    |tmp_186_fu_3226_p2  |    and   |      0|  0|   71|          64|          64|
    |tmp_188_fu_3244_p2  |    and   |      0|  0|   71|          64|          64|
    |tmp_18_fu_1212_p2   |    and   |      0|  0|   71|          64|          64|
    |tmp_192_fu_3262_p2  |    and   |      0|  0|   71|          64|          64|
    |tmp_196_fu_3280_p2  |    and   |      0|  0|   71|          64|          64|
    |tmp_204_fu_3438_p2  |    and   |      0|  0|   71|          64|          64|
    |tmp_206_fu_3456_p2  |    and   |      0|  0|   71|          64|          64|
    |tmp_208_fu_3474_p2  |    and   |      0|  0|   71|          64|          64|
    |tmp_212_fu_3492_p2  |    and   |      0|  0|   71|          64|          64|
    |tmp_216_fu_3510_p2  |    and   |      0|  0|   71|          64|          64|
    |tmp_22_fu_1230_p2   |    and   |      0|  0|   71|          64|          64|
    |tmp_29_fu_1383_p2   |    and   |      0|  0|   71|          64|          64|
    |tmp_31_fu_1401_p2   |    and   |      0|  0|   71|          64|          64|
    |tmp_33_fu_1419_p2   |    and   |      0|  0|   71|          64|          64|
    |tmp_37_fu_1437_p2   |    and   |      0|  0|   71|          64|          64|
    |tmp_41_fu_1455_p2   |    and   |      0|  0|   71|          64|          64|
    |tmp_49_fu_1606_p2   |    and   |      0|  0|   71|          64|          64|
    |tmp_51_fu_1624_p2   |    and   |      0|  0|   71|          64|          64|
    |tmp_53_fu_1642_p2   |    and   |      0|  0|   71|          64|          64|
    |tmp_57_fu_1660_p2   |    and   |      0|  0|   71|          64|          64|
    |tmp_61_fu_1678_p2   |    and   |      0|  0|   71|          64|          64|
    |tmp_69_fu_1831_p2   |    and   |      0|  0|   71|          64|          64|
    |tmp_71_fu_1849_p2   |    and   |      0|  0|   71|          64|          64|
    |tmp_73_fu_1867_p2   |    and   |      0|  0|   71|          64|          64|
    |tmp_77_fu_1885_p2   |    and   |      0|  0|   71|          64|          64|
    |tmp_81_fu_1903_p2   |    and   |      0|  0|   71|          64|          64|
    |tmp_89_fu_2056_p2   |    and   |      0|  0|   71|          64|          64|
    |tmp_91_fu_2074_p2   |    and   |      0|  0|   71|          64|          64|
    |tmp_93_fu_2092_p2   |    and   |      0|  0|   71|          64|          64|
    |tmp_97_fu_2110_p2   |    and   |      0|  0|   71|          64|          64|
    |tmp_fu_756_p2       |   icmp   |      0|  0|   11|           5|           5|
    |tmp_122_fu_1017_p2  |    or    |      0|  0|   12|           5|           1|
    |Aba_2_fu_2526_p2    |    xor   |      0|  0|   71|          64|          64|
    |Aba_3_fu_1034_p2    |    xor   |      0|  0|   71|          64|          64|
    |Abe_1_fu_1467_p2    |    xor   |      0|  0|   71|          64|          64|
    |Abe_2_fu_2544_p2    |    xor   |      0|  0|   71|          64|          64|
    |Abi_1_fu_1915_p2    |    xor   |      0|  0|   71|          64|          64|
    |Abi_2_fu_2562_p2    |    xor   |      0|  0|   71|          64|          64|
    |Abo_1_fu_1242_p2    |    xor   |      0|  0|   71|          64|          64|
    |Abo_2_fu_2580_p2    |    xor   |      0|  0|   71|          64|          64|
    |Abu_1_fu_1690_p2    |    xor   |      0|  0|   71|          64|          64|
    |Abu_2_fu_2598_p2    |    xor   |      0|  0|   71|          64|          64|
    |Aga_1_fu_1717_p2    |    xor   |      0|  0|   71|          64|          64|
    |Aga_2_fu_2756_p2    |    xor   |      0|  0|   71|          64|          64|
    |Age_1_fu_1039_p2    |    xor   |      0|  0|   71|          64|          64|
    |Age_2_fu_2774_p2    |    xor   |      0|  0|   71|          64|          64|
    |Agi_1_fu_1492_p2    |    xor   |      0|  0|   71|          64|          64|
    |Agi_2_fu_2792_p2    |    xor   |      0|  0|   71|          64|          64|
    |Ago_1_fu_1942_p2    |    xor   |      0|  0|   71|          64|          64|
    |Ago_2_fu_2810_p2    |    xor   |      0|  0|   71|          64|          64|
    |Agu_1_fu_1269_p2    |    xor   |      0|  0|   71|          64|          64|
    |Agu_2_fu_2828_p2    |    xor   |      0|  0|   71|          64|          64|
    |Aka_1_fu_1296_p2    |    xor   |      0|  0|   71|          64|          64|
    |Aka_2_fu_2984_p2    |    xor   |      0|  0|   71|          64|          64|
    |Ake_1_fu_1744_p2    |    xor   |      0|  0|   71|          64|          64|
    |Ake_2_fu_3002_p2    |    xor   |      0|  0|   71|          64|          64|
    |Aki_1_fu_1066_p2    |    xor   |      0|  0|   71|          64|          64|
    |Aki_2_fu_3020_p2    |    xor   |      0|  0|   71|          64|          64|
    |Ako_1_fu_1519_p2    |    xor   |      0|  0|   71|          64|          64|
    |Ako_2_fu_3038_p2    |    xor   |      0|  0|   71|          64|          64|
    |Aku_1_fu_1969_p2    |    xor   |      0|  0|   71|          64|          64|
    |Aku_2_fu_3056_p2    |    xor   |      0|  0|   71|          64|          64|
    |Ama_1_fu_1996_p2    |    xor   |      0|  0|   71|          64|          64|
    |Ama_2_fu_3214_p2    |    xor   |      0|  0|   71|          64|          64|
    |Ame_1_fu_1323_p2    |    xor   |      0|  0|   71|          64|          64|
    |Ame_2_fu_3232_p2    |    xor   |      0|  0|   71|          64|          64|
    |Ami_1_fu_1771_p2    |    xor   |      0|  0|   71|          64|          64|
    |Ami_2_fu_3250_p2    |    xor   |      0|  0|   71|          64|          64|
    |Amo_1_fu_1093_p2    |    xor   |      0|  0|   71|          64|          64|
    |Amo_2_fu_3268_p2    |    xor   |      0|  0|   71|          64|          64|
    |Amu_1_fu_1546_p2    |    xor   |      0|  0|   71|          64|          64|
    |Amu_2_fu_3286_p2    |    xor   |      0|  0|   71|          64|          64|
    |Asa_1_fu_1573_p2    |    xor   |      0|  0|   71|          64|          64|
    |Asa_2_fu_3444_p2    |    xor   |      0|  0|   71|          64|          64|
    |Ase_1_fu_2023_p2    |    xor   |      0|  0|   71|          64|          64|
    |Ase_2_fu_3462_p2    |    xor   |      0|  0|   71|          64|          64|
    |Asi_1_fu_1350_p2    |    xor   |      0|  0|   71|          64|          64|
    |Asi_2_fu_3480_p2    |    xor   |      0|  0|   71|          64|          64|
    |Aso_1_fu_1798_p2    |    xor   |      0|  0|   71|          64|          64|
    |Aso_2_fu_3498_p2    |    xor   |      0|  0|   71|          64|          64|
    |Asu_1_fu_1120_p2    |    xor   |      0|  0|   71|          64|          64|
    |Asu_2_fu_3516_p2    |    xor   |      0|  0|   71|          64|          64|
    |BCa_6_fu_2158_p2    |    xor   |      0|  0|   71|          64|          64|
    |BCa_fu_785_p2       |    xor   |      0|  0|   71|          64|          64|
    |BCe_6_fu_2182_p2    |    xor   |      0|  0|   71|          64|          64|
    |BCe_fu_809_p2       |    xor   |      0|  0|   71|          64|          64|
    |BCi_6_fu_2206_p2    |    xor   |      0|  0|   71|          64|          64|
    |BCi_fu_833_p2       |    xor   |      0|  0|   71|          64|          64|
    |BCo_6_fu_2230_p2    |    xor   |      0|  0|   71|          64|          64|
    |BCo_fu_857_p2       |    xor   |      0|  0|   71|          64|          64|
    |BCu_6_fu_2254_p2    |    xor   |      0|  0|   71|          64|          64|
    |BCu_fu_881_p2       |    xor   |      0|  0|   71|          64|          64|
    |Da_1_fu_2280_p2     |    xor   |      0|  0|   71|          64|          64|
    |Da_fu_907_p2        |    xor   |      0|  0|   71|          64|          64|
    |De_1_fu_2306_p2     |    xor   |      0|  0|   71|          64|          64|
    |De_fu_933_p2        |    xor   |      0|  0|   71|          64|          64|
    |Di_1_fu_2332_p2     |    xor   |      0|  0|   71|          64|          64|
    |Di_fu_959_p2        |    xor   |      0|  0|   71|          64|          64|
    |Do_1_fu_2358_p2     |    xor   |      0|  0|   71|          64|          64|
    |Do_fu_985_p2        |    xor   |      0|  0|   71|          64|          64|
    |Du_1_fu_2384_p2     |    xor   |      0|  0|   71|          64|          64|
    |Du_fu_1011_p2       |    xor   |      0|  0|   71|          64|          64|
    |Eba_2_fu_2390_p2    |    xor   |      0|  0|   71|          64|          64|
    |Eba_fu_1165_p2      |    xor   |      0|  0|   71|          64|          64|
    |Ebe_1_fu_2834_p2    |    xor   |      0|  0|   71|          64|          64|
    |Ebe_fu_1182_p2      |    xor   |      0|  0|   71|          64|          64|
    |Ebi_1_fu_3292_p2    |    xor   |      0|  0|   71|          64|          64|
    |Ebi_fu_1200_p2      |    xor   |      0|  0|   71|          64|          64|
    |Ebo_1_fu_2604_p2    |    xor   |      0|  0|   71|          64|          64|
    |Ebo_fu_1218_p2      |    xor   |      0|  0|   71|          64|          64|
    |Ebu_1_fu_3062_p2    |    xor   |      0|  0|   71|          64|          64|
    |Ebu_fu_1236_p2      |    xor   |      0|  0|   71|          64|          64|
    |Ega_1_fu_3090_p2    |    xor   |      0|  0|   71|          64|          64|
    |Ega_fu_1389_p2      |    xor   |      0|  0|   71|          64|          64|
    |Ege_1_fu_2396_p2    |    xor   |      0|  0|   71|          64|          64|
    |Ege_fu_1407_p2      |    xor   |      0|  0|   71|          64|          64|
    |Egi_1_fu_2860_p2    |    xor   |      0|  0|   71|          64|          64|
    |Egi_fu_1425_p2      |    xor   |      0|  0|   71|          64|          64|
    |Ego_1_fu_3320_p2    |    xor   |      0|  0|   71|          64|          64|
    |Ego_fu_1443_p2      |    xor   |      0|  0|   71|          64|          64|
    |Egu_1_fu_2632_p2    |    xor   |      0|  0|   71|          64|          64|
    |Egu_fu_1461_p2      |    xor   |      0|  0|   71|          64|          64|
    |Eka_1_fu_2660_p2    |    xor   |      0|  0|   71|          64|          64|
    |Eka_fu_1612_p2      |    xor   |      0|  0|   71|          64|          64|
    |Eke_1_fu_3118_p2    |    xor   |      0|  0|   71|          64|          64|
    |Eke_fu_1630_p2      |    xor   |      0|  0|   71|          64|          64|
    |Eki_1_fu_2424_p2    |    xor   |      0|  0|   71|          64|          64|
    |Eki_fu_1648_p2      |    xor   |      0|  0|   71|          64|          64|
    |Eko_1_fu_2888_p2    |    xor   |      0|  0|   71|          64|          64|
    |Eko_fu_1666_p2      |    xor   |      0|  0|   71|          64|          64|
    |Eku_1_fu_3348_p2    |    xor   |      0|  0|   71|          64|          64|
    |Eku_fu_1684_p2      |    xor   |      0|  0|   71|          64|          64|
    |Ema_1_fu_3376_p2    |    xor   |      0|  0|   71|          64|          64|
    |Ema_fu_1837_p2      |    xor   |      0|  0|   71|          64|          64|
    |Eme_1_fu_2688_p2    |    xor   |      0|  0|   71|          64|          64|
    |Eme_fu_1855_p2      |    xor   |      0|  0|   71|          64|          64|
    |Emi_1_fu_3146_p2    |    xor   |      0|  0|   71|          64|          64|
    |Emi_fu_1873_p2      |    xor   |      0|  0|   71|          64|          64|
    |Emo_1_fu_2452_p2    |    xor   |      0|  0|   71|          64|          64|
    |Emo_fu_1891_p2      |    xor   |      0|  0|   71|          64|          64|
    |Emu_1_fu_2916_p2    |    xor   |      0|  0|   71|          64|          64|
    |Emu_fu_1909_p2      |    xor   |      0|  0|   71|          64|          64|
    |Esa_1_fu_2944_p2    |    xor   |      0|  0|   71|          64|          64|
    |Esa_fu_2062_p2      |    xor   |      0|  0|   71|          64|          64|
    |Ese_1_fu_3404_p2    |    xor   |      0|  0|   71|          64|          64|
    |Ese_fu_2080_p2      |    xor   |      0|  0|   71|          64|          64|
    |Esi_1_fu_2716_p2    |    xor   |      0|  0|   71|          64|          64|
    |Esi_fu_2098_p2      |    xor   |      0|  0|   71|          64|          64|
    |Eso_1_fu_3174_p2    |    xor   |      0|  0|   71|          64|          64|
    |Eso_fu_2116_p2      |    xor   |      0|  0|   71|          64|          64|
    |Esu_1_fu_2480_p2    |    xor   |      0|  0|   71|          64|          64|
    |Esu_fu_2134_p2      |    xor   |      0|  0|   71|          64|          64|
    |tmp10_fu_839_p2     |    xor   |      0|  0|   71|          64|          64|
    |tmp11_fu_845_p2     |    xor   |      0|  0|   71|          64|          64|
    |tmp12_fu_851_p2     |    xor   |      0|  0|   71|          64|          64|
    |tmp13_fu_863_p2     |    xor   |      0|  0|   71|          64|          64|
    |tmp14_fu_869_p2     |    xor   |      0|  0|   71|          64|          64|
    |tmp15_fu_875_p2     |    xor   |      0|  0|   71|          64|          64|
    |tmp16_fu_1159_p2    |    xor   |      0|  0|   71|          64|          64|
    |tmp17_fu_2140_p2    |    xor   |      0|  0|   71|          64|          64|
    |tmp18_fu_2146_p2    |    xor   |      0|  0|   71|          64|          64|
    |tmp19_fu_2152_p2    |    xor   |      0|  0|   71|          64|          64|
    |tmp1_fu_797_p2      |    xor   |      0|  0|   71|          64|          64|
    |tmp20_fu_2164_p2    |    xor   |      0|  0|   71|          64|          64|
    |tmp21_fu_2170_p2    |    xor   |      0|  0|   71|          64|          64|
    |tmp22_fu_2176_p2    |    xor   |      0|  0|   71|          64|          64|
    |tmp23_fu_2188_p2    |    xor   |      0|  0|   71|          64|          64|
    |tmp24_fu_2194_p2    |    xor   |      0|  0|   71|          64|          64|
    |tmp25_fu_2200_p2    |    xor   |      0|  0|   71|          64|          64|
    |tmp26_fu_2212_p2    |    xor   |      0|  0|   71|          64|          64|
    |tmp27_fu_2218_p2    |    xor   |      0|  0|   71|          64|          64|
    |tmp28_fu_2224_p2    |    xor   |      0|  0|   71|          64|          64|
    |tmp29_fu_2236_p2    |    xor   |      0|  0|   71|          64|          64|
    |tmp2_fu_815_p2      |    xor   |      0|  0|   71|          64|          64|
    |tmp30_fu_2242_p2    |    xor   |      0|  0|   71|          64|          64|
    |tmp31_fu_2248_p2    |    xor   |      0|  0|   71|          64|          64|
    |tmp32_fu_2520_p2    |    xor   |      0|  0|   71|          64|          64|
    |tmp3_fu_767_p2      |    xor   |      0|  0|   71|          64|          64|
    |tmp4_fu_779_p2      |    xor   |      0|  0|   71|          64|          64|
    |tmp5_fu_773_p2      |    xor   |      0|  0|   71|          64|          64|
    |tmp6_fu_821_p2      |    xor   |      0|  0|   71|          64|          64|
    |tmp7_fu_827_p2      |    xor   |      0|  0|   71|          64|          64|
    |tmp8_fu_791_p2      |    xor   |      0|  0|   71|          64|          64|
    |tmp9_fu_803_p2      |    xor   |      0|  0|   71|          64|          64|
    |tmp_119_fu_2508_p2  |    xor   |      0|  0|   71|           2|          64|
    |tmp_125_fu_2532_p2  |    xor   |      0|  0|   71|           2|          64|
    |tmp_128_fu_2550_p2  |    xor   |      0|  0|   71|           2|          64|
    |tmp_12_fu_1170_p2   |    xor   |      0|  0|   71|           2|          64|
    |tmp_132_fu_2568_p2  |    xor   |      0|  0|   71|           2|          64|
    |tmp_136_fu_2586_p2  |    xor   |      0|  0|   71|           2|          64|
    |tmp_143_fu_2744_p2  |    xor   |      0|  0|   71|           2|          64|
    |tmp_145_fu_2762_p2  |    xor   |      0|  0|   71|           2|          64|
    |tmp_147_fu_2780_p2  |    xor   |      0|  0|   71|           2|          64|
    |tmp_14_fu_1188_p2   |    xor   |      0|  0|   71|           2|          64|
    |tmp_150_fu_2798_p2  |    xor   |      0|  0|   71|           2|          64|
    |tmp_154_fu_2816_p2  |    xor   |      0|  0|   71|           2|          64|
    |tmp_162_fu_2972_p2  |    xor   |      0|  0|   71|           2|          64|
    |tmp_165_fu_2990_p2  |    xor   |      0|  0|   71|           2|          64|
    |tmp_167_fu_3008_p2  |    xor   |      0|  0|   71|           2|          64|
    |tmp_16_fu_1206_p2   |    xor   |      0|  0|   71|           2|          64|
    |tmp_170_fu_3026_p2  |    xor   |      0|  0|   71|           2|          64|
    |tmp_174_fu_3044_p2  |    xor   |      0|  0|   71|           2|          64|
    |tmp_183_fu_3202_p2  |    xor   |      0|  0|   71|           2|          64|
    |tmp_185_fu_3220_p2  |    xor   |      0|  0|   71|           2|          64|
    |tmp_187_fu_3238_p2  |    xor   |      0|  0|   71|           2|          64|
    |tmp_190_fu_3256_p2  |    xor   |      0|  0|   71|           2|          64|
    |tmp_194_fu_3274_p2  |    xor   |      0|  0|   71|           2|          64|
    |tmp_203_fu_3432_p2  |    xor   |      0|  0|   71|           2|          64|
    |tmp_205_fu_3450_p2  |    xor   |      0|  0|   71|           2|          64|
    |tmp_207_fu_3468_p2  |    xor   |      0|  0|   71|           2|          64|
    |tmp_20_fu_1224_p2   |    xor   |      0|  0|   71|           2|          64|
    |tmp_210_fu_3486_p2  |    xor   |      0|  0|   71|           2|          64|
    |tmp_214_fu_3504_p2  |    xor   |      0|  0|   71|           2|          64|
    |tmp_28_fu_1377_p2   |    xor   |      0|  0|   71|           2|          64|
    |tmp_30_fu_1395_p2   |    xor   |      0|  0|   71|           2|          64|
    |tmp_32_fu_1413_p2   |    xor   |      0|  0|   71|           2|          64|
    |tmp_35_fu_1431_p2   |    xor   |      0|  0|   71|           2|          64|
    |tmp_39_fu_1449_p2   |    xor   |      0|  0|   71|           2|          64|
    |tmp_47_fu_1600_p2   |    xor   |      0|  0|   71|           2|          64|
    |tmp_50_fu_1618_p2   |    xor   |      0|  0|   71|           2|          64|
    |tmp_52_fu_1636_p2   |    xor   |      0|  0|   71|           2|          64|
    |tmp_55_fu_1654_p2   |    xor   |      0|  0|   71|           2|          64|
    |tmp_59_fu_1672_p2   |    xor   |      0|  0|   71|           2|          64|
    |tmp_68_fu_1825_p2   |    xor   |      0|  0|   71|           2|          64|
    |tmp_70_fu_1843_p2   |    xor   |      0|  0|   71|           2|          64|
    |tmp_72_fu_1861_p2   |    xor   |      0|  0|   71|           2|          64|
    |tmp_75_fu_1879_p2   |    xor   |      0|  0|   71|           2|          64|
    |tmp_79_fu_1897_p2   |    xor   |      0|  0|   71|           2|          64|
    |tmp_7_fu_1147_p2    |    xor   |      0|  0|   71|           2|          64|
    |tmp_88_fu_2050_p2   |    xor   |      0|  0|   71|           2|          64|
    |tmp_90_fu_2068_p2   |    xor   |      0|  0|   71|           2|          64|
    |tmp_92_fu_2086_p2   |    xor   |      0|  0|   71|           2|          64|
    |tmp_95_fu_2104_p2   |    xor   |      0|  0|   71|           2|          64|
    |tmp_99_fu_2122_p2   |    xor   |      0|  0|   71|           2|          64|
    +--------------------+----------+-------+---+-----+------------+------------+
    |Total               |          |      0|  0|17930|       13040|       16139|
    +--------------------+----------+-------+---+-----+------------+------------+

    * Multiplexer: 
    +-------------------------------+-----+-----------+-----+-----------+
    |              Name             | LUT | Input Size| Bits| Total Bits|
    +-------------------------------+-----+-----------+-----+-----------+
    |Aba1_reg_722                   |    9|          2|   64|        128|
    |Abe1_reg_711                   |    9|          2|   64|        128|
    |Abi1_reg_700                   |    9|          2|   64|        128|
    |Abo1_reg_689                   |    9|          2|   64|        128|
    |Abu1_reg_678                   |    9|          2|   64|        128|
    |Aga1_reg_667                   |    9|          2|   64|        128|
    |Age1_reg_656                   |    9|          2|   64|        128|
    |Agi1_reg_645                   |    9|          2|   64|        128|
    |Ago1_reg_634                   |    9|          2|   64|        128|
    |Agu1_reg_623                   |    9|          2|   64|        128|
    |Aka1_reg_612                   |    9|          2|   64|        128|
    |Ake1_reg_601                   |    9|          2|   64|        128|
    |Aki1_reg_590                   |    9|          2|   64|        128|
    |Ako1_reg_579                   |    9|          2|   64|        128|
    |Aku1_reg_568                   |    9|          2|   64|        128|
    |Ama1_reg_557                   |    9|          2|   64|        128|
    |Ame1_reg_546                   |    9|          2|   64|        128|
    |Ami1_reg_535                   |    9|          2|   64|        128|
    |Amo1_reg_524                   |    9|          2|   64|        128|
    |Amu1_reg_513                   |    9|          2|   64|        128|
    |Asa1_reg_502                   |    9|          2|   64|        128|
    |Ase1_reg_491                   |    9|          2|   64|        128|
    |Asi1_reg_480                   |    9|          2|   64|        128|
    |Aso1_reg_469                   |    9|          2|   64|        128|
    |Asu1_reg_745                   |    9|          2|   64|        128|
    |KeccakF_RoundConstan_address0  |   15|          3|    5|         15|
    |ap_NS_fsm                      |  137|         30|    1|         30|
    |round_reg_733                  |    9|          2|    5|         10|
    |state_address0                 |  121|         26|    5|        130|
    |state_address1                 |  121|         26|    5|        130|
    |state_d0                       |   56|         13|   64|        832|
    |state_d1                       |   59|         14|   64|        896|
    +-------------------------------+-----+-----------+-----+-----------+
    |Total                          |  743|        164| 1749|       5243|
    +-------------------------------+-----+-----------+-----+-----------+

    * Register: 
    +---------------------------------+----+----+-----+-----------+
    |               Name              | FF | LUT| Bits| Const Bits|
    +---------------------------------+----+----+-----+-----------+
    |Aba1_reg_722                     |  64|   0|   64|          0|
    |Aba_reg_3528                     |  64|   0|   64|          0|
    |Abe1_reg_711                     |  64|   0|   64|          0|
    |Abe_reg_3543                     |  64|   0|   64|          0|
    |Abi1_reg_700                     |  64|   0|   64|          0|
    |Abi_reg_3548                     |  64|   0|   64|          0|
    |Abo1_reg_689                     |  64|   0|   64|          0|
    |Abo_reg_3565                     |  64|   0|   64|          0|
    |Abu1_reg_678                     |  64|   0|   64|          0|
    |Abu_reg_3570                     |  64|   0|   64|          0|
    |Aga1_reg_667                     |  64|   0|   64|          0|
    |Aga_reg_3587                     |  64|   0|   64|          0|
    |Age1_reg_656                     |  64|   0|   64|          0|
    |Age_reg_3592                     |  64|   0|   64|          0|
    |Agi1_reg_645                     |  64|   0|   64|          0|
    |Agi_reg_3609                     |  64|   0|   64|          0|
    |Ago1_reg_634                     |  64|   0|   64|          0|
    |Ago_reg_3614                     |  64|   0|   64|          0|
    |Agu1_reg_623                     |  64|   0|   64|          0|
    |Agu_reg_3631                     |  64|   0|   64|          0|
    |Aka1_reg_612                     |  64|   0|   64|          0|
    |Aka_reg_3636                     |  64|   0|   64|          0|
    |Ake1_reg_601                     |  64|   0|   64|          0|
    |Ake_reg_3653                     |  64|   0|   64|          0|
    |Aki1_reg_590                     |  64|   0|   64|          0|
    |Aki_reg_3658                     |  64|   0|   64|          0|
    |Ako1_reg_579                     |  64|   0|   64|          0|
    |Ako_reg_3675                     |  64|   0|   64|          0|
    |Aku1_reg_568                     |  64|   0|   64|          0|
    |Aku_reg_3680                     |  64|   0|   64|          0|
    |Ama1_reg_557                     |  64|   0|   64|          0|
    |Ama_reg_3697                     |  64|   0|   64|          0|
    |Ame1_reg_546                     |  64|   0|   64|          0|
    |Ame_reg_3702                     |  64|   0|   64|          0|
    |Ami1_reg_535                     |  64|   0|   64|          0|
    |Ami_reg_3719                     |  64|   0|   64|          0|
    |Amo1_reg_524                     |  64|   0|   64|          0|
    |Amo_reg_3724                     |  64|   0|   64|          0|
    |Amu1_reg_513                     |  64|   0|   64|          0|
    |Amu_reg_3741                     |  64|   0|   64|          0|
    |Asa1_reg_502                     |  64|   0|   64|          0|
    |Asa_reg_3746                     |  64|   0|   64|          0|
    |Ase1_reg_491                     |  64|   0|   64|          0|
    |Ase_reg_3763                     |  64|   0|   64|          0|
    |Asi1_reg_480                     |  64|   0|   64|          0|
    |Asi_reg_3768                     |  64|   0|   64|          0|
    |Aso1_reg_469                     |  64|   0|   64|          0|
    |Asu1_reg_745                     |  64|   0|   64|          0|
    |Da_reg_3803                      |  64|   0|   64|          0|
    |De_reg_3812                      |  64|   0|   64|          0|
    |Di_reg_3821                      |  64|   0|   64|          0|
    |Do_reg_3830                      |  64|   0|   64|          0|
    |Du_reg_3839                      |  64|   0|   64|          0|
    |KeccakF_RoundConstan_2_reg_3848  |  64|   0|   64|          0|
    |ap_CS_fsm                        |  29|   0|   29|          0|
    |round_1_reg_3858                 |   5|   0|    5|          0|
    |round_reg_733                    |   5|   0|    5|          0|
    +---------------------------------+----+----+-----+-----------+
    |Total                            |3495|   0| 3495|          0|
    +---------------------------------+----+----+-----+-----------+



================================================================
== Interface
================================================================
* Summary: 
+----------------+-----+-----+------------+----------------------+--------------+
|    RTL Ports   | Dir | Bits|  Protocol  |     Source Object    |    C Type    |
+----------------+-----+-----+------------+----------------------+--------------+
|ap_clk          |  in |    1| ap_ctrl_hs | KeccakF1600_StatePer | return value |
|ap_rst          |  in |    1| ap_ctrl_hs | KeccakF1600_StatePer | return value |
|ap_start        |  in |    1| ap_ctrl_hs | KeccakF1600_StatePer | return value |
|ap_done         | out |    1| ap_ctrl_hs | KeccakF1600_StatePer | return value |
|ap_idle         | out |    1| ap_ctrl_hs | KeccakF1600_StatePer | return value |
|ap_ready        | out |    1| ap_ctrl_hs | KeccakF1600_StatePer | return value |
|state_address0  | out |    5|  ap_memory |         state        |     array    |
|state_ce0       | out |    1|  ap_memory |         state        |     array    |
|state_we0       | out |    1|  ap_memory |         state        |     array    |
|state_d0        | out |   64|  ap_memory |         state        |     array    |
|state_q0        |  in |   64|  ap_memory |         state        |     array    |
|state_address1  | out |    5|  ap_memory |         state        |     array    |
|state_ce1       | out |    1|  ap_memory |         state        |     array    |
|state_we1       | out |    1|  ap_memory |         state        |     array    |
|state_d1        | out |   64|  ap_memory |         state        |     array    |
|state_q1        |  in |   64|  ap_memory |         state        |     array    |
+----------------+-----+-----+------------+----------------------+--------------+

