==============================================================
File generated on Mon Apr 19 05:22:49 EDT 2021
Vivado(TM) HLS - High-Level Synthesis from C, C++ and SystemC v2018.3 (64-bit)
SW Build 2405991 on Thu Dec  6 23:36:41 MST 2018
IP Build 2404404 on Fri Dec  7 01:43:56 MST 2018
Copyright 1986-2018 Xilinx, Inc. All Rights Reserved.
==============================================================
INFO: [SYN 201-201] Setting up clock 'default' with a period of 15ns.
INFO: [SYN 201-201] Setting up clock 'default' with an uncertainty of 1.875ns.
INFO: [HLS 200-10] Setting target device to 'xc7a75tlftg256-2l'
INFO: [SCHED 204-61] Option 'relax_ii_for_timing' is enabled, will increase II to preserve clock frequency constraints.
INFO: [HLS 200-10] Analyzing design file 'fips202.c' ... 
INFO: [HLS 200-111] Finished Linking Time (s): cpu = 00:00:10 ; elapsed = 00:00:11 . Memory (MB): peak = 541.465 ; gain = 4.219 ; free physical = 3212 ; free virtual = 589863
INFO: [HLS 200-111] Finished Checking Pragmas Time (s): cpu = 00:00:10 ; elapsed = 00:00:11 . Memory (MB): peak = 541.465 ; gain = 4.219 ; free physical = 3212 ; free virtual = 589864
INFO: [HLS 200-10] Starting code transformations ...
INFO: [HLS 200-111] Finished Standard Transforms Time (s): cpu = 00:00:12 ; elapsed = 00:00:13 . Memory (MB): peak = 541.465 ; gain = 4.219 ; free physical = 3210 ; free virtual = 589861
INFO: [HLS 200-10] Checking synthesizability ...
INFO: [XFORM 203-602] Inlining function 'load64.1' into 'keccak_absorb' (fips202.c:380) automatically.
INFO: [XFORM 203-602] Inlining function 'load64' into 'keccak_absorb' (fips202.c:394) automatically.
INFO: [XFORM 203-602] Inlining function 'store64' into 'keccak_squeezeblocks' (fips202.c:440) automatically.
INFO: [HLS 200-111] Finished Checking Synthesizability Time (s): cpu = 00:00:12 ; elapsed = 00:00:13 . Memory (MB): peak = 541.465 ; gain = 4.219 ; free physical = 3209 ; free virtual = 589861
WARNING: [XFORM 203-505] Ignore pipeline pragma in Loop whose tripcount is only 1 (fips202.c:439) in function 'keccak_squeezeblocks'.
INFO: [HLS 200-489] Unrolling loop 'pqcrystals_fips202_ref_sha3_256_label2' (fips202.c:465) in function 'pqcrystals_fips202_ref_sha3_256' completely with a factor of 32.
INFO: [HLS 200-489] Unrolling loop 'keccak_squeezeblocks_label3' (fips202.c:436) in function 'keccak_squeezeblocks' completely with a factor of 1.
INFO: [HLS 200-489] Unrolling loop 'keccak_absorb_label6' (fips202.c:374) in function 'keccak_absorb' completely with a factor of 25.
INFO: [XFORM 203-501] Unrolling loop 'keccak_absorb_label4' (fips202.c:388) in function 'keccak_absorb' partially with a factor of 2.
INFO: [XFORM 203-501] Unrolling loop 'keccak_absorb_label5' (fips202.c:394) in function 'keccak_absorb' partially with a factor of 2.
INFO: [HLS 200-489] Unrolling loop 'store64_label1' (fips202.c:46) in function 'store64' completely with a factor of 8.
INFO: [HLS 200-489] Unrolling loop 'load64_label0' (fips202.c:29) in function 'load64' completely with a factor of 8.
INFO: [HLS 200-489] Unrolling loop 'load64_label0' (fips202.c:29) in function 'load64.1' completely with a factor of 8.
INFO: [XFORM 203-602] Inlining function 'load64.1' into 'keccak_absorb' (fips202.c:380) automatically.
INFO: [XFORM 203-602] Inlining function 'load64' into 'keccak_absorb' (fips202.c:394) automatically.
INFO: [XFORM 203-602] Inlining function 'store64' into 'keccak_squeezeblocks' (fips202.c:440) automatically.
INFO: [XFORM 203-602] Inlining function 'keccak_squeezeblocks' into 'pqcrystals_fips202_ref_sha3_256' (fips202.c:462) automatically.
INFO: [XFORM 203-11] Balancing expressions in function 'KeccakF1600_StatePermute' (fips202.c:85)...70 expression(s) balanced.
INFO: [HLS 200-111] Finished Pre-synthesis Time (s): cpu = 00:00:13 ; elapsed = 00:00:15 . Memory (MB): peak = 669.379 ; gain = 132.133 ; free physical = 3185 ; free virtual = 589837
WARNING: [XFORM 203-631] Renaming function 'KeccakF1600_StatePermute' to 'KeccakF1600_StatePer' (fips202.c:85:1)
INFO: [HLS 200-111] Finished Architecture Synthesis Time (s): cpu = 00:00:15 ; elapsed = 00:00:16 . Memory (MB): peak = 669.379 ; gain = 132.133 ; free physical = 3173 ; free virtual = 589825
INFO: [HLS 200-10] Starting hardware synthesis ...
INFO: [HLS 200-10] Synthesizing 'pqcrystals_fips202_ref_sha3_256' ...
WARNING: [SYN 201-107] Renaming port name 'pqcrystals_fips202_ref_sha3_256/IN' to 'pqcrystals_fips202_ref_sha3_256/IN_r' to avoid the conflict with HDL keywords or other object names.
INFO: [HLS 200-10] ----------------------------------------------------------------
INFO: [HLS 200-42] -- Implementing module 'KeccakF1600_StatePer' 
INFO: [HLS 200-10] ----------------------------------------------------------------
INFO: [SCHED 204-11] Starting scheduling ...
INFO: [SCHED 204-61] Pipelining loop 'KeccakF1600_StatePermute_label1'.
INFO: [SCHED 204-61] Pipelining result : Target II = 1, Final II = 1, Depth = 2.
INFO: [SCHED 204-11] Finished scheduling.
INFO: [HLS 200-111]  Elapsed time: 17.33 seconds; current allocated memory: 92.777 MB.
INFO: [BIND 205-100] Starting micro-architecture generation ...
INFO: [BIND 205-101] Performing variable lifetime analysis.
INFO: [BIND 205-101] Exploring resource sharing.
INFO: [BIND 205-101] Binding ...
INFO: [BIND 205-100] Finished micro-architecture generation.
INFO: [HLS 200-111]  Elapsed time: 1.03 seconds; current allocated memory: 94.793 MB.
INFO: [HLS 200-10] ----------------------------------------------------------------
INFO: [HLS 200-42] -- Implementing module 'keccak_absorb' 
INFO: [HLS 200-10] ----------------------------------------------------------------
INFO: [SCHED 204-11] Starting scheduling ...
INFO: [SCHED 204-11] Finished scheduling.
INFO: [HLS 200-111]  Elapsed time: 1.71 seconds; current allocated memory: 95.672 MB.
INFO: [HLS 200-434] Only 0 loops out of a total 5 loops have been pipelined in this design.
INFO: [BIND 205-100] Starting micro-architecture generation ...
INFO: [BIND 205-101] Performing variable lifetime analysis.
INFO: [BIND 205-101] Exploring resource sharing.
INFO: [BIND 205-101] Binding ...
INFO: [BIND 205-100] Finished micro-architecture generation.
INFO: [HLS 200-111]  Elapsed time: 0.84 seconds; current allocated memory: 96.625 MB.
INFO: [HLS 200-10] ----------------------------------------------------------------
INFO: [HLS 200-42] -- Implementing module 'pqcrystals_fips202_ref_sha3_256' 
INFO: [HLS 200-10] ----------------------------------------------------------------
INFO: [SCHED 204-11] Starting scheduling ...
INFO: [SCHED 204-11] Finished scheduling.
INFO: [HLS 200-111]  Elapsed time: 1.58 seconds; current allocated memory: 97.403 MB.
INFO: [BIND 205-100] Starting micro-architecture generation ...
INFO: [BIND 205-101] Performing variable lifetime analysis.
INFO: [BIND 205-101] Exploring resource sharing.
INFO: [BIND 205-101] Binding ...
INFO: [BIND 205-100] Finished micro-architecture generation.
INFO: [HLS 200-111]  Elapsed time: 1.67 seconds; current allocated memory: 98.358 MB.
INFO: [HLS 200-10] ----------------------------------------------------------------
INFO: [HLS 200-10] -- Generating RTL for module 'KeccakF1600_StatePer' 
INFO: [HLS 200-10] ----------------------------------------------------------------
INFO: [RTGEN 206-100] Finished creating RTL model for 'KeccakF1600_StatePer'.
INFO: [HLS 200-111]  Elapsed time: 2.49 seconds; current allocated memory: 102.048 MB.
INFO: [HLS 200-10] ----------------------------------------------------------------
INFO: [HLS 200-10] -- Generating RTL for module 'keccak_absorb' 
INFO: [HLS 200-10] ----------------------------------------------------------------
INFO: [RTGEN 206-100] Finished creating RTL model for 'keccak_absorb'.
INFO: [HLS 200-111]  Elapsed time: 3.59 seconds; current allocated memory: 112.031 MB.
INFO: [HLS 200-10] ----------------------------------------------------------------
INFO: [HLS 200-10] -- Generating RTL for module 'pqcrystals_fips202_ref_sha3_256' 
INFO: [HLS 200-10] ----------------------------------------------------------------
INFO: [RTGEN 206-500] Setting interface mode on port 'pqcrystals_fips202_ref_sha3_256/h' to 'ap_memory'.
INFO: [RTGEN 206-500] Setting interface mode on port 'pqcrystals_fips202_ref_sha3_256/IN_r' to 'ap_memory'.
INFO: [RTGEN 206-500] Setting interface mode on port 'pqcrystals_fips202_ref_sha3_256/inlen' to 'ap_none'.
INFO: [RTGEN 206-500] Setting interface mode on function 'pqcrystals_fips202_ref_sha3_256' to 'ap_ctrl_hs'.
INFO: [RTGEN 206-100] Finished creating RTL model for 'pqcrystals_fips202_ref_sha3_256'.
==============================================================
File generated on Mon Apr 19 05:23:44 EDT 2021
Vivado(TM) HLS - High-Level Synthesis from C, C++ and SystemC v2018.3 (64-bit)
SW Build 2405991 on Thu Dec  6 23:36:41 MST 2018
IP Build 2404404 on Fri Dec  7 01:43:56 MST 2018
Copyright 1986-2018 Xilinx, Inc. All Rights Reserved.
==============================================================
