INFO: [XSIM 43-3496] Using init file passed via -initfile option "/opt/Xilinx2018/Vivado/2018.3/data/xsim/ip/xsim_ip.ini".
Vivado Simulator 2018.3
Copyright 1986-1999, 2001-2018 Xilinx, Inc. All Rights Reserved.
Running: /opt/Xilinx2018/Vivado/2018.3/bin/unwrapped/lnx64.o/xelab xil_defaultlib.apatb_pqcrystals_fips202_ref_sha3_512_top glbl -prj pqcrystals_fips202_ref_sha3_512.prj -L smartconnect_v1_0 -L axi_protocol_checker_v1_1_12 -L axi_protocol_checker_v1_1_13 -L axis_protocol_checker_v1_1_11 -L axis_protocol_checker_v1_1_12 -L xil_defaultlib -L unisims_ver -L xpm --initfile /opt/Xilinx2018/Vivado/2018.3/data/xsim/ip/xsim_ip.ini --lib ieee_proposed=./ieee_proposed -s pqcrystals_fips202_ref_sha3_512 
Multi-threading is on. Using 126 slave threads.
INFO: [VRFC 10-2263] Analyzing SystemVerilog file "/home/ds6365/SHA/solution1/sim/verilog/glbl.v" into library work
INFO: [VRFC 10-311] analyzing module glbl
INFO: [VRFC 10-2263] Analyzing SystemVerilog file "/home/ds6365/SHA/solution1/sim/verilog/pqcrystals_fips202_ref_sha3_512.autotb.v" into library xil_defaultlib
INFO: [VRFC 10-311] analyzing module apatb_pqcrystals_fips202_ref_sha3_512_top
INFO: [VRFC 10-2263] Analyzing SystemVerilog file "/home/ds6365/SHA/solution1/sim/verilog/AESL_automem_h.v" into library xil_defaultlib
INFO: [VRFC 10-311] analyzing module AESL_automem_h
INFO: [VRFC 10-2263] Analyzing SystemVerilog file "/home/ds6365/SHA/solution1/sim/verilog/AESL_automem_in_r.v" into library xil_defaultlib
INFO: [VRFC 10-311] analyzing module AESL_automem_in_r
INFO: [VRFC 10-2263] Analyzing SystemVerilog file "/home/ds6365/SHA/solution1/sim/verilog/load64_1.v" into library xil_defaultlib
INFO: [VRFC 10-311] analyzing module load64_1
INFO: [VRFC 10-2263] Analyzing SystemVerilog file "/home/ds6365/SHA/solution1/sim/verilog/KeccakF1600_StatePer.v" into library xil_defaultlib
INFO: [VRFC 10-311] analyzing module KeccakF1600_StatePer
INFO: [VRFC 10-2263] Analyzing SystemVerilog file "/home/ds6365/SHA/solution1/sim/verilog/load64.v" into library xil_defaultlib
INFO: [VRFC 10-311] analyzing module load64
INFO: [VRFC 10-2263] Analyzing SystemVerilog file "/home/ds6365/SHA/solution1/sim/verilog/keccak_absorb.v" into library xil_defaultlib
INFO: [VRFC 10-311] analyzing module keccak_absorb
INFO: [VRFC 10-2263] Analyzing SystemVerilog file "/home/ds6365/SHA/solution1/sim/verilog/pqcrystals_fips202_ref_sha3_512.v" into library xil_defaultlib
INFO: [VRFC 10-311] analyzing module pqcrystals_fips202_ref_sha3_512
INFO: [VRFC 10-2263] Analyzing SystemVerilog file "/home/ds6365/SHA/solution1/sim/verilog/KeccakF1600_StatePer_KeccakF_RoundConstan.v" into library xil_defaultlib
INFO: [VRFC 10-311] analyzing module KeccakF1600_StatePer_KeccakF_RoundConstan_rom
INFO: [VRFC 10-311] analyzing module KeccakF1600_StatePer_KeccakF_RoundConstan
INFO: [VRFC 10-2263] Analyzing SystemVerilog file "/home/ds6365/SHA/solution1/sim/verilog/keccak_absorb_t.v" into library xil_defaultlib
INFO: [VRFC 10-311] analyzing module keccak_absorb_t_ram
INFO: [VRFC 10-311] analyzing module keccak_absorb_t
INFO: [VRFC 10-2263] Analyzing SystemVerilog file "/home/ds6365/SHA/solution1/sim/verilog/pqcrystals_fips202_ref_sha3_512_s.v" into library xil_defaultlib
INFO: [VRFC 10-311] analyzing module pqcrystals_fips202_ref_sha3_512_s_ram
INFO: [VRFC 10-311] analyzing module pqcrystals_fips202_ref_sha3_512_s
INFO: [VRFC 10-2263] Analyzing SystemVerilog file "/home/ds6365/SHA/solution1/sim/verilog/pqcrystals_fips202_ref_sha3_512_out_assign.v" into library xil_defaultlib
INFO: [VRFC 10-311] analyzing module pqcrystals_fips202_ref_sha3_512_out_assign_ram
INFO: [VRFC 10-311] analyzing module pqcrystals_fips202_ref_sha3_512_out_assign
Starting static elaboration
Completed static elaboration
Starting simulation data flow analysis
Completed simulation data flow analysis
Time Resolution for simulation is 1ps
Compiling module xil_defaultlib.pqcrystals_fips202_ref_sha3_512_...
Compiling module xil_defaultlib.pqcrystals_fips202_ref_sha3_512_...
Compiling module xil_defaultlib.pqcrystals_fips202_ref_sha3_512_...
Compiling module xil_defaultlib.pqcrystals_fips202_ref_sha3_512_...
Compiling module xil_defaultlib.keccak_absorb_t_ram
Compiling module xil_defaultlib.keccak_absorb_t(DataWidth=8,Addr...
Compiling module xil_defaultlib.KeccakF1600_StatePer_KeccakF_Rou...
Compiling module xil_defaultlib.KeccakF1600_StatePer_KeccakF_Rou...
Compiling module xil_defaultlib.KeccakF1600_StatePer
Compiling module xil_defaultlib.load64
Compiling module xil_defaultlib.load64_1
Compiling module xil_defaultlib.keccak_absorb
Compiling module xil_defaultlib.pqcrystals_fips202_ref_sha3_512
Compiling module xil_defaultlib.AESL_automem_h
Compiling module xil_defaultlib.AESL_automem_in_r
Compiling module xil_defaultlib.apatb_pqcrystals_fips202_ref_sha...
Compiling module work.glbl
Built simulation snapshot pqcrystals_fips202_ref_sha3_512
