#-----------------------------------------------------------
# xsim v2018.3 (64-bit)
# SW Build 2405991 on Thu Dec  6 23:36:41 MST 2018
# IP Build 2404404 on Fri Dec  7 01:43:56 MST 2018
# Start of session at: Mon Mar 22 23:49:04 2021
# Process ID: 20757
# Current directory: /home/ds6365/SHA/solution1/sim/verilog
# Command line: xsim -mode tcl -source {xsim.dir/pqcrystals_fips202_ref_sha3_512/xsim_script.tcl}
# Log file: /home/ds6365/SHA/solution1/sim/verilog/xsim.log
# Journal file: /home/ds6365/SHA/solution1/sim/verilog/xsim.jou
#-----------------------------------------------------------
source xsim.dir/pqcrystals_fips202_ref_sha3_512/xsim_script.tcl
# xsim {pqcrystals_fips202_ref_sha3_512} -autoloadwcfg -tclbatch {pqcrystals_fips202_ref_sha3_512.tcl}
Vivado Simulator 2018.3
Time resolution is 1 ps
source pqcrystals_fips202_ref_sha3_512.tcl
## run all
////////////////////////////////////////////////////////////////////////////////////
// Inter-Transaction Progress: Completed Transaction / Total Transaction
// Intra-Transaction Progress: Measured Latency / Latency Estimation * 100%
//
// RTL Simulation : "Inter-Transaction Progress" ["Intra-Transaction Progress"] @ "Simulation Time"
////////////////////////////////////////////////////////////////////////////////////
// RTL Simulation : 0 / 1 [n/a] @ "125000"
// RTL Simulation : 1 / 1 [n/a] @ "7045000"
////////////////////////////////////////////////////////////////////////////////////
$finish called at time : 7085 ns : File "/home/ds6365/SHA/solution1/sim/verilog/pqcrystals_fips202_ref_sha3_512.autotb.v" Line 328
## quit
INFO: [Common 17-206] Exiting xsim at Mon Mar 22 23:49:23 2021...
