

================================================================
== Vivado HLS Report for 'keccak_squeezeblocks'
================================================================
* Date:           Mon Apr 12 09:18:00 2021

* Version:        2018.3 (Build 2405991 on Thu Dec 06 23:56:15 MST 2018)
* Project:        SHA
* Solution:       solution5
* Product family: virtex7
* Target device:  xc7vx980tffg1930-2l


================================================================
== Performance Estimates
================================================================
+ Timing (ns): 
    * Summary: 
    +--------+-------+----------+------------+
    |  Clock | Target| Estimated| Uncertainty|
    +--------+-------+----------+------------+
    |ap_clk  |  10.00|     8.736|        1.25|
    +--------+-------+----------+------------+

+ Latency (clock cycles): 
    * Summary: 
    +-----+-----+-----+-----+----------+
    |  Latency  |  Interval | Pipeline |
    | min | max | min | max |   Type   |
    +-----+-----+-----+-----+----------+
    |   74|   74|   68|   68| function |
    +-----+-----+-----+-----+----------+

    + Detail: 
        * Instance: 
        N/A

        * Loop: 
        N/A

============================================================
+ Verbose Summary: Synthesis Manager
============================================================
InlineROM: 1
ExposeGlobal: 0
============================================================
+ Verbose Summary: CDFG Model
============================================================
IsTopModel: 0
ResetActiveHigh: 1
IsCombinational: 0
IsDatapathOnly: 0
HasWiredReturn: 1
HasMFsm: 2
HasVarLatency: 0
IsPipeline: 1
IsRtlPipelined: 1
IsInstanceOverlapped: 0
IsDontTouch: 0
HasImplIP: 0
IsGatedGlobalClock: 0

+ Individual pipeline summary: 
  * Pipeline-0: initiation interval (II) = 68, depth = 75


============================================================
+ Verbose Summary: Schedule
============================================================
* Number of FSM states : 75
* Pipeline : 1
  Pipeline-0 : II = 68, D = 75, States = { 1 2 3 4 5 6 7 8 9 10 11 12 13 14 15 16 17 18 19 20 21 22 23 24 25 26 27 28 29 30 31 32 33 34 35 36 37 38 39 40 41 42 43 44 45 46 47 48 49 50 51 52 53 54 55 56 57 58 59 60 61 62 63 64 65 66 67 68 69 70 71 72 73 74 75 }
* Dataflow Pipeline: 0

* FSM state transitions: 
1 --> 
	2  / true
2 --> 
	3  / true
3 --> 
	4  / true
4 --> 
	5  / true
5 --> 
	6  / true
6 --> 
	7  / true
7 --> 
	8  / true
8 --> 
	9  / true
9 --> 
	10  / true
10 --> 
	11  / true
11 --> 
	12  / true
12 --> 
	13  / true
13 --> 
	14  / true
14 --> 
	15  / true
15 --> 
	16  / true
16 --> 
	17  / true
17 --> 
	18  / true
18 --> 
	19  / true
19 --> 
	20  / true
20 --> 
	21  / true
21 --> 
	22  / true
22 --> 
	23  / true
23 --> 
	24  / true
24 --> 
	25  / true
25 --> 
	26  / true
26 --> 
	27  / true
27 --> 
	28  / true
28 --> 
	29  / true
29 --> 
	30  / true
30 --> 
	31  / true
31 --> 
	32  / true
32 --> 
	33  / true
33 --> 
	34  / true
34 --> 
	35  / true
35 --> 
	36  / true
36 --> 
	37  / true
37 --> 
	38  / true
38 --> 
	39  / true
39 --> 
	40  / true
40 --> 
	41  / true
41 --> 
	42  / true
42 --> 
	43  / true
43 --> 
	44  / true
44 --> 
	45  / true
45 --> 
	46  / true
46 --> 
	47  / true
47 --> 
	48  / true
48 --> 
	49  / true
49 --> 
	50  / true
50 --> 
	51  / true
51 --> 
	52  / true
52 --> 
	53  / true
53 --> 
	54  / true
54 --> 
	55  / true
55 --> 
	56  / true
56 --> 
	57  / true
57 --> 
	58  / true
58 --> 
	59  / true
59 --> 
	60  / true
60 --> 
	61  / true
61 --> 
	62  / true
62 --> 
	63  / true
63 --> 
	64  / true
64 --> 
	65  / true
65 --> 
	66  / true
66 --> 
	67  / true
67 --> 
	68  / true
68 --> 
	69  / true
69 --> 
	70  / true
70 --> 
	71  / true
71 --> 
	72  / true
72 --> 
	73  / true
73 --> 
	74  / true
74 --> 
	75  / true
75 --> 

* FSM state operations: 

State 1 <SV = 0> <Delay = 8.73>
ST_1 : Operation 76 [1/1] (0.00ns)   --->   "%s_16_read_1 = call i64 @_ssdm_op_Read.ap_auto.i64(i64 %s_16_read)" [fips202.c:408]   --->   Operation 76 'read' 's_16_read_1' <Predicate = true> <Delay = 0.00>
ST_1 : Operation 77 [1/1] (0.00ns)   --->   "%s_15_read_1 = call i64 @_ssdm_op_Read.ap_auto.i64(i64 %s_15_read)" [fips202.c:408]   --->   Operation 77 'read' 's_15_read_1' <Predicate = true> <Delay = 0.00>
ST_1 : Operation 78 [1/1] (0.00ns)   --->   "%s_14_read_1 = call i64 @_ssdm_op_Read.ap_auto.i64(i64 %s_14_read)" [fips202.c:408]   --->   Operation 78 'read' 's_14_read_1' <Predicate = true> <Delay = 0.00>
ST_1 : Operation 79 [1/1] (0.00ns)   --->   "%s_13_read_1 = call i64 @_ssdm_op_Read.ap_auto.i64(i64 %s_13_read)" [fips202.c:408]   --->   Operation 79 'read' 's_13_read_1' <Predicate = true> <Delay = 0.00>
ST_1 : Operation 80 [1/1] (0.00ns)   --->   "%s_12_read_1 = call i64 @_ssdm_op_Read.ap_auto.i64(i64 %s_12_read)" [fips202.c:408]   --->   Operation 80 'read' 's_12_read_1' <Predicate = true> <Delay = 0.00>
ST_1 : Operation 81 [1/1] (0.00ns)   --->   "%s_11_read_1 = call i64 @_ssdm_op_Read.ap_auto.i64(i64 %s_11_read)" [fips202.c:408]   --->   Operation 81 'read' 's_11_read_1' <Predicate = true> <Delay = 0.00>
ST_1 : Operation 82 [1/1] (0.00ns)   --->   "%s_10_read_1 = call i64 @_ssdm_op_Read.ap_auto.i64(i64 %s_10_read)" [fips202.c:408]   --->   Operation 82 'read' 's_10_read_1' <Predicate = true> <Delay = 0.00>
ST_1 : Operation 83 [1/1] (0.00ns)   --->   "%s_9_read_1 = call i64 @_ssdm_op_Read.ap_auto.i64(i64 %s_9_read)" [fips202.c:408]   --->   Operation 83 'read' 's_9_read_1' <Predicate = true> <Delay = 0.00>
ST_1 : Operation 84 [1/1] (0.00ns)   --->   "%s_8_read_1 = call i64 @_ssdm_op_Read.ap_auto.i64(i64 %s_8_read)" [fips202.c:408]   --->   Operation 84 'read' 's_8_read_1' <Predicate = true> <Delay = 0.00>
ST_1 : Operation 85 [1/1] (0.00ns)   --->   "%s_7_read_1 = call i64 @_ssdm_op_Read.ap_auto.i64(i64 %s_7_read)" [fips202.c:408]   --->   Operation 85 'read' 's_7_read_1' <Predicate = true> <Delay = 0.00>
ST_1 : Operation 86 [1/1] (0.00ns)   --->   "%s_6_read_1 = call i64 @_ssdm_op_Read.ap_auto.i64(i64 %s_6_read)" [fips202.c:408]   --->   Operation 86 'read' 's_6_read_1' <Predicate = true> <Delay = 0.00>
ST_1 : Operation 87 [1/1] (0.00ns)   --->   "%s_5_read_1 = call i64 @_ssdm_op_Read.ap_auto.i64(i64 %s_5_read)" [fips202.c:408]   --->   Operation 87 'read' 's_5_read_1' <Predicate = true> <Delay = 0.00>
ST_1 : Operation 88 [1/1] (0.00ns)   --->   "%s_4_read_1 = call i64 @_ssdm_op_Read.ap_auto.i64(i64 %s_4_read)" [fips202.c:408]   --->   Operation 88 'read' 's_4_read_1' <Predicate = true> <Delay = 0.00>
ST_1 : Operation 89 [1/1] (0.00ns)   --->   "%s_3_read_1 = call i64 @_ssdm_op_Read.ap_auto.i64(i64 %s_3_read)" [fips202.c:408]   --->   Operation 89 'read' 's_3_read_1' <Predicate = true> <Delay = 0.00>
ST_1 : Operation 90 [1/1] (0.00ns)   --->   "%s_2_read_1 = call i64 @_ssdm_op_Read.ap_auto.i64(i64 %s_2_read)" [fips202.c:408]   --->   Operation 90 'read' 's_2_read_1' <Predicate = true> <Delay = 0.00>
ST_1 : Operation 91 [1/1] (0.00ns)   --->   "%s_1_read_1 = call i64 @_ssdm_op_Read.ap_auto.i64(i64 %s_1_read)" [fips202.c:408]   --->   Operation 91 'read' 's_1_read_1' <Predicate = true> <Delay = 0.00>
ST_1 : Operation 92 [1/1] (0.00ns)   --->   "%s_0_read_1 = call i64 @_ssdm_op_Read.ap_auto.i64(i64 %s_0_read)" [fips202.c:408]   --->   Operation 92 'read' 's_0_read_1' <Predicate = true> <Delay = 0.00>
ST_1 : Operation 93 [8/8] (8.73ns)   --->   "%call_ret = call fastcc { i64, i64, i64, i64, i64, i64, i64, i64, i64, i64, i64, i64, i64, i64, i64, i64, i64 } @KeccakF1600_StatePer(i64 %s_0_read_1, i64 %s_1_read_1, i64 %s_2_read_1, i64 %s_3_read_1, i64 %s_4_read_1, i64 %s_5_read_1, i64 %s_6_read_1, i64 %s_7_read_1, i64 %s_8_read_1, i64 %s_9_read_1, i64 %s_10_read_1, i64 %s_11_read_1, i64 %s_12_read_1, i64 %s_13_read_1, i64 %s_14_read_1, i64 %s_15_read_1, i64 %s_16_read_1)" [fips202.c:417]   --->   Operation 93 'call' 'call_ret' <Predicate = true> <Delay = 8.73> <CoreType = "Generic">   --->   Core 0 '' <Latency = 0> <II = 1> <Delay = 1.00> <Generic> <Opcode : >

State 2 <SV = 1> <Delay = 8.73>
ST_2 : Operation 94 [7/8] (8.73ns)   --->   "%call_ret = call fastcc { i64, i64, i64, i64, i64, i64, i64, i64, i64, i64, i64, i64, i64, i64, i64, i64, i64 } @KeccakF1600_StatePer(i64 %s_0_read_1, i64 %s_1_read_1, i64 %s_2_read_1, i64 %s_3_read_1, i64 %s_4_read_1, i64 %s_5_read_1, i64 %s_6_read_1, i64 %s_7_read_1, i64 %s_8_read_1, i64 %s_9_read_1, i64 %s_10_read_1, i64 %s_11_read_1, i64 %s_12_read_1, i64 %s_13_read_1, i64 %s_14_read_1, i64 %s_15_read_1, i64 %s_16_read_1)" [fips202.c:417]   --->   Operation 94 'call' 'call_ret' <Predicate = true> <Delay = 8.73> <CoreType = "Generic">   --->   Core 0 '' <Latency = 0> <II = 1> <Delay = 1.00> <Generic> <Opcode : >

State 3 <SV = 2> <Delay = 8.73>
ST_3 : Operation 95 [6/8] (8.73ns)   --->   "%call_ret = call fastcc { i64, i64, i64, i64, i64, i64, i64, i64, i64, i64, i64, i64, i64, i64, i64, i64, i64 } @KeccakF1600_StatePer(i64 %s_0_read_1, i64 %s_1_read_1, i64 %s_2_read_1, i64 %s_3_read_1, i64 %s_4_read_1, i64 %s_5_read_1, i64 %s_6_read_1, i64 %s_7_read_1, i64 %s_8_read_1, i64 %s_9_read_1, i64 %s_10_read_1, i64 %s_11_read_1, i64 %s_12_read_1, i64 %s_13_read_1, i64 %s_14_read_1, i64 %s_15_read_1, i64 %s_16_read_1)" [fips202.c:417]   --->   Operation 95 'call' 'call_ret' <Predicate = true> <Delay = 8.73> <CoreType = "Generic">   --->   Core 0 '' <Latency = 0> <II = 1> <Delay = 1.00> <Generic> <Opcode : >

State 4 <SV = 3> <Delay = 8.73>
ST_4 : Operation 96 [5/8] (8.73ns)   --->   "%call_ret = call fastcc { i64, i64, i64, i64, i64, i64, i64, i64, i64, i64, i64, i64, i64, i64, i64, i64, i64 } @KeccakF1600_StatePer(i64 %s_0_read_1, i64 %s_1_read_1, i64 %s_2_read_1, i64 %s_3_read_1, i64 %s_4_read_1, i64 %s_5_read_1, i64 %s_6_read_1, i64 %s_7_read_1, i64 %s_8_read_1, i64 %s_9_read_1, i64 %s_10_read_1, i64 %s_11_read_1, i64 %s_12_read_1, i64 %s_13_read_1, i64 %s_14_read_1, i64 %s_15_read_1, i64 %s_16_read_1)" [fips202.c:417]   --->   Operation 96 'call' 'call_ret' <Predicate = true> <Delay = 8.73> <CoreType = "Generic">   --->   Core 0 '' <Latency = 0> <II = 1> <Delay = 1.00> <Generic> <Opcode : >

State 5 <SV = 4> <Delay = 8.73>
ST_5 : Operation 97 [4/8] (8.73ns)   --->   "%call_ret = call fastcc { i64, i64, i64, i64, i64, i64, i64, i64, i64, i64, i64, i64, i64, i64, i64, i64, i64 } @KeccakF1600_StatePer(i64 %s_0_read_1, i64 %s_1_read_1, i64 %s_2_read_1, i64 %s_3_read_1, i64 %s_4_read_1, i64 %s_5_read_1, i64 %s_6_read_1, i64 %s_7_read_1, i64 %s_8_read_1, i64 %s_9_read_1, i64 %s_10_read_1, i64 %s_11_read_1, i64 %s_12_read_1, i64 %s_13_read_1, i64 %s_14_read_1, i64 %s_15_read_1, i64 %s_16_read_1)" [fips202.c:417]   --->   Operation 97 'call' 'call_ret' <Predicate = true> <Delay = 8.73> <CoreType = "Generic">   --->   Core 0 '' <Latency = 0> <II = 1> <Delay = 1.00> <Generic> <Opcode : >

State 6 <SV = 5> <Delay = 8.73>
ST_6 : Operation 98 [3/8] (8.73ns)   --->   "%call_ret = call fastcc { i64, i64, i64, i64, i64, i64, i64, i64, i64, i64, i64, i64, i64, i64, i64, i64, i64 } @KeccakF1600_StatePer(i64 %s_0_read_1, i64 %s_1_read_1, i64 %s_2_read_1, i64 %s_3_read_1, i64 %s_4_read_1, i64 %s_5_read_1, i64 %s_6_read_1, i64 %s_7_read_1, i64 %s_8_read_1, i64 %s_9_read_1, i64 %s_10_read_1, i64 %s_11_read_1, i64 %s_12_read_1, i64 %s_13_read_1, i64 %s_14_read_1, i64 %s_15_read_1, i64 %s_16_read_1)" [fips202.c:417]   --->   Operation 98 'call' 'call_ret' <Predicate = true> <Delay = 8.73> <CoreType = "Generic">   --->   Core 0 '' <Latency = 0> <II = 1> <Delay = 1.00> <Generic> <Opcode : >

State 7 <SV = 6> <Delay = 8.73>
ST_7 : Operation 99 [2/8] (8.73ns)   --->   "%call_ret = call fastcc { i64, i64, i64, i64, i64, i64, i64, i64, i64, i64, i64, i64, i64, i64, i64, i64, i64 } @KeccakF1600_StatePer(i64 %s_0_read_1, i64 %s_1_read_1, i64 %s_2_read_1, i64 %s_3_read_1, i64 %s_4_read_1, i64 %s_5_read_1, i64 %s_6_read_1, i64 %s_7_read_1, i64 %s_8_read_1, i64 %s_9_read_1, i64 %s_10_read_1, i64 %s_11_read_1, i64 %s_12_read_1, i64 %s_13_read_1, i64 %s_14_read_1, i64 %s_15_read_1, i64 %s_16_read_1)" [fips202.c:417]   --->   Operation 99 'call' 'call_ret' <Predicate = true> <Delay = 8.73> <CoreType = "Generic">   --->   Core 0 '' <Latency = 0> <II = 1> <Delay = 1.00> <Generic> <Opcode : >

State 8 <SV = 7> <Delay = 6.90>
ST_8 : Operation 100 [1/8] (3.27ns)   --->   "%call_ret = call fastcc { i64, i64, i64, i64, i64, i64, i64, i64, i64, i64, i64, i64, i64, i64, i64, i64, i64 } @KeccakF1600_StatePer(i64 %s_0_read_1, i64 %s_1_read_1, i64 %s_2_read_1, i64 %s_3_read_1, i64 %s_4_read_1, i64 %s_5_read_1, i64 %s_6_read_1, i64 %s_7_read_1, i64 %s_8_read_1, i64 %s_9_read_1, i64 %s_10_read_1, i64 %s_11_read_1, i64 %s_12_read_1, i64 %s_13_read_1, i64 %s_14_read_1, i64 %s_15_read_1, i64 %s_16_read_1)" [fips202.c:417]   --->   Operation 100 'call' 'call_ret' <Predicate = true> <Delay = 3.27> <CoreType = "Generic">   --->   Core 0 '' <Latency = 0> <II = 1> <Delay = 1.00> <Generic> <Opcode : >
ST_8 : Operation 101 [1/1] (0.00ns)   --->   "%newret = extractvalue { i64, i64, i64, i64, i64, i64, i64, i64, i64, i64, i64, i64, i64, i64, i64, i64, i64 } %call_ret, 0" [fips202.c:417]   --->   Operation 101 'extractvalue' 'newret' <Predicate = true> <Delay = 0.00>
ST_8 : Operation 102 [1/1] (0.00ns)   --->   "%newret1 = extractvalue { i64, i64, i64, i64, i64, i64, i64, i64, i64, i64, i64, i64, i64, i64, i64, i64, i64 } %call_ret, 1" [fips202.c:417]   --->   Operation 102 'extractvalue' 'newret1' <Predicate = true> <Delay = 0.00>
ST_8 : Operation 103 [1/1] (0.00ns)   --->   "%newret3 = extractvalue { i64, i64, i64, i64, i64, i64, i64, i64, i64, i64, i64, i64, i64, i64, i64, i64, i64 } %call_ret, 2" [fips202.c:417]   --->   Operation 103 'extractvalue' 'newret3' <Predicate = true> <Delay = 0.00>
ST_8 : Operation 104 [1/1] (0.00ns)   --->   "%newret5 = extractvalue { i64, i64, i64, i64, i64, i64, i64, i64, i64, i64, i64, i64, i64, i64, i64, i64, i64 } %call_ret, 3" [fips202.c:417]   --->   Operation 104 'extractvalue' 'newret5' <Predicate = true> <Delay = 0.00>
ST_8 : Operation 105 [1/1] (0.00ns)   --->   "%newret7 = extractvalue { i64, i64, i64, i64, i64, i64, i64, i64, i64, i64, i64, i64, i64, i64, i64, i64, i64 } %call_ret, 4" [fips202.c:417]   --->   Operation 105 'extractvalue' 'newret7' <Predicate = true> <Delay = 0.00>
ST_8 : Operation 106 [1/1] (0.00ns)   --->   "%newret9 = extractvalue { i64, i64, i64, i64, i64, i64, i64, i64, i64, i64, i64, i64, i64, i64, i64, i64, i64 } %call_ret, 5" [fips202.c:417]   --->   Operation 106 'extractvalue' 'newret9' <Predicate = true> <Delay = 0.00>
ST_8 : Operation 107 [1/1] (0.00ns)   --->   "%newret2 = extractvalue { i64, i64, i64, i64, i64, i64, i64, i64, i64, i64, i64, i64, i64, i64, i64, i64, i64 } %call_ret, 6" [fips202.c:417]   --->   Operation 107 'extractvalue' 'newret2' <Predicate = true> <Delay = 0.00>
ST_8 : Operation 108 [1/1] (0.00ns)   --->   "%newret4 = extractvalue { i64, i64, i64, i64, i64, i64, i64, i64, i64, i64, i64, i64, i64, i64, i64, i64, i64 } %call_ret, 7" [fips202.c:417]   --->   Operation 108 'extractvalue' 'newret4' <Predicate = true> <Delay = 0.00>
ST_8 : Operation 109 [1/1] (0.00ns)   --->   "%newret6 = extractvalue { i64, i64, i64, i64, i64, i64, i64, i64, i64, i64, i64, i64, i64, i64, i64, i64, i64 } %call_ret, 8" [fips202.c:417]   --->   Operation 109 'extractvalue' 'newret6' <Predicate = true> <Delay = 0.00>
ST_8 : Operation 110 [1/1] (0.00ns)   --->   "%newret8 = extractvalue { i64, i64, i64, i64, i64, i64, i64, i64, i64, i64, i64, i64, i64, i64, i64, i64, i64 } %call_ret, 9" [fips202.c:417]   --->   Operation 110 'extractvalue' 'newret8' <Predicate = true> <Delay = 0.00>
ST_8 : Operation 111 [1/1] (0.00ns)   --->   "%newret10 = extractvalue { i64, i64, i64, i64, i64, i64, i64, i64, i64, i64, i64, i64, i64, i64, i64, i64, i64 } %call_ret, 10" [fips202.c:417]   --->   Operation 111 'extractvalue' 'newret10' <Predicate = true> <Delay = 0.00>
ST_8 : Operation 112 [1/1] (0.00ns)   --->   "%newret11 = extractvalue { i64, i64, i64, i64, i64, i64, i64, i64, i64, i64, i64, i64, i64, i64, i64, i64, i64 } %call_ret, 11" [fips202.c:417]   --->   Operation 112 'extractvalue' 'newret11' <Predicate = true> <Delay = 0.00>
ST_8 : Operation 113 [1/1] (0.00ns)   --->   "%newret12 = extractvalue { i64, i64, i64, i64, i64, i64, i64, i64, i64, i64, i64, i64, i64, i64, i64, i64, i64 } %call_ret, 12" [fips202.c:417]   --->   Operation 113 'extractvalue' 'newret12' <Predicate = true> <Delay = 0.00>
ST_8 : Operation 114 [1/1] (0.00ns)   --->   "%newret13 = extractvalue { i64, i64, i64, i64, i64, i64, i64, i64, i64, i64, i64, i64, i64, i64, i64, i64, i64 } %call_ret, 13" [fips202.c:417]   --->   Operation 114 'extractvalue' 'newret13' <Predicate = true> <Delay = 0.00>
ST_8 : Operation 115 [1/1] (0.00ns)   --->   "%newret14 = extractvalue { i64, i64, i64, i64, i64, i64, i64, i64, i64, i64, i64, i64, i64, i64, i64, i64, i64 } %call_ret, 14" [fips202.c:417]   --->   Operation 115 'extractvalue' 'newret14' <Predicate = true> <Delay = 0.00>
ST_8 : Operation 116 [1/1] (0.00ns)   --->   "%newret15 = extractvalue { i64, i64, i64, i64, i64, i64, i64, i64, i64, i64, i64, i64, i64, i64, i64, i64, i64 } %call_ret, 15" [fips202.c:417]   --->   Operation 116 'extractvalue' 'newret15' <Predicate = true> <Delay = 0.00>
ST_8 : Operation 117 [1/1] (0.00ns)   --->   "%newret16 = extractvalue { i64, i64, i64, i64, i64, i64, i64, i64, i64, i64, i64, i64, i64, i64, i64, i64, i64 } %call_ret, 16" [fips202.c:417]   --->   Operation 117 'extractvalue' 'newret16' <Predicate = true> <Delay = 0.00>
ST_8 : Operation 118 [4/4] (3.62ns)   --->   "call fastcc void @store64([136 x i8]* %out_r, i9 0, i64 %newret)" [fips202.c:420]   --->   Operation 118 'call' <Predicate = true> <Delay = 3.62> <CoreType = "Generic">   --->   Core 0 '' <Latency = 0> <II = 1> <Delay = 1.00> <Generic> <Opcode : >

State 9 <SV = 8> <Delay = 3.62>
ST_9 : Operation 119 [3/4] (3.62ns)   --->   "call fastcc void @store64([136 x i8]* %out_r, i9 0, i64 %newret)" [fips202.c:420]   --->   Operation 119 'call' <Predicate = true> <Delay = 3.62> <CoreType = "Generic">   --->   Core 0 '' <Latency = 0> <II = 1> <Delay = 1.00> <Generic> <Opcode : >

State 10 <SV = 9> <Delay = 3.62>
ST_10 : Operation 120 [2/4] (3.62ns)   --->   "call fastcc void @store64([136 x i8]* %out_r, i9 0, i64 %newret)" [fips202.c:420]   --->   Operation 120 'call' <Predicate = true> <Delay = 3.62> <CoreType = "Generic">   --->   Core 0 '' <Latency = 0> <II = 1> <Delay = 1.00> <Generic> <Opcode : >

State 11 <SV = 10> <Delay = 0.00>
ST_11 : Operation 121 [1/4] (0.00ns)   --->   "call fastcc void @store64([136 x i8]* %out_r, i9 0, i64 %newret)" [fips202.c:420]   --->   Operation 121 'call' <Predicate = true> <Delay = 0.00> <CoreType = "Generic">   --->   Core 0 '' <Latency = 0> <II = 1> <Delay = 1.00> <Generic> <Opcode : >

State 12 <SV = 11> <Delay = 3.62>
ST_12 : Operation 122 [4/4] (3.62ns)   --->   "call fastcc void @store64([136 x i8]* %out_r, i9 8, i64 %newret1)" [fips202.c:420]   --->   Operation 122 'call' <Predicate = true> <Delay = 3.62> <CoreType = "Generic">   --->   Core 0 '' <Latency = 0> <II = 1> <Delay = 1.00> <Generic> <Opcode : >

State 13 <SV = 12> <Delay = 3.62>
ST_13 : Operation 123 [3/4] (3.62ns)   --->   "call fastcc void @store64([136 x i8]* %out_r, i9 8, i64 %newret1)" [fips202.c:420]   --->   Operation 123 'call' <Predicate = true> <Delay = 3.62> <CoreType = "Generic">   --->   Core 0 '' <Latency = 0> <II = 1> <Delay = 1.00> <Generic> <Opcode : >

State 14 <SV = 13> <Delay = 3.62>
ST_14 : Operation 124 [2/4] (3.62ns)   --->   "call fastcc void @store64([136 x i8]* %out_r, i9 8, i64 %newret1)" [fips202.c:420]   --->   Operation 124 'call' <Predicate = true> <Delay = 3.62> <CoreType = "Generic">   --->   Core 0 '' <Latency = 0> <II = 1> <Delay = 1.00> <Generic> <Opcode : >

State 15 <SV = 14> <Delay = 0.00>
ST_15 : Operation 125 [1/4] (0.00ns)   --->   "call fastcc void @store64([136 x i8]* %out_r, i9 8, i64 %newret1)" [fips202.c:420]   --->   Operation 125 'call' <Predicate = true> <Delay = 0.00> <CoreType = "Generic">   --->   Core 0 '' <Latency = 0> <II = 1> <Delay = 1.00> <Generic> <Opcode : >

State 16 <SV = 15> <Delay = 3.62>
ST_16 : Operation 126 [4/4] (3.62ns)   --->   "call fastcc void @store64([136 x i8]* %out_r, i9 16, i64 %newret3)" [fips202.c:420]   --->   Operation 126 'call' <Predicate = true> <Delay = 3.62> <CoreType = "Generic">   --->   Core 0 '' <Latency = 0> <II = 1> <Delay = 1.00> <Generic> <Opcode : >

State 17 <SV = 16> <Delay = 3.62>
ST_17 : Operation 127 [3/4] (3.62ns)   --->   "call fastcc void @store64([136 x i8]* %out_r, i9 16, i64 %newret3)" [fips202.c:420]   --->   Operation 127 'call' <Predicate = true> <Delay = 3.62> <CoreType = "Generic">   --->   Core 0 '' <Latency = 0> <II = 1> <Delay = 1.00> <Generic> <Opcode : >

State 18 <SV = 17> <Delay = 3.62>
ST_18 : Operation 128 [2/4] (3.62ns)   --->   "call fastcc void @store64([136 x i8]* %out_r, i9 16, i64 %newret3)" [fips202.c:420]   --->   Operation 128 'call' <Predicate = true> <Delay = 3.62> <CoreType = "Generic">   --->   Core 0 '' <Latency = 0> <II = 1> <Delay = 1.00> <Generic> <Opcode : >

State 19 <SV = 18> <Delay = 0.00>
ST_19 : Operation 129 [1/4] (0.00ns)   --->   "call fastcc void @store64([136 x i8]* %out_r, i9 16, i64 %newret3)" [fips202.c:420]   --->   Operation 129 'call' <Predicate = true> <Delay = 0.00> <CoreType = "Generic">   --->   Core 0 '' <Latency = 0> <II = 1> <Delay = 1.00> <Generic> <Opcode : >

State 20 <SV = 19> <Delay = 3.62>
ST_20 : Operation 130 [4/4] (3.62ns)   --->   "call fastcc void @store64([136 x i8]* %out_r, i9 24, i64 %newret5)" [fips202.c:420]   --->   Operation 130 'call' <Predicate = true> <Delay = 3.62> <CoreType = "Generic">   --->   Core 0 '' <Latency = 0> <II = 1> <Delay = 1.00> <Generic> <Opcode : >

State 21 <SV = 20> <Delay = 3.62>
ST_21 : Operation 131 [3/4] (3.62ns)   --->   "call fastcc void @store64([136 x i8]* %out_r, i9 24, i64 %newret5)" [fips202.c:420]   --->   Operation 131 'call' <Predicate = true> <Delay = 3.62> <CoreType = "Generic">   --->   Core 0 '' <Latency = 0> <II = 1> <Delay = 1.00> <Generic> <Opcode : >

State 22 <SV = 21> <Delay = 3.62>
ST_22 : Operation 132 [2/4] (3.62ns)   --->   "call fastcc void @store64([136 x i8]* %out_r, i9 24, i64 %newret5)" [fips202.c:420]   --->   Operation 132 'call' <Predicate = true> <Delay = 3.62> <CoreType = "Generic">   --->   Core 0 '' <Latency = 0> <II = 1> <Delay = 1.00> <Generic> <Opcode : >

State 23 <SV = 22> <Delay = 0.00>
ST_23 : Operation 133 [1/4] (0.00ns)   --->   "call fastcc void @store64([136 x i8]* %out_r, i9 24, i64 %newret5)" [fips202.c:420]   --->   Operation 133 'call' <Predicate = true> <Delay = 0.00> <CoreType = "Generic">   --->   Core 0 '' <Latency = 0> <II = 1> <Delay = 1.00> <Generic> <Opcode : >

State 24 <SV = 23> <Delay = 3.62>
ST_24 : Operation 134 [4/4] (3.62ns)   --->   "call fastcc void @store64([136 x i8]* %out_r, i9 32, i64 %newret7)" [fips202.c:420]   --->   Operation 134 'call' <Predicate = true> <Delay = 3.62> <CoreType = "Generic">   --->   Core 0 '' <Latency = 0> <II = 1> <Delay = 1.00> <Generic> <Opcode : >

State 25 <SV = 24> <Delay = 3.62>
ST_25 : Operation 135 [3/4] (3.62ns)   --->   "call fastcc void @store64([136 x i8]* %out_r, i9 32, i64 %newret7)" [fips202.c:420]   --->   Operation 135 'call' <Predicate = true> <Delay = 3.62> <CoreType = "Generic">   --->   Core 0 '' <Latency = 0> <II = 1> <Delay = 1.00> <Generic> <Opcode : >

State 26 <SV = 25> <Delay = 3.62>
ST_26 : Operation 136 [2/4] (3.62ns)   --->   "call fastcc void @store64([136 x i8]* %out_r, i9 32, i64 %newret7)" [fips202.c:420]   --->   Operation 136 'call' <Predicate = true> <Delay = 3.62> <CoreType = "Generic">   --->   Core 0 '' <Latency = 0> <II = 1> <Delay = 1.00> <Generic> <Opcode : >

State 27 <SV = 26> <Delay = 0.00>
ST_27 : Operation 137 [1/4] (0.00ns)   --->   "call fastcc void @store64([136 x i8]* %out_r, i9 32, i64 %newret7)" [fips202.c:420]   --->   Operation 137 'call' <Predicate = true> <Delay = 0.00> <CoreType = "Generic">   --->   Core 0 '' <Latency = 0> <II = 1> <Delay = 1.00> <Generic> <Opcode : >

State 28 <SV = 27> <Delay = 3.62>
ST_28 : Operation 138 [4/4] (3.62ns)   --->   "call fastcc void @store64([136 x i8]* %out_r, i9 40, i64 %newret9)" [fips202.c:420]   --->   Operation 138 'call' <Predicate = true> <Delay = 3.62> <CoreType = "Generic">   --->   Core 0 '' <Latency = 0> <II = 1> <Delay = 1.00> <Generic> <Opcode : >

State 29 <SV = 28> <Delay = 3.62>
ST_29 : Operation 139 [3/4] (3.62ns)   --->   "call fastcc void @store64([136 x i8]* %out_r, i9 40, i64 %newret9)" [fips202.c:420]   --->   Operation 139 'call' <Predicate = true> <Delay = 3.62> <CoreType = "Generic">   --->   Core 0 '' <Latency = 0> <II = 1> <Delay = 1.00> <Generic> <Opcode : >

State 30 <SV = 29> <Delay = 3.62>
ST_30 : Operation 140 [2/4] (3.62ns)   --->   "call fastcc void @store64([136 x i8]* %out_r, i9 40, i64 %newret9)" [fips202.c:420]   --->   Operation 140 'call' <Predicate = true> <Delay = 3.62> <CoreType = "Generic">   --->   Core 0 '' <Latency = 0> <II = 1> <Delay = 1.00> <Generic> <Opcode : >

State 31 <SV = 30> <Delay = 0.00>
ST_31 : Operation 141 [1/4] (0.00ns)   --->   "call fastcc void @store64([136 x i8]* %out_r, i9 40, i64 %newret9)" [fips202.c:420]   --->   Operation 141 'call' <Predicate = true> <Delay = 0.00> <CoreType = "Generic">   --->   Core 0 '' <Latency = 0> <II = 1> <Delay = 1.00> <Generic> <Opcode : >

State 32 <SV = 31> <Delay = 3.62>
ST_32 : Operation 142 [4/4] (3.62ns)   --->   "call fastcc void @store64([136 x i8]* %out_r, i9 48, i64 %newret2)" [fips202.c:420]   --->   Operation 142 'call' <Predicate = true> <Delay = 3.62> <CoreType = "Generic">   --->   Core 0 '' <Latency = 0> <II = 1> <Delay = 1.00> <Generic> <Opcode : >

State 33 <SV = 32> <Delay = 3.62>
ST_33 : Operation 143 [3/4] (3.62ns)   --->   "call fastcc void @store64([136 x i8]* %out_r, i9 48, i64 %newret2)" [fips202.c:420]   --->   Operation 143 'call' <Predicate = true> <Delay = 3.62> <CoreType = "Generic">   --->   Core 0 '' <Latency = 0> <II = 1> <Delay = 1.00> <Generic> <Opcode : >

State 34 <SV = 33> <Delay = 3.62>
ST_34 : Operation 144 [2/4] (3.62ns)   --->   "call fastcc void @store64([136 x i8]* %out_r, i9 48, i64 %newret2)" [fips202.c:420]   --->   Operation 144 'call' <Predicate = true> <Delay = 3.62> <CoreType = "Generic">   --->   Core 0 '' <Latency = 0> <II = 1> <Delay = 1.00> <Generic> <Opcode : >

State 35 <SV = 34> <Delay = 0.00>
ST_35 : Operation 145 [1/4] (0.00ns)   --->   "call fastcc void @store64([136 x i8]* %out_r, i9 48, i64 %newret2)" [fips202.c:420]   --->   Operation 145 'call' <Predicate = true> <Delay = 0.00> <CoreType = "Generic">   --->   Core 0 '' <Latency = 0> <II = 1> <Delay = 1.00> <Generic> <Opcode : >

State 36 <SV = 35> <Delay = 3.62>
ST_36 : Operation 146 [4/4] (3.62ns)   --->   "call fastcc void @store64([136 x i8]* %out_r, i9 56, i64 %newret4)" [fips202.c:420]   --->   Operation 146 'call' <Predicate = true> <Delay = 3.62> <CoreType = "Generic">   --->   Core 0 '' <Latency = 0> <II = 1> <Delay = 1.00> <Generic> <Opcode : >

State 37 <SV = 36> <Delay = 3.62>
ST_37 : Operation 147 [3/4] (3.62ns)   --->   "call fastcc void @store64([136 x i8]* %out_r, i9 56, i64 %newret4)" [fips202.c:420]   --->   Operation 147 'call' <Predicate = true> <Delay = 3.62> <CoreType = "Generic">   --->   Core 0 '' <Latency = 0> <II = 1> <Delay = 1.00> <Generic> <Opcode : >

State 38 <SV = 37> <Delay = 3.62>
ST_38 : Operation 148 [2/4] (3.62ns)   --->   "call fastcc void @store64([136 x i8]* %out_r, i9 56, i64 %newret4)" [fips202.c:420]   --->   Operation 148 'call' <Predicate = true> <Delay = 3.62> <CoreType = "Generic">   --->   Core 0 '' <Latency = 0> <II = 1> <Delay = 1.00> <Generic> <Opcode : >

State 39 <SV = 38> <Delay = 0.00>
ST_39 : Operation 149 [1/4] (0.00ns)   --->   "call fastcc void @store64([136 x i8]* %out_r, i9 56, i64 %newret4)" [fips202.c:420]   --->   Operation 149 'call' <Predicate = true> <Delay = 0.00> <CoreType = "Generic">   --->   Core 0 '' <Latency = 0> <II = 1> <Delay = 1.00> <Generic> <Opcode : >

State 40 <SV = 39> <Delay = 3.62>
ST_40 : Operation 150 [4/4] (3.62ns)   --->   "call fastcc void @store64([136 x i8]* %out_r, i9 64, i64 %newret6)" [fips202.c:420]   --->   Operation 150 'call' <Predicate = true> <Delay = 3.62> <CoreType = "Generic">   --->   Core 0 '' <Latency = 0> <II = 1> <Delay = 1.00> <Generic> <Opcode : >

State 41 <SV = 40> <Delay = 3.62>
ST_41 : Operation 151 [3/4] (3.62ns)   --->   "call fastcc void @store64([136 x i8]* %out_r, i9 64, i64 %newret6)" [fips202.c:420]   --->   Operation 151 'call' <Predicate = true> <Delay = 3.62> <CoreType = "Generic">   --->   Core 0 '' <Latency = 0> <II = 1> <Delay = 1.00> <Generic> <Opcode : >

State 42 <SV = 41> <Delay = 3.62>
ST_42 : Operation 152 [2/4] (3.62ns)   --->   "call fastcc void @store64([136 x i8]* %out_r, i9 64, i64 %newret6)" [fips202.c:420]   --->   Operation 152 'call' <Predicate = true> <Delay = 3.62> <CoreType = "Generic">   --->   Core 0 '' <Latency = 0> <II = 1> <Delay = 1.00> <Generic> <Opcode : >

State 43 <SV = 42> <Delay = 0.00>
ST_43 : Operation 153 [1/4] (0.00ns)   --->   "call fastcc void @store64([136 x i8]* %out_r, i9 64, i64 %newret6)" [fips202.c:420]   --->   Operation 153 'call' <Predicate = true> <Delay = 0.00> <CoreType = "Generic">   --->   Core 0 '' <Latency = 0> <II = 1> <Delay = 1.00> <Generic> <Opcode : >

State 44 <SV = 43> <Delay = 3.62>
ST_44 : Operation 154 [4/4] (3.62ns)   --->   "call fastcc void @store64([136 x i8]* %out_r, i9 72, i64 %newret8)" [fips202.c:420]   --->   Operation 154 'call' <Predicate = true> <Delay = 3.62> <CoreType = "Generic">   --->   Core 0 '' <Latency = 0> <II = 1> <Delay = 1.00> <Generic> <Opcode : >

State 45 <SV = 44> <Delay = 3.62>
ST_45 : Operation 155 [3/4] (3.62ns)   --->   "call fastcc void @store64([136 x i8]* %out_r, i9 72, i64 %newret8)" [fips202.c:420]   --->   Operation 155 'call' <Predicate = true> <Delay = 3.62> <CoreType = "Generic">   --->   Core 0 '' <Latency = 0> <II = 1> <Delay = 1.00> <Generic> <Opcode : >

State 46 <SV = 45> <Delay = 3.62>
ST_46 : Operation 156 [2/4] (3.62ns)   --->   "call fastcc void @store64([136 x i8]* %out_r, i9 72, i64 %newret8)" [fips202.c:420]   --->   Operation 156 'call' <Predicate = true> <Delay = 3.62> <CoreType = "Generic">   --->   Core 0 '' <Latency = 0> <II = 1> <Delay = 1.00> <Generic> <Opcode : >

State 47 <SV = 46> <Delay = 0.00>
ST_47 : Operation 157 [1/4] (0.00ns)   --->   "call fastcc void @store64([136 x i8]* %out_r, i9 72, i64 %newret8)" [fips202.c:420]   --->   Operation 157 'call' <Predicate = true> <Delay = 0.00> <CoreType = "Generic">   --->   Core 0 '' <Latency = 0> <II = 1> <Delay = 1.00> <Generic> <Opcode : >

State 48 <SV = 47> <Delay = 3.62>
ST_48 : Operation 158 [4/4] (3.62ns)   --->   "call fastcc void @store64([136 x i8]* %out_r, i9 80, i64 %newret10)" [fips202.c:420]   --->   Operation 158 'call' <Predicate = true> <Delay = 3.62> <CoreType = "Generic">   --->   Core 0 '' <Latency = 0> <II = 1> <Delay = 1.00> <Generic> <Opcode : >

State 49 <SV = 48> <Delay = 3.62>
ST_49 : Operation 159 [3/4] (3.62ns)   --->   "call fastcc void @store64([136 x i8]* %out_r, i9 80, i64 %newret10)" [fips202.c:420]   --->   Operation 159 'call' <Predicate = true> <Delay = 3.62> <CoreType = "Generic">   --->   Core 0 '' <Latency = 0> <II = 1> <Delay = 1.00> <Generic> <Opcode : >

State 50 <SV = 49> <Delay = 3.62>
ST_50 : Operation 160 [2/4] (3.62ns)   --->   "call fastcc void @store64([136 x i8]* %out_r, i9 80, i64 %newret10)" [fips202.c:420]   --->   Operation 160 'call' <Predicate = true> <Delay = 3.62> <CoreType = "Generic">   --->   Core 0 '' <Latency = 0> <II = 1> <Delay = 1.00> <Generic> <Opcode : >

State 51 <SV = 50> <Delay = 0.00>
ST_51 : Operation 161 [1/4] (0.00ns)   --->   "call fastcc void @store64([136 x i8]* %out_r, i9 80, i64 %newret10)" [fips202.c:420]   --->   Operation 161 'call' <Predicate = true> <Delay = 0.00> <CoreType = "Generic">   --->   Core 0 '' <Latency = 0> <II = 1> <Delay = 1.00> <Generic> <Opcode : >

State 52 <SV = 51> <Delay = 3.62>
ST_52 : Operation 162 [4/4] (3.62ns)   --->   "call fastcc void @store64([136 x i8]* %out_r, i9 88, i64 %newret11)" [fips202.c:420]   --->   Operation 162 'call' <Predicate = true> <Delay = 3.62> <CoreType = "Generic">   --->   Core 0 '' <Latency = 0> <II = 1> <Delay = 1.00> <Generic> <Opcode : >

State 53 <SV = 52> <Delay = 3.62>
ST_53 : Operation 163 [3/4] (3.62ns)   --->   "call fastcc void @store64([136 x i8]* %out_r, i9 88, i64 %newret11)" [fips202.c:420]   --->   Operation 163 'call' <Predicate = true> <Delay = 3.62> <CoreType = "Generic">   --->   Core 0 '' <Latency = 0> <II = 1> <Delay = 1.00> <Generic> <Opcode : >

State 54 <SV = 53> <Delay = 3.62>
ST_54 : Operation 164 [2/4] (3.62ns)   --->   "call fastcc void @store64([136 x i8]* %out_r, i9 88, i64 %newret11)" [fips202.c:420]   --->   Operation 164 'call' <Predicate = true> <Delay = 3.62> <CoreType = "Generic">   --->   Core 0 '' <Latency = 0> <II = 1> <Delay = 1.00> <Generic> <Opcode : >

State 55 <SV = 54> <Delay = 0.00>
ST_55 : Operation 165 [1/4] (0.00ns)   --->   "call fastcc void @store64([136 x i8]* %out_r, i9 88, i64 %newret11)" [fips202.c:420]   --->   Operation 165 'call' <Predicate = true> <Delay = 0.00> <CoreType = "Generic">   --->   Core 0 '' <Latency = 0> <II = 1> <Delay = 1.00> <Generic> <Opcode : >

State 56 <SV = 55> <Delay = 3.62>
ST_56 : Operation 166 [4/4] (3.62ns)   --->   "call fastcc void @store64([136 x i8]* %out_r, i9 96, i64 %newret12)" [fips202.c:420]   --->   Operation 166 'call' <Predicate = true> <Delay = 3.62> <CoreType = "Generic">   --->   Core 0 '' <Latency = 0> <II = 1> <Delay = 1.00> <Generic> <Opcode : >

State 57 <SV = 56> <Delay = 3.62>
ST_57 : Operation 167 [3/4] (3.62ns)   --->   "call fastcc void @store64([136 x i8]* %out_r, i9 96, i64 %newret12)" [fips202.c:420]   --->   Operation 167 'call' <Predicate = true> <Delay = 3.62> <CoreType = "Generic">   --->   Core 0 '' <Latency = 0> <II = 1> <Delay = 1.00> <Generic> <Opcode : >

State 58 <SV = 57> <Delay = 3.62>
ST_58 : Operation 168 [2/4] (3.62ns)   --->   "call fastcc void @store64([136 x i8]* %out_r, i9 96, i64 %newret12)" [fips202.c:420]   --->   Operation 168 'call' <Predicate = true> <Delay = 3.62> <CoreType = "Generic">   --->   Core 0 '' <Latency = 0> <II = 1> <Delay = 1.00> <Generic> <Opcode : >

State 59 <SV = 58> <Delay = 0.00>
ST_59 : Operation 169 [1/4] (0.00ns)   --->   "call fastcc void @store64([136 x i8]* %out_r, i9 96, i64 %newret12)" [fips202.c:420]   --->   Operation 169 'call' <Predicate = true> <Delay = 0.00> <CoreType = "Generic">   --->   Core 0 '' <Latency = 0> <II = 1> <Delay = 1.00> <Generic> <Opcode : >

State 60 <SV = 59> <Delay = 3.62>
ST_60 : Operation 170 [4/4] (3.62ns)   --->   "call fastcc void @store64([136 x i8]* %out_r, i9 104, i64 %newret13)" [fips202.c:420]   --->   Operation 170 'call' <Predicate = true> <Delay = 3.62> <CoreType = "Generic">   --->   Core 0 '' <Latency = 0> <II = 1> <Delay = 1.00> <Generic> <Opcode : >

State 61 <SV = 60> <Delay = 3.62>
ST_61 : Operation 171 [3/4] (3.62ns)   --->   "call fastcc void @store64([136 x i8]* %out_r, i9 104, i64 %newret13)" [fips202.c:420]   --->   Operation 171 'call' <Predicate = true> <Delay = 3.62> <CoreType = "Generic">   --->   Core 0 '' <Latency = 0> <II = 1> <Delay = 1.00> <Generic> <Opcode : >

State 62 <SV = 61> <Delay = 3.62>
ST_62 : Operation 172 [2/4] (3.62ns)   --->   "call fastcc void @store64([136 x i8]* %out_r, i9 104, i64 %newret13)" [fips202.c:420]   --->   Operation 172 'call' <Predicate = true> <Delay = 3.62> <CoreType = "Generic">   --->   Core 0 '' <Latency = 0> <II = 1> <Delay = 1.00> <Generic> <Opcode : >

State 63 <SV = 62> <Delay = 0.00>
ST_63 : Operation 173 [1/4] (0.00ns)   --->   "call fastcc void @store64([136 x i8]* %out_r, i9 104, i64 %newret13)" [fips202.c:420]   --->   Operation 173 'call' <Predicate = true> <Delay = 0.00> <CoreType = "Generic">   --->   Core 0 '' <Latency = 0> <II = 1> <Delay = 1.00> <Generic> <Opcode : >

State 64 <SV = 63> <Delay = 3.62>
ST_64 : Operation 174 [4/4] (3.62ns)   --->   "call fastcc void @store64([136 x i8]* %out_r, i9 112, i64 %newret14)" [fips202.c:420]   --->   Operation 174 'call' <Predicate = true> <Delay = 3.62> <CoreType = "Generic">   --->   Core 0 '' <Latency = 0> <II = 1> <Delay = 1.00> <Generic> <Opcode : >

State 65 <SV = 64> <Delay = 3.62>
ST_65 : Operation 175 [3/4] (3.62ns)   --->   "call fastcc void @store64([136 x i8]* %out_r, i9 112, i64 %newret14)" [fips202.c:420]   --->   Operation 175 'call' <Predicate = true> <Delay = 3.62> <CoreType = "Generic">   --->   Core 0 '' <Latency = 0> <II = 1> <Delay = 1.00> <Generic> <Opcode : >

State 66 <SV = 65> <Delay = 3.62>
ST_66 : Operation 176 [2/4] (3.62ns)   --->   "call fastcc void @store64([136 x i8]* %out_r, i9 112, i64 %newret14)" [fips202.c:420]   --->   Operation 176 'call' <Predicate = true> <Delay = 3.62> <CoreType = "Generic">   --->   Core 0 '' <Latency = 0> <II = 1> <Delay = 1.00> <Generic> <Opcode : >

State 67 <SV = 66> <Delay = 0.00>
ST_67 : Operation 177 [1/4] (0.00ns)   --->   "call fastcc void @store64([136 x i8]* %out_r, i9 112, i64 %newret14)" [fips202.c:420]   --->   Operation 177 'call' <Predicate = true> <Delay = 0.00> <CoreType = "Generic">   --->   Core 0 '' <Latency = 0> <II = 1> <Delay = 1.00> <Generic> <Opcode : >

State 68 <SV = 67> <Delay = 3.62>
ST_68 : Operation 178 [4/4] (3.62ns)   --->   "call fastcc void @store64([136 x i8]* %out_r, i9 120, i64 %newret15)" [fips202.c:420]   --->   Operation 178 'call' <Predicate = true> <Delay = 3.62> <CoreType = "Generic">   --->   Core 0 '' <Latency = 0> <II = 1> <Delay = 1.00> <Generic> <Opcode : >

State 69 <SV = 68> <Delay = 3.62>
ST_69 : Operation 179 [3/4] (3.62ns)   --->   "call fastcc void @store64([136 x i8]* %out_r, i9 120, i64 %newret15)" [fips202.c:420]   --->   Operation 179 'call' <Predicate = true> <Delay = 3.62> <CoreType = "Generic">   --->   Core 0 '' <Latency = 0> <II = 1> <Delay = 1.00> <Generic> <Opcode : >

State 70 <SV = 69> <Delay = 3.62>
ST_70 : Operation 180 [2/4] (3.62ns)   --->   "call fastcc void @store64([136 x i8]* %out_r, i9 120, i64 %newret15)" [fips202.c:420]   --->   Operation 180 'call' <Predicate = true> <Delay = 3.62> <CoreType = "Generic">   --->   Core 0 '' <Latency = 0> <II = 1> <Delay = 1.00> <Generic> <Opcode : >

State 71 <SV = 70> <Delay = 0.00>
ST_71 : Operation 181 [1/4] (0.00ns)   --->   "call fastcc void @store64([136 x i8]* %out_r, i9 120, i64 %newret15)" [fips202.c:420]   --->   Operation 181 'call' <Predicate = true> <Delay = 0.00> <CoreType = "Generic">   --->   Core 0 '' <Latency = 0> <II = 1> <Delay = 1.00> <Generic> <Opcode : >

State 72 <SV = 71> <Delay = 3.62>
ST_72 : Operation 182 [4/4] (3.62ns)   --->   "call fastcc void @store64([136 x i8]* %out_r, i9 128, i64 %newret16)" [fips202.c:420]   --->   Operation 182 'call' <Predicate = true> <Delay = 3.62> <CoreType = "Generic">   --->   Core 0 '' <Latency = 0> <II = 1> <Delay = 1.00> <Generic> <Opcode : >

State 73 <SV = 72> <Delay = 3.62>
ST_73 : Operation 183 [3/4] (3.62ns)   --->   "call fastcc void @store64([136 x i8]* %out_r, i9 128, i64 %newret16)" [fips202.c:420]   --->   Operation 183 'call' <Predicate = true> <Delay = 3.62> <CoreType = "Generic">   --->   Core 0 '' <Latency = 0> <II = 1> <Delay = 1.00> <Generic> <Opcode : >

State 74 <SV = 73> <Delay = 3.62>
ST_74 : Operation 184 [2/4] (3.62ns)   --->   "call fastcc void @store64([136 x i8]* %out_r, i9 128, i64 %newret16)" [fips202.c:420]   --->   Operation 184 'call' <Predicate = true> <Delay = 3.62> <CoreType = "Generic">   --->   Core 0 '' <Latency = 0> <II = 1> <Delay = 1.00> <Generic> <Opcode : >

State 75 <SV = 74> <Delay = 0.00>
ST_75 : Operation 185 [1/1] (0.00ns)   --->   "call void (...)* @_ssdm_op_SpecPipeline(i32 1, i32 1, i32 1, i32 0, [1 x i8]* @p_str) nounwind" [fips202.c:413]   --->   Operation 185 'specpipeline' <Predicate = true> <Delay = 0.00>
ST_75 : Operation 186 [1/4] (0.00ns)   --->   "call fastcc void @store64([136 x i8]* %out_r, i9 128, i64 %newret16)" [fips202.c:420]   --->   Operation 186 'call' <Predicate = true> <Delay = 0.00> <CoreType = "Generic">   --->   Core 0 '' <Latency = 0> <II = 1> <Delay = 1.00> <Generic> <Opcode : >
ST_75 : Operation 187 [1/1] (0.00ns)   --->   "ret void"   --->   Operation 187 'ret' <Predicate = true> <Delay = 0.00>


============================================================
+ Verbose Summary: Timing violations
============================================================
Target clock period: 10ns, clock uncertainty: 1.25ns.

 <State 1>: 8.74ns
The critical path consists of the following:
	wire read on port 's_16_read' (fips202.c:408) [19]  (0 ns)
	'call' operation ('call_ret', fips202.c:417) to 'KeccakF1600_StatePer' [37]  (8.74 ns)

 <State 2>: 8.74ns
The critical path consists of the following:
	'call' operation ('call_ret', fips202.c:417) to 'KeccakF1600_StatePer' [37]  (8.74 ns)

 <State 3>: 8.74ns
The critical path consists of the following:
	'call' operation ('call_ret', fips202.c:417) to 'KeccakF1600_StatePer' [37]  (8.74 ns)

 <State 4>: 8.74ns
The critical path consists of the following:
	'call' operation ('call_ret', fips202.c:417) to 'KeccakF1600_StatePer' [37]  (8.74 ns)

 <State 5>: 8.74ns
The critical path consists of the following:
	'call' operation ('call_ret', fips202.c:417) to 'KeccakF1600_StatePer' [37]  (8.74 ns)

 <State 6>: 8.74ns
The critical path consists of the following:
	'call' operation ('call_ret', fips202.c:417) to 'KeccakF1600_StatePer' [37]  (8.74 ns)

 <State 7>: 8.74ns
The critical path consists of the following:
	'call' operation ('call_ret', fips202.c:417) to 'KeccakF1600_StatePer' [37]  (8.74 ns)

 <State 8>: 6.9ns
The critical path consists of the following:
	'call' operation ('call_ret', fips202.c:417) to 'KeccakF1600_StatePer' [37]  (3.28 ns)
	'call' operation (fips202.c:420) to 'store64' [55]  (3.62 ns)

 <State 9>: 3.62ns
The critical path consists of the following:
	'call' operation (fips202.c:420) to 'store64' [55]  (3.62 ns)

 <State 10>: 3.62ns
The critical path consists of the following:
	'call' operation (fips202.c:420) to 'store64' [55]  (3.62 ns)

 <State 11>: 0ns
The critical path consists of the following:

 <State 12>: 3.62ns
The critical path consists of the following:
	'call' operation (fips202.c:420) to 'store64' [56]  (3.62 ns)

 <State 13>: 3.62ns
The critical path consists of the following:
	'call' operation (fips202.c:420) to 'store64' [56]  (3.62 ns)

 <State 14>: 3.62ns
The critical path consists of the following:
	'call' operation (fips202.c:420) to 'store64' [56]  (3.62 ns)

 <State 15>: 0ns
The critical path consists of the following:

 <State 16>: 3.62ns
The critical path consists of the following:
	'call' operation (fips202.c:420) to 'store64' [57]  (3.62 ns)

 <State 17>: 3.62ns
The critical path consists of the following:
	'call' operation (fips202.c:420) to 'store64' [57]  (3.62 ns)

 <State 18>: 3.62ns
The critical path consists of the following:
	'call' operation (fips202.c:420) to 'store64' [57]  (3.62 ns)

 <State 19>: 0ns
The critical path consists of the following:

 <State 20>: 3.62ns
The critical path consists of the following:
	'call' operation (fips202.c:420) to 'store64' [58]  (3.62 ns)

 <State 21>: 3.62ns
The critical path consists of the following:
	'call' operation (fips202.c:420) to 'store64' [58]  (3.62 ns)

 <State 22>: 3.62ns
The critical path consists of the following:
	'call' operation (fips202.c:420) to 'store64' [58]  (3.62 ns)

 <State 23>: 0ns
The critical path consists of the following:

 <State 24>: 3.62ns
The critical path consists of the following:
	'call' operation (fips202.c:420) to 'store64' [59]  (3.62 ns)

 <State 25>: 3.62ns
The critical path consists of the following:
	'call' operation (fips202.c:420) to 'store64' [59]  (3.62 ns)

 <State 26>: 3.62ns
The critical path consists of the following:
	'call' operation (fips202.c:420) to 'store64' [59]  (3.62 ns)

 <State 27>: 0ns
The critical path consists of the following:

 <State 28>: 3.62ns
The critical path consists of the following:
	'call' operation (fips202.c:420) to 'store64' [60]  (3.62 ns)

 <State 29>: 3.62ns
The critical path consists of the following:
	'call' operation (fips202.c:420) to 'store64' [60]  (3.62 ns)

 <State 30>: 3.62ns
The critical path consists of the following:
	'call' operation (fips202.c:420) to 'store64' [60]  (3.62 ns)

 <State 31>: 0ns
The critical path consists of the following:

 <State 32>: 3.62ns
The critical path consists of the following:
	'call' operation (fips202.c:420) to 'store64' [61]  (3.62 ns)

 <State 33>: 3.62ns
The critical path consists of the following:
	'call' operation (fips202.c:420) to 'store64' [61]  (3.62 ns)

 <State 34>: 3.62ns
The critical path consists of the following:
	'call' operation (fips202.c:420) to 'store64' [61]  (3.62 ns)

 <State 35>: 0ns
The critical path consists of the following:

 <State 36>: 3.62ns
The critical path consists of the following:
	'call' operation (fips202.c:420) to 'store64' [62]  (3.62 ns)

 <State 37>: 3.62ns
The critical path consists of the following:
	'call' operation (fips202.c:420) to 'store64' [62]  (3.62 ns)

 <State 38>: 3.62ns
The critical path consists of the following:
	'call' operation (fips202.c:420) to 'store64' [62]  (3.62 ns)

 <State 39>: 0ns
The critical path consists of the following:

 <State 40>: 3.62ns
The critical path consists of the following:
	'call' operation (fips202.c:420) to 'store64' [63]  (3.62 ns)

 <State 41>: 3.62ns
The critical path consists of the following:
	'call' operation (fips202.c:420) to 'store64' [63]  (3.62 ns)

 <State 42>: 3.62ns
The critical path consists of the following:
	'call' operation (fips202.c:420) to 'store64' [63]  (3.62 ns)

 <State 43>: 0ns
The critical path consists of the following:

 <State 44>: 3.62ns
The critical path consists of the following:
	'call' operation (fips202.c:420) to 'store64' [64]  (3.62 ns)

 <State 45>: 3.62ns
The critical path consists of the following:
	'call' operation (fips202.c:420) to 'store64' [64]  (3.62 ns)

 <State 46>: 3.62ns
The critical path consists of the following:
	'call' operation (fips202.c:420) to 'store64' [64]  (3.62 ns)

 <State 47>: 0ns
The critical path consists of the following:

 <State 48>: 3.62ns
The critical path consists of the following:
	'call' operation (fips202.c:420) to 'store64' [65]  (3.62 ns)

 <State 49>: 3.62ns
The critical path consists of the following:
	'call' operation (fips202.c:420) to 'store64' [65]  (3.62 ns)

 <State 50>: 3.62ns
The critical path consists of the following:
	'call' operation (fips202.c:420) to 'store64' [65]  (3.62 ns)

 <State 51>: 0ns
The critical path consists of the following:

 <State 52>: 3.62ns
The critical path consists of the following:
	'call' operation (fips202.c:420) to 'store64' [66]  (3.62 ns)

 <State 53>: 3.62ns
The critical path consists of the following:
	'call' operation (fips202.c:420) to 'store64' [66]  (3.62 ns)

 <State 54>: 3.62ns
The critical path consists of the following:
	'call' operation (fips202.c:420) to 'store64' [66]  (3.62 ns)

 <State 55>: 0ns
The critical path consists of the following:

 <State 56>: 3.62ns
The critical path consists of the following:
	'call' operation (fips202.c:420) to 'store64' [67]  (3.62 ns)

 <State 57>: 3.62ns
The critical path consists of the following:
	'call' operation (fips202.c:420) to 'store64' [67]  (3.62 ns)

 <State 58>: 3.62ns
The critical path consists of the following:
	'call' operation (fips202.c:420) to 'store64' [67]  (3.62 ns)

 <State 59>: 0ns
The critical path consists of the following:

 <State 60>: 3.62ns
The critical path consists of the following:
	'call' operation (fips202.c:420) to 'store64' [68]  (3.62 ns)

 <State 61>: 3.62ns
The critical path consists of the following:
	'call' operation (fips202.c:420) to 'store64' [68]  (3.62 ns)

 <State 62>: 3.62ns
The critical path consists of the following:
	'call' operation (fips202.c:420) to 'store64' [68]  (3.62 ns)

 <State 63>: 0ns
The critical path consists of the following:

 <State 64>: 3.62ns
The critical path consists of the following:
	'call' operation (fips202.c:420) to 'store64' [69]  (3.62 ns)

 <State 65>: 3.62ns
The critical path consists of the following:
	'call' operation (fips202.c:420) to 'store64' [69]  (3.62 ns)

 <State 66>: 3.62ns
The critical path consists of the following:
	'call' operation (fips202.c:420) to 'store64' [69]  (3.62 ns)

 <State 67>: 0ns
The critical path consists of the following:

 <State 68>: 3.62ns
The critical path consists of the following:
	'call' operation (fips202.c:420) to 'store64' [70]  (3.62 ns)

 <State 69>: 3.62ns
The critical path consists of the following:
	'call' operation (fips202.c:420) to 'store64' [70]  (3.62 ns)

 <State 70>: 3.62ns
The critical path consists of the following:
	'call' operation (fips202.c:420) to 'store64' [70]  (3.62 ns)

 <State 71>: 0ns
The critical path consists of the following:

 <State 72>: 3.62ns
The critical path consists of the following:
	'call' operation (fips202.c:420) to 'store64' [71]  (3.62 ns)

 <State 73>: 3.62ns
The critical path consists of the following:
	'call' operation (fips202.c:420) to 'store64' [71]  (3.62 ns)

 <State 74>: 3.62ns
The critical path consists of the following:
	'call' operation (fips202.c:420) to 'store64' [71]  (3.62 ns)

 <State 75>: 0ns
The critical path consists of the following:


============================================================
+ Verbose Summary: Binding
============================================================
N/A
* FSMD analyzer results:
  - Output states:
 - Input state : 
  - Chain level:
	State 1
	State 2
	State 3
	State 4
	State 5
	State 6
	State 7
	State 8
	State 9
	State 10
	State 11
	State 12
	State 13
	State 14
	State 15
	State 16
	State 17
	State 18
	State 19
	State 20
	State 21
	State 22
	State 23
	State 24
	State 25
	State 26
	State 27
	State 28
	State 29
	State 30
	State 31
	State 32
	State 33
	State 34
	State 35
	State 36
	State 37
	State 38
	State 39
	State 40
	State 41
	State 42
	State 43
	State 44
	State 45
	State 46
	State 47
	State 48
	State 49
	State 50
	State 51
	State 52
	State 53
	State 54
	State 55
	State 56
	State 57
	State 58
	State 59
	State 60
	State 61
	State 62
	State 63
	State 64
	State 65
	State 66
	State 67
	State 68
	State 69
	State 70
	State 71
	State 72
	State 73
	State 74
	State 75


============================================================
+ Verbose Summary: Datapath Resource usage 
============================================================
N/A
