   Build using "/opt/Xilinx2018/Vivado/2018.3/tps/lnx64/gcc-6.2.0/bin/g++"
   Compiling apatb_pqcrystals_fips202_ref_sha3_256.cpp
   Compiling (apcc) fips202.c_pre.c.tb.c
INFO: [HLS 200-10] Running '/opt/Xilinx2018/Vivado/2018.3/bin/unwrapped/lnx64.o/apcc'
INFO: [HLS 200-10] For user 'ds6365' on host 'hansolo.poly.edu' (Linux_x86_64 version 3.10.0-1127.18.2.el7.x86_64) on Mon Apr 12 23:02:26 EDT 2021
INFO: [HLS 200-10] On os "Red Hat Enterprise Linux Server release 7.8 (Maipo)"
INFO: [HLS 200-10] In directory '/home/ds6365/SHA/NDT_c/sim/wrapc'
clang: warning: argument unused during compilation: '-fno-builtin-isinf'
clang: warning: argument unused during compilation: '-fno-builtin-isnan'
INFO: [APCC 202-3] Tmp directory is /tmp/apcc_db_ds6365/1068031618282946466954
INFO: [APCC 202-1] APCC is done.
   Compiling (apcc) sha.c_pre.c.tb.c
INFO: [HLS 200-10] Running '/opt/Xilinx2018/Vivado/2018.3/bin/unwrapped/lnx64.o/apcc'
INFO: [HLS 200-10] For user 'ds6365' on host 'hansolo.poly.edu' (Linux_x86_64 version 3.10.0-1127.18.2.el7.x86_64) on Mon Apr 12 23:02:38 EDT 2021
INFO: [HLS 200-10] On os "Red Hat Enterprise Linux Server release 7.8 (Maipo)"
INFO: [HLS 200-10] In directory '/home/ds6365/SHA/NDT_c/sim/wrapc'
clang: warning: argument unused during compilation: '-fno-builtin-isinf'
clang: warning: argument unused during compilation: '-fno-builtin-isnan'
In file included from /home/ds6365/sha.c:1:
/home/ds6365/sha.c:42:23: warning: format specifies type 'unsigned long' but the argument has type 'uint64' [-Wformat]
      printf("%#""l" "x",expected[l][kk]);
              ~~~~~~~~^  ~~~~~~~~~~~~~~~
1 warning generated.
INFO: [APCC 202-3] Tmp directory is /tmp/apcc_db_ds6365/1069401618282959067414
INFO: [APCC 202-1] APCC is done.
   Generating cosim.tv.exe
