==============================================================
File generated on Tue Mar 30 01:35:17 EDT 2021
Vivado(TM) HLS - High-Level Synthesis from C, C++ and SystemC v2018.3 (64-bit)
SW Build 2405991 on Thu Dec  6 23:36:41 MST 2018
IP Build 2404404 on Fri Dec  7 01:43:56 MST 2018
Copyright 1986-2018 Xilinx, Inc. All Rights Reserved.
==============================================================
INFO: [SYN 201-201] Setting up clock 'default' with a period of 10ns.
INFO: [SYN 201-201] Setting up clock 'default' with an uncertainty of 1.25ns.
INFO: [HLS 200-10] Setting target device to 'xc7vx980tffg1930-2l'
INFO: [SCHED 204-61] Option 'relax_ii_for_timing' is enabled, will increase II to preserve clock frequency constraints.
INFO: [HLS 200-10] Analyzing design file 'fips202.c' ... 
INFO: [HLS 200-111] Finished Linking Time (s): cpu = 00:00:10 ; elapsed = 00:00:10 . Memory (MB): peak = 541.469 ; gain = 4.219 ; free physical = 789 ; free virtual = 564460
INFO: [HLS 200-111] Finished Checking Pragmas Time (s): cpu = 00:00:10 ; elapsed = 00:00:10 . Memory (MB): peak = 541.469 ; gain = 4.219 ; free physical = 789 ; free virtual = 564460
INFO: [HLS 200-10] Starting code transformations ...
INFO: [HLS 200-111] Finished Standard Transforms Time (s): cpu = 00:00:11 ; elapsed = 00:00:12 . Memory (MB): peak = 541.469 ; gain = 4.219 ; free physical = 748 ; free virtual = 564431
INFO: [HLS 200-10] Checking synthesizability ...
INFO: [XFORM 203-602] Inlining function 'load64.1' into 'keccak_absorb' (fips202.c:379) automatically.
INFO: [XFORM 203-602] Inlining function 'load64' into 'keccak_absorb' (fips202.c:392) automatically.
INFO: [XFORM 203-602] Inlining function 'store64' into 'keccak_squeezeblocks' (fips202.c:419) automatically.
INFO: [HLS 200-111] Finished Checking Synthesizability Time (s): cpu = 00:00:11 ; elapsed = 00:00:12 . Memory (MB): peak = 541.469 ; gain = 4.219 ; free physical = 746 ; free virtual = 564430
INFO: [XFORM 203-502] Unrolling all loops for pipelining in function 'pqcrystals_fips202_ref_sha3_256' (fips202.c:559).
INFO: [XFORM 203-502] Unrolling all loops for pipelining in function 'keccak_squeezeblocks' (fips202.c:407).
INFO: [XFORM 203-502] Unrolling all loops for pipelining in function 'keccak_absorb' (fips202.c:362).
INFO: [XFORM 203-502] Unrolling all loops for pipelining in function 'KeccakF1600_StatePermute' (fips202.c:84).
INFO: [XFORM 203-502] Unrolling all loops for pipelining in function 'store64' (fips202.c:41).
INFO: [XFORM 203-502] Unrolling all loops for pipelining in function 'load64' (fips202.c:23).
INFO: [HLS 200-489] Unrolling loop 'Loop-1' (fips202.c:568) in function 'pqcrystals_fips202_ref_sha3_256' completely with a factor of 32.
INFO: [HLS 200-489] Unrolling loop 'Loop-1' (fips202.c:415) in function 'keccak_squeezeblocks' completely with a factor of 1.
INFO: [HLS 200-489] Unrolling loop 'Loop-1.1' (fips202.c:417) in function 'keccak_squeezeblocks' completely with a factor of 17.
INFO: [HLS 200-489] Unrolling loop 'memset_t' in function 'keccak_absorb' completely with a factor of 199.
INFO: [HLS 200-489] Unrolling loop 'Loop-2' (fips202.c:372) in function 'keccak_absorb' completely with a factor of 25.
INFO: [HLS 200-489] Unrolling loop 'Loop-3' (fips202.c:376) in function 'keccak_absorb' completely with a factor of 0.
INFO: [HLS 200-489] Unrolling loop 'Loop-4' (fips202.c:386) in function 'keccak_absorb' completely with a factor of 3.
INFO: [HLS 200-489] Unrolling loop 'Loop-5' (fips202.c:391) in function 'keccak_absorb' completely with a factor of 17.
INFO: [HLS 200-489] Unrolling loop 'KeccakF1600_StatePermute_label1' (fips202.c:129) in function 'KeccakF1600_StatePermute' completely with a factor of 12.
INFO: [HLS 200-489] Unrolling loop 'Loop-1' (fips202.c:44) in function 'store64' completely with a factor of 8.
INFO: [HLS 200-489] Unrolling loop 'Loop-1' (fips202.c:27) in function 'load64' completely with a factor of 8.
INFO: [XFORM 203-101] Partitioning array 's' (fips202.c:562) in dimension 1 completely.
INFO: [XFORM 203-101] Partitioning array 't' (fips202.c:369) in dimension 1 with a block factor 16.
INFO: [XFORM 203-602] Inlining function 'keccak_squeezeblocks' into 'pqcrystals_fips202_ref_sha3_256' (fips202.c:566) automatically.
INFO: [XFORM 203-11] Balancing expressions in function 'KeccakF1600_StatePermute' (fips202.c:84)...821 expression(s) balanced.
INFO: [HLS 200-111] Finished Pre-synthesis Time (s): cpu = 00:00:26 ; elapsed = 00:00:27 . Memory (MB): peak = 669.383 ; gain = 132.133 ; free physical = 1153 ; free virtual = 564662
WARNING: [XFORM 203-631] Renaming function 'KeccakF1600_StatePermute' to 'KeccakF1600_StatePer' (fips202.c:131:13)
INFO: [HLS 200-111] Finished Architecture Synthesis Time (s): cpu = 00:01:27 ; elapsed = 00:01:29 . Memory (MB): peak = 749.387 ; gain = 212.137 ; free physical = 992 ; free virtual = 564546
INFO: [HLS 200-10] Starting hardware synthesis ...
INFO: [HLS 200-10] Synthesizing 'pqcrystals_fips202_ref_sha3_256' ...
WARNING: [SYN 201-107] Renaming port name 'pqcrystals_fips202_ref_sha3_256/in' to 'pqcrystals_fips202_ref_sha3_256/in_r' to avoid the conflict with HDL keywords or other object names.
INFO: [HLS 200-10] ----------------------------------------------------------------
INFO: [HLS 200-42] -- Implementing module 'load64' 
INFO: [HLS 200-10] ----------------------------------------------------------------
INFO: [SCHED 204-11] Starting scheduling ...
INFO: [SCHED 204-61] Pipelining function 'load64'.
WARNING: [SCHED 204-69] Unable to schedule 'load' operation ('x_14_load_2', fips202.c:28) on array 'x_14' due to limited memory ports. Please consider using a memory core with more ports or partitioning the array 'x_14'.
INFO: [SCHED 204-61] Pipelining result : Target II = 1, Final II = 4, Depth = 16.
INFO: [SCHED 204-11] Finished scheduling.
INFO: [HLS 200-111]  Elapsed time: 93.19 seconds; current allocated memory: 190.919 MB.
INFO: [BIND 205-100] Starting micro-architecture generation ...
INFO: [BIND 205-101] Performing variable lifetime analysis.
INFO: [BIND 205-101] Exploring resource sharing.
INFO: [BIND 205-101] Binding ...
INFO: [BIND 205-100] Finished micro-architecture generation.
INFO: [HLS 200-111]  Elapsed time: 10.3 seconds; current allocated memory: 216.680 MB.
INFO: [HLS 200-10] ----------------------------------------------------------------
INFO: [HLS 200-42] -- Implementing module 'keccak_absorb' 
INFO: [HLS 200-10] ----------------------------------------------------------------
INFO: [SCHED 204-11] Starting scheduling ...
INFO: [SCHED 204-61] Pipelining function 'keccak_absorb'.
WARNING: [SCHED 204-68] The II Violation in module 'keccak_absorb': Unable to enforce a carried dependence constraint (II = 4, distance = 1, offset = 1)
   between 'call' operation ('tmp', fips202.c:392) to 'load64' and 'store' operation (fips202.c:387) of variable 'm_load', fips202.c:387 on array 't[0]', fips202.c:369.
WARNING: [SCHED 204-62] II = 5 is infeasible due to multiple pipeline iteration latency = 16 and incompatible II = 4 of 'call' operation ('tmp', fips202.c:392) to 'load64'.
WARNING: [SCHED 204-62] II = 6 is infeasible due to multiple pipeline iteration latency = 16 and incompatible II = 4 of 'call' operation ('tmp', fips202.c:392) to 'load64'.
WARNING: [SCHED 204-62] II = 7 is infeasible due to multiple pipeline iteration latency = 16 and incompatible II = 4 of 'call' operation ('tmp', fips202.c:392) to 'load64'.
WARNING: [SCHED 204-68] The II Violation in module 'keccak_absorb': Unable to enforce a carried dependence constraint (II = 8, distance = 1, offset = 1)
   between 'call' operation ('tmp', fips202.c:392) to 'load64' and 'store' operation (fips202.c:387) of variable 'm_load', fips202.c:387 on array 't[0]', fips202.c:369.
WARNING: [SCHED 204-62] II = 9 is infeasible due to multiple pipeline iteration latency = 16 and incompatible II = 4 of 'call' operation ('tmp', fips202.c:392) to 'load64'.
WARNING: [SCHED 204-62] II = 10 is infeasible due to multiple pipeline iteration latency = 16 and incompatible II = 4 of 'call' operation ('tmp', fips202.c:392) to 'load64'.
WARNING: [SCHED 204-62] II = 11 is infeasible due to multiple pipeline iteration latency = 16 and incompatible II = 4 of 'call' operation ('tmp', fips202.c:392) to 'load64'.
WARNING: [SCHED 204-68] The II Violation in module 'keccak_absorb': Unable to enforce a carried dependence constraint (II = 12, distance = 1, offset = 1)
   between 'call' operation ('tmp', fips202.c:392) to 'load64' and 'store' operation (fips202.c:387) of variable 'm_load', fips202.c:387 on array 't[0]', fips202.c:369.
WARNING: [SCHED 204-62] II = 13 is infeasible due to multiple pipeline iteration latency = 16 and incompatible II = 4 of 'call' operation ('tmp', fips202.c:392) to 'load64'.
WARNING: [SCHED 204-62] II = 14 is infeasible due to multiple pipeline iteration latency = 16 and incompatible II = 4 of 'call' operation ('tmp', fips202.c:392) to 'load64'.
WARNING: [SCHED 204-62] II = 15 is infeasible due to multiple pipeline iteration latency = 16 and incompatible II = 4 of 'call' operation ('tmp', fips202.c:392) to 'load64'.
WARNING: [SCHED 204-68] The II Violation in module 'keccak_absorb': Unable to enforce a carried dependence constraint (II = 16, distance = 1, offset = 1)
   between 'call' operation ('tmp', fips202.c:392) to 'load64' and 'store' operation (fips202.c:387) of variable 'm_load', fips202.c:387 on array 't[0]', fips202.c:369.
WARNING: [SCHED 204-68] The II Violation in module 'keccak_absorb': Unable to enforce a carried dependence constraint (II = 136, distance = 1, offset = 1)
   between 'call' operation ('tmp_8', fips202.c:392) to 'load64' and 'store' operation (fips202.c:387) of variable 'm_load', fips202.c:387 on array 't[0]', fips202.c:369.
WARNING: [SCHED 204-68] The II Violation in module 'keccak_absorb': Unable to enforce a carried dependence constraint (II = 196, distance = 1, offset = 1)
   between 'call' operation ('tmp_11', fips202.c:392) to 'load64' and 'store' operation (fips202.c:387) of variable 'm_load', fips202.c:387 on array 't[0]', fips202.c:369.
WARNING: [SCHED 204-68] The II Violation in module 'keccak_absorb': Unable to enforce a carried dependence constraint (II = 226, distance = 1, offset = 1)
   between 'call' operation ('tmp_13', fips202.c:392) to 'load64' and 'store' operation (fips202.c:387) of variable 'm_load', fips202.c:387 on array 't[0]', fips202.c:369.
WARNING: [SCHED 204-68] The II Violation in module 'keccak_absorb': Unable to enforce a carried dependence constraint (II = 241, distance = 1, offset = 1)
   between 'call' operation ('tmp_14', fips202.c:392) to 'load64' and 'store' operation (fips202.c:387) of variable 'm_load', fips202.c:387 on array 't[0]', fips202.c:369.
WARNING: [SCHED 204-68] The II Violation in module 'keccak_absorb': Unable to enforce a carried dependence constraint (II = 249, distance = 1, offset = 1)
   between 'call' operation ('tmp_14', fips202.c:392) to 'load64' and 'store' operation (fips202.c:387) of variable 'm_load', fips202.c:387 on array 't[0]', fips202.c:369.
WARNING: [SCHED 204-68] The II Violation in module 'keccak_absorb': Unable to enforce a carried dependence constraint (II = 253, distance = 1, offset = 1)
   between 'call' operation ('tmp_14', fips202.c:392) to 'load64' and 'store' operation (fips202.c:387) of variable 'm_load', fips202.c:387 on array 't[0]', fips202.c:369.
WARNING: [SCHED 204-68] The II Violation in module 'keccak_absorb': Unable to enforce a carried dependence constraint (II = 255, distance = 1, offset = 1)
   between 'call' operation ('tmp_14', fips202.c:392) to 'load64' and 'store' operation (fips202.c:387) of variable 'm_load', fips202.c:387 on array 't[0]', fips202.c:369.
WARNING: [SCHED 204-68] The II Violation in module 'keccak_absorb': Unable to enforce a carried dependence constraint (II = 256, distance = 1, offset = 1)
   between 'call' operation ('tmp_14', fips202.c:392) to 'load64' and 'store' operation (fips202.c:387) of variable 'm_load', fips202.c:387 on array 't[0]', fips202.c:369.
INFO: [SCHED 204-61] Unable to satisfy pipeline directive: Unable to pipeline the region.
INFO: [SCHED 204-11] Finished scheduling.
INFO: [HLS 200-111]  Elapsed time: 11 seconds; current allocated memory: 217.431 MB.
INFO: [BIND 205-100] Starting micro-architecture generation ...
INFO: [BIND 205-101] Performing variable lifetime analysis.
INFO: [BIND 205-101] Exploring resource sharing.
INFO: [BIND 205-101] Binding ...
INFO: [BIND 205-100] Finished micro-architecture generation.
INFO: [HLS 200-111]  Elapsed time: 4.94 seconds; current allocated memory: 219.636 MB.
INFO: [HLS 200-10] ----------------------------------------------------------------
INFO: [HLS 200-42] -- Implementing module 'KeccakF1600_StatePer' 
INFO: [HLS 200-10] ----------------------------------------------------------------
INFO: [SCHED 204-11] Starting scheduling ...
INFO: [SCHED 204-61] Pipelining function 'KeccakF1600_StatePer'.
INFO: [SCHED 204-61] Pipelining result : Target II = 1, Final II = 1, Depth = 7.
INFO: [SCHED 204-11] Finished scheduling.
INFO: [HLS 200-111]  Elapsed time: 47.97 seconds; current allocated memory: 230.756 MB.
INFO: [BIND 205-100] Starting micro-architecture generation ...
INFO: [BIND 205-101] Performing variable lifetime analysis.
INFO: [BIND 205-101] Exploring resource sharing.
INFO: [BIND 205-101] Binding ...
INFO: [BIND 205-100] Finished micro-architecture generation.
INFO: [HLS 200-111]  Elapsed time: 17.02 seconds; current allocated memory: 247.632 MB.
INFO: [HLS 200-10] ----------------------------------------------------------------
INFO: [HLS 200-42] -- Implementing module 'store64' 
INFO: [HLS 200-10] ----------------------------------------------------------------
INFO: [SCHED 204-11] Starting scheduling ...
INFO: [SCHED 204-61] Pipelining function 'store64'.
WARNING: [SCHED 204-69] Unable to schedule 'store' operation (fips202.c:45) of variable 'tmp_4_2', fips202.c:45 on array 'x' due to limited memory ports. Please consider using a memory core with more ports or partitioning the array 'x'.
INFO: [SCHED 204-61] Pipelining result : Target II = 1, Final II = 4, Depth = 4.
INFO: [SCHED 204-11] Finished scheduling.
INFO: [HLS 200-111]  Elapsed time: 17.94 seconds; current allocated memory: 251.240 MB.
INFO: [BIND 205-100] Starting micro-architecture generation ...
INFO: [BIND 205-101] Performing variable lifetime analysis.
INFO: [BIND 205-101] Exploring resource sharing.
INFO: [BIND 205-101] Binding ...
INFO: [BIND 205-100] Finished micro-architecture generation.
INFO: [HLS 200-111]  Elapsed time: 0.12 seconds; current allocated memory: 251.457 MB.
INFO: [HLS 200-10] ----------------------------------------------------------------
INFO: [HLS 200-42] -- Implementing module 'pqcrystals_fips202_ref_sha3_256' 
INFO: [HLS 200-10] ----------------------------------------------------------------
INFO: [SCHED 204-11] Starting scheduling ...
WARNING: [SCHED 204-67] Unable to satisfy pipeline directive: subfunction 'keccak_absorb' is not pipelined.
INFO: [SCHED 204-11] Finished scheduling.
INFO: [HLS 200-111]  Elapsed time: 0.56 seconds; current allocated memory: 252.062 MB.
INFO: [BIND 205-100] Starting micro-architecture generation ...
INFO: [BIND 205-101] Performing variable lifetime analysis.
INFO: [BIND 205-101] Exploring resource sharing.
INFO: [BIND 205-101] Binding ...
INFO: [BIND 205-100] Finished micro-architecture generation.
INFO: [HLS 200-111]  Elapsed time: 7.97 seconds; current allocated memory: 255.001 MB.
INFO: [HLS 200-10] ----------------------------------------------------------------
INFO: [HLS 200-10] -- Generating RTL for module 'load64' 
INFO: [HLS 200-10] ----------------------------------------------------------------
INFO: [RTGEN 206-100] Generating core module 'pqcrystals_fips202_ref_sha3_256_urem_8ns_5ns_8_12_1': 8 instance(s).
INFO: [RTGEN 206-100] Finished creating RTL model for 'load64'.
INFO: [HLS 200-111]  Elapsed time: 14.07 seconds; current allocated memory: 260.976 MB.
INFO: [HLS 200-10] ----------------------------------------------------------------
INFO: [HLS 200-10] -- Generating RTL for module 'keccak_absorb' 
INFO: [HLS 200-10] ----------------------------------------------------------------
INFO: [RTGEN 206-100] Finished creating RTL model for 'keccak_absorb'.
INFO: [HLS 200-111]  Elapsed time: 13.62 seconds; current allocated memory: 274.135 MB.
INFO: [HLS 200-10] ----------------------------------------------------------------
INFO: [HLS 200-10] -- Generating RTL for module 'KeccakF1600_StatePer' 
INFO: [HLS 200-10] ----------------------------------------------------------------
INFO: [RTGEN 206-104] Estimated max fanout for 'KeccakF1600_StatePer' is 10624 from HDL expression: (1'b0 == ap_block_pp0_stage0_11001)
==============================================================
File generated on Tue Mar 30 01:40:44 EDT 2021
Vivado(TM) HLS - High-Level Synthesis from C, C++ and SystemC v2018.3 (64-bit)
SW Build 2405991 on Thu Dec  6 23:36:41 MST 2018
IP Build 2404404 on Fri Dec  7 01:43:56 MST 2018
Copyright 1986-2018 Xilinx, Inc. All Rights Reserved.
==============================================================
