

================================================================
== Vivado HLS Report for 'load64'
================================================================
* Date:           Mon Apr 12 13:19:01 2021

* Version:        2018.3 (Build 2405991 on Thu Dec 06 23:56:15 MST 2018)
* Project:        SHA
* Solution:       NDT_pipeline_m
* Product family: virtex7
* Target device:  xc7vx980tffg1930-2l


================================================================
== Performance Estimates
================================================================
+ Timing (ns): 
    * Summary: 
    +--------+-------+----------+------------+
    |  Clock | Target| Estimated| Uncertainty|
    +--------+-------+----------+------------+
    |ap_clk  |  10.00|     3.797|        1.25|
    +--------+-------+----------+------------+

+ Latency (clock cycles): 
    * Summary: 
    +-----+-----+-----+-----+----------+
    |  Latency  |  Interval | Pipeline |
    | min | max | min | max |   Type   |
    +-----+-----+-----+-----+----------+
    |   15|   15|    4|    4| function |
    +-----+-----+-----+-----+----------+

    + Detail: 
        * Instance: 
        N/A

        * Loop: 
        N/A

============================================================
+ Verbose Summary: Synthesis Manager
============================================================
InlineROM: 1
ExposeGlobal: 0
============================================================
+ Verbose Summary: CDFG Model
============================================================
IsTopModel: 0
ResetActiveHigh: 1
IsCombinational: 0
IsDatapathOnly: 0
HasWiredReturn: 1
HasMFsm: 2
HasVarLatency: 0
IsPipeline: 1
IsRtlPipelined: 1
IsInstanceOverlapped: 0
IsDontTouch: 0
HasImplIP: 0
IsGatedGlobalClock: 0

+ Individual pipeline summary: 
  * Pipeline-0: initiation interval (II) = 4, depth = 16


============================================================
+ Verbose Summary: Schedule
============================================================
* Number of FSM states : 16
* Pipeline : 1
  Pipeline-0 : II = 4, D = 16, States = { 1 2 3 4 5 6 7 8 9 10 11 12 13 14 15 16 }
* Dataflow Pipeline: 0

* FSM state transitions: 
1 --> 
	2  / true
2 --> 
	3  / true
3 --> 
	4  / true
4 --> 
	5  / true
5 --> 
	6  / true
6 --> 
	7  / true
7 --> 
	8  / true
8 --> 
	9  / true
9 --> 
	10  / true
10 --> 
	11  / true
11 --> 
	12  / true
12 --> 
	13  / true
13 --> 
	14  / true
14 --> 
	15  / true
15 --> 
	16  / true
16 --> 

* FSM state operations: 

State 1 <SV = 0> <Delay = 3.54>
ST_1 : Operation 17 [1/1] (0.00ns)   --->   "%x_offset_read = call i9 @_ssdm_op_Read.ap_auto.i9(i9 %x_offset)" [fips202.c:24]   --->   Operation 17 'read' 'x_offset_read' <Predicate = true> <Delay = 0.00>
ST_1 : Operation 18 [1/1] (0.00ns)   --->   "%tmp_8 = trunc i9 %x_offset_read to i8" [fips202.c:29]   --->   Operation 18 'trunc' 'tmp_8' <Predicate = true> <Delay = 0.00>
ST_1 : Operation 19 [12/12] (2.18ns)   --->   "%newIndex1 = urem i8 %tmp_8, 50" [fips202.c:29]   --->   Operation 19 'urem' 'newIndex1' <Predicate = true> <Delay = 2.18> <Core = "DivnS">   --->   Core 23 'DivnS' <Latency = 11> <II = 1> <Delay = 2.18> <FuncUnit> <Opcode : 'sdiv' 'srem' 'udiv' 'urem'> <InPorts = 2> <OutPorts = 1>
ST_1 : Operation 20 [1/1] (1.35ns)   --->   "%sum_1 = add i8 1, %tmp_8" [fips202.c:29]   --->   Operation 20 'add' 'sum_1' <Predicate = true> <Delay = 1.35> <Core = "AddSub">   --->   Core 14 'AddSub' <Latency = 0> <II = 1> <Delay = 1.35> <FuncUnit> <Opcode : 'add' 'sub'> <InPorts = 2> <OutPorts = 1>
ST_1 : Operation 21 [12/12] (2.18ns)   --->   "%newIndex2 = urem i8 %sum_1, 50" [fips202.c:29]   --->   Operation 21 'urem' 'newIndex2' <Predicate = true> <Delay = 2.18> <Core = "DivnS">   --->   Core 23 'DivnS' <Latency = 11> <II = 1> <Delay = 2.18> <FuncUnit> <Opcode : 'sdiv' 'srem' 'udiv' 'urem'> <InPorts = 2> <OutPorts = 1>

State 2 <SV = 1> <Delay = 3.54>
ST_2 : Operation 22 [11/12] (2.18ns)   --->   "%newIndex1 = urem i8 %tmp_8, 50" [fips202.c:29]   --->   Operation 22 'urem' 'newIndex1' <Predicate = true> <Delay = 2.18> <Core = "DivnS">   --->   Core 23 'DivnS' <Latency = 11> <II = 1> <Delay = 2.18> <FuncUnit> <Opcode : 'sdiv' 'srem' 'udiv' 'urem'> <InPorts = 2> <OutPorts = 1>
ST_2 : Operation 23 [11/12] (2.18ns)   --->   "%newIndex2 = urem i8 %sum_1, 50" [fips202.c:29]   --->   Operation 23 'urem' 'newIndex2' <Predicate = true> <Delay = 2.18> <Core = "DivnS">   --->   Core 23 'DivnS' <Latency = 11> <II = 1> <Delay = 2.18> <FuncUnit> <Opcode : 'sdiv' 'srem' 'udiv' 'urem'> <InPorts = 2> <OutPorts = 1>
ST_2 : Operation 24 [1/1] (1.35ns)   --->   "%sum_2 = add i8 2, %tmp_8" [fips202.c:29]   --->   Operation 24 'add' 'sum_2' <Predicate = true> <Delay = 1.35> <Core = "AddSub">   --->   Core 14 'AddSub' <Latency = 0> <II = 1> <Delay = 1.35> <FuncUnit> <Opcode : 'add' 'sub'> <InPorts = 2> <OutPorts = 1>
ST_2 : Operation 25 [12/12] (2.18ns)   --->   "%newIndex3 = urem i8 %sum_2, 50" [fips202.c:29]   --->   Operation 25 'urem' 'newIndex3' <Predicate = true> <Delay = 2.18> <Core = "DivnS">   --->   Core 23 'DivnS' <Latency = 11> <II = 1> <Delay = 2.18> <FuncUnit> <Opcode : 'sdiv' 'srem' 'udiv' 'urem'> <InPorts = 2> <OutPorts = 1>
ST_2 : Operation 26 [1/1] (1.35ns)   --->   "%sum_3 = add i8 3, %tmp_8" [fips202.c:29]   --->   Operation 26 'add' 'sum_3' <Predicate = true> <Delay = 1.35> <Core = "AddSub">   --->   Core 14 'AddSub' <Latency = 0> <II = 1> <Delay = 1.35> <FuncUnit> <Opcode : 'add' 'sub'> <InPorts = 2> <OutPorts = 1>
ST_2 : Operation 27 [12/12] (2.18ns)   --->   "%newIndex4 = urem i8 %sum_3, 50" [fips202.c:29]   --->   Operation 27 'urem' 'newIndex4' <Predicate = true> <Delay = 2.18> <Core = "DivnS">   --->   Core 23 'DivnS' <Latency = 11> <II = 1> <Delay = 2.18> <FuncUnit> <Opcode : 'sdiv' 'srem' 'udiv' 'urem'> <InPorts = 2> <OutPorts = 1>

State 3 <SV = 2> <Delay = 3.54>
ST_3 : Operation 28 [10/12] (2.18ns)   --->   "%newIndex1 = urem i8 %tmp_8, 50" [fips202.c:29]   --->   Operation 28 'urem' 'newIndex1' <Predicate = true> <Delay = 2.18> <Core = "DivnS">   --->   Core 23 'DivnS' <Latency = 11> <II = 1> <Delay = 2.18> <FuncUnit> <Opcode : 'sdiv' 'srem' 'udiv' 'urem'> <InPorts = 2> <OutPorts = 1>
ST_3 : Operation 29 [10/12] (2.18ns)   --->   "%newIndex2 = urem i8 %sum_1, 50" [fips202.c:29]   --->   Operation 29 'urem' 'newIndex2' <Predicate = true> <Delay = 2.18> <Core = "DivnS">   --->   Core 23 'DivnS' <Latency = 11> <II = 1> <Delay = 2.18> <FuncUnit> <Opcode : 'sdiv' 'srem' 'udiv' 'urem'> <InPorts = 2> <OutPorts = 1>
ST_3 : Operation 30 [11/12] (2.18ns)   --->   "%newIndex3 = urem i8 %sum_2, 50" [fips202.c:29]   --->   Operation 30 'urem' 'newIndex3' <Predicate = true> <Delay = 2.18> <Core = "DivnS">   --->   Core 23 'DivnS' <Latency = 11> <II = 1> <Delay = 2.18> <FuncUnit> <Opcode : 'sdiv' 'srem' 'udiv' 'urem'> <InPorts = 2> <OutPorts = 1>
ST_3 : Operation 31 [11/12] (2.18ns)   --->   "%newIndex4 = urem i8 %sum_3, 50" [fips202.c:29]   --->   Operation 31 'urem' 'newIndex4' <Predicate = true> <Delay = 2.18> <Core = "DivnS">   --->   Core 23 'DivnS' <Latency = 11> <II = 1> <Delay = 2.18> <FuncUnit> <Opcode : 'sdiv' 'srem' 'udiv' 'urem'> <InPorts = 2> <OutPorts = 1>
ST_3 : Operation 32 [1/1] (1.35ns)   --->   "%sum_4 = add i8 4, %tmp_8" [fips202.c:29]   --->   Operation 32 'add' 'sum_4' <Predicate = true> <Delay = 1.35> <Core = "AddSub">   --->   Core 14 'AddSub' <Latency = 0> <II = 1> <Delay = 1.35> <FuncUnit> <Opcode : 'add' 'sub'> <InPorts = 2> <OutPorts = 1>
ST_3 : Operation 33 [12/12] (2.18ns)   --->   "%newIndex5 = urem i8 %sum_4, 50" [fips202.c:29]   --->   Operation 33 'urem' 'newIndex5' <Predicate = true> <Delay = 2.18> <Core = "DivnS">   --->   Core 23 'DivnS' <Latency = 11> <II = 1> <Delay = 2.18> <FuncUnit> <Opcode : 'sdiv' 'srem' 'udiv' 'urem'> <InPorts = 2> <OutPorts = 1>
ST_3 : Operation 34 [1/1] (1.35ns)   --->   "%sum_5 = add i8 5, %tmp_8" [fips202.c:29]   --->   Operation 34 'add' 'sum_5' <Predicate = true> <Delay = 1.35> <Core = "AddSub">   --->   Core 14 'AddSub' <Latency = 0> <II = 1> <Delay = 1.35> <FuncUnit> <Opcode : 'add' 'sub'> <InPorts = 2> <OutPorts = 1>
ST_3 : Operation 35 [12/12] (2.18ns)   --->   "%newIndex6 = urem i8 %sum_5, 50" [fips202.c:29]   --->   Operation 35 'urem' 'newIndex6' <Predicate = true> <Delay = 2.18> <Core = "DivnS">   --->   Core 23 'DivnS' <Latency = 11> <II = 1> <Delay = 2.18> <FuncUnit> <Opcode : 'sdiv' 'srem' 'udiv' 'urem'> <InPorts = 2> <OutPorts = 1>

State 4 <SV = 3> <Delay = 3.54>
ST_4 : Operation 36 [9/12] (2.18ns)   --->   "%newIndex1 = urem i8 %tmp_8, 50" [fips202.c:29]   --->   Operation 36 'urem' 'newIndex1' <Predicate = true> <Delay = 2.18> <Core = "DivnS">   --->   Core 23 'DivnS' <Latency = 11> <II = 1> <Delay = 2.18> <FuncUnit> <Opcode : 'sdiv' 'srem' 'udiv' 'urem'> <InPorts = 2> <OutPorts = 1>
ST_4 : Operation 37 [9/12] (2.18ns)   --->   "%newIndex2 = urem i8 %sum_1, 50" [fips202.c:29]   --->   Operation 37 'urem' 'newIndex2' <Predicate = true> <Delay = 2.18> <Core = "DivnS">   --->   Core 23 'DivnS' <Latency = 11> <II = 1> <Delay = 2.18> <FuncUnit> <Opcode : 'sdiv' 'srem' 'udiv' 'urem'> <InPorts = 2> <OutPorts = 1>
ST_4 : Operation 38 [10/12] (2.18ns)   --->   "%newIndex3 = urem i8 %sum_2, 50" [fips202.c:29]   --->   Operation 38 'urem' 'newIndex3' <Predicate = true> <Delay = 2.18> <Core = "DivnS">   --->   Core 23 'DivnS' <Latency = 11> <II = 1> <Delay = 2.18> <FuncUnit> <Opcode : 'sdiv' 'srem' 'udiv' 'urem'> <InPorts = 2> <OutPorts = 1>
ST_4 : Operation 39 [10/12] (2.18ns)   --->   "%newIndex4 = urem i8 %sum_3, 50" [fips202.c:29]   --->   Operation 39 'urem' 'newIndex4' <Predicate = true> <Delay = 2.18> <Core = "DivnS">   --->   Core 23 'DivnS' <Latency = 11> <II = 1> <Delay = 2.18> <FuncUnit> <Opcode : 'sdiv' 'srem' 'udiv' 'urem'> <InPorts = 2> <OutPorts = 1>
ST_4 : Operation 40 [11/12] (2.18ns)   --->   "%newIndex5 = urem i8 %sum_4, 50" [fips202.c:29]   --->   Operation 40 'urem' 'newIndex5' <Predicate = true> <Delay = 2.18> <Core = "DivnS">   --->   Core 23 'DivnS' <Latency = 11> <II = 1> <Delay = 2.18> <FuncUnit> <Opcode : 'sdiv' 'srem' 'udiv' 'urem'> <InPorts = 2> <OutPorts = 1>
ST_4 : Operation 41 [11/12] (2.18ns)   --->   "%newIndex6 = urem i8 %sum_5, 50" [fips202.c:29]   --->   Operation 41 'urem' 'newIndex6' <Predicate = true> <Delay = 2.18> <Core = "DivnS">   --->   Core 23 'DivnS' <Latency = 11> <II = 1> <Delay = 2.18> <FuncUnit> <Opcode : 'sdiv' 'srem' 'udiv' 'urem'> <InPorts = 2> <OutPorts = 1>
ST_4 : Operation 42 [1/1] (1.35ns)   --->   "%sum_6 = add i8 6, %tmp_8" [fips202.c:29]   --->   Operation 42 'add' 'sum_6' <Predicate = true> <Delay = 1.35> <Core = "AddSub">   --->   Core 14 'AddSub' <Latency = 0> <II = 1> <Delay = 1.35> <FuncUnit> <Opcode : 'add' 'sub'> <InPorts = 2> <OutPorts = 1>
ST_4 : Operation 43 [12/12] (2.18ns)   --->   "%newIndex8 = urem i8 %sum_6, 50" [fips202.c:29]   --->   Operation 43 'urem' 'newIndex8' <Predicate = true> <Delay = 2.18> <Core = "DivnS">   --->   Core 23 'DivnS' <Latency = 11> <II = 1> <Delay = 2.18> <FuncUnit> <Opcode : 'sdiv' 'srem' 'udiv' 'urem'> <InPorts = 2> <OutPorts = 1>
ST_4 : Operation 44 [1/1] (1.35ns)   --->   "%sum_7 = add i8 7, %tmp_8" [fips202.c:29]   --->   Operation 44 'add' 'sum_7' <Predicate = true> <Delay = 1.35> <Core = "AddSub">   --->   Core 14 'AddSub' <Latency = 0> <II = 1> <Delay = 1.35> <FuncUnit> <Opcode : 'add' 'sub'> <InPorts = 2> <OutPorts = 1>
ST_4 : Operation 45 [12/12] (2.18ns)   --->   "%newIndex = urem i8 %sum_7, 50" [fips202.c:29]   --->   Operation 45 'urem' 'newIndex' <Predicate = true> <Delay = 2.18> <Core = "DivnS">   --->   Core 23 'DivnS' <Latency = 11> <II = 1> <Delay = 2.18> <FuncUnit> <Opcode : 'sdiv' 'srem' 'udiv' 'urem'> <InPorts = 2> <OutPorts = 1>

State 5 <SV = 4> <Delay = 2.18>
ST_5 : Operation 46 [8/12] (2.18ns)   --->   "%newIndex1 = urem i8 %tmp_8, 50" [fips202.c:29]   --->   Operation 46 'urem' 'newIndex1' <Predicate = true> <Delay = 2.18> <Core = "DivnS">   --->   Core 23 'DivnS' <Latency = 11> <II = 1> <Delay = 2.18> <FuncUnit> <Opcode : 'sdiv' 'srem' 'udiv' 'urem'> <InPorts = 2> <OutPorts = 1>
ST_5 : Operation 47 [8/12] (2.18ns)   --->   "%newIndex2 = urem i8 %sum_1, 50" [fips202.c:29]   --->   Operation 47 'urem' 'newIndex2' <Predicate = true> <Delay = 2.18> <Core = "DivnS">   --->   Core 23 'DivnS' <Latency = 11> <II = 1> <Delay = 2.18> <FuncUnit> <Opcode : 'sdiv' 'srem' 'udiv' 'urem'> <InPorts = 2> <OutPorts = 1>
ST_5 : Operation 48 [9/12] (2.18ns)   --->   "%newIndex3 = urem i8 %sum_2, 50" [fips202.c:29]   --->   Operation 48 'urem' 'newIndex3' <Predicate = true> <Delay = 2.18> <Core = "DivnS">   --->   Core 23 'DivnS' <Latency = 11> <II = 1> <Delay = 2.18> <FuncUnit> <Opcode : 'sdiv' 'srem' 'udiv' 'urem'> <InPorts = 2> <OutPorts = 1>
ST_5 : Operation 49 [9/12] (2.18ns)   --->   "%newIndex4 = urem i8 %sum_3, 50" [fips202.c:29]   --->   Operation 49 'urem' 'newIndex4' <Predicate = true> <Delay = 2.18> <Core = "DivnS">   --->   Core 23 'DivnS' <Latency = 11> <II = 1> <Delay = 2.18> <FuncUnit> <Opcode : 'sdiv' 'srem' 'udiv' 'urem'> <InPorts = 2> <OutPorts = 1>
ST_5 : Operation 50 [10/12] (2.18ns)   --->   "%newIndex5 = urem i8 %sum_4, 50" [fips202.c:29]   --->   Operation 50 'urem' 'newIndex5' <Predicate = true> <Delay = 2.18> <Core = "DivnS">   --->   Core 23 'DivnS' <Latency = 11> <II = 1> <Delay = 2.18> <FuncUnit> <Opcode : 'sdiv' 'srem' 'udiv' 'urem'> <InPorts = 2> <OutPorts = 1>
ST_5 : Operation 51 [10/12] (2.18ns)   --->   "%newIndex6 = urem i8 %sum_5, 50" [fips202.c:29]   --->   Operation 51 'urem' 'newIndex6' <Predicate = true> <Delay = 2.18> <Core = "DivnS">   --->   Core 23 'DivnS' <Latency = 11> <II = 1> <Delay = 2.18> <FuncUnit> <Opcode : 'sdiv' 'srem' 'udiv' 'urem'> <InPorts = 2> <OutPorts = 1>
ST_5 : Operation 52 [11/12] (2.18ns)   --->   "%newIndex8 = urem i8 %sum_6, 50" [fips202.c:29]   --->   Operation 52 'urem' 'newIndex8' <Predicate = true> <Delay = 2.18> <Core = "DivnS">   --->   Core 23 'DivnS' <Latency = 11> <II = 1> <Delay = 2.18> <FuncUnit> <Opcode : 'sdiv' 'srem' 'udiv' 'urem'> <InPorts = 2> <OutPorts = 1>
ST_5 : Operation 53 [11/12] (2.18ns)   --->   "%newIndex = urem i8 %sum_7, 50" [fips202.c:29]   --->   Operation 53 'urem' 'newIndex' <Predicate = true> <Delay = 2.18> <Core = "DivnS">   --->   Core 23 'DivnS' <Latency = 11> <II = 1> <Delay = 2.18> <FuncUnit> <Opcode : 'sdiv' 'srem' 'udiv' 'urem'> <InPorts = 2> <OutPorts = 1>

State 6 <SV = 5> <Delay = 2.18>
ST_6 : Operation 54 [7/12] (2.18ns)   --->   "%newIndex1 = urem i8 %tmp_8, 50" [fips202.c:29]   --->   Operation 54 'urem' 'newIndex1' <Predicate = true> <Delay = 2.18> <Core = "DivnS">   --->   Core 23 'DivnS' <Latency = 11> <II = 1> <Delay = 2.18> <FuncUnit> <Opcode : 'sdiv' 'srem' 'udiv' 'urem'> <InPorts = 2> <OutPorts = 1>
ST_6 : Operation 55 [7/12] (2.18ns)   --->   "%newIndex2 = urem i8 %sum_1, 50" [fips202.c:29]   --->   Operation 55 'urem' 'newIndex2' <Predicate = true> <Delay = 2.18> <Core = "DivnS">   --->   Core 23 'DivnS' <Latency = 11> <II = 1> <Delay = 2.18> <FuncUnit> <Opcode : 'sdiv' 'srem' 'udiv' 'urem'> <InPorts = 2> <OutPorts = 1>
ST_6 : Operation 56 [8/12] (2.18ns)   --->   "%newIndex3 = urem i8 %sum_2, 50" [fips202.c:29]   --->   Operation 56 'urem' 'newIndex3' <Predicate = true> <Delay = 2.18> <Core = "DivnS">   --->   Core 23 'DivnS' <Latency = 11> <II = 1> <Delay = 2.18> <FuncUnit> <Opcode : 'sdiv' 'srem' 'udiv' 'urem'> <InPorts = 2> <OutPorts = 1>
ST_6 : Operation 57 [8/12] (2.18ns)   --->   "%newIndex4 = urem i8 %sum_3, 50" [fips202.c:29]   --->   Operation 57 'urem' 'newIndex4' <Predicate = true> <Delay = 2.18> <Core = "DivnS">   --->   Core 23 'DivnS' <Latency = 11> <II = 1> <Delay = 2.18> <FuncUnit> <Opcode : 'sdiv' 'srem' 'udiv' 'urem'> <InPorts = 2> <OutPorts = 1>
ST_6 : Operation 58 [9/12] (2.18ns)   --->   "%newIndex5 = urem i8 %sum_4, 50" [fips202.c:29]   --->   Operation 58 'urem' 'newIndex5' <Predicate = true> <Delay = 2.18> <Core = "DivnS">   --->   Core 23 'DivnS' <Latency = 11> <II = 1> <Delay = 2.18> <FuncUnit> <Opcode : 'sdiv' 'srem' 'udiv' 'urem'> <InPorts = 2> <OutPorts = 1>
ST_6 : Operation 59 [9/12] (2.18ns)   --->   "%newIndex6 = urem i8 %sum_5, 50" [fips202.c:29]   --->   Operation 59 'urem' 'newIndex6' <Predicate = true> <Delay = 2.18> <Core = "DivnS">   --->   Core 23 'DivnS' <Latency = 11> <II = 1> <Delay = 2.18> <FuncUnit> <Opcode : 'sdiv' 'srem' 'udiv' 'urem'> <InPorts = 2> <OutPorts = 1>
ST_6 : Operation 60 [10/12] (2.18ns)   --->   "%newIndex8 = urem i8 %sum_6, 50" [fips202.c:29]   --->   Operation 60 'urem' 'newIndex8' <Predicate = true> <Delay = 2.18> <Core = "DivnS">   --->   Core 23 'DivnS' <Latency = 11> <II = 1> <Delay = 2.18> <FuncUnit> <Opcode : 'sdiv' 'srem' 'udiv' 'urem'> <InPorts = 2> <OutPorts = 1>
ST_6 : Operation 61 [10/12] (2.18ns)   --->   "%newIndex = urem i8 %sum_7, 50" [fips202.c:29]   --->   Operation 61 'urem' 'newIndex' <Predicate = true> <Delay = 2.18> <Core = "DivnS">   --->   Core 23 'DivnS' <Latency = 11> <II = 1> <Delay = 2.18> <FuncUnit> <Opcode : 'sdiv' 'srem' 'udiv' 'urem'> <InPorts = 2> <OutPorts = 1>

State 7 <SV = 6> <Delay = 2.18>
ST_7 : Operation 62 [6/12] (2.18ns)   --->   "%newIndex1 = urem i8 %tmp_8, 50" [fips202.c:29]   --->   Operation 62 'urem' 'newIndex1' <Predicate = true> <Delay = 2.18> <Core = "DivnS">   --->   Core 23 'DivnS' <Latency = 11> <II = 1> <Delay = 2.18> <FuncUnit> <Opcode : 'sdiv' 'srem' 'udiv' 'urem'> <InPorts = 2> <OutPorts = 1>
ST_7 : Operation 63 [6/12] (2.18ns)   --->   "%newIndex2 = urem i8 %sum_1, 50" [fips202.c:29]   --->   Operation 63 'urem' 'newIndex2' <Predicate = true> <Delay = 2.18> <Core = "DivnS">   --->   Core 23 'DivnS' <Latency = 11> <II = 1> <Delay = 2.18> <FuncUnit> <Opcode : 'sdiv' 'srem' 'udiv' 'urem'> <InPorts = 2> <OutPorts = 1>
ST_7 : Operation 64 [7/12] (2.18ns)   --->   "%newIndex3 = urem i8 %sum_2, 50" [fips202.c:29]   --->   Operation 64 'urem' 'newIndex3' <Predicate = true> <Delay = 2.18> <Core = "DivnS">   --->   Core 23 'DivnS' <Latency = 11> <II = 1> <Delay = 2.18> <FuncUnit> <Opcode : 'sdiv' 'srem' 'udiv' 'urem'> <InPorts = 2> <OutPorts = 1>
ST_7 : Operation 65 [7/12] (2.18ns)   --->   "%newIndex4 = urem i8 %sum_3, 50" [fips202.c:29]   --->   Operation 65 'urem' 'newIndex4' <Predicate = true> <Delay = 2.18> <Core = "DivnS">   --->   Core 23 'DivnS' <Latency = 11> <II = 1> <Delay = 2.18> <FuncUnit> <Opcode : 'sdiv' 'srem' 'udiv' 'urem'> <InPorts = 2> <OutPorts = 1>
ST_7 : Operation 66 [8/12] (2.18ns)   --->   "%newIndex5 = urem i8 %sum_4, 50" [fips202.c:29]   --->   Operation 66 'urem' 'newIndex5' <Predicate = true> <Delay = 2.18> <Core = "DivnS">   --->   Core 23 'DivnS' <Latency = 11> <II = 1> <Delay = 2.18> <FuncUnit> <Opcode : 'sdiv' 'srem' 'udiv' 'urem'> <InPorts = 2> <OutPorts = 1>
ST_7 : Operation 67 [8/12] (2.18ns)   --->   "%newIndex6 = urem i8 %sum_5, 50" [fips202.c:29]   --->   Operation 67 'urem' 'newIndex6' <Predicate = true> <Delay = 2.18> <Core = "DivnS">   --->   Core 23 'DivnS' <Latency = 11> <II = 1> <Delay = 2.18> <FuncUnit> <Opcode : 'sdiv' 'srem' 'udiv' 'urem'> <InPorts = 2> <OutPorts = 1>
ST_7 : Operation 68 [9/12] (2.18ns)   --->   "%newIndex8 = urem i8 %sum_6, 50" [fips202.c:29]   --->   Operation 68 'urem' 'newIndex8' <Predicate = true> <Delay = 2.18> <Core = "DivnS">   --->   Core 23 'DivnS' <Latency = 11> <II = 1> <Delay = 2.18> <FuncUnit> <Opcode : 'sdiv' 'srem' 'udiv' 'urem'> <InPorts = 2> <OutPorts = 1>
ST_7 : Operation 69 [9/12] (2.18ns)   --->   "%newIndex = urem i8 %sum_7, 50" [fips202.c:29]   --->   Operation 69 'urem' 'newIndex' <Predicate = true> <Delay = 2.18> <Core = "DivnS">   --->   Core 23 'DivnS' <Latency = 11> <II = 1> <Delay = 2.18> <FuncUnit> <Opcode : 'sdiv' 'srem' 'udiv' 'urem'> <InPorts = 2> <OutPorts = 1>

State 8 <SV = 7> <Delay = 2.18>
ST_8 : Operation 70 [5/12] (2.18ns)   --->   "%newIndex1 = urem i8 %tmp_8, 50" [fips202.c:29]   --->   Operation 70 'urem' 'newIndex1' <Predicate = true> <Delay = 2.18> <Core = "DivnS">   --->   Core 23 'DivnS' <Latency = 11> <II = 1> <Delay = 2.18> <FuncUnit> <Opcode : 'sdiv' 'srem' 'udiv' 'urem'> <InPorts = 2> <OutPorts = 1>
ST_8 : Operation 71 [5/12] (2.18ns)   --->   "%newIndex2 = urem i8 %sum_1, 50" [fips202.c:29]   --->   Operation 71 'urem' 'newIndex2' <Predicate = true> <Delay = 2.18> <Core = "DivnS">   --->   Core 23 'DivnS' <Latency = 11> <II = 1> <Delay = 2.18> <FuncUnit> <Opcode : 'sdiv' 'srem' 'udiv' 'urem'> <InPorts = 2> <OutPorts = 1>
ST_8 : Operation 72 [6/12] (2.18ns)   --->   "%newIndex3 = urem i8 %sum_2, 50" [fips202.c:29]   --->   Operation 72 'urem' 'newIndex3' <Predicate = true> <Delay = 2.18> <Core = "DivnS">   --->   Core 23 'DivnS' <Latency = 11> <II = 1> <Delay = 2.18> <FuncUnit> <Opcode : 'sdiv' 'srem' 'udiv' 'urem'> <InPorts = 2> <OutPorts = 1>
ST_8 : Operation 73 [6/12] (2.18ns)   --->   "%newIndex4 = urem i8 %sum_3, 50" [fips202.c:29]   --->   Operation 73 'urem' 'newIndex4' <Predicate = true> <Delay = 2.18> <Core = "DivnS">   --->   Core 23 'DivnS' <Latency = 11> <II = 1> <Delay = 2.18> <FuncUnit> <Opcode : 'sdiv' 'srem' 'udiv' 'urem'> <InPorts = 2> <OutPorts = 1>
ST_8 : Operation 74 [7/12] (2.18ns)   --->   "%newIndex5 = urem i8 %sum_4, 50" [fips202.c:29]   --->   Operation 74 'urem' 'newIndex5' <Predicate = true> <Delay = 2.18> <Core = "DivnS">   --->   Core 23 'DivnS' <Latency = 11> <II = 1> <Delay = 2.18> <FuncUnit> <Opcode : 'sdiv' 'srem' 'udiv' 'urem'> <InPorts = 2> <OutPorts = 1>
ST_8 : Operation 75 [7/12] (2.18ns)   --->   "%newIndex6 = urem i8 %sum_5, 50" [fips202.c:29]   --->   Operation 75 'urem' 'newIndex6' <Predicate = true> <Delay = 2.18> <Core = "DivnS">   --->   Core 23 'DivnS' <Latency = 11> <II = 1> <Delay = 2.18> <FuncUnit> <Opcode : 'sdiv' 'srem' 'udiv' 'urem'> <InPorts = 2> <OutPorts = 1>
ST_8 : Operation 76 [8/12] (2.18ns)   --->   "%newIndex8 = urem i8 %sum_6, 50" [fips202.c:29]   --->   Operation 76 'urem' 'newIndex8' <Predicate = true> <Delay = 2.18> <Core = "DivnS">   --->   Core 23 'DivnS' <Latency = 11> <II = 1> <Delay = 2.18> <FuncUnit> <Opcode : 'sdiv' 'srem' 'udiv' 'urem'> <InPorts = 2> <OutPorts = 1>
ST_8 : Operation 77 [8/12] (2.18ns)   --->   "%newIndex = urem i8 %sum_7, 50" [fips202.c:29]   --->   Operation 77 'urem' 'newIndex' <Predicate = true> <Delay = 2.18> <Core = "DivnS">   --->   Core 23 'DivnS' <Latency = 11> <II = 1> <Delay = 2.18> <FuncUnit> <Opcode : 'sdiv' 'srem' 'udiv' 'urem'> <InPorts = 2> <OutPorts = 1>

State 9 <SV = 8> <Delay = 2.18>
ST_9 : Operation 78 [4/12] (2.18ns)   --->   "%newIndex1 = urem i8 %tmp_8, 50" [fips202.c:29]   --->   Operation 78 'urem' 'newIndex1' <Predicate = true> <Delay = 2.18> <Core = "DivnS">   --->   Core 23 'DivnS' <Latency = 11> <II = 1> <Delay = 2.18> <FuncUnit> <Opcode : 'sdiv' 'srem' 'udiv' 'urem'> <InPorts = 2> <OutPorts = 1>
ST_9 : Operation 79 [4/12] (2.18ns)   --->   "%newIndex2 = urem i8 %sum_1, 50" [fips202.c:29]   --->   Operation 79 'urem' 'newIndex2' <Predicate = true> <Delay = 2.18> <Core = "DivnS">   --->   Core 23 'DivnS' <Latency = 11> <II = 1> <Delay = 2.18> <FuncUnit> <Opcode : 'sdiv' 'srem' 'udiv' 'urem'> <InPorts = 2> <OutPorts = 1>
ST_9 : Operation 80 [5/12] (2.18ns)   --->   "%newIndex3 = urem i8 %sum_2, 50" [fips202.c:29]   --->   Operation 80 'urem' 'newIndex3' <Predicate = true> <Delay = 2.18> <Core = "DivnS">   --->   Core 23 'DivnS' <Latency = 11> <II = 1> <Delay = 2.18> <FuncUnit> <Opcode : 'sdiv' 'srem' 'udiv' 'urem'> <InPorts = 2> <OutPorts = 1>
ST_9 : Operation 81 [5/12] (2.18ns)   --->   "%newIndex4 = urem i8 %sum_3, 50" [fips202.c:29]   --->   Operation 81 'urem' 'newIndex4' <Predicate = true> <Delay = 2.18> <Core = "DivnS">   --->   Core 23 'DivnS' <Latency = 11> <II = 1> <Delay = 2.18> <FuncUnit> <Opcode : 'sdiv' 'srem' 'udiv' 'urem'> <InPorts = 2> <OutPorts = 1>
ST_9 : Operation 82 [6/12] (2.18ns)   --->   "%newIndex5 = urem i8 %sum_4, 50" [fips202.c:29]   --->   Operation 82 'urem' 'newIndex5' <Predicate = true> <Delay = 2.18> <Core = "DivnS">   --->   Core 23 'DivnS' <Latency = 11> <II = 1> <Delay = 2.18> <FuncUnit> <Opcode : 'sdiv' 'srem' 'udiv' 'urem'> <InPorts = 2> <OutPorts = 1>
ST_9 : Operation 83 [6/12] (2.18ns)   --->   "%newIndex6 = urem i8 %sum_5, 50" [fips202.c:29]   --->   Operation 83 'urem' 'newIndex6' <Predicate = true> <Delay = 2.18> <Core = "DivnS">   --->   Core 23 'DivnS' <Latency = 11> <II = 1> <Delay = 2.18> <FuncUnit> <Opcode : 'sdiv' 'srem' 'udiv' 'urem'> <InPorts = 2> <OutPorts = 1>
ST_9 : Operation 84 [7/12] (2.18ns)   --->   "%newIndex8 = urem i8 %sum_6, 50" [fips202.c:29]   --->   Operation 84 'urem' 'newIndex8' <Predicate = true> <Delay = 2.18> <Core = "DivnS">   --->   Core 23 'DivnS' <Latency = 11> <II = 1> <Delay = 2.18> <FuncUnit> <Opcode : 'sdiv' 'srem' 'udiv' 'urem'> <InPorts = 2> <OutPorts = 1>
ST_9 : Operation 85 [7/12] (2.18ns)   --->   "%newIndex = urem i8 %sum_7, 50" [fips202.c:29]   --->   Operation 85 'urem' 'newIndex' <Predicate = true> <Delay = 2.18> <Core = "DivnS">   --->   Core 23 'DivnS' <Latency = 11> <II = 1> <Delay = 2.18> <FuncUnit> <Opcode : 'sdiv' 'srem' 'udiv' 'urem'> <InPorts = 2> <OutPorts = 1>

State 10 <SV = 9> <Delay = 2.18>
ST_10 : Operation 86 [3/12] (2.18ns)   --->   "%newIndex1 = urem i8 %tmp_8, 50" [fips202.c:29]   --->   Operation 86 'urem' 'newIndex1' <Predicate = true> <Delay = 2.18> <Core = "DivnS">   --->   Core 23 'DivnS' <Latency = 11> <II = 1> <Delay = 2.18> <FuncUnit> <Opcode : 'sdiv' 'srem' 'udiv' 'urem'> <InPorts = 2> <OutPorts = 1>
ST_10 : Operation 87 [3/12] (2.18ns)   --->   "%newIndex2 = urem i8 %sum_1, 50" [fips202.c:29]   --->   Operation 87 'urem' 'newIndex2' <Predicate = true> <Delay = 2.18> <Core = "DivnS">   --->   Core 23 'DivnS' <Latency = 11> <II = 1> <Delay = 2.18> <FuncUnit> <Opcode : 'sdiv' 'srem' 'udiv' 'urem'> <InPorts = 2> <OutPorts = 1>
ST_10 : Operation 88 [4/12] (2.18ns)   --->   "%newIndex3 = urem i8 %sum_2, 50" [fips202.c:29]   --->   Operation 88 'urem' 'newIndex3' <Predicate = true> <Delay = 2.18> <Core = "DivnS">   --->   Core 23 'DivnS' <Latency = 11> <II = 1> <Delay = 2.18> <FuncUnit> <Opcode : 'sdiv' 'srem' 'udiv' 'urem'> <InPorts = 2> <OutPorts = 1>
ST_10 : Operation 89 [4/12] (2.18ns)   --->   "%newIndex4 = urem i8 %sum_3, 50" [fips202.c:29]   --->   Operation 89 'urem' 'newIndex4' <Predicate = true> <Delay = 2.18> <Core = "DivnS">   --->   Core 23 'DivnS' <Latency = 11> <II = 1> <Delay = 2.18> <FuncUnit> <Opcode : 'sdiv' 'srem' 'udiv' 'urem'> <InPorts = 2> <OutPorts = 1>
ST_10 : Operation 90 [5/12] (2.18ns)   --->   "%newIndex5 = urem i8 %sum_4, 50" [fips202.c:29]   --->   Operation 90 'urem' 'newIndex5' <Predicate = true> <Delay = 2.18> <Core = "DivnS">   --->   Core 23 'DivnS' <Latency = 11> <II = 1> <Delay = 2.18> <FuncUnit> <Opcode : 'sdiv' 'srem' 'udiv' 'urem'> <InPorts = 2> <OutPorts = 1>
ST_10 : Operation 91 [5/12] (2.18ns)   --->   "%newIndex6 = urem i8 %sum_5, 50" [fips202.c:29]   --->   Operation 91 'urem' 'newIndex6' <Predicate = true> <Delay = 2.18> <Core = "DivnS">   --->   Core 23 'DivnS' <Latency = 11> <II = 1> <Delay = 2.18> <FuncUnit> <Opcode : 'sdiv' 'srem' 'udiv' 'urem'> <InPorts = 2> <OutPorts = 1>
ST_10 : Operation 92 [6/12] (2.18ns)   --->   "%newIndex8 = urem i8 %sum_6, 50" [fips202.c:29]   --->   Operation 92 'urem' 'newIndex8' <Predicate = true> <Delay = 2.18> <Core = "DivnS">   --->   Core 23 'DivnS' <Latency = 11> <II = 1> <Delay = 2.18> <FuncUnit> <Opcode : 'sdiv' 'srem' 'udiv' 'urem'> <InPorts = 2> <OutPorts = 1>
ST_10 : Operation 93 [6/12] (2.18ns)   --->   "%newIndex = urem i8 %sum_7, 50" [fips202.c:29]   --->   Operation 93 'urem' 'newIndex' <Predicate = true> <Delay = 2.18> <Core = "DivnS">   --->   Core 23 'DivnS' <Latency = 11> <II = 1> <Delay = 2.18> <FuncUnit> <Opcode : 'sdiv' 'srem' 'udiv' 'urem'> <InPorts = 2> <OutPorts = 1>

State 11 <SV = 10> <Delay = 2.18>
ST_11 : Operation 94 [2/12] (2.18ns)   --->   "%newIndex1 = urem i8 %tmp_8, 50" [fips202.c:29]   --->   Operation 94 'urem' 'newIndex1' <Predicate = true> <Delay = 2.18> <Core = "DivnS">   --->   Core 23 'DivnS' <Latency = 11> <II = 1> <Delay = 2.18> <FuncUnit> <Opcode : 'sdiv' 'srem' 'udiv' 'urem'> <InPorts = 2> <OutPorts = 1>
ST_11 : Operation 95 [2/12] (2.18ns)   --->   "%newIndex2 = urem i8 %sum_1, 50" [fips202.c:29]   --->   Operation 95 'urem' 'newIndex2' <Predicate = true> <Delay = 2.18> <Core = "DivnS">   --->   Core 23 'DivnS' <Latency = 11> <II = 1> <Delay = 2.18> <FuncUnit> <Opcode : 'sdiv' 'srem' 'udiv' 'urem'> <InPorts = 2> <OutPorts = 1>
ST_11 : Operation 96 [3/12] (2.18ns)   --->   "%newIndex3 = urem i8 %sum_2, 50" [fips202.c:29]   --->   Operation 96 'urem' 'newIndex3' <Predicate = true> <Delay = 2.18> <Core = "DivnS">   --->   Core 23 'DivnS' <Latency = 11> <II = 1> <Delay = 2.18> <FuncUnit> <Opcode : 'sdiv' 'srem' 'udiv' 'urem'> <InPorts = 2> <OutPorts = 1>
ST_11 : Operation 97 [3/12] (2.18ns)   --->   "%newIndex4 = urem i8 %sum_3, 50" [fips202.c:29]   --->   Operation 97 'urem' 'newIndex4' <Predicate = true> <Delay = 2.18> <Core = "DivnS">   --->   Core 23 'DivnS' <Latency = 11> <II = 1> <Delay = 2.18> <FuncUnit> <Opcode : 'sdiv' 'srem' 'udiv' 'urem'> <InPorts = 2> <OutPorts = 1>
ST_11 : Operation 98 [4/12] (2.18ns)   --->   "%newIndex5 = urem i8 %sum_4, 50" [fips202.c:29]   --->   Operation 98 'urem' 'newIndex5' <Predicate = true> <Delay = 2.18> <Core = "DivnS">   --->   Core 23 'DivnS' <Latency = 11> <II = 1> <Delay = 2.18> <FuncUnit> <Opcode : 'sdiv' 'srem' 'udiv' 'urem'> <InPorts = 2> <OutPorts = 1>
ST_11 : Operation 99 [4/12] (2.18ns)   --->   "%newIndex6 = urem i8 %sum_5, 50" [fips202.c:29]   --->   Operation 99 'urem' 'newIndex6' <Predicate = true> <Delay = 2.18> <Core = "DivnS">   --->   Core 23 'DivnS' <Latency = 11> <II = 1> <Delay = 2.18> <FuncUnit> <Opcode : 'sdiv' 'srem' 'udiv' 'urem'> <InPorts = 2> <OutPorts = 1>
ST_11 : Operation 100 [5/12] (2.18ns)   --->   "%newIndex8 = urem i8 %sum_6, 50" [fips202.c:29]   --->   Operation 100 'urem' 'newIndex8' <Predicate = true> <Delay = 2.18> <Core = "DivnS">   --->   Core 23 'DivnS' <Latency = 11> <II = 1> <Delay = 2.18> <FuncUnit> <Opcode : 'sdiv' 'srem' 'udiv' 'urem'> <InPorts = 2> <OutPorts = 1>
ST_11 : Operation 101 [5/12] (2.18ns)   --->   "%newIndex = urem i8 %sum_7, 50" [fips202.c:29]   --->   Operation 101 'urem' 'newIndex' <Predicate = true> <Delay = 2.18> <Core = "DivnS">   --->   Core 23 'DivnS' <Latency = 11> <II = 1> <Delay = 2.18> <FuncUnit> <Opcode : 'sdiv' 'srem' 'udiv' 'urem'> <InPorts = 2> <OutPorts = 1>

State 12 <SV = 11> <Delay = 3.33>
ST_12 : Operation 102 [1/12] (2.18ns)   --->   "%newIndex1 = urem i8 %tmp_8, 50" [fips202.c:29]   --->   Operation 102 'urem' 'newIndex1' <Predicate = true> <Delay = 2.18> <Core = "DivnS">   --->   Core 23 'DivnS' <Latency = 11> <II = 1> <Delay = 2.18> <FuncUnit> <Opcode : 'sdiv' 'srem' 'udiv' 'urem'> <InPorts = 2> <OutPorts = 1>
ST_12 : Operation 103 [1/1] (0.00ns)   --->   "%newIndex1_cast = zext i8 %newIndex1 to i64" [fips202.c:29]   --->   Operation 103 'zext' 'newIndex1_cast' <Predicate = true> <Delay = 0.00>
ST_12 : Operation 104 [1/1] (0.00ns)   --->   "%x_0_addr = getelementptr [50 x i8]* %x_0, i64 0, i64 %newIndex1_cast" [fips202.c:29]   --->   Operation 104 'getelementptr' 'x_0_addr' <Predicate = true> <Delay = 0.00>
ST_12 : Operation 105 [2/2] (1.14ns)   --->   "%x_0_load = load i8* %x_0_addr, align 1" [fips202.c:29]   --->   Operation 105 'load' 'x_0_load' <Predicate = true> <Delay = 1.14> <Core = "RAM">   --->   Core 37 'RAM' <Latency = 1> <II = 1> <Delay = 1.14> <Storage> <Opcode : 'load' 'store'> <Ports = 2> <Width = 1> <Depth = 50> <RAM>
ST_12 : Operation 106 [1/1] (0.00ns)   --->   "%x_1_addr = getelementptr [50 x i1]* %x_1, i64 0, i64 %newIndex1_cast" [fips202.c:29]   --->   Operation 106 'getelementptr' 'x_1_addr' <Predicate = true> <Delay = 0.00>
ST_12 : Operation 107 [2/2] (1.14ns)   --->   "%x_1_load = load i1* %x_1_addr, align 1" [fips202.c:29]   --->   Operation 107 'load' 'x_1_load' <Predicate = true> <Delay = 1.14> <Core = "RAM">   --->   Core 37 'RAM' <Latency = 1> <II = 1> <Delay = 1.14> <Storage> <Opcode : 'load' 'store'> <Ports = 2> <Width = 1> <Depth = 50> <RAM>
ST_12 : Operation 108 [1/1] (0.00ns)   --->   "%x_2_addr = getelementptr [50 x i8]* %x_2, i64 0, i64 %newIndex1_cast" [fips202.c:29]   --->   Operation 108 'getelementptr' 'x_2_addr' <Predicate = true> <Delay = 0.00>
ST_12 : Operation 109 [2/2] (1.14ns)   --->   "%x_2_load = load i8* %x_2_addr, align 1" [fips202.c:29]   --->   Operation 109 'load' 'x_2_load' <Predicate = true> <Delay = 1.14> <Core = "RAM">   --->   Core 37 'RAM' <Latency = 1> <II = 1> <Delay = 1.14> <Storage> <Opcode : 'load' 'store'> <Ports = 2> <Width = 1> <Depth = 50> <RAM>
ST_12 : Operation 110 [1/1] (0.00ns)   --->   "%x_3_addr = getelementptr [50 x i1]* %x_3, i64 0, i64 %newIndex1_cast" [fips202.c:29]   --->   Operation 110 'getelementptr' 'x_3_addr' <Predicate = true> <Delay = 0.00>
ST_12 : Operation 111 [2/2] (1.14ns)   --->   "%x_3_load = load i1* %x_3_addr, align 1" [fips202.c:29]   --->   Operation 111 'load' 'x_3_load' <Predicate = true> <Delay = 1.14> <Core = "RAM">   --->   Core 37 'RAM' <Latency = 1> <II = 1> <Delay = 1.14> <Storage> <Opcode : 'load' 'store'> <Ports = 2> <Width = 1> <Depth = 50> <RAM>
ST_12 : Operation 112 [1/12] (2.18ns)   --->   "%newIndex2 = urem i8 %sum_1, 50" [fips202.c:29]   --->   Operation 112 'urem' 'newIndex2' <Predicate = true> <Delay = 2.18> <Core = "DivnS">   --->   Core 23 'DivnS' <Latency = 11> <II = 1> <Delay = 2.18> <FuncUnit> <Opcode : 'sdiv' 'srem' 'udiv' 'urem'> <InPorts = 2> <OutPorts = 1>
ST_12 : Operation 113 [1/1] (0.00ns)   --->   "%newIndex2_cast = zext i8 %newIndex2 to i64" [fips202.c:29]   --->   Operation 113 'zext' 'newIndex2_cast' <Predicate = true> <Delay = 0.00>
ST_12 : Operation 114 [1/1] (0.00ns)   --->   "%x_0_addr_1 = getelementptr [50 x i8]* %x_0, i64 0, i64 %newIndex2_cast" [fips202.c:29]   --->   Operation 114 'getelementptr' 'x_0_addr_1' <Predicate = true> <Delay = 0.00>
ST_12 : Operation 115 [2/2] (1.14ns)   --->   "%x_0_load_1 = load i8* %x_0_addr_1, align 1" [fips202.c:29]   --->   Operation 115 'load' 'x_0_load_1' <Predicate = true> <Delay = 1.14> <Core = "RAM">   --->   Core 37 'RAM' <Latency = 1> <II = 1> <Delay = 1.14> <Storage> <Opcode : 'load' 'store'> <Ports = 2> <Width = 1> <Depth = 50> <RAM>
ST_12 : Operation 116 [1/1] (0.00ns)   --->   "%x_1_addr_1 = getelementptr [50 x i1]* %x_1, i64 0, i64 %newIndex2_cast" [fips202.c:29]   --->   Operation 116 'getelementptr' 'x_1_addr_1' <Predicate = true> <Delay = 0.00>
ST_12 : Operation 117 [2/2] (1.14ns)   --->   "%x_1_load_1 = load i1* %x_1_addr_1, align 1" [fips202.c:29]   --->   Operation 117 'load' 'x_1_load_1' <Predicate = true> <Delay = 1.14> <Core = "RAM">   --->   Core 37 'RAM' <Latency = 1> <II = 1> <Delay = 1.14> <Storage> <Opcode : 'load' 'store'> <Ports = 2> <Width = 1> <Depth = 50> <RAM>
ST_12 : Operation 118 [1/1] (0.00ns)   --->   "%x_2_addr_1 = getelementptr [50 x i8]* %x_2, i64 0, i64 %newIndex2_cast" [fips202.c:29]   --->   Operation 118 'getelementptr' 'x_2_addr_1' <Predicate = true> <Delay = 0.00>
ST_12 : Operation 119 [2/2] (1.14ns)   --->   "%x_2_load_1 = load i8* %x_2_addr_1, align 1" [fips202.c:29]   --->   Operation 119 'load' 'x_2_load_1' <Predicate = true> <Delay = 1.14> <Core = "RAM">   --->   Core 37 'RAM' <Latency = 1> <II = 1> <Delay = 1.14> <Storage> <Opcode : 'load' 'store'> <Ports = 2> <Width = 1> <Depth = 50> <RAM>
ST_12 : Operation 120 [1/1] (0.00ns)   --->   "%x_3_addr_1 = getelementptr [50 x i1]* %x_3, i64 0, i64 %newIndex2_cast" [fips202.c:29]   --->   Operation 120 'getelementptr' 'x_3_addr_1' <Predicate = true> <Delay = 0.00>
ST_12 : Operation 121 [2/2] (1.14ns)   --->   "%x_3_load_1 = load i1* %x_3_addr_1, align 1" [fips202.c:29]   --->   Operation 121 'load' 'x_3_load_1' <Predicate = true> <Delay = 1.14> <Core = "RAM">   --->   Core 37 'RAM' <Latency = 1> <II = 1> <Delay = 1.14> <Storage> <Opcode : 'load' 'store'> <Ports = 2> <Width = 1> <Depth = 50> <RAM>
ST_12 : Operation 122 [2/12] (2.18ns)   --->   "%newIndex3 = urem i8 %sum_2, 50" [fips202.c:29]   --->   Operation 122 'urem' 'newIndex3' <Predicate = true> <Delay = 2.18> <Core = "DivnS">   --->   Core 23 'DivnS' <Latency = 11> <II = 1> <Delay = 2.18> <FuncUnit> <Opcode : 'sdiv' 'srem' 'udiv' 'urem'> <InPorts = 2> <OutPorts = 1>
ST_12 : Operation 123 [2/12] (2.18ns)   --->   "%newIndex4 = urem i8 %sum_3, 50" [fips202.c:29]   --->   Operation 123 'urem' 'newIndex4' <Predicate = true> <Delay = 2.18> <Core = "DivnS">   --->   Core 23 'DivnS' <Latency = 11> <II = 1> <Delay = 2.18> <FuncUnit> <Opcode : 'sdiv' 'srem' 'udiv' 'urem'> <InPorts = 2> <OutPorts = 1>
ST_12 : Operation 124 [3/12] (2.18ns)   --->   "%newIndex5 = urem i8 %sum_4, 50" [fips202.c:29]   --->   Operation 124 'urem' 'newIndex5' <Predicate = true> <Delay = 2.18> <Core = "DivnS">   --->   Core 23 'DivnS' <Latency = 11> <II = 1> <Delay = 2.18> <FuncUnit> <Opcode : 'sdiv' 'srem' 'udiv' 'urem'> <InPorts = 2> <OutPorts = 1>
ST_12 : Operation 125 [3/12] (2.18ns)   --->   "%newIndex6 = urem i8 %sum_5, 50" [fips202.c:29]   --->   Operation 125 'urem' 'newIndex6' <Predicate = true> <Delay = 2.18> <Core = "DivnS">   --->   Core 23 'DivnS' <Latency = 11> <II = 1> <Delay = 2.18> <FuncUnit> <Opcode : 'sdiv' 'srem' 'udiv' 'urem'> <InPorts = 2> <OutPorts = 1>
ST_12 : Operation 126 [4/12] (2.18ns)   --->   "%newIndex8 = urem i8 %sum_6, 50" [fips202.c:29]   --->   Operation 126 'urem' 'newIndex8' <Predicate = true> <Delay = 2.18> <Core = "DivnS">   --->   Core 23 'DivnS' <Latency = 11> <II = 1> <Delay = 2.18> <FuncUnit> <Opcode : 'sdiv' 'srem' 'udiv' 'urem'> <InPorts = 2> <OutPorts = 1>
ST_12 : Operation 127 [4/12] (2.18ns)   --->   "%newIndex = urem i8 %sum_7, 50" [fips202.c:29]   --->   Operation 127 'urem' 'newIndex' <Predicate = true> <Delay = 2.18> <Core = "DivnS">   --->   Core 23 'DivnS' <Latency = 11> <II = 1> <Delay = 2.18> <FuncUnit> <Opcode : 'sdiv' 'srem' 'udiv' 'urem'> <InPorts = 2> <OutPorts = 1>

State 13 <SV = 12> <Delay = 3.79>
ST_13 : Operation 128 [1/1] (0.00ns)   --->   "%zext2_cast = zext i8 %tmp_8 to i18" [fips202.c:29]   --->   Operation 128 'zext' 'zext2_cast' <Predicate = true> <Delay = 0.00>
ST_13 : Operation 129 [1/1] (2.91ns)   --->   "%mul1 = mul i18 328, %zext2_cast" [fips202.c:29]   --->   Operation 129 'mul' 'mul1' <Predicate = true> <Delay = 2.91> <Core = "Mul">   --->   Core 16 'Mul' <Latency = 0> <II = 1> <Delay = 2.91> <FuncUnit> <Opcode : 'mul'> <InPorts = 2> <OutPorts = 1>
ST_13 : Operation 130 [1/1] (0.00ns)   --->   "%tmp_9 = call i4 @_ssdm_op_PartSelect.i4.i18.i32.i32(i18 %mul1, i32 14, i32 17)" [fips202.c:29]   --->   Operation 130 'partselect' 'tmp_9' <Predicate = true> <Delay = 0.00>
ST_13 : Operation 131 [1/1] (0.00ns)   --->   "%arrayNo1 = sext i4 %tmp_9 to i8" [fips202.c:29]   --->   Operation 131 'sext' 'arrayNo1' <Predicate = true> <Delay = 0.00>
ST_13 : Operation 132 [1/1] (0.00ns)   --->   "%arrayNo1_cast = zext i8 %arrayNo1 to i64" [fips202.c:29]   --->   Operation 132 'zext' 'arrayNo1_cast' <Predicate = true> <Delay = 0.00>
ST_13 : Operation 133 [1/2] (1.14ns)   --->   "%x_0_load = load i8* %x_0_addr, align 1" [fips202.c:29]   --->   Operation 133 'load' 'x_0_load' <Predicate = true> <Delay = 1.14> <Core = "RAM">   --->   Core 37 'RAM' <Latency = 1> <II = 1> <Delay = 1.14> <Storage> <Opcode : 'load' 'store'> <Ports = 2> <Width = 1> <Depth = 50> <RAM>
ST_13 : Operation 134 [1/2] (1.14ns)   --->   "%x_1_load = load i1* %x_1_addr, align 1" [fips202.c:29]   --->   Operation 134 'load' 'x_1_load' <Predicate = true> <Delay = 1.14> <Core = "RAM">   --->   Core 37 'RAM' <Latency = 1> <II = 1> <Delay = 1.14> <Storage> <Opcode : 'load' 'store'> <Ports = 2> <Width = 1> <Depth = 50> <RAM>
ST_13 : Operation 135 [1/1] (0.00ns)   --->   "%extLd = zext i1 %x_1_load to i8" [fips202.c:29]   --->   Operation 135 'zext' 'extLd' <Predicate = true> <Delay = 0.00>
ST_13 : Operation 136 [1/2] (1.14ns)   --->   "%x_2_load = load i8* %x_2_addr, align 1" [fips202.c:29]   --->   Operation 136 'load' 'x_2_load' <Predicate = true> <Delay = 1.14> <Core = "RAM">   --->   Core 37 'RAM' <Latency = 1> <II = 1> <Delay = 1.14> <Storage> <Opcode : 'load' 'store'> <Ports = 2> <Width = 1> <Depth = 50> <RAM>
ST_13 : Operation 137 [1/2] (1.14ns)   --->   "%x_3_load = load i1* %x_3_addr, align 1" [fips202.c:29]   --->   Operation 137 'load' 'x_3_load' <Predicate = true> <Delay = 1.14> <Core = "RAM">   --->   Core 37 'RAM' <Latency = 1> <II = 1> <Delay = 1.14> <Storage> <Opcode : 'load' 'store'> <Ports = 2> <Width = 1> <Depth = 50> <RAM>
ST_13 : Operation 138 [1/1] (0.00ns)   --->   "%extLd1 = zext i1 %x_3_load to i8" [fips202.c:29]   --->   Operation 138 'zext' 'extLd1' <Predicate = true> <Delay = 0.00>
ST_13 : Operation 139 [1/1] (0.88ns)   --->   "%tmp = call i8 @_ssdm_op_Mux.ap_auto.4i8.i64(i8 %x_0_load, i8 %extLd, i8 %x_2_load, i8 %extLd1, i64 %arrayNo1_cast)" [fips202.c:29]   --->   Operation 139 'mux' 'tmp' <Predicate = true> <Delay = 0.88> <Core = "MuxnS">   --->   Core 31 'MuxnS' <Latency = 0> <II = 1> <Delay = 0.88> <FuncUnit> <Opcode : 'mux'> <InPorts = 2> <OutPorts = 1>
ST_13 : Operation 140 [1/1] (0.00ns)   --->   "%zext3_cast = zext i8 %sum_1 to i18" [fips202.c:29]   --->   Operation 140 'zext' 'zext3_cast' <Predicate = true> <Delay = 0.00>
ST_13 : Operation 141 [1/1] (2.91ns)   --->   "%mul3 = mul i18 328, %zext3_cast" [fips202.c:29]   --->   Operation 141 'mul' 'mul3' <Predicate = true> <Delay = 2.91> <Core = "Mul">   --->   Core 16 'Mul' <Latency = 0> <II = 1> <Delay = 2.91> <FuncUnit> <Opcode : 'mul'> <InPorts = 2> <OutPorts = 1>
ST_13 : Operation 142 [1/1] (0.00ns)   --->   "%tmp_10 = call i4 @_ssdm_op_PartSelect.i4.i18.i32.i32(i18 %mul3, i32 14, i32 17)" [fips202.c:29]   --->   Operation 142 'partselect' 'tmp_10' <Predicate = true> <Delay = 0.00>
ST_13 : Operation 143 [1/1] (0.00ns)   --->   "%arrayNo2 = sext i4 %tmp_10 to i8" [fips202.c:29]   --->   Operation 143 'sext' 'arrayNo2' <Predicate = true> <Delay = 0.00>
ST_13 : Operation 144 [1/1] (0.00ns)   --->   "%arrayNo2_cast = zext i8 %arrayNo2 to i64" [fips202.c:29]   --->   Operation 144 'zext' 'arrayNo2_cast' <Predicate = true> <Delay = 0.00>
ST_13 : Operation 145 [1/2] (1.14ns)   --->   "%x_0_load_1 = load i8* %x_0_addr_1, align 1" [fips202.c:29]   --->   Operation 145 'load' 'x_0_load_1' <Predicate = true> <Delay = 1.14> <Core = "RAM">   --->   Core 37 'RAM' <Latency = 1> <II = 1> <Delay = 1.14> <Storage> <Opcode : 'load' 'store'> <Ports = 2> <Width = 1> <Depth = 50> <RAM>
ST_13 : Operation 146 [1/2] (1.14ns)   --->   "%x_1_load_1 = load i1* %x_1_addr_1, align 1" [fips202.c:29]   --->   Operation 146 'load' 'x_1_load_1' <Predicate = true> <Delay = 1.14> <Core = "RAM">   --->   Core 37 'RAM' <Latency = 1> <II = 1> <Delay = 1.14> <Storage> <Opcode : 'load' 'store'> <Ports = 2> <Width = 1> <Depth = 50> <RAM>
ST_13 : Operation 147 [1/1] (0.00ns)   --->   "%extLd3 = zext i1 %x_1_load_1 to i8" [fips202.c:29]   --->   Operation 147 'zext' 'extLd3' <Predicate = true> <Delay = 0.00>
ST_13 : Operation 148 [1/2] (1.14ns)   --->   "%x_2_load_1 = load i8* %x_2_addr_1, align 1" [fips202.c:29]   --->   Operation 148 'load' 'x_2_load_1' <Predicate = true> <Delay = 1.14> <Core = "RAM">   --->   Core 37 'RAM' <Latency = 1> <II = 1> <Delay = 1.14> <Storage> <Opcode : 'load' 'store'> <Ports = 2> <Width = 1> <Depth = 50> <RAM>
ST_13 : Operation 149 [1/2] (1.14ns)   --->   "%x_3_load_1 = load i1* %x_3_addr_1, align 1" [fips202.c:29]   --->   Operation 149 'load' 'x_3_load_1' <Predicate = true> <Delay = 1.14> <Core = "RAM">   --->   Core 37 'RAM' <Latency = 1> <II = 1> <Delay = 1.14> <Storage> <Opcode : 'load' 'store'> <Ports = 2> <Width = 1> <Depth = 50> <RAM>
ST_13 : Operation 150 [1/1] (0.00ns)   --->   "%extLd2 = zext i1 %x_3_load_1 to i8" [fips202.c:29]   --->   Operation 150 'zext' 'extLd2' <Predicate = true> <Delay = 0.00>
ST_13 : Operation 151 [1/1] (0.88ns)   --->   "%tmp_1 = call i8 @_ssdm_op_Mux.ap_auto.4i8.i64(i8 %x_0_load_1, i8 %extLd3, i8 %x_2_load_1, i8 %extLd2, i64 %arrayNo2_cast)" [fips202.c:29]   --->   Operation 151 'mux' 'tmp_1' <Predicate = true> <Delay = 0.88> <Core = "MuxnS">   --->   Core 31 'MuxnS' <Latency = 0> <II = 1> <Delay = 0.88> <FuncUnit> <Opcode : 'mux'> <InPorts = 2> <OutPorts = 1>
ST_13 : Operation 152 [1/12] (2.18ns)   --->   "%newIndex3 = urem i8 %sum_2, 50" [fips202.c:29]   --->   Operation 152 'urem' 'newIndex3' <Predicate = true> <Delay = 2.18> <Core = "DivnS">   --->   Core 23 'DivnS' <Latency = 11> <II = 1> <Delay = 2.18> <FuncUnit> <Opcode : 'sdiv' 'srem' 'udiv' 'urem'> <InPorts = 2> <OutPorts = 1>
ST_13 : Operation 153 [1/1] (0.00ns)   --->   "%newIndex3_cast = zext i8 %newIndex3 to i64" [fips202.c:29]   --->   Operation 153 'zext' 'newIndex3_cast' <Predicate = true> <Delay = 0.00>
ST_13 : Operation 154 [1/1] (0.00ns)   --->   "%x_0_addr_2 = getelementptr [50 x i8]* %x_0, i64 0, i64 %newIndex3_cast" [fips202.c:29]   --->   Operation 154 'getelementptr' 'x_0_addr_2' <Predicate = true> <Delay = 0.00>
ST_13 : Operation 155 [2/2] (1.14ns)   --->   "%x_0_load_2 = load i8* %x_0_addr_2, align 1" [fips202.c:29]   --->   Operation 155 'load' 'x_0_load_2' <Predicate = true> <Delay = 1.14> <Core = "RAM">   --->   Core 37 'RAM' <Latency = 1> <II = 1> <Delay = 1.14> <Storage> <Opcode : 'load' 'store'> <Ports = 2> <Width = 1> <Depth = 50> <RAM>
ST_13 : Operation 156 [1/1] (0.00ns)   --->   "%x_1_addr_2 = getelementptr [50 x i1]* %x_1, i64 0, i64 %newIndex3_cast" [fips202.c:29]   --->   Operation 156 'getelementptr' 'x_1_addr_2' <Predicate = true> <Delay = 0.00>
ST_13 : Operation 157 [2/2] (1.14ns)   --->   "%x_1_load_2 = load i1* %x_1_addr_2, align 1" [fips202.c:29]   --->   Operation 157 'load' 'x_1_load_2' <Predicate = true> <Delay = 1.14> <Core = "RAM">   --->   Core 37 'RAM' <Latency = 1> <II = 1> <Delay = 1.14> <Storage> <Opcode : 'load' 'store'> <Ports = 2> <Width = 1> <Depth = 50> <RAM>
ST_13 : Operation 158 [1/1] (0.00ns)   --->   "%x_2_addr_2 = getelementptr [50 x i8]* %x_2, i64 0, i64 %newIndex3_cast" [fips202.c:29]   --->   Operation 158 'getelementptr' 'x_2_addr_2' <Predicate = true> <Delay = 0.00>
ST_13 : Operation 159 [2/2] (1.14ns)   --->   "%x_2_load_2 = load i8* %x_2_addr_2, align 1" [fips202.c:29]   --->   Operation 159 'load' 'x_2_load_2' <Predicate = true> <Delay = 1.14> <Core = "RAM">   --->   Core 37 'RAM' <Latency = 1> <II = 1> <Delay = 1.14> <Storage> <Opcode : 'load' 'store'> <Ports = 2> <Width = 1> <Depth = 50> <RAM>
ST_13 : Operation 160 [1/1] (0.00ns)   --->   "%x_3_addr_2 = getelementptr [50 x i1]* %x_3, i64 0, i64 %newIndex3_cast" [fips202.c:29]   --->   Operation 160 'getelementptr' 'x_3_addr_2' <Predicate = true> <Delay = 0.00>
ST_13 : Operation 161 [2/2] (1.14ns)   --->   "%x_3_load_2 = load i1* %x_3_addr_2, align 1" [fips202.c:29]   --->   Operation 161 'load' 'x_3_load_2' <Predicate = true> <Delay = 1.14> <Core = "RAM">   --->   Core 37 'RAM' <Latency = 1> <II = 1> <Delay = 1.14> <Storage> <Opcode : 'load' 'store'> <Ports = 2> <Width = 1> <Depth = 50> <RAM>
ST_13 : Operation 162 [1/12] (2.18ns)   --->   "%newIndex4 = urem i8 %sum_3, 50" [fips202.c:29]   --->   Operation 162 'urem' 'newIndex4' <Predicate = true> <Delay = 2.18> <Core = "DivnS">   --->   Core 23 'DivnS' <Latency = 11> <II = 1> <Delay = 2.18> <FuncUnit> <Opcode : 'sdiv' 'srem' 'udiv' 'urem'> <InPorts = 2> <OutPorts = 1>
ST_13 : Operation 163 [1/1] (0.00ns)   --->   "%newIndex4_cast = zext i8 %newIndex4 to i64" [fips202.c:29]   --->   Operation 163 'zext' 'newIndex4_cast' <Predicate = true> <Delay = 0.00>
ST_13 : Operation 164 [1/1] (0.00ns)   --->   "%x_0_addr_3 = getelementptr [50 x i8]* %x_0, i64 0, i64 %newIndex4_cast" [fips202.c:29]   --->   Operation 164 'getelementptr' 'x_0_addr_3' <Predicate = true> <Delay = 0.00>
ST_13 : Operation 165 [2/2] (1.14ns)   --->   "%x_0_load_3 = load i8* %x_0_addr_3, align 1" [fips202.c:29]   --->   Operation 165 'load' 'x_0_load_3' <Predicate = true> <Delay = 1.14> <Core = "RAM">   --->   Core 37 'RAM' <Latency = 1> <II = 1> <Delay = 1.14> <Storage> <Opcode : 'load' 'store'> <Ports = 2> <Width = 1> <Depth = 50> <RAM>
ST_13 : Operation 166 [1/1] (0.00ns)   --->   "%x_1_addr_3 = getelementptr [50 x i1]* %x_1, i64 0, i64 %newIndex4_cast" [fips202.c:29]   --->   Operation 166 'getelementptr' 'x_1_addr_3' <Predicate = true> <Delay = 0.00>
ST_13 : Operation 167 [2/2] (1.14ns)   --->   "%x_1_load_3 = load i1* %x_1_addr_3, align 1" [fips202.c:29]   --->   Operation 167 'load' 'x_1_load_3' <Predicate = true> <Delay = 1.14> <Core = "RAM">   --->   Core 37 'RAM' <Latency = 1> <II = 1> <Delay = 1.14> <Storage> <Opcode : 'load' 'store'> <Ports = 2> <Width = 1> <Depth = 50> <RAM>
ST_13 : Operation 168 [1/1] (0.00ns)   --->   "%x_2_addr_3 = getelementptr [50 x i8]* %x_2, i64 0, i64 %newIndex4_cast" [fips202.c:29]   --->   Operation 168 'getelementptr' 'x_2_addr_3' <Predicate = true> <Delay = 0.00>
ST_13 : Operation 169 [2/2] (1.14ns)   --->   "%x_2_load_3 = load i8* %x_2_addr_3, align 1" [fips202.c:29]   --->   Operation 169 'load' 'x_2_load_3' <Predicate = true> <Delay = 1.14> <Core = "RAM">   --->   Core 37 'RAM' <Latency = 1> <II = 1> <Delay = 1.14> <Storage> <Opcode : 'load' 'store'> <Ports = 2> <Width = 1> <Depth = 50> <RAM>
ST_13 : Operation 170 [1/1] (0.00ns)   --->   "%x_3_addr_3 = getelementptr [50 x i1]* %x_3, i64 0, i64 %newIndex4_cast" [fips202.c:29]   --->   Operation 170 'getelementptr' 'x_3_addr_3' <Predicate = true> <Delay = 0.00>
ST_13 : Operation 171 [2/2] (1.14ns)   --->   "%x_3_load_3 = load i1* %x_3_addr_3, align 1" [fips202.c:29]   --->   Operation 171 'load' 'x_3_load_3' <Predicate = true> <Delay = 1.14> <Core = "RAM">   --->   Core 37 'RAM' <Latency = 1> <II = 1> <Delay = 1.14> <Storage> <Opcode : 'load' 'store'> <Ports = 2> <Width = 1> <Depth = 50> <RAM>
ST_13 : Operation 172 [2/12] (2.18ns)   --->   "%newIndex5 = urem i8 %sum_4, 50" [fips202.c:29]   --->   Operation 172 'urem' 'newIndex5' <Predicate = true> <Delay = 2.18> <Core = "DivnS">   --->   Core 23 'DivnS' <Latency = 11> <II = 1> <Delay = 2.18> <FuncUnit> <Opcode : 'sdiv' 'srem' 'udiv' 'urem'> <InPorts = 2> <OutPorts = 1>
ST_13 : Operation 173 [2/12] (2.18ns)   --->   "%newIndex6 = urem i8 %sum_5, 50" [fips202.c:29]   --->   Operation 173 'urem' 'newIndex6' <Predicate = true> <Delay = 2.18> <Core = "DivnS">   --->   Core 23 'DivnS' <Latency = 11> <II = 1> <Delay = 2.18> <FuncUnit> <Opcode : 'sdiv' 'srem' 'udiv' 'urem'> <InPorts = 2> <OutPorts = 1>
ST_13 : Operation 174 [3/12] (2.18ns)   --->   "%newIndex8 = urem i8 %sum_6, 50" [fips202.c:29]   --->   Operation 174 'urem' 'newIndex8' <Predicate = true> <Delay = 2.18> <Core = "DivnS">   --->   Core 23 'DivnS' <Latency = 11> <II = 1> <Delay = 2.18> <FuncUnit> <Opcode : 'sdiv' 'srem' 'udiv' 'urem'> <InPorts = 2> <OutPorts = 1>
ST_13 : Operation 175 [3/12] (2.18ns)   --->   "%newIndex = urem i8 %sum_7, 50" [fips202.c:29]   --->   Operation 175 'urem' 'newIndex' <Predicate = true> <Delay = 2.18> <Core = "DivnS">   --->   Core 23 'DivnS' <Latency = 11> <II = 1> <Delay = 2.18> <FuncUnit> <Opcode : 'sdiv' 'srem' 'udiv' 'urem'> <InPorts = 2> <OutPorts = 1>

State 14 <SV = 13> <Delay = 3.79>
ST_14 : Operation 176 [1/1] (0.00ns)   --->   "%zext5_cast = zext i8 %sum_2 to i18" [fips202.c:29]   --->   Operation 176 'zext' 'zext5_cast' <Predicate = true> <Delay = 0.00>
ST_14 : Operation 177 [1/1] (2.91ns)   --->   "%mul4 = mul i18 328, %zext5_cast" [fips202.c:29]   --->   Operation 177 'mul' 'mul4' <Predicate = true> <Delay = 2.91> <Core = "Mul">   --->   Core 16 'Mul' <Latency = 0> <II = 1> <Delay = 2.91> <FuncUnit> <Opcode : 'mul'> <InPorts = 2> <OutPorts = 1>
ST_14 : Operation 178 [1/1] (0.00ns)   --->   "%tmp_11 = call i4 @_ssdm_op_PartSelect.i4.i18.i32.i32(i18 %mul4, i32 14, i32 17)" [fips202.c:29]   --->   Operation 178 'partselect' 'tmp_11' <Predicate = true> <Delay = 0.00>
ST_14 : Operation 179 [1/1] (0.00ns)   --->   "%arrayNo3 = sext i4 %tmp_11 to i8" [fips202.c:29]   --->   Operation 179 'sext' 'arrayNo3' <Predicate = true> <Delay = 0.00>
ST_14 : Operation 180 [1/1] (0.00ns)   --->   "%arrayNo3_cast = zext i8 %arrayNo3 to i64" [fips202.c:29]   --->   Operation 180 'zext' 'arrayNo3_cast' <Predicate = true> <Delay = 0.00>
ST_14 : Operation 181 [1/2] (1.14ns)   --->   "%x_0_load_2 = load i8* %x_0_addr_2, align 1" [fips202.c:29]   --->   Operation 181 'load' 'x_0_load_2' <Predicate = true> <Delay = 1.14> <Core = "RAM">   --->   Core 37 'RAM' <Latency = 1> <II = 1> <Delay = 1.14> <Storage> <Opcode : 'load' 'store'> <Ports = 2> <Width = 1> <Depth = 50> <RAM>
ST_14 : Operation 182 [1/2] (1.14ns)   --->   "%x_1_load_2 = load i1* %x_1_addr_2, align 1" [fips202.c:29]   --->   Operation 182 'load' 'x_1_load_2' <Predicate = true> <Delay = 1.14> <Core = "RAM">   --->   Core 37 'RAM' <Latency = 1> <II = 1> <Delay = 1.14> <Storage> <Opcode : 'load' 'store'> <Ports = 2> <Width = 1> <Depth = 50> <RAM>
ST_14 : Operation 183 [1/1] (0.00ns)   --->   "%extLd4 = zext i1 %x_1_load_2 to i8" [fips202.c:29]   --->   Operation 183 'zext' 'extLd4' <Predicate = true> <Delay = 0.00>
ST_14 : Operation 184 [1/2] (1.14ns)   --->   "%x_2_load_2 = load i8* %x_2_addr_2, align 1" [fips202.c:29]   --->   Operation 184 'load' 'x_2_load_2' <Predicate = true> <Delay = 1.14> <Core = "RAM">   --->   Core 37 'RAM' <Latency = 1> <II = 1> <Delay = 1.14> <Storage> <Opcode : 'load' 'store'> <Ports = 2> <Width = 1> <Depth = 50> <RAM>
ST_14 : Operation 185 [1/2] (1.14ns)   --->   "%x_3_load_2 = load i1* %x_3_addr_2, align 1" [fips202.c:29]   --->   Operation 185 'load' 'x_3_load_2' <Predicate = true> <Delay = 1.14> <Core = "RAM">   --->   Core 37 'RAM' <Latency = 1> <II = 1> <Delay = 1.14> <Storage> <Opcode : 'load' 'store'> <Ports = 2> <Width = 1> <Depth = 50> <RAM>
ST_14 : Operation 186 [1/1] (0.00ns)   --->   "%extLd10 = zext i1 %x_3_load_2 to i8" [fips202.c:29]   --->   Operation 186 'zext' 'extLd10' <Predicate = true> <Delay = 0.00>
ST_14 : Operation 187 [1/1] (0.88ns)   --->   "%tmp_2 = call i8 @_ssdm_op_Mux.ap_auto.4i8.i64(i8 %x_0_load_2, i8 %extLd4, i8 %x_2_load_2, i8 %extLd10, i64 %arrayNo3_cast)" [fips202.c:29]   --->   Operation 187 'mux' 'tmp_2' <Predicate = true> <Delay = 0.88> <Core = "MuxnS">   --->   Core 31 'MuxnS' <Latency = 0> <II = 1> <Delay = 0.88> <FuncUnit> <Opcode : 'mux'> <InPorts = 2> <OutPorts = 1>
ST_14 : Operation 188 [1/1] (0.00ns)   --->   "%zext6_cast = zext i8 %sum_3 to i18" [fips202.c:29]   --->   Operation 188 'zext' 'zext6_cast' <Predicate = true> <Delay = 0.00>
ST_14 : Operation 189 [1/1] (2.91ns)   --->   "%mul6 = mul i18 328, %zext6_cast" [fips202.c:29]   --->   Operation 189 'mul' 'mul6' <Predicate = true> <Delay = 2.91> <Core = "Mul">   --->   Core 16 'Mul' <Latency = 0> <II = 1> <Delay = 2.91> <FuncUnit> <Opcode : 'mul'> <InPorts = 2> <OutPorts = 1>
ST_14 : Operation 190 [1/1] (0.00ns)   --->   "%tmp_12 = call i4 @_ssdm_op_PartSelect.i4.i18.i32.i32(i18 %mul6, i32 14, i32 17)" [fips202.c:29]   --->   Operation 190 'partselect' 'tmp_12' <Predicate = true> <Delay = 0.00>
ST_14 : Operation 191 [1/1] (0.00ns)   --->   "%arrayNo4 = sext i4 %tmp_12 to i8" [fips202.c:29]   --->   Operation 191 'sext' 'arrayNo4' <Predicate = true> <Delay = 0.00>
ST_14 : Operation 192 [1/1] (0.00ns)   --->   "%arrayNo4_cast = zext i8 %arrayNo4 to i64" [fips202.c:29]   --->   Operation 192 'zext' 'arrayNo4_cast' <Predicate = true> <Delay = 0.00>
ST_14 : Operation 193 [1/2] (1.14ns)   --->   "%x_0_load_3 = load i8* %x_0_addr_3, align 1" [fips202.c:29]   --->   Operation 193 'load' 'x_0_load_3' <Predicate = true> <Delay = 1.14> <Core = "RAM">   --->   Core 37 'RAM' <Latency = 1> <II = 1> <Delay = 1.14> <Storage> <Opcode : 'load' 'store'> <Ports = 2> <Width = 1> <Depth = 50> <RAM>
ST_14 : Operation 194 [1/2] (1.14ns)   --->   "%x_1_load_3 = load i1* %x_1_addr_3, align 1" [fips202.c:29]   --->   Operation 194 'load' 'x_1_load_3' <Predicate = true> <Delay = 1.14> <Core = "RAM">   --->   Core 37 'RAM' <Latency = 1> <II = 1> <Delay = 1.14> <Storage> <Opcode : 'load' 'store'> <Ports = 2> <Width = 1> <Depth = 50> <RAM>
ST_14 : Operation 195 [1/1] (0.00ns)   --->   "%extLd5 = zext i1 %x_1_load_3 to i8" [fips202.c:29]   --->   Operation 195 'zext' 'extLd5' <Predicate = true> <Delay = 0.00>
ST_14 : Operation 196 [1/2] (1.14ns)   --->   "%x_2_load_3 = load i8* %x_2_addr_3, align 1" [fips202.c:29]   --->   Operation 196 'load' 'x_2_load_3' <Predicate = true> <Delay = 1.14> <Core = "RAM">   --->   Core 37 'RAM' <Latency = 1> <II = 1> <Delay = 1.14> <Storage> <Opcode : 'load' 'store'> <Ports = 2> <Width = 1> <Depth = 50> <RAM>
ST_14 : Operation 197 [1/2] (1.14ns)   --->   "%x_3_load_3 = load i1* %x_3_addr_3, align 1" [fips202.c:29]   --->   Operation 197 'load' 'x_3_load_3' <Predicate = true> <Delay = 1.14> <Core = "RAM">   --->   Core 37 'RAM' <Latency = 1> <II = 1> <Delay = 1.14> <Storage> <Opcode : 'load' 'store'> <Ports = 2> <Width = 1> <Depth = 50> <RAM>
ST_14 : Operation 198 [1/1] (0.00ns)   --->   "%extLd11 = zext i1 %x_3_load_3 to i8" [fips202.c:29]   --->   Operation 198 'zext' 'extLd11' <Predicate = true> <Delay = 0.00>
ST_14 : Operation 199 [1/1] (0.88ns)   --->   "%tmp_3 = call i8 @_ssdm_op_Mux.ap_auto.4i8.i64(i8 %x_0_load_3, i8 %extLd5, i8 %x_2_load_3, i8 %extLd11, i64 %arrayNo4_cast)" [fips202.c:29]   --->   Operation 199 'mux' 'tmp_3' <Predicate = true> <Delay = 0.88> <Core = "MuxnS">   --->   Core 31 'MuxnS' <Latency = 0> <II = 1> <Delay = 0.88> <FuncUnit> <Opcode : 'mux'> <InPorts = 2> <OutPorts = 1>
ST_14 : Operation 200 [1/12] (2.18ns)   --->   "%newIndex5 = urem i8 %sum_4, 50" [fips202.c:29]   --->   Operation 200 'urem' 'newIndex5' <Predicate = true> <Delay = 2.18> <Core = "DivnS">   --->   Core 23 'DivnS' <Latency = 11> <II = 1> <Delay = 2.18> <FuncUnit> <Opcode : 'sdiv' 'srem' 'udiv' 'urem'> <InPorts = 2> <OutPorts = 1>
ST_14 : Operation 201 [1/1] (0.00ns)   --->   "%newIndex5_cast = zext i8 %newIndex5 to i64" [fips202.c:29]   --->   Operation 201 'zext' 'newIndex5_cast' <Predicate = true> <Delay = 0.00>
ST_14 : Operation 202 [1/1] (0.00ns)   --->   "%x_0_addr_4 = getelementptr [50 x i8]* %x_0, i64 0, i64 %newIndex5_cast" [fips202.c:29]   --->   Operation 202 'getelementptr' 'x_0_addr_4' <Predicate = true> <Delay = 0.00>
ST_14 : Operation 203 [2/2] (1.14ns)   --->   "%x_0_load_4 = load i8* %x_0_addr_4, align 1" [fips202.c:29]   --->   Operation 203 'load' 'x_0_load_4' <Predicate = true> <Delay = 1.14> <Core = "RAM">   --->   Core 37 'RAM' <Latency = 1> <II = 1> <Delay = 1.14> <Storage> <Opcode : 'load' 'store'> <Ports = 2> <Width = 1> <Depth = 50> <RAM>
ST_14 : Operation 204 [1/1] (0.00ns)   --->   "%x_1_addr_4 = getelementptr [50 x i1]* %x_1, i64 0, i64 %newIndex5_cast" [fips202.c:29]   --->   Operation 204 'getelementptr' 'x_1_addr_4' <Predicate = true> <Delay = 0.00>
ST_14 : Operation 205 [2/2] (1.14ns)   --->   "%x_1_load_4 = load i1* %x_1_addr_4, align 1" [fips202.c:29]   --->   Operation 205 'load' 'x_1_load_4' <Predicate = true> <Delay = 1.14> <Core = "RAM">   --->   Core 37 'RAM' <Latency = 1> <II = 1> <Delay = 1.14> <Storage> <Opcode : 'load' 'store'> <Ports = 2> <Width = 1> <Depth = 50> <RAM>
ST_14 : Operation 206 [1/1] (0.00ns)   --->   "%x_2_addr_4 = getelementptr [50 x i8]* %x_2, i64 0, i64 %newIndex5_cast" [fips202.c:29]   --->   Operation 206 'getelementptr' 'x_2_addr_4' <Predicate = true> <Delay = 0.00>
ST_14 : Operation 207 [2/2] (1.14ns)   --->   "%x_2_load_4 = load i8* %x_2_addr_4, align 1" [fips202.c:29]   --->   Operation 207 'load' 'x_2_load_4' <Predicate = true> <Delay = 1.14> <Core = "RAM">   --->   Core 37 'RAM' <Latency = 1> <II = 1> <Delay = 1.14> <Storage> <Opcode : 'load' 'store'> <Ports = 2> <Width = 1> <Depth = 50> <RAM>
ST_14 : Operation 208 [1/1] (0.00ns)   --->   "%x_3_addr_4 = getelementptr [50 x i1]* %x_3, i64 0, i64 %newIndex5_cast" [fips202.c:29]   --->   Operation 208 'getelementptr' 'x_3_addr_4' <Predicate = true> <Delay = 0.00>
ST_14 : Operation 209 [2/2] (1.14ns)   --->   "%x_3_load_4 = load i1* %x_3_addr_4, align 1" [fips202.c:29]   --->   Operation 209 'load' 'x_3_load_4' <Predicate = true> <Delay = 1.14> <Core = "RAM">   --->   Core 37 'RAM' <Latency = 1> <II = 1> <Delay = 1.14> <Storage> <Opcode : 'load' 'store'> <Ports = 2> <Width = 1> <Depth = 50> <RAM>
ST_14 : Operation 210 [1/12] (2.18ns)   --->   "%newIndex6 = urem i8 %sum_5, 50" [fips202.c:29]   --->   Operation 210 'urem' 'newIndex6' <Predicate = true> <Delay = 2.18> <Core = "DivnS">   --->   Core 23 'DivnS' <Latency = 11> <II = 1> <Delay = 2.18> <FuncUnit> <Opcode : 'sdiv' 'srem' 'udiv' 'urem'> <InPorts = 2> <OutPorts = 1>
ST_14 : Operation 211 [1/1] (0.00ns)   --->   "%newIndex6_cast = zext i8 %newIndex6 to i64" [fips202.c:29]   --->   Operation 211 'zext' 'newIndex6_cast' <Predicate = true> <Delay = 0.00>
ST_14 : Operation 212 [1/1] (0.00ns)   --->   "%x_0_addr_5 = getelementptr [50 x i8]* %x_0, i64 0, i64 %newIndex6_cast" [fips202.c:29]   --->   Operation 212 'getelementptr' 'x_0_addr_5' <Predicate = true> <Delay = 0.00>
ST_14 : Operation 213 [2/2] (1.14ns)   --->   "%x_0_load_5 = load i8* %x_0_addr_5, align 1" [fips202.c:29]   --->   Operation 213 'load' 'x_0_load_5' <Predicate = true> <Delay = 1.14> <Core = "RAM">   --->   Core 37 'RAM' <Latency = 1> <II = 1> <Delay = 1.14> <Storage> <Opcode : 'load' 'store'> <Ports = 2> <Width = 1> <Depth = 50> <RAM>
ST_14 : Operation 214 [1/1] (0.00ns)   --->   "%x_1_addr_5 = getelementptr [50 x i1]* %x_1, i64 0, i64 %newIndex6_cast" [fips202.c:29]   --->   Operation 214 'getelementptr' 'x_1_addr_5' <Predicate = true> <Delay = 0.00>
ST_14 : Operation 215 [2/2] (1.14ns)   --->   "%x_1_load_5 = load i1* %x_1_addr_5, align 1" [fips202.c:29]   --->   Operation 215 'load' 'x_1_load_5' <Predicate = true> <Delay = 1.14> <Core = "RAM">   --->   Core 37 'RAM' <Latency = 1> <II = 1> <Delay = 1.14> <Storage> <Opcode : 'load' 'store'> <Ports = 2> <Width = 1> <Depth = 50> <RAM>
ST_14 : Operation 216 [1/1] (0.00ns)   --->   "%x_2_addr_5 = getelementptr [50 x i8]* %x_2, i64 0, i64 %newIndex6_cast" [fips202.c:29]   --->   Operation 216 'getelementptr' 'x_2_addr_5' <Predicate = true> <Delay = 0.00>
ST_14 : Operation 217 [2/2] (1.14ns)   --->   "%x_2_load_5 = load i8* %x_2_addr_5, align 1" [fips202.c:29]   --->   Operation 217 'load' 'x_2_load_5' <Predicate = true> <Delay = 1.14> <Core = "RAM">   --->   Core 37 'RAM' <Latency = 1> <II = 1> <Delay = 1.14> <Storage> <Opcode : 'load' 'store'> <Ports = 2> <Width = 1> <Depth = 50> <RAM>
ST_14 : Operation 218 [1/1] (0.00ns)   --->   "%x_3_addr_5 = getelementptr [50 x i1]* %x_3, i64 0, i64 %newIndex6_cast" [fips202.c:29]   --->   Operation 218 'getelementptr' 'x_3_addr_5' <Predicate = true> <Delay = 0.00>
ST_14 : Operation 219 [2/2] (1.14ns)   --->   "%x_3_load_5 = load i1* %x_3_addr_5, align 1" [fips202.c:29]   --->   Operation 219 'load' 'x_3_load_5' <Predicate = true> <Delay = 1.14> <Core = "RAM">   --->   Core 37 'RAM' <Latency = 1> <II = 1> <Delay = 1.14> <Storage> <Opcode : 'load' 'store'> <Ports = 2> <Width = 1> <Depth = 50> <RAM>
ST_14 : Operation 220 [2/12] (2.18ns)   --->   "%newIndex8 = urem i8 %sum_6, 50" [fips202.c:29]   --->   Operation 220 'urem' 'newIndex8' <Predicate = true> <Delay = 2.18> <Core = "DivnS">   --->   Core 23 'DivnS' <Latency = 11> <II = 1> <Delay = 2.18> <FuncUnit> <Opcode : 'sdiv' 'srem' 'udiv' 'urem'> <InPorts = 2> <OutPorts = 1>
ST_14 : Operation 221 [2/12] (2.18ns)   --->   "%newIndex = urem i8 %sum_7, 50" [fips202.c:29]   --->   Operation 221 'urem' 'newIndex' <Predicate = true> <Delay = 2.18> <Core = "DivnS">   --->   Core 23 'DivnS' <Latency = 11> <II = 1> <Delay = 2.18> <FuncUnit> <Opcode : 'sdiv' 'srem' 'udiv' 'urem'> <InPorts = 2> <OutPorts = 1>

State 15 <SV = 14> <Delay = 3.79>
ST_15 : Operation 222 [1/1] (0.00ns)   --->   "%zext7_cast = zext i8 %sum_4 to i18" [fips202.c:29]   --->   Operation 222 'zext' 'zext7_cast' <Predicate = true> <Delay = 0.00>
ST_15 : Operation 223 [1/1] (2.91ns)   --->   "%mul8 = mul i18 328, %zext7_cast" [fips202.c:29]   --->   Operation 223 'mul' 'mul8' <Predicate = true> <Delay = 2.91> <Core = "Mul">   --->   Core 16 'Mul' <Latency = 0> <II = 1> <Delay = 2.91> <FuncUnit> <Opcode : 'mul'> <InPorts = 2> <OutPorts = 1>
ST_15 : Operation 224 [1/1] (0.00ns)   --->   "%tmp_13 = call i4 @_ssdm_op_PartSelect.i4.i18.i32.i32(i18 %mul8, i32 14, i32 17)" [fips202.c:29]   --->   Operation 224 'partselect' 'tmp_13' <Predicate = true> <Delay = 0.00>
ST_15 : Operation 225 [1/1] (0.00ns)   --->   "%arrayNo5 = sext i4 %tmp_13 to i8" [fips202.c:29]   --->   Operation 225 'sext' 'arrayNo5' <Predicate = true> <Delay = 0.00>
ST_15 : Operation 226 [1/1] (0.00ns)   --->   "%arrayNo5_cast = zext i8 %arrayNo5 to i64" [fips202.c:29]   --->   Operation 226 'zext' 'arrayNo5_cast' <Predicate = true> <Delay = 0.00>
ST_15 : Operation 227 [1/2] (1.14ns)   --->   "%x_0_load_4 = load i8* %x_0_addr_4, align 1" [fips202.c:29]   --->   Operation 227 'load' 'x_0_load_4' <Predicate = true> <Delay = 1.14> <Core = "RAM">   --->   Core 37 'RAM' <Latency = 1> <II = 1> <Delay = 1.14> <Storage> <Opcode : 'load' 'store'> <Ports = 2> <Width = 1> <Depth = 50> <RAM>
ST_15 : Operation 228 [1/2] (1.14ns)   --->   "%x_1_load_4 = load i1* %x_1_addr_4, align 1" [fips202.c:29]   --->   Operation 228 'load' 'x_1_load_4' <Predicate = true> <Delay = 1.14> <Core = "RAM">   --->   Core 37 'RAM' <Latency = 1> <II = 1> <Delay = 1.14> <Storage> <Opcode : 'load' 'store'> <Ports = 2> <Width = 1> <Depth = 50> <RAM>
ST_15 : Operation 229 [1/1] (0.00ns)   --->   "%extLd6 = zext i1 %x_1_load_4 to i8" [fips202.c:29]   --->   Operation 229 'zext' 'extLd6' <Predicate = true> <Delay = 0.00>
ST_15 : Operation 230 [1/2] (1.14ns)   --->   "%x_2_load_4 = load i8* %x_2_addr_4, align 1" [fips202.c:29]   --->   Operation 230 'load' 'x_2_load_4' <Predicate = true> <Delay = 1.14> <Core = "RAM">   --->   Core 37 'RAM' <Latency = 1> <II = 1> <Delay = 1.14> <Storage> <Opcode : 'load' 'store'> <Ports = 2> <Width = 1> <Depth = 50> <RAM>
ST_15 : Operation 231 [1/2] (1.14ns)   --->   "%x_3_load_4 = load i1* %x_3_addr_4, align 1" [fips202.c:29]   --->   Operation 231 'load' 'x_3_load_4' <Predicate = true> <Delay = 1.14> <Core = "RAM">   --->   Core 37 'RAM' <Latency = 1> <II = 1> <Delay = 1.14> <Storage> <Opcode : 'load' 'store'> <Ports = 2> <Width = 1> <Depth = 50> <RAM>
ST_15 : Operation 232 [1/1] (0.00ns)   --->   "%extLd12 = zext i1 %x_3_load_4 to i8" [fips202.c:29]   --->   Operation 232 'zext' 'extLd12' <Predicate = true> <Delay = 0.00>
ST_15 : Operation 233 [1/1] (0.88ns)   --->   "%tmp_4 = call i8 @_ssdm_op_Mux.ap_auto.4i8.i64(i8 %x_0_load_4, i8 %extLd6, i8 %x_2_load_4, i8 %extLd12, i64 %arrayNo5_cast)" [fips202.c:29]   --->   Operation 233 'mux' 'tmp_4' <Predicate = true> <Delay = 0.88> <Core = "MuxnS">   --->   Core 31 'MuxnS' <Latency = 0> <II = 1> <Delay = 0.88> <FuncUnit> <Opcode : 'mux'> <InPorts = 2> <OutPorts = 1>
ST_15 : Operation 234 [1/1] (0.00ns)   --->   "%zext4_cast = zext i8 %sum_5 to i18" [fips202.c:29]   --->   Operation 234 'zext' 'zext4_cast' <Predicate = true> <Delay = 0.00>
ST_15 : Operation 235 [1/1] (2.91ns)   --->   "%mul5 = mul i18 328, %zext4_cast" [fips202.c:29]   --->   Operation 235 'mul' 'mul5' <Predicate = true> <Delay = 2.91> <Core = "Mul">   --->   Core 16 'Mul' <Latency = 0> <II = 1> <Delay = 2.91> <FuncUnit> <Opcode : 'mul'> <InPorts = 2> <OutPorts = 1>
ST_15 : Operation 236 [1/1] (0.00ns)   --->   "%tmp_14 = call i4 @_ssdm_op_PartSelect.i4.i18.i32.i32(i18 %mul5, i32 14, i32 17)" [fips202.c:29]   --->   Operation 236 'partselect' 'tmp_14' <Predicate = true> <Delay = 0.00>
ST_15 : Operation 237 [1/1] (0.00ns)   --->   "%arrayNo6 = sext i4 %tmp_14 to i8" [fips202.c:29]   --->   Operation 237 'sext' 'arrayNo6' <Predicate = true> <Delay = 0.00>
ST_15 : Operation 238 [1/1] (0.00ns)   --->   "%arrayNo6_cast = zext i8 %arrayNo6 to i64" [fips202.c:29]   --->   Operation 238 'zext' 'arrayNo6_cast' <Predicate = true> <Delay = 0.00>
ST_15 : Operation 239 [1/2] (1.14ns)   --->   "%x_0_load_5 = load i8* %x_0_addr_5, align 1" [fips202.c:29]   --->   Operation 239 'load' 'x_0_load_5' <Predicate = true> <Delay = 1.14> <Core = "RAM">   --->   Core 37 'RAM' <Latency = 1> <II = 1> <Delay = 1.14> <Storage> <Opcode : 'load' 'store'> <Ports = 2> <Width = 1> <Depth = 50> <RAM>
ST_15 : Operation 240 [1/2] (1.14ns)   --->   "%x_1_load_5 = load i1* %x_1_addr_5, align 1" [fips202.c:29]   --->   Operation 240 'load' 'x_1_load_5' <Predicate = true> <Delay = 1.14> <Core = "RAM">   --->   Core 37 'RAM' <Latency = 1> <II = 1> <Delay = 1.14> <Storage> <Opcode : 'load' 'store'> <Ports = 2> <Width = 1> <Depth = 50> <RAM>
ST_15 : Operation 241 [1/1] (0.00ns)   --->   "%extLd7 = zext i1 %x_1_load_5 to i8" [fips202.c:29]   --->   Operation 241 'zext' 'extLd7' <Predicate = true> <Delay = 0.00>
ST_15 : Operation 242 [1/2] (1.14ns)   --->   "%x_2_load_5 = load i8* %x_2_addr_5, align 1" [fips202.c:29]   --->   Operation 242 'load' 'x_2_load_5' <Predicate = true> <Delay = 1.14> <Core = "RAM">   --->   Core 37 'RAM' <Latency = 1> <II = 1> <Delay = 1.14> <Storage> <Opcode : 'load' 'store'> <Ports = 2> <Width = 1> <Depth = 50> <RAM>
ST_15 : Operation 243 [1/2] (1.14ns)   --->   "%x_3_load_5 = load i1* %x_3_addr_5, align 1" [fips202.c:29]   --->   Operation 243 'load' 'x_3_load_5' <Predicate = true> <Delay = 1.14> <Core = "RAM">   --->   Core 37 'RAM' <Latency = 1> <II = 1> <Delay = 1.14> <Storage> <Opcode : 'load' 'store'> <Ports = 2> <Width = 1> <Depth = 50> <RAM>
ST_15 : Operation 244 [1/1] (0.00ns)   --->   "%extLd13 = zext i1 %x_3_load_5 to i8" [fips202.c:29]   --->   Operation 244 'zext' 'extLd13' <Predicate = true> <Delay = 0.00>
ST_15 : Operation 245 [1/1] (0.88ns)   --->   "%tmp_5 = call i8 @_ssdm_op_Mux.ap_auto.4i8.i64(i8 %x_0_load_5, i8 %extLd7, i8 %x_2_load_5, i8 %extLd13, i64 %arrayNo6_cast)" [fips202.c:29]   --->   Operation 245 'mux' 'tmp_5' <Predicate = true> <Delay = 0.88> <Core = "MuxnS">   --->   Core 31 'MuxnS' <Latency = 0> <II = 1> <Delay = 0.88> <FuncUnit> <Opcode : 'mux'> <InPorts = 2> <OutPorts = 1>
ST_15 : Operation 246 [1/12] (2.18ns)   --->   "%newIndex8 = urem i8 %sum_6, 50" [fips202.c:29]   --->   Operation 246 'urem' 'newIndex8' <Predicate = true> <Delay = 2.18> <Core = "DivnS">   --->   Core 23 'DivnS' <Latency = 11> <II = 1> <Delay = 2.18> <FuncUnit> <Opcode : 'sdiv' 'srem' 'udiv' 'urem'> <InPorts = 2> <OutPorts = 1>
ST_15 : Operation 247 [1/1] (0.00ns)   --->   "%newIndex8_cast = zext i8 %newIndex8 to i64" [fips202.c:29]   --->   Operation 247 'zext' 'newIndex8_cast' <Predicate = true> <Delay = 0.00>
ST_15 : Operation 248 [1/1] (0.00ns)   --->   "%x_0_addr_6 = getelementptr [50 x i8]* %x_0, i64 0, i64 %newIndex8_cast" [fips202.c:29]   --->   Operation 248 'getelementptr' 'x_0_addr_6' <Predicate = true> <Delay = 0.00>
ST_15 : Operation 249 [2/2] (1.14ns)   --->   "%x_0_load_6 = load i8* %x_0_addr_6, align 1" [fips202.c:29]   --->   Operation 249 'load' 'x_0_load_6' <Predicate = true> <Delay = 1.14> <Core = "RAM">   --->   Core 37 'RAM' <Latency = 1> <II = 1> <Delay = 1.14> <Storage> <Opcode : 'load' 'store'> <Ports = 2> <Width = 1> <Depth = 50> <RAM>
ST_15 : Operation 250 [1/1] (0.00ns)   --->   "%x_1_addr_6 = getelementptr [50 x i1]* %x_1, i64 0, i64 %newIndex8_cast" [fips202.c:29]   --->   Operation 250 'getelementptr' 'x_1_addr_6' <Predicate = true> <Delay = 0.00>
ST_15 : Operation 251 [2/2] (1.14ns)   --->   "%x_1_load_6 = load i1* %x_1_addr_6, align 1" [fips202.c:29]   --->   Operation 251 'load' 'x_1_load_6' <Predicate = true> <Delay = 1.14> <Core = "RAM">   --->   Core 37 'RAM' <Latency = 1> <II = 1> <Delay = 1.14> <Storage> <Opcode : 'load' 'store'> <Ports = 2> <Width = 1> <Depth = 50> <RAM>
ST_15 : Operation 252 [1/1] (0.00ns)   --->   "%x_2_addr_6 = getelementptr [50 x i8]* %x_2, i64 0, i64 %newIndex8_cast" [fips202.c:29]   --->   Operation 252 'getelementptr' 'x_2_addr_6' <Predicate = true> <Delay = 0.00>
ST_15 : Operation 253 [2/2] (1.14ns)   --->   "%x_2_load_6 = load i8* %x_2_addr_6, align 1" [fips202.c:29]   --->   Operation 253 'load' 'x_2_load_6' <Predicate = true> <Delay = 1.14> <Core = "RAM">   --->   Core 37 'RAM' <Latency = 1> <II = 1> <Delay = 1.14> <Storage> <Opcode : 'load' 'store'> <Ports = 2> <Width = 1> <Depth = 50> <RAM>
ST_15 : Operation 254 [1/1] (0.00ns)   --->   "%x_3_addr_6 = getelementptr [50 x i1]* %x_3, i64 0, i64 %newIndex8_cast" [fips202.c:29]   --->   Operation 254 'getelementptr' 'x_3_addr_6' <Predicate = true> <Delay = 0.00>
ST_15 : Operation 255 [2/2] (1.14ns)   --->   "%x_3_load_6 = load i1* %x_3_addr_6, align 1" [fips202.c:29]   --->   Operation 255 'load' 'x_3_load_6' <Predicate = true> <Delay = 1.14> <Core = "RAM">   --->   Core 37 'RAM' <Latency = 1> <II = 1> <Delay = 1.14> <Storage> <Opcode : 'load' 'store'> <Ports = 2> <Width = 1> <Depth = 50> <RAM>
ST_15 : Operation 256 [1/12] (2.18ns)   --->   "%newIndex = urem i8 %sum_7, 50" [fips202.c:29]   --->   Operation 256 'urem' 'newIndex' <Predicate = true> <Delay = 2.18> <Core = "DivnS">   --->   Core 23 'DivnS' <Latency = 11> <II = 1> <Delay = 2.18> <FuncUnit> <Opcode : 'sdiv' 'srem' 'udiv' 'urem'> <InPorts = 2> <OutPorts = 1>
ST_15 : Operation 257 [1/1] (0.00ns)   --->   "%newIndex_cast = zext i8 %newIndex to i64" [fips202.c:29]   --->   Operation 257 'zext' 'newIndex_cast' <Predicate = true> <Delay = 0.00>
ST_15 : Operation 258 [1/1] (0.00ns)   --->   "%x_0_addr_7 = getelementptr [50 x i8]* %x_0, i64 0, i64 %newIndex_cast" [fips202.c:29]   --->   Operation 258 'getelementptr' 'x_0_addr_7' <Predicate = true> <Delay = 0.00>
ST_15 : Operation 259 [2/2] (1.14ns)   --->   "%x_0_load_7 = load i8* %x_0_addr_7, align 1" [fips202.c:29]   --->   Operation 259 'load' 'x_0_load_7' <Predicate = true> <Delay = 1.14> <Core = "RAM">   --->   Core 37 'RAM' <Latency = 1> <II = 1> <Delay = 1.14> <Storage> <Opcode : 'load' 'store'> <Ports = 2> <Width = 1> <Depth = 50> <RAM>
ST_15 : Operation 260 [1/1] (0.00ns)   --->   "%x_1_addr_7 = getelementptr [50 x i1]* %x_1, i64 0, i64 %newIndex_cast" [fips202.c:29]   --->   Operation 260 'getelementptr' 'x_1_addr_7' <Predicate = true> <Delay = 0.00>
ST_15 : Operation 261 [2/2] (1.14ns)   --->   "%x_1_load_7 = load i1* %x_1_addr_7, align 1" [fips202.c:29]   --->   Operation 261 'load' 'x_1_load_7' <Predicate = true> <Delay = 1.14> <Core = "RAM">   --->   Core 37 'RAM' <Latency = 1> <II = 1> <Delay = 1.14> <Storage> <Opcode : 'load' 'store'> <Ports = 2> <Width = 1> <Depth = 50> <RAM>
ST_15 : Operation 262 [1/1] (0.00ns)   --->   "%x_2_addr_7 = getelementptr [50 x i8]* %x_2, i64 0, i64 %newIndex_cast" [fips202.c:29]   --->   Operation 262 'getelementptr' 'x_2_addr_7' <Predicate = true> <Delay = 0.00>
ST_15 : Operation 263 [2/2] (1.14ns)   --->   "%x_2_load_7 = load i8* %x_2_addr_7, align 1" [fips202.c:29]   --->   Operation 263 'load' 'x_2_load_7' <Predicate = true> <Delay = 1.14> <Core = "RAM">   --->   Core 37 'RAM' <Latency = 1> <II = 1> <Delay = 1.14> <Storage> <Opcode : 'load' 'store'> <Ports = 2> <Width = 1> <Depth = 50> <RAM>
ST_15 : Operation 264 [1/1] (0.00ns)   --->   "%x_3_addr_7 = getelementptr [50 x i1]* %x_3, i64 0, i64 %newIndex_cast" [fips202.c:29]   --->   Operation 264 'getelementptr' 'x_3_addr_7' <Predicate = true> <Delay = 0.00>
ST_15 : Operation 265 [2/2] (1.14ns)   --->   "%x_3_load_7 = load i1* %x_3_addr_7, align 1" [fips202.c:29]   --->   Operation 265 'load' 'x_3_load_7' <Predicate = true> <Delay = 1.14> <Core = "RAM">   --->   Core 37 'RAM' <Latency = 1> <II = 1> <Delay = 1.14> <Storage> <Opcode : 'load' 'store'> <Ports = 2> <Width = 1> <Depth = 50> <RAM>

State 16 <SV = 15> <Delay = 3.79>
ST_16 : Operation 266 [1/1] (0.00ns)   --->   "%zext1_cast = zext i8 %sum_6 to i18" [fips202.c:29]   --->   Operation 266 'zext' 'zext1_cast' <Predicate = true> <Delay = 0.00>
ST_16 : Operation 267 [1/1] (2.91ns)   --->   "%mul2 = mul i18 328, %zext1_cast" [fips202.c:29]   --->   Operation 267 'mul' 'mul2' <Predicate = true> <Delay = 2.91> <Core = "Mul">   --->   Core 16 'Mul' <Latency = 0> <II = 1> <Delay = 2.91> <FuncUnit> <Opcode : 'mul'> <InPorts = 2> <OutPorts = 1>
ST_16 : Operation 268 [1/1] (0.00ns)   --->   "%tmp_15 = call i4 @_ssdm_op_PartSelect.i4.i18.i32.i32(i18 %mul2, i32 14, i32 17)" [fips202.c:29]   --->   Operation 268 'partselect' 'tmp_15' <Predicate = true> <Delay = 0.00>
ST_16 : Operation 269 [1/1] (0.00ns)   --->   "%arrayNo7 = sext i4 %tmp_15 to i8" [fips202.c:29]   --->   Operation 269 'sext' 'arrayNo7' <Predicate = true> <Delay = 0.00>
ST_16 : Operation 270 [1/1] (0.00ns)   --->   "%arrayNo7_cast = zext i8 %arrayNo7 to i64" [fips202.c:29]   --->   Operation 270 'zext' 'arrayNo7_cast' <Predicate = true> <Delay = 0.00>
ST_16 : Operation 271 [1/2] (1.14ns)   --->   "%x_0_load_6 = load i8* %x_0_addr_6, align 1" [fips202.c:29]   --->   Operation 271 'load' 'x_0_load_6' <Predicate = true> <Delay = 1.14> <Core = "RAM">   --->   Core 37 'RAM' <Latency = 1> <II = 1> <Delay = 1.14> <Storage> <Opcode : 'load' 'store'> <Ports = 2> <Width = 1> <Depth = 50> <RAM>
ST_16 : Operation 272 [1/2] (1.14ns)   --->   "%x_1_load_6 = load i1* %x_1_addr_6, align 1" [fips202.c:29]   --->   Operation 272 'load' 'x_1_load_6' <Predicate = true> <Delay = 1.14> <Core = "RAM">   --->   Core 37 'RAM' <Latency = 1> <II = 1> <Delay = 1.14> <Storage> <Opcode : 'load' 'store'> <Ports = 2> <Width = 1> <Depth = 50> <RAM>
ST_16 : Operation 273 [1/1] (0.00ns)   --->   "%extLd8 = zext i1 %x_1_load_6 to i8" [fips202.c:29]   --->   Operation 273 'zext' 'extLd8' <Predicate = true> <Delay = 0.00>
ST_16 : Operation 274 [1/2] (1.14ns)   --->   "%x_2_load_6 = load i8* %x_2_addr_6, align 1" [fips202.c:29]   --->   Operation 274 'load' 'x_2_load_6' <Predicate = true> <Delay = 1.14> <Core = "RAM">   --->   Core 37 'RAM' <Latency = 1> <II = 1> <Delay = 1.14> <Storage> <Opcode : 'load' 'store'> <Ports = 2> <Width = 1> <Depth = 50> <RAM>
ST_16 : Operation 275 [1/2] (1.14ns)   --->   "%x_3_load_6 = load i1* %x_3_addr_6, align 1" [fips202.c:29]   --->   Operation 275 'load' 'x_3_load_6' <Predicate = true> <Delay = 1.14> <Core = "RAM">   --->   Core 37 'RAM' <Latency = 1> <II = 1> <Delay = 1.14> <Storage> <Opcode : 'load' 'store'> <Ports = 2> <Width = 1> <Depth = 50> <RAM>
ST_16 : Operation 276 [1/1] (0.00ns)   --->   "%extLd14 = zext i1 %x_3_load_6 to i8" [fips202.c:29]   --->   Operation 276 'zext' 'extLd14' <Predicate = true> <Delay = 0.00>
ST_16 : Operation 277 [1/1] (0.88ns)   --->   "%tmp_6 = call i8 @_ssdm_op_Mux.ap_auto.4i8.i64(i8 %x_0_load_6, i8 %extLd8, i8 %x_2_load_6, i8 %extLd14, i64 %arrayNo7_cast)" [fips202.c:29]   --->   Operation 277 'mux' 'tmp_6' <Predicate = true> <Delay = 0.88> <Core = "MuxnS">   --->   Core 31 'MuxnS' <Latency = 0> <II = 1> <Delay = 0.88> <FuncUnit> <Opcode : 'mux'> <InPorts = 2> <OutPorts = 1>
ST_16 : Operation 278 [1/1] (0.00ns)   --->   "%zext_cast = zext i8 %sum_7 to i18" [fips202.c:29]   --->   Operation 278 'zext' 'zext_cast' <Predicate = true> <Delay = 0.00>
ST_16 : Operation 279 [1/1] (2.91ns)   --->   "%mul = mul i18 328, %zext_cast" [fips202.c:29]   --->   Operation 279 'mul' 'mul' <Predicate = true> <Delay = 2.91> <Core = "Mul">   --->   Core 16 'Mul' <Latency = 0> <II = 1> <Delay = 2.91> <FuncUnit> <Opcode : 'mul'> <InPorts = 2> <OutPorts = 1>
ST_16 : Operation 280 [1/1] (0.00ns)   --->   "%tmp_16 = call i4 @_ssdm_op_PartSelect.i4.i18.i32.i32(i18 %mul, i32 14, i32 17)" [fips202.c:29]   --->   Operation 280 'partselect' 'tmp_16' <Predicate = true> <Delay = 0.00>
ST_16 : Operation 281 [1/1] (0.00ns)   --->   "%arrayNo = sext i4 %tmp_16 to i8" [fips202.c:29]   --->   Operation 281 'sext' 'arrayNo' <Predicate = true> <Delay = 0.00>
ST_16 : Operation 282 [1/1] (0.00ns)   --->   "%arrayNo_cast = zext i8 %arrayNo to i64" [fips202.c:29]   --->   Operation 282 'zext' 'arrayNo_cast' <Predicate = true> <Delay = 0.00>
ST_16 : Operation 283 [1/2] (1.14ns)   --->   "%x_0_load_7 = load i8* %x_0_addr_7, align 1" [fips202.c:29]   --->   Operation 283 'load' 'x_0_load_7' <Predicate = true> <Delay = 1.14> <Core = "RAM">   --->   Core 37 'RAM' <Latency = 1> <II = 1> <Delay = 1.14> <Storage> <Opcode : 'load' 'store'> <Ports = 2> <Width = 1> <Depth = 50> <RAM>
ST_16 : Operation 284 [1/2] (1.14ns)   --->   "%x_1_load_7 = load i1* %x_1_addr_7, align 1" [fips202.c:29]   --->   Operation 284 'load' 'x_1_load_7' <Predicate = true> <Delay = 1.14> <Core = "RAM">   --->   Core 37 'RAM' <Latency = 1> <II = 1> <Delay = 1.14> <Storage> <Opcode : 'load' 'store'> <Ports = 2> <Width = 1> <Depth = 50> <RAM>
ST_16 : Operation 285 [1/1] (0.00ns)   --->   "%extLd9 = zext i1 %x_1_load_7 to i8" [fips202.c:29]   --->   Operation 285 'zext' 'extLd9' <Predicate = true> <Delay = 0.00>
ST_16 : Operation 286 [1/2] (1.14ns)   --->   "%x_2_load_7 = load i8* %x_2_addr_7, align 1" [fips202.c:29]   --->   Operation 286 'load' 'x_2_load_7' <Predicate = true> <Delay = 1.14> <Core = "RAM">   --->   Core 37 'RAM' <Latency = 1> <II = 1> <Delay = 1.14> <Storage> <Opcode : 'load' 'store'> <Ports = 2> <Width = 1> <Depth = 50> <RAM>
ST_16 : Operation 287 [1/2] (1.14ns)   --->   "%x_3_load_7 = load i1* %x_3_addr_7, align 1" [fips202.c:29]   --->   Operation 287 'load' 'x_3_load_7' <Predicate = true> <Delay = 1.14> <Core = "RAM">   --->   Core 37 'RAM' <Latency = 1> <II = 1> <Delay = 1.14> <Storage> <Opcode : 'load' 'store'> <Ports = 2> <Width = 1> <Depth = 50> <RAM>
ST_16 : Operation 288 [1/1] (0.00ns)   --->   "%extLd15 = zext i1 %x_3_load_7 to i8" [fips202.c:29]   --->   Operation 288 'zext' 'extLd15' <Predicate = true> <Delay = 0.00>
ST_16 : Operation 289 [1/1] (0.88ns)   --->   "%tmp_7 = call i8 @_ssdm_op_Mux.ap_auto.4i8.i64(i8 %x_0_load_7, i8 %extLd9, i8 %x_2_load_7, i8 %extLd15, i64 %arrayNo_cast)" [fips202.c:29]   --->   Operation 289 'mux' 'tmp_7' <Predicate = true> <Delay = 0.88> <Core = "MuxnS">   --->   Core 31 'MuxnS' <Latency = 0> <II = 1> <Delay = 0.88> <FuncUnit> <Opcode : 'mux'> <InPorts = 2> <OutPorts = 1>
ST_16 : Operation 290 [1/1] (0.00ns)   --->   "%r_1_7 = call i64 @_ssdm_op_BitConcatenate.i64.i8.i8.i8.i8.i8.i8.i8.i8(i8 %tmp_7, i8 %tmp_6, i8 %tmp_5, i8 %tmp_4, i8 %tmp_3, i8 %tmp_2, i8 %tmp_1, i8 %tmp)" [fips202.c:29]   --->   Operation 290 'bitconcatenate' 'r_1_7' <Predicate = true> <Delay = 0.00>
ST_16 : Operation 291 [1/1] (0.00ns)   --->   "ret i64 %r_1_7" [fips202.c:31]   --->   Operation 291 'ret' <Predicate = true> <Delay = 0.00>


============================================================
+ Verbose Summary: Timing violations
============================================================
Target clock period: 10ns, clock uncertainty: 1.25ns.

 <State 1>: 3.54ns
The critical path consists of the following:
	wire read on port 'x_offset' (fips202.c:24) [6]  (0 ns)
	'add' operation ('sum_1', fips202.c:29) [26]  (1.36 ns)
	'urem' operation ('newIndex2', fips202.c:29) [32]  (2.19 ns)

 <State 2>: 3.54ns
The critical path consists of the following:
	'add' operation ('sum_2', fips202.c:29) [45]  (1.36 ns)
	'urem' operation ('newIndex3', fips202.c:29) [51]  (2.19 ns)

 <State 3>: 3.54ns
The critical path consists of the following:
	'add' operation ('sum_4', fips202.c:29) [83]  (1.36 ns)
	'urem' operation ('newIndex5', fips202.c:29) [89]  (2.19 ns)

 <State 4>: 3.54ns
The critical path consists of the following:
	'add' operation ('sum_6', fips202.c:29) [121]  (1.36 ns)
	'urem' operation ('newIndex8', fips202.c:29) [127]  (2.19 ns)

 <State 5>: 2.19ns
The critical path consists of the following:
	'urem' operation ('newIndex1', fips202.c:29) [13]  (2.19 ns)

 <State 6>: 2.19ns
The critical path consists of the following:
	'urem' operation ('newIndex1', fips202.c:29) [13]  (2.19 ns)

 <State 7>: 2.19ns
The critical path consists of the following:
	'urem' operation ('newIndex1', fips202.c:29) [13]  (2.19 ns)

 <State 8>: 2.19ns
The critical path consists of the following:
	'urem' operation ('newIndex1', fips202.c:29) [13]  (2.19 ns)

 <State 9>: 2.19ns
The critical path consists of the following:
	'urem' operation ('newIndex1', fips202.c:29) [13]  (2.19 ns)

 <State 10>: 2.19ns
The critical path consists of the following:
	'urem' operation ('newIndex1', fips202.c:29) [13]  (2.19 ns)

 <State 11>: 2.19ns
The critical path consists of the following:
	'urem' operation ('newIndex1', fips202.c:29) [13]  (2.19 ns)

 <State 12>: 3.33ns
The critical path consists of the following:
	'urem' operation ('newIndex1', fips202.c:29) [13]  (2.19 ns)
	'getelementptr' operation ('x_0_addr', fips202.c:29) [15]  (0 ns)
	'load' operation ('x_0_load', fips202.c:29) on array 'x_0' [16]  (1.15 ns)

 <State 13>: 3.8ns
The critical path consists of the following:
	'mul' operation ('mul1', fips202.c:29) [9]  (2.91 ns)
	'mux' operation ('tmp', fips202.c:29) [25]  (0.887 ns)

 <State 14>: 3.8ns
The critical path consists of the following:
	'mul' operation ('mul4', fips202.c:29) [47]  (2.91 ns)
	'mux' operation ('tmp_2', fips202.c:29) [63]  (0.887 ns)

 <State 15>: 3.8ns
The critical path consists of the following:
	'mul' operation ('mul8', fips202.c:29) [85]  (2.91 ns)
	'mux' operation ('tmp_4', fips202.c:29) [101]  (0.887 ns)

 <State 16>: 3.8ns
The critical path consists of the following:
	'mul' operation ('mul2', fips202.c:29) [123]  (2.91 ns)
	'mux' operation ('tmp_6', fips202.c:29) [139]  (0.887 ns)


============================================================
+ Verbose Summary: Binding
============================================================
N/A
* FSMD analyzer results:
  - Output states:
 - Input state : 
  - Chain level:
	State 1
	State 2
	State 3
	State 4
	State 5
	State 6
	State 7
	State 8
	State 9
	State 10
	State 11
	State 12
	State 13
	State 14
	State 15
	State 16


============================================================
+ Verbose Summary: Datapath Resource usage 
============================================================
N/A
