

================================================================
== Vivado HLS Report for 'keccak_absorb'
================================================================
* Date:           Sat Apr 10 23:11:48 2021

* Version:        2018.3 (Build 2405991 on Thu Dec 06 23:56:15 MST 2018)
* Project:        SHA
* Solution:       solution4
* Product family: virtex7
* Target device:  xc7vx980tffg1930-2l


================================================================
== Performance Estimates
================================================================
+ Timing (ns): 
    * Summary: 
    +--------+-------+----------+------------+
    |  Clock | Target| Estimated| Uncertainty|
    +--------+-------+----------+------------+
    |ap_clk  |  10.00|     4.053|        1.25|
    +--------+-------+----------+------------+

+ Latency (clock cycles): 
    * Summary: 
    +-----+-----+-----+-----+---------+
    |  Latency  |  Interval | Pipeline|
    | min | max | min | max |   Type  |
    +-----+-----+-----+-----+---------+
    |  299|  299|  299|  299|   none  |
    +-----+-----+-----+-----+---------+

    + Detail: 
        * Instance: 
        +-------------------+--------+-----+-----+-----+-----+----------+
        |                   |        |  Latency  |  Interval | Pipeline |
        |      Instance     | Module | min | max | min | max |   Type   |
        +-------------------+--------+-----+-----+-----+-----+----------+
        |grp_load64_fu_604  |load64  |   15|   15|    4|    4| function |
        +-------------------+--------+-----+-----+-----+-----+----------+

        * Loop: 
        N/A



================================================================
== Utilization Estimates
================================================================
* Summary: 
+-----------------+---------+-------+---------+--------+
|       Name      | BRAM_18K| DSP48E|    FF   |   LUT  |
+-----------------+---------+-------+---------+--------+
|DSP              |        -|      -|        -|       -|
|Expression       |        -|      -|        -|       -|
|FIFO             |        -|      -|        -|       -|
|Instance         |        0|      0|     2192|    2163|
|Memory           |        1|      -|       20|       9|
|Multiplexer      |        -|      -|        -|    1976|
|Register         |        -|      -|     2413|       -|
+-----------------+---------+-------+---------+--------+
|Total            |        1|      0|     4625|    4148|
+-----------------+---------+-------+---------+--------+
|Available        |     3000|   3600|  1224000|  612000|
+-----------------+---------+-------+---------+--------+
|Utilization (%)  |    ~0   |      0|    ~0   |   ~0   |
+-----------------+---------+-------+---------+--------+

+ Detail: 
    * Instance: 
    +-------------------+--------+---------+-------+------+------+
    |      Instance     | Module | BRAM_18K| DSP48E|  FF  |  LUT |
    +-------------------+--------+---------+-------+------+------+
    |grp_load64_fu_604  |load64  |        0|      0|  2192|  2163|
    +-------------------+--------+---------+-------+------+------+
    |Total              |        |        0|      0|  2192|  2163|
    +-------------------+--------+---------+-------+------+------+

    * DSP48: 
    N/A

    * Memory: 
    +-------+-------------------+---------+----+----+------+-----+------+-------------+
    | Memory|       Module      | BRAM_18K| FF | LUT| Words| Bits| Banks| W*Bits*Banks|
    +-------+-------------------+---------+----+----+------+-----+------+-------------+
    |t_0_U  |keccak_absorb_t_0  |        1|   0|   0|    50|    8|     1|          400|
    |t_1_U  |keccak_absorb_t_1  |        0|   2|   1|    50|    1|     1|           50|
    |t_3_U  |keccak_absorb_t_1  |        0|   2|   1|    50|    1|     1|           50|
    |t_2_U  |keccak_absorb_t_2  |        0|  16|   7|    50|    8|     1|          400|
    +-------+-------------------+---------+----+----+------+-----+------+-------------+
    |Total  |                   |        1|  20|   9|   200|   18|     4|          900|
    +-------+-------------------+---------+----+----+------+-----+------+-------------+

    * FIFO: 
    N/A

    * Expression: 
    N/A

    * Multiplexer: 
    +----------------------------+------+-----------+-----+-----------+
    |            Name            |  LUT | Input Size| Bits| Total Bits|
    +----------------------------+------+-----------+-----+-----------+
    |ap_NS_fsm                   |  1349|        301|    1|        301|
    |ap_return_0                 |     9|          2|   64|        128|
    |ap_return_1                 |     9|          2|   64|        128|
    |ap_return_10                |     9|          2|   64|        128|
    |ap_return_11                |     9|          2|   64|        128|
    |ap_return_12                |     9|          2|   64|        128|
    |ap_return_13                |     9|          2|   64|        128|
    |ap_return_14                |     9|          2|   64|        128|
    |ap_return_15                |     9|          2|   64|        128|
    |ap_return_16                |     9|          2|   64|        128|
    |ap_return_2                 |     9|          2|   64|        128|
    |ap_return_3                 |     9|          2|   64|        128|
    |ap_return_4                 |     9|          2|   64|        128|
    |ap_return_5                 |     9|          2|   64|        128|
    |ap_return_6                 |     9|          2|   64|        128|
    |ap_return_7                 |     9|          2|   64|        128|
    |ap_return_8                 |     9|          2|   64|        128|
    |ap_return_9                 |     9|          2|   64|        128|
    |grp_load64_fu_604_x_offset  |    89|         18|    9|        162|
    |m_address0                  |    15|          3|    2|          6|
    |t_0_address0                |   125|         27|    6|        162|
    |t_0_address1                |   125|         27|    6|        162|
    |t_0_ce0                     |    15|          3|    1|          3|
    |t_0_ce1                     |    15|          3|    1|          3|
    |t_0_d0                      |    15|          3|    8|         24|
    |t_0_d1                      |    21|          4|    8|         32|
    |t_1_ce0                     |     9|          2|    1|          2|
    |t_1_ce1                     |     9|          2|    1|          2|
    |t_2_ce0                     |     9|          2|    1|          2|
    |t_2_ce1                     |     9|          2|    1|          2|
    |t_3_ce0                     |     9|          2|    1|          2|
    |t_3_ce1                     |     9|          2|    1|          2|
    +----------------------------+------+-----------+-----+-----------+
    |Total                       |  1976|        435| 1136|       3043|
    +----------------------------+------+-----------+-----+-----------+

    * Register: 
    +--------------------------------+-----+----+-----+-----------+
    |              Name              |  FF | LUT| Bits| Const Bits|
    +--------------------------------+-----+----+-----+-----------+
    |ap_CS_fsm                       |  300|   0|  300|          0|
    |ap_return_0_preg                |   64|   0|   64|          0|
    |ap_return_10_preg               |   64|   0|   64|          0|
    |ap_return_11_preg               |   64|   0|   64|          0|
    |ap_return_12_preg               |   64|   0|   64|          0|
    |ap_return_13_preg               |   64|   0|   64|          0|
    |ap_return_14_preg               |   64|   0|   64|          0|
    |ap_return_15_preg               |   64|   0|   64|          0|
    |ap_return_16_preg               |   64|   0|   64|          0|
    |ap_return_1_preg                |   64|   0|   64|          0|
    |ap_return_2_preg                |   64|   0|   64|          0|
    |ap_return_3_preg                |   64|   0|   64|          0|
    |ap_return_4_preg                |   64|   0|   64|          0|
    |ap_return_5_preg                |   64|   0|   64|          0|
    |ap_return_6_preg                |   64|   0|   64|          0|
    |ap_return_7_preg                |   64|   0|   64|          0|
    |ap_return_8_preg                |   64|   0|   64|          0|
    |ap_return_9_preg                |   64|   0|   64|          0|
    |grp_load64_fu_604_ap_start_reg  |    1|   0|    1|          0|
    |tmp_10_reg_789                  |   64|   0|   64|          0|
    |tmp_11_reg_794                  |   64|   0|   64|          0|
    |tmp_12_reg_799                  |   64|   0|   64|          0|
    |tmp_13_reg_804                  |   64|   0|   64|          0|
    |tmp_14_reg_809                  |   64|   0|   64|          0|
    |tmp_1_reg_754                   |   64|   0|   64|          0|
    |tmp_2_reg_759                   |   64|   0|   64|          0|
    |tmp_3_reg_764                   |   64|   0|   64|          0|
    |tmp_4_reg_769                   |   64|   0|   64|          0|
    |tmp_5_reg_774                   |   64|   0|   64|          0|
    |tmp_6_reg_779                   |   64|   0|   64|          0|
    |tmp_7_reg_784                   |   64|   0|   64|          0|
    |tmp_8_reg_739                   |   64|   0|   64|          0|
    |tmp_9_reg_744                   |   64|   0|   64|          0|
    |tmp_reg_734                     |   64|   0|   64|          0|
    |tmp_s_reg_749                   |   64|   0|   64|          0|
    +--------------------------------+-----+----+-----+-----------+
    |Total                           | 2413|   0| 2413|          0|
    +--------------------------------+-----+----+-----+-----------+



================================================================
== Interface
================================================================
* Summary: 
+--------------+-----+-----+------------+---------------+--------------+
|   RTL Ports  | Dir | Bits|  Protocol  | Source Object |    C Type    |
+--------------+-----+-----+------------+---------------+--------------+
|ap_clk        |  in |    1| ap_ctrl_hs | keccak_absorb | return value |
|ap_rst        |  in |    1| ap_ctrl_hs | keccak_absorb | return value |
|ap_start      |  in |    1| ap_ctrl_hs | keccak_absorb | return value |
|ap_done       | out |    1| ap_ctrl_hs | keccak_absorb | return value |
|ap_idle       | out |    1| ap_ctrl_hs | keccak_absorb | return value |
|ap_ready      | out |    1| ap_ctrl_hs | keccak_absorb | return value |
|ap_return_0   | out |   64| ap_ctrl_hs | keccak_absorb | return value |
|ap_return_1   | out |   64| ap_ctrl_hs | keccak_absorb | return value |
|ap_return_2   | out |   64| ap_ctrl_hs | keccak_absorb | return value |
|ap_return_3   | out |   64| ap_ctrl_hs | keccak_absorb | return value |
|ap_return_4   | out |   64| ap_ctrl_hs | keccak_absorb | return value |
|ap_return_5   | out |   64| ap_ctrl_hs | keccak_absorb | return value |
|ap_return_6   | out |   64| ap_ctrl_hs | keccak_absorb | return value |
|ap_return_7   | out |   64| ap_ctrl_hs | keccak_absorb | return value |
|ap_return_8   | out |   64| ap_ctrl_hs | keccak_absorb | return value |
|ap_return_9   | out |   64| ap_ctrl_hs | keccak_absorb | return value |
|ap_return_10  | out |   64| ap_ctrl_hs | keccak_absorb | return value |
|ap_return_11  | out |   64| ap_ctrl_hs | keccak_absorb | return value |
|ap_return_12  | out |   64| ap_ctrl_hs | keccak_absorb | return value |
|ap_return_13  | out |   64| ap_ctrl_hs | keccak_absorb | return value |
|ap_return_14  | out |   64| ap_ctrl_hs | keccak_absorb | return value |
|ap_return_15  | out |   64| ap_ctrl_hs | keccak_absorb | return value |
|ap_return_16  | out |   64| ap_ctrl_hs | keccak_absorb | return value |
|m_address0    | out |    2|  ap_memory |       m       |     array    |
|m_ce0         | out |    1|  ap_memory |       m       |     array    |
|m_q0          |  in |    8|  ap_memory |       m       |     array    |
|m_address1    | out |    2|  ap_memory |       m       |     array    |
|m_ce1         | out |    1|  ap_memory |       m       |     array    |
|m_q1          |  in |    8|  ap_memory |       m       |     array    |
+--------------+-----+-----+------------+---------------+--------------+

