

================================================================
== Vivado HLS Report for 'load64'
================================================================
* Date:           Sat Apr 10 23:11:46 2021

* Version:        2018.3 (Build 2405991 on Thu Dec 06 23:56:15 MST 2018)
* Project:        SHA
* Solution:       solution4
* Product family: virtex7
* Target device:  xc7vx980tffg1930-2l


================================================================
== Performance Estimates
================================================================
+ Timing (ns): 
    * Summary: 
    +--------+-------+----------+------------+
    |  Clock | Target| Estimated| Uncertainty|
    +--------+-------+----------+------------+
    |ap_clk  |  10.00|     3.797|        1.25|
    +--------+-------+----------+------------+

+ Latency (clock cycles): 
    * Summary: 
    +-----+-----+-----+-----+----------+
    |  Latency  |  Interval | Pipeline |
    | min | max | min | max |   Type   |
    +-----+-----+-----+-----+----------+
    |   15|   15|    4|    4| function |
    +-----+-----+-----+-----+----------+

    + Detail: 
        * Instance: 
        N/A

        * Loop: 
        N/A



================================================================
== Utilization Estimates
================================================================
* Summary: 
+-----------------+---------+-------+---------+--------+
|       Name      | BRAM_18K| DSP48E|    FF   |   LUT  |
+-----------------+---------+-------+---------+--------+
|DSP              |        -|      -|        -|       -|
|Expression       |        -|      0|        0|     511|
|FIFO             |        -|      -|        -|       -|
|Instance         |        -|      -|     1560|    1144|
|Memory           |        -|      -|        -|       -|
|Multiplexer      |        -|      -|        -|     252|
|Register         |        0|      -|      632|     256|
+-----------------+---------+-------+---------+--------+
|Total            |        0|      0|     2192|    2163|
+-----------------+---------+-------+---------+--------+
|Available        |     3000|   3600|  1224000|  612000|
+-----------------+---------+-------+---------+--------+
|Utilization (%)  |        0|      0|    ~0   |   ~0   |
+-----------------+---------+-------+---------+--------+

+ Detail: 
    * Instance: 
    +--------------------------------------------------------+-----------------------------------------------------+---------+-------+-----+-----+
    |                        Instance                        |                        Module                       | BRAM_18K| DSP48E|  FF | LUT |
    +--------------------------------------------------------+-----------------------------------------------------+---------+-------+-----+-----+
    |pqcrystals_fips202_ref_sha3_256_mux_464_8_1_1_U9        |pqcrystals_fips202_ref_sha3_256_mux_464_8_1_1        |        0|      0|    0|   17|
    |pqcrystals_fips202_ref_sha3_256_mux_464_8_1_1_U10       |pqcrystals_fips202_ref_sha3_256_mux_464_8_1_1        |        0|      0|    0|   17|
    |pqcrystals_fips202_ref_sha3_256_mux_464_8_1_1_U11       |pqcrystals_fips202_ref_sha3_256_mux_464_8_1_1        |        0|      0|    0|   17|
    |pqcrystals_fips202_ref_sha3_256_mux_464_8_1_1_U12       |pqcrystals_fips202_ref_sha3_256_mux_464_8_1_1        |        0|      0|    0|   17|
    |pqcrystals_fips202_ref_sha3_256_mux_464_8_1_1_U13       |pqcrystals_fips202_ref_sha3_256_mux_464_8_1_1        |        0|      0|    0|   17|
    |pqcrystals_fips202_ref_sha3_256_mux_464_8_1_1_U14       |pqcrystals_fips202_ref_sha3_256_mux_464_8_1_1        |        0|      0|    0|   17|
    |pqcrystals_fips202_ref_sha3_256_mux_464_8_1_1_U15       |pqcrystals_fips202_ref_sha3_256_mux_464_8_1_1        |        0|      0|    0|   17|
    |pqcrystals_fips202_ref_sha3_256_mux_464_8_1_1_U16       |pqcrystals_fips202_ref_sha3_256_mux_464_8_1_1        |        0|      0|    0|   17|
    |pqcrystals_fips202_ref_sha3_256_urem_8ns_7ns_8_12_1_U1  |pqcrystals_fips202_ref_sha3_256_urem_8ns_7ns_8_12_1  |        0|      0|  195|  126|
    |pqcrystals_fips202_ref_sha3_256_urem_8ns_7ns_8_12_1_U2  |pqcrystals_fips202_ref_sha3_256_urem_8ns_7ns_8_12_1  |        0|      0|  195|  126|
    |pqcrystals_fips202_ref_sha3_256_urem_8ns_7ns_8_12_1_U3  |pqcrystals_fips202_ref_sha3_256_urem_8ns_7ns_8_12_1  |        0|      0|  195|  126|
    |pqcrystals_fips202_ref_sha3_256_urem_8ns_7ns_8_12_1_U4  |pqcrystals_fips202_ref_sha3_256_urem_8ns_7ns_8_12_1  |        0|      0|  195|  126|
    |pqcrystals_fips202_ref_sha3_256_urem_8ns_7ns_8_12_1_U5  |pqcrystals_fips202_ref_sha3_256_urem_8ns_7ns_8_12_1  |        0|      0|  195|  126|
    |pqcrystals_fips202_ref_sha3_256_urem_8ns_7ns_8_12_1_U6  |pqcrystals_fips202_ref_sha3_256_urem_8ns_7ns_8_12_1  |        0|      0|  195|  126|
    |pqcrystals_fips202_ref_sha3_256_urem_8ns_7ns_8_12_1_U7  |pqcrystals_fips202_ref_sha3_256_urem_8ns_7ns_8_12_1  |        0|      0|  195|  126|
    |pqcrystals_fips202_ref_sha3_256_urem_8ns_7ns_8_12_1_U8  |pqcrystals_fips202_ref_sha3_256_urem_8ns_7ns_8_12_1  |        0|      0|  195|  126|
    +--------------------------------------------------------+-----------------------------------------------------+---------+-------+-----+-----+
    |Total                                                   |                                                     |        0|      0| 1560| 1144|
    +--------------------------------------------------------+-----------------------------------------------------+---------+-------+-----+-----+

    * DSP48: 
    N/A

    * Memory: 
    N/A

    * FIFO: 
    N/A

    * Expression: 
    +-----------------------------+----------+-------+---+----+------------+------------+
    |        Variable Name        | Operation| DSP48E| FF| LUT| Bitwidth P0| Bitwidth P1|
    +-----------------------------+----------+-------+---+----+------------+------------+
    |mul1_fu_447_p2               |     *    |      0|  0|  50|           9|           8|
    |mul2_fu_789_p2               |     *    |      0|  0|  50|           9|           8|
    |mul3_fu_496_p2               |     *    |      0|  0|  50|           9|           8|
    |mul4_fu_561_p2               |     *    |      0|  0|  50|           9|           8|
    |mul5_fu_724_p2               |     *    |      0|  0|  50|           9|           8|
    |mul6_fu_610_p2               |     *    |      0|  0|  50|           9|           8|
    |mul8_fu_675_p2               |     *    |      0|  0|  50|           9|           8|
    |mul_fu_838_p2                |     *    |      0|  0|  50|           9|           8|
    |grp_fu_356_p0                |     +    |      0|  0|  15|           1|           8|
    |grp_fu_367_p0                |     +    |      0|  0|  15|           2|           8|
    |grp_fu_378_p0                |     +    |      0|  0|  15|           2|           8|
    |grp_fu_389_p0                |     +    |      0|  0|  15|           3|           8|
    |grp_fu_400_p0                |     +    |      0|  0|  15|           3|           8|
    |grp_fu_411_p0                |     +    |      0|  0|  15|           3|           8|
    |grp_fu_422_p0                |     +    |      0|  0|  15|           3|           8|
    |ap_block_pp0_stage0_11001    |    and   |      0|  0|   2|           1|           1|
    |ap_block_pp0_stage0_subdone  |    or    |      0|  0|   2|           1|           1|
    |ap_enable_pp0                |    xor   |      0|  0|   2|           1|           2|
    +-----------------------------+----------+-------+---+----+------------+------------+
    |Total                        |          |      0|  0| 511|          92|         124|
    +-----------------------------+----------+-------+---+----+------------+------------+

    * Multiplexer: 
    +-------------------------+----+-----------+-----+-----------+
    |           Name          | LUT| Input Size| Bits| Total Bits|
    +-------------------------+----+-----------+-----+-----------+
    |ap_NS_fsm                |  27|          5|    1|          5|
    |ap_enable_reg_pp0_iter0  |   9|          2|    1|          2|
    |x_0_address0             |  27|          5|    6|         30|
    |x_0_address1             |  27|          5|    6|         30|
    |x_1_address0             |  27|          5|    6|         30|
    |x_1_address1             |  27|          5|    6|         30|
    |x_2_address0             |  27|          5|    6|         30|
    |x_2_address1             |  27|          5|    6|         30|
    |x_3_address0             |  27|          5|    6|         30|
    |x_3_address1             |  27|          5|    6|         30|
    +-------------------------+----+-----------+-----+-----------+
    |Total                    | 252|         47|   50|        247|
    +-------------------------+----+-----------+-----+-----------+

    * Register: 
    +-----------------------------+----+----+-----+-----------+
    |             Name            | FF | LUT| Bits| Const Bits|
    +-----------------------------+----+----+-----+-----------+
    |ap_CS_fsm                    |   4|   0|    4|          0|
    |ap_enable_reg_pp0_iter0_reg  |   1|   0|    1|          0|
    |ap_enable_reg_pp0_iter1      |   1|   0|    1|          0|
    |ap_enable_reg_pp0_iter2      |   1|   0|    1|          0|
    |ap_enable_reg_pp0_iter3      |   1|   0|    1|          0|
    |sum_1_reg_910                |   8|   0|    8|          0|
    |sum_2_reg_916                |   8|   0|    8|          0|
    |sum_3_reg_922                |   8|   0|    8|          0|
    |sum_4_reg_928                |   8|   0|    8|          0|
    |sum_5_reg_934                |   8|   0|    8|          0|
    |sum_6_reg_940                |   8|   0|    8|          0|
    |sum_7_reg_946                |   8|   0|    8|          0|
    |tmp_1_reg_997                |   8|   0|    8|          0|
    |tmp_2_reg_1042               |   8|   0|    8|          0|
    |tmp_3_reg_1047               |   8|   0|    8|          0|
    |tmp_4_reg_1092               |   8|   0|    8|          0|
    |tmp_5_reg_1097               |   8|   0|    8|          0|
    |tmp_8_reg_898                |   8|   0|    8|          0|
    |tmp_reg_992                  |   8|   0|    8|          0|
    |sum_1_reg_910                |  64|  32|    8|          0|
    |sum_2_reg_916                |  64|  32|    8|          0|
    |sum_3_reg_922                |  64|  32|    8|          0|
    |sum_4_reg_928                |  64|  32|    8|          0|
    |sum_5_reg_934                |  64|  32|    8|          0|
    |sum_6_reg_940                |  64|  32|    8|          0|
    |sum_7_reg_946                |  64|  32|    8|          0|
    |tmp_8_reg_898                |  64|  32|    8|          0|
    +-----------------------------+----+----+-----+-----------+
    |Total                        | 632| 256|  184|          0|
    +-----------------------------+----+----+-----+-----------+



================================================================
== Interface
================================================================
* Summary: 
+--------------+-----+-----+------------+--------------+--------------+
|   RTL Ports  | Dir | Bits|  Protocol  | Source Object|    C Type    |
+--------------+-----+-----+------------+--------------+--------------+
|ap_clk        |  in |    1| ap_ctrl_hs |    load64    | return value |
|ap_rst        |  in |    1| ap_ctrl_hs |    load64    | return value |
|ap_start      |  in |    1| ap_ctrl_hs |    load64    | return value |
|ap_done       | out |    1| ap_ctrl_hs |    load64    | return value |
|ap_idle       | out |    1| ap_ctrl_hs |    load64    | return value |
|ap_ready      | out |    1| ap_ctrl_hs |    load64    | return value |
|ap_ce         |  in |    1| ap_ctrl_hs |    load64    | return value |
|ap_return     | out |   64| ap_ctrl_hs |    load64    | return value |
|x_0_address0  | out |    6|  ap_memory |      x_0     |     array    |
|x_0_ce0       | out |    1|  ap_memory |      x_0     |     array    |
|x_0_q0        |  in |    8|  ap_memory |      x_0     |     array    |
|x_0_address1  | out |    6|  ap_memory |      x_0     |     array    |
|x_0_ce1       | out |    1|  ap_memory |      x_0     |     array    |
|x_0_q1        |  in |    8|  ap_memory |      x_0     |     array    |
|x_1_address0  | out |    6|  ap_memory |      x_1     |     array    |
|x_1_ce0       | out |    1|  ap_memory |      x_1     |     array    |
|x_1_q0        |  in |    1|  ap_memory |      x_1     |     array    |
|x_1_address1  | out |    6|  ap_memory |      x_1     |     array    |
|x_1_ce1       | out |    1|  ap_memory |      x_1     |     array    |
|x_1_q1        |  in |    1|  ap_memory |      x_1     |     array    |
|x_2_address0  | out |    6|  ap_memory |      x_2     |     array    |
|x_2_ce0       | out |    1|  ap_memory |      x_2     |     array    |
|x_2_q0        |  in |    8|  ap_memory |      x_2     |     array    |
|x_2_address1  | out |    6|  ap_memory |      x_2     |     array    |
|x_2_ce1       | out |    1|  ap_memory |      x_2     |     array    |
|x_2_q1        |  in |    8|  ap_memory |      x_2     |     array    |
|x_3_address0  | out |    6|  ap_memory |      x_3     |     array    |
|x_3_ce0       | out |    1|  ap_memory |      x_3     |     array    |
|x_3_q0        |  in |    1|  ap_memory |      x_3     |     array    |
|x_3_address1  | out |    6|  ap_memory |      x_3     |     array    |
|x_3_ce1       | out |    1|  ap_memory |      x_3     |     array    |
|x_3_q1        |  in |    1|  ap_memory |      x_3     |     array    |
|x_offset      |  in |    9|   ap_none  |   x_offset   |    scalar    |
+--------------+-----+-----+------------+--------------+--------------+

