

================================================================
== Vivado HLS Report for 'keccak_squeezeblocks'
================================================================
* Date:           Mon Apr 12 12:26:23 2021

* Version:        2018.3 (Build 2405991 on Thu Dec 06 23:56:15 MST 2018)
* Project:        SHA
* Solution:       native_dataType
* Product family: virtex7
* Target device:  xc7vx980tffg1930-2l


================================================================
== Performance Estimates
================================================================
+ Timing (ns): 
    * Summary: 
    +--------+-------+----------+------------+
    |  Clock | Target| Estimated| Uncertainty|
    +--------+-------+----------+------------+
    |ap_clk  |  10.00|     4.996|        1.25|
    +--------+-------+----------+------------+

+ Latency (clock cycles): 
    * Summary: 
    +-----+-----+-----+-----+---------+
    |  Latency  |  Interval | Pipeline|
    | min | max | min | max |   Type  |
    +-----+-----+-----+-----+---------+
    |  197|  197|  197|  197|   none  |
    +-----+-----+-----+-----+---------+

    + Detail: 
        * Instance: 
        +---------------------------------+----------------------+-----+-----+-----+-----+---------+
        |                                 |                      |  Latency  |  Interval | Pipeline|
        |             Instance            |        Module        | min | max | min | max |   Type  |
        +---------------------------------+----------------------+-----+-----+-----+-----+---------+
        |grp_KeccakF1600_StatePer_fu_277  |KeccakF1600_StatePer  |   25|   25|   25|   25|   none  |
        +---------------------------------+----------------------+-----+-----+-----+-----+---------+

        * Loop: 
        +-------------------+-----+-----+----------+-----------+-----------+------+----------+
        |                   |  Latency  | Iteration|  Initiation Interval  | Trip |          |
        |     Loop Name     | min | max |  Latency |  achieved |   target  | Count| Pipelined|
        +-------------------+-----+-----+----------+-----------+-----------+------+----------+
        |- Loop 1           |  170|  170|        10|          -|          -|    17|    no    |
        | + store64_label1  |    8|    8|         1|          -|          -|     8|    no    |
        +-------------------+-----+-----+----------+-----------+-----------+------+----------+



================================================================
== Utilization Estimates
================================================================
* Summary: 
+-----------------+---------+-------+---------+--------+
|       Name      | BRAM_18K| DSP48E|    FF   |   LUT  |
+-----------------+---------+-------+---------+--------+
|DSP              |        -|      -|        -|       -|
|Expression       |        -|      -|        0|     249|
|FIFO             |        -|      -|        -|       -|
|Instance         |        2|      -|     2701|   16567|
|Memory           |        -|      -|        -|       -|
|Multiplexer      |        -|      -|        -|     130|
|Register         |        -|      -|     1176|       -|
+-----------------+---------+-------+---------+--------+
|Total            |        2|      0|     3877|   16946|
+-----------------+---------+-------+---------+--------+
|Available        |     3000|   3600|  1224000|  612000|
+-----------------+---------+-------+---------+--------+
|Utilization (%)  |    ~0   |      0|    ~0   |       2|
+-----------------+---------+-------+---------+--------+

+ Detail: 
    * Instance: 
    +---------------------------------+----------------------+---------+-------+------+-------+
    |             Instance            |        Module        | BRAM_18K| DSP48E|  FF  |  LUT  |
    +---------------------------------+----------------------+---------+-------+------+-------+
    |grp_KeccakF1600_StatePer_fu_277  |KeccakF1600_StatePer  |        2|      0|  2701|  16567|
    +---------------------------------+----------------------+---------+-------+------+-------+
    |Total                            |                      |        2|      0|  2701|  16567|
    +---------------------------------+----------------------+---------+-------+------+-------+

    * DSP48: 
    N/A

    * Memory: 
    N/A

    * FIFO: 
    N/A

    * Expression: 
    +----------------------+----------+-------+---+-----+------------+------------+
    |     Variable Name    | Operation| DSP48E| FF| LUT | Bitwidth P0| Bitwidth P1|
    +----------------------+----------+-------+---+-----+------------+------------+
    |i_2_fu_411_p2         |     +    |      0|  0|   13|           4|           1|
    |i_4_fu_391_p2         |     +    |      0|  0|   15|           5|           1|
    |sum_i_fu_448_p2       |     +    |      0|  0|   15|           8|           8|
    |ap_condition_697      |    and   |      0|  0|    2|           1|           1|
    |exitcond_i_fu_405_p2  |   icmp   |      0|  0|   11|           4|           5|
    |tmp_s_fu_385_p2       |   icmp   |      0|  0|   11|           5|           5|
    |tmp_3_i_fu_433_p2     |   lshr   |      0|  0|  182|          64|          64|
    +----------------------+----------+-------+---+-----+------------+------------+
    |Total                 |          |      0|  0|  249|          91|          85|
    +----------------------+----------+-------+---+-----+------------+------------+

    * Multiplexer: 
    +------------------+----+-----------+-----+-----------+
    |       Name       | LUT| Input Size| Bits| Total Bits|
    +------------------+----+-----------+-----+-----------+
    |ap_NS_fsm         |  27|          5|    1|          5|
    |i_i_reg_266       |   9|          2|    4|          8|
    |i_reg_215         |   9|          2|    5|         10|
    |u_assign_reg_226  |  85|         17|   64|       1088|
    +------------------+----+-----------+-----+-----------+
    |Total             | 130|         26|   74|       1111|
    +------------------+----+-----------+-----+-----------+

    * Register: 
    +----------------------------------------------+----+----+-----+-----------+
    |                     Name                     | FF | LUT| Bits| Const Bits|
    +----------------------------------------------+----+----+-----+-----------+
    |ap_CS_fsm                                     |   4|   0|    4|          0|
    |grp_KeccakF1600_StatePer_fu_277_ap_start_reg  |   1|   0|    1|          0|
    |i_4_reg_631                                   |   5|   0|    5|          0|
    |i_i_reg_266                                   |   4|   0|    4|          0|
    |i_reg_215                                     |   5|   0|    5|          0|
    |newret10_reg_593                              |  64|   0|   64|          0|
    |newret11_reg_598                              |  64|   0|   64|          0|
    |newret12_reg_603                              |  64|   0|   64|          0|
    |newret13_reg_608                              |  64|   0|   64|          0|
    |newret14_reg_613                              |  64|   0|   64|          0|
    |newret15_reg_618                              |  64|   0|   64|          0|
    |newret16_reg_623                              |  64|   0|   64|          0|
    |newret1_reg_548                               |  64|   0|   64|          0|
    |newret2_reg_573                               |  64|   0|   64|          0|
    |newret3_reg_553                               |  64|   0|   64|          0|
    |newret4_reg_578                               |  64|   0|   64|          0|
    |newret5_reg_558                               |  64|   0|   64|          0|
    |newret6_reg_583                               |  64|   0|   64|          0|
    |newret7_reg_563                               |  64|   0|   64|          0|
    |newret8_reg_588                               |  64|   0|   64|          0|
    |newret9_reg_568                               |  64|   0|   64|          0|
    |newret_reg_543                                |  64|   0|   64|          0|
    |tmp_4_reg_636                                 |   5|   0|    8|          3|
    |u_assign_reg_226                              |  64|   0|   64|          0|
    +----------------------------------------------+----+----+-----+-----------+
    |Total                                         |1176|   0| 1179|          3|
    +----------------------------------------------+----+----+-----+-----------+



================================================================
== Interface
================================================================
* Summary: 
+----------------+-----+-----+------------+----------------------+--------------+
|    RTL Ports   | Dir | Bits|  Protocol  |     Source Object    |    C Type    |
+----------------+-----+-----+------------+----------------------+--------------+
|ap_clk          |  in |    1| ap_ctrl_hs | keccak_squeezeblocks | return value |
|ap_rst          |  in |    1| ap_ctrl_hs | keccak_squeezeblocks | return value |
|ap_start        |  in |    1| ap_ctrl_hs | keccak_squeezeblocks | return value |
|ap_done         | out |    1| ap_ctrl_hs | keccak_squeezeblocks | return value |
|ap_idle         | out |    1| ap_ctrl_hs | keccak_squeezeblocks | return value |
|ap_ready        | out |    1| ap_ctrl_hs | keccak_squeezeblocks | return value |
|out_r_address0  | out |    8|  ap_memory |         out_r        |     array    |
|out_r_ce0       | out |    1|  ap_memory |         out_r        |     array    |
|out_r_we0       | out |    1|  ap_memory |         out_r        |     array    |
|out_r_d0        | out |    8|  ap_memory |         out_r        |     array    |
|s_0_read        |  in |   64|   ap_none  |       s_0_read       |    scalar    |
|s_1_read        |  in |   64|   ap_none  |       s_1_read       |    scalar    |
|s_2_read        |  in |   64|   ap_none  |       s_2_read       |    scalar    |
|s_3_read        |  in |   64|   ap_none  |       s_3_read       |    scalar    |
|s_4_read        |  in |   64|   ap_none  |       s_4_read       |    scalar    |
|s_5_read        |  in |   64|   ap_none  |       s_5_read       |    scalar    |
|s_6_read        |  in |   64|   ap_none  |       s_6_read       |    scalar    |
|s_7_read        |  in |   64|   ap_none  |       s_7_read       |    scalar    |
|s_8_read        |  in |   64|   ap_none  |       s_8_read       |    scalar    |
|s_9_read        |  in |   64|   ap_none  |       s_9_read       |    scalar    |
|s_10_read       |  in |   64|   ap_none  |       s_10_read      |    scalar    |
|s_11_read       |  in |   64|   ap_none  |       s_11_read      |    scalar    |
|s_12_read       |  in |   64|   ap_none  |       s_12_read      |    scalar    |
|s_13_read       |  in |   64|   ap_none  |       s_13_read      |    scalar    |
|s_14_read       |  in |   64|   ap_none  |       s_14_read      |    scalar    |
|s_15_read       |  in |   64|   ap_none  |       s_15_read      |    scalar    |
|s_16_read       |  in |   64|   ap_none  |       s_16_read      |    scalar    |
+----------------+-----+-----+------------+----------------------+--------------+

