

================================================================
== Vivado HLS Report for 'keccak_absorb'
================================================================
* Date:           Mon Apr 12 12:26:19 2021

* Version:        2018.3 (Build 2405991 on Thu Dec 06 23:56:15 MST 2018)
* Project:        SHA
* Solution:       native_dataType
* Product family: virtex7
* Target device:  xc7vx980tffg1930-2l


================================================================
== Performance Estimates
================================================================
+ Timing (ns): 
    * Summary: 
    +--------+-------+----------+------------+
    |  Clock | Target| Estimated| Uncertainty|
    +--------+-------+----------+------------+
    |ap_clk  |  10.00|     4.268|        1.25|
    +--------+-------+----------+------------+

+ Latency (clock cycles): 
    * Summary: 
    +------+------+------+------+---------+
    |   Latency   |   Interval  | Pipeline|
    |  min |  max |  min |  max |   Type  |
    +------+------+------+------+---------+
    |  2079|  2079|  2079|  2079|   none  |
    +------+------+------+------+---------+

    + Detail: 
        * Instance: 
        N/A

        * Loop: 
        +------------------+------+------+----------+-----------+-----------+------+----------+
        |                  |   Latency   | Iteration|  Initiation Interval  | Trip |          |
        |     Loop Name    |  min |  max |  Latency |  achieved |   target  | Count| Pipelined|
        +------------------+------+------+----------+-----------+-----------+------+----------+
        |- memset_t        |   199|   199|         1|          -|          -|   200|    no    |
        |- Loop 2          |    50|    50|         2|          -|          -|    25|    no    |
        |- Loop 3          |     6|     6|         2|          -|          -|     3|    no    |
        |- Loop 4          |  1819|  1819|       107|          -|          -|    17|    no    |
        | + load64_label0  |   104|   104|        13|          -|          -|     8|    no    |
        +------------------+------+------+----------+-----------+-----------+------+----------+



================================================================
== Utilization Estimates
================================================================
* Summary: 
+-----------------+---------+-------+---------+--------+
|       Name      | BRAM_18K| DSP48E|    FF   |   LUT  |
+-----------------+---------+-------+---------+--------+
|DSP              |        -|      -|        -|       -|
|Expression       |        -|      0|        0|     563|
|FIFO             |        -|      -|        -|       -|
|Instance         |        -|      -|      106|    2942|
|Memory           |        0|      -|       32|      14|
|Multiplexer      |        -|      -|        -|     662|
|Register         |        -|      -|     2401|       -|
+-----------------+---------+-------+---------+--------+
|Total            |        0|      0|     2539|    4181|
+-----------------+---------+-------+---------+--------+
|Available        |     3000|   3600|  1224000|  612000|
+-----------------+---------+-------+---------+--------+
|Utilization (%)  |        0|      0|    ~0   |   ~0   |
+-----------------+---------+-------+---------+--------+

+ Detail: 
    * Instance: 
    +------------------------------------------------------------+---------------------------------------------------------+---------+-------+-----+-----+
    |                          Instance                          |                          Module                         | BRAM_18K| DSP48E|  FF | LUT |
    +------------------------------------------------------------+---------------------------------------------------------+---------+-------+-----+-----+
    |pqcrystals_fips202_ref_sha3_256_mux_325_64_1_1_U3           |pqcrystals_fips202_ref_sha3_256_mux_325_64_1_1           |        0|      0|    0|  161|
    |pqcrystals_fips202_ref_sha3_256_mux_325_64_1_1_U4           |pqcrystals_fips202_ref_sha3_256_mux_325_64_1_1           |        0|      0|    0|  161|
    |pqcrystals_fips202_ref_sha3_256_mux_325_64_1_1_U5           |pqcrystals_fips202_ref_sha3_256_mux_325_64_1_1           |        0|      0|    0|  161|
    |pqcrystals_fips202_ref_sha3_256_mux_325_64_1_1_U6           |pqcrystals_fips202_ref_sha3_256_mux_325_64_1_1           |        0|      0|    0|  161|
    |pqcrystals_fips202_ref_sha3_256_mux_325_64_1_1_U7           |pqcrystals_fips202_ref_sha3_256_mux_325_64_1_1           |        0|      0|    0|  161|
    |pqcrystals_fips202_ref_sha3_256_mux_325_64_1_1_U8           |pqcrystals_fips202_ref_sha3_256_mux_325_64_1_1           |        0|      0|    0|  161|
    |pqcrystals_fips202_ref_sha3_256_mux_325_64_1_1_U9           |pqcrystals_fips202_ref_sha3_256_mux_325_64_1_1           |        0|      0|    0|  161|
    |pqcrystals_fips202_ref_sha3_256_mux_325_64_1_1_U10          |pqcrystals_fips202_ref_sha3_256_mux_325_64_1_1           |        0|      0|    0|  161|
    |pqcrystals_fips202_ref_sha3_256_mux_325_64_1_1_U11          |pqcrystals_fips202_ref_sha3_256_mux_325_64_1_1           |        0|      0|    0|  161|
    |pqcrystals_fips202_ref_sha3_256_mux_325_64_1_1_U12          |pqcrystals_fips202_ref_sha3_256_mux_325_64_1_1           |        0|      0|    0|  161|
    |pqcrystals_fips202_ref_sha3_256_mux_325_64_1_1_U13          |pqcrystals_fips202_ref_sha3_256_mux_325_64_1_1           |        0|      0|    0|  161|
    |pqcrystals_fips202_ref_sha3_256_mux_325_64_1_1_U14          |pqcrystals_fips202_ref_sha3_256_mux_325_64_1_1           |        0|      0|    0|  161|
    |pqcrystals_fips202_ref_sha3_256_mux_325_64_1_1_U15          |pqcrystals_fips202_ref_sha3_256_mux_325_64_1_1           |        0|      0|    0|  161|
    |pqcrystals_fips202_ref_sha3_256_mux_325_64_1_1_U16          |pqcrystals_fips202_ref_sha3_256_mux_325_64_1_1           |        0|      0|    0|  161|
    |pqcrystals_fips202_ref_sha3_256_mux_325_64_1_1_U17          |pqcrystals_fips202_ref_sha3_256_mux_325_64_1_1           |        0|      0|    0|  161|
    |pqcrystals_fips202_ref_sha3_256_mux_325_64_1_1_U18          |pqcrystals_fips202_ref_sha3_256_mux_325_64_1_1           |        0|      0|    0|  161|
    |pqcrystals_fips202_ref_sha3_256_mux_325_64_1_1_U19          |pqcrystals_fips202_ref_sha3_256_mux_325_64_1_1           |        0|      0|    0|  161|
    |pqcrystals_fips202_ref_sha3_256_mux_464_8_1_1_U2            |pqcrystals_fips202_ref_sha3_256_mux_464_8_1_1            |        0|      0|    0|  161|
    |pqcrystals_fips202_ref_sha3_256_urem_8ns_7ns_8_12_seq_1_U1  |pqcrystals_fips202_ref_sha3_256_urem_8ns_7ns_8_12_seq_1  |        0|      0|  106|   44|
    +------------------------------------------------------------+---------------------------------------------------------+---------+-------+-----+-----+
    |Total                                                       |                                                         |        0|      0|  106| 2942|
    +------------------------------------------------------------+---------------------------------------------------------+---------+-------+-----+-----+

    * DSP48: 
    N/A

    * Memory: 
    +-------+-------------------+---------+----+----+------+-----+------+-------------+
    | Memory|       Module      | BRAM_18K| FF | LUT| Words| Bits| Banks| W*Bits*Banks|
    +-------+-------------------+---------+----+----+------+-----+------+-------------+
    |t_0_U  |keccak_absorb_t_0  |        0|  16|   7|    50|    8|     1|          400|
    |t_2_U  |keccak_absorb_t_0  |        0|  16|   7|    50|    8|     1|          400|
    +-------+-------------------+---------+----+----+------+-----+------+-------------+
    |Total  |                   |        0|  32|  14|   100|   16|     2|          800|
    +-------+-------------------+---------+----+----+------+-----+------+-------------+

    * FIFO: 
    N/A

    * Expression: 
    +----------------------+----------+-------+---+-----+------------+------------+
    |     Variable Name    | Operation| DSP48E| FF| LUT | Bitwidth P0| Bitwidth P1|
    +----------------------+----------+-------+---+-----+------------+------------+
    |mul2_fu_964_p2        |     *    |      0|  0|   50|           9|           8|
    |i_4_fu_702_p2         |     +    |      0|  0|   15|           5|           1|
    |i_5_fu_823_p2         |     +    |      0|  0|   15|           5|           1|
    |i_6_fu_945_p2         |     +    |      0|  0|   13|           4|           1|
    |indvarinc_fu_591_p2   |     +    |      0|  0|   15|           8|           1|
    |next_mul_fu_597_p2    |     +    |      0|  0|   23|          16|           9|
    |next_urem_fu_619_p2   |     +    |      0|  0|   15|           8|           1|
    |sum_i_fu_955_p2       |     +    |      0|  0|   15|           8|           8|
    |tmp_3_fu_804_p2       |     +    |      0|  0|   10|           2|           1|
    |ap_condition_2010     |    and   |      0|  0|    2|           1|           1|
    |exitcond_i_fu_939_p2  |   icmp   |      0|  0|   11|           4|           5|
    |tmp_1_fu_798_p2       |   icmp   |      0|  0|    8|           2|           2|
    |tmp_4_fu_817_p2       |   icmp   |      0|  0|   11|           5|           5|
    |tmp_7_fu_696_p2       |   icmp   |      0|  0|   11|           5|           4|
    |tmp_8_fu_625_p2       |   icmp   |      0|  0|   11|           8|           6|
    |tmp_s_fu_639_p2       |   icmp   |      0|  0|   11|           8|           7|
    |r_fu_1039_p2          |    or    |      0|  0|   64|          64|          64|
    |tmp_2_fu_810_p2       |    or    |      0|  0|    9|           8|           9|
    |idx_urem_fu_631_p3    |  select  |      0|  0|    8|           1|           8|
    |tmp_2_i_fu_1033_p2    |    shl   |      0|  0|  182|          64|          64|
    |tmp_5_fu_1045_p2      |    xor   |      0|  0|   64|          64|          64|
    +----------------------+----------+-------+---+-----+------------+------------+
    |Total                 |          |      0|  0|  563|         299|         270|
    +----------------------+----------+-------+---+-----+------------+------------+

    * Multiplexer: 
    +----------------------+-----+-----------+-----+-----------+
    |         Name         | LUT | Input Size| Bits| Total Bits|
    +----------------------+-----+-----------+-----+-----------+
    |ap_NS_fsm             |  109|         23|    1|         23|
    |ap_return_0           |    9|          2|   64|        128|
    |ap_return_1           |    9|          2|   64|        128|
    |ap_return_10          |    9|          2|   64|        128|
    |ap_return_11          |    9|          2|   64|        128|
    |ap_return_12          |    9|          2|   64|        128|
    |ap_return_13          |    9|          2|   64|        128|
    |ap_return_14          |    9|          2|   64|        128|
    |ap_return_15          |    9|          2|   64|        128|
    |ap_return_16          |    9|          2|   64|        128|
    |ap_return_2           |    9|          2|   64|        128|
    |ap_return_3           |    9|          2|   64|        128|
    |ap_return_4           |    9|          2|   64|        128|
    |ap_return_5           |    9|          2|   64|        128|
    |ap_return_6           |    9|          2|   64|        128|
    |ap_return_7           |    9|          2|   64|        128|
    |ap_return_8           |    9|          2|   64|        128|
    |ap_return_9           |    9|          2|   64|        128|
    |i_2_reg_318           |    9|          2|    2|          4|
    |i_3_reg_499           |    9|          2|    5|         10|
    |i_i_reg_511           |    9|          2|    4|          8|
    |i_reg_307             |    9|          2|    5|         10|
    |invdar_reg_274        |    9|          2|    8|         16|
    |phi_mul_reg_285       |    9|          2|   16|         32|
    |phi_urem_reg_296      |    9|          2|    8|         16|
    |r_i_reg_523           |    9|          2|   64|        128|
    |s10_2_reg_389         |    9|          2|   64|        128|
    |s11_2_reg_379         |    9|          2|   64|        128|
    |s1214_2_reg_369       |    9|          2|   64|        128|
    |s12_2_reg_479         |    9|          2|   64|        128|
    |s1316_2_reg_359       |    9|          2|   64|        128|
    |s14_2_reg_349         |    9|          2|   64|        128|
    |s15_2_reg_339         |    9|          2|   64|        128|
    |s16_2_reg_329         |    9|          2|   64|        128|
    |s2_2_reg_469          |    9|          2|   64|        128|
    |s3_2_reg_459          |    9|          2|   64|        128|
    |s4_2_reg_449          |    9|          2|   64|        128|
    |s5_2_reg_439          |    9|          2|   64|        128|
    |s6_2_reg_429          |    9|          2|   64|        128|
    |s7_2_reg_419          |    9|          2|   64|        128|
    |s8_2_reg_409          |    9|          2|   64|        128|
    |s9_2_reg_399          |    9|          2|   64|        128|
    |s_2_reg_489           |    9|          2|   64|        128|
    |s_load_1_phi_reg_535  |   85|         17|   64|       1088|
    |t_0_address0          |   27|          5|    6|         30|
    |t_0_d0                |   21|          4|    8|         32|
    |t_2_address0          |   27|          5|    6|         30|
    |t_2_d0                |   15|          3|    8|         24|
    +----------------------+-----+-----------+-----+-----------+
    |Total                 |  662|        141| 2381|       5803|
    +----------------------+-----+-----------+-----+-----------+

    * Register: 
    +----------------------+----+----+-----+-----------+
    |         Name         | FF | LUT| Bits| Const Bits|
    +----------------------+----+----+-----+-----------+
    |ap_CS_fsm             |  22|   0|   22|          0|
    |ap_return_0_preg      |  64|   0|   64|          0|
    |ap_return_10_preg     |  64|   0|   64|          0|
    |ap_return_11_preg     |  64|   0|   64|          0|
    |ap_return_12_preg     |  64|   0|   64|          0|
    |ap_return_13_preg     |  64|   0|   64|          0|
    |ap_return_14_preg     |  64|   0|   64|          0|
    |ap_return_15_preg     |  64|   0|   64|          0|
    |ap_return_16_preg     |  64|   0|   64|          0|
    |ap_return_1_preg      |  64|   0|   64|          0|
    |ap_return_2_preg      |  64|   0|   64|          0|
    |ap_return_3_preg      |  64|   0|   64|          0|
    |ap_return_4_preg      |  64|   0|   64|          0|
    |ap_return_5_preg      |  64|   0|   64|          0|
    |ap_return_6_preg      |  64|   0|   64|          0|
    |ap_return_7_preg      |  64|   0|   64|          0|
    |ap_return_8_preg      |  64|   0|   64|          0|
    |ap_return_9_preg      |  64|   0|   64|          0|
    |i_2_cast_reg_2457     |   2|   0|   64|         62|
    |i_2_reg_318           |   2|   0|    2|          0|
    |i_3_reg_499           |   5|   0|    5|          0|
    |i_4_reg_2452          |   5|   0|    5|          0|
    |i_5_reg_2483          |   5|   0|    5|          0|
    |i_6_reg_2496          |   4|   0|    4|          0|
    |i_i_reg_511           |   4|   0|    4|          0|
    |i_reg_307             |   5|   0|    5|          0|
    |invdar_reg_274        |   8|   0|    8|          0|
    |phi_mul_reg_285       |  16|   0|   16|          0|
    |phi_urem_reg_296      |   8|   0|    8|          0|
    |r_i_reg_523           |  64|   0|   64|          0|
    |s10_2_reg_389         |  64|   0|   64|          0|
    |s11_2_reg_379         |  64|   0|   64|          0|
    |s1214_2_reg_369       |  64|   0|   64|          0|
    |s12_2_reg_479         |  64|   0|   64|          0|
    |s1316_2_reg_359       |  64|   0|   64|          0|
    |s14_2_reg_349         |  64|   0|   64|          0|
    |s15_2_reg_339         |  64|   0|   64|          0|
    |s16_2_reg_329         |  64|   0|   64|          0|
    |s2_2_reg_469          |  64|   0|   64|          0|
    |s3_2_reg_459          |  64|   0|   64|          0|
    |s4_2_reg_449          |  64|   0|   64|          0|
    |s5_2_reg_439          |  64|   0|   64|          0|
    |s6_2_reg_429          |  64|   0|   64|          0|
    |s7_2_reg_419          |  64|   0|   64|          0|
    |s8_2_reg_409          |  64|   0|   64|          0|
    |s9_2_reg_399          |  64|   0|   64|          0|
    |s_2_reg_489           |  64|   0|   64|          0|
    |s_load_1_phi_reg_535  |  64|   0|   64|          0|
    |tmp_3_i_reg_2488      |   5|   0|    8|          3|
    |tmp_3_reg_2465        |   2|   0|    2|          0|
    |tmp_9_reg_2506        |   4|   0|    4|          0|
    +----------------------+----+----+-----+-----------+
    |Total                 |2401|   0| 2466|         65|
    +----------------------+----+----+-----+-----------+



================================================================
== Interface
================================================================
* Summary: 
+--------------+-----+-----+------------+---------------+--------------+
|   RTL Ports  | Dir | Bits|  Protocol  | Source Object |    C Type    |
+--------------+-----+-----+------------+---------------+--------------+
|ap_clk        |  in |    1| ap_ctrl_hs | keccak_absorb | return value |
|ap_rst        |  in |    1| ap_ctrl_hs | keccak_absorb | return value |
|ap_start      |  in |    1| ap_ctrl_hs | keccak_absorb | return value |
|ap_done       | out |    1| ap_ctrl_hs | keccak_absorb | return value |
|ap_idle       | out |    1| ap_ctrl_hs | keccak_absorb | return value |
|ap_ready      | out |    1| ap_ctrl_hs | keccak_absorb | return value |
|ap_return_0   | out |   64| ap_ctrl_hs | keccak_absorb | return value |
|ap_return_1   | out |   64| ap_ctrl_hs | keccak_absorb | return value |
|ap_return_2   | out |   64| ap_ctrl_hs | keccak_absorb | return value |
|ap_return_3   | out |   64| ap_ctrl_hs | keccak_absorb | return value |
|ap_return_4   | out |   64| ap_ctrl_hs | keccak_absorb | return value |
|ap_return_5   | out |   64| ap_ctrl_hs | keccak_absorb | return value |
|ap_return_6   | out |   64| ap_ctrl_hs | keccak_absorb | return value |
|ap_return_7   | out |   64| ap_ctrl_hs | keccak_absorb | return value |
|ap_return_8   | out |   64| ap_ctrl_hs | keccak_absorb | return value |
|ap_return_9   | out |   64| ap_ctrl_hs | keccak_absorb | return value |
|ap_return_10  | out |   64| ap_ctrl_hs | keccak_absorb | return value |
|ap_return_11  | out |   64| ap_ctrl_hs | keccak_absorb | return value |
|ap_return_12  | out |   64| ap_ctrl_hs | keccak_absorb | return value |
|ap_return_13  | out |   64| ap_ctrl_hs | keccak_absorb | return value |
|ap_return_14  | out |   64| ap_ctrl_hs | keccak_absorb | return value |
|ap_return_15  | out |   64| ap_ctrl_hs | keccak_absorb | return value |
|ap_return_16  | out |   64| ap_ctrl_hs | keccak_absorb | return value |
|m_address0    | out |    2|  ap_memory |       m       |     array    |
|m_ce0         | out |    1|  ap_memory |       m       |     array    |
|m_q0          |  in |    8|  ap_memory |       m       |     array    |
+--------------+-----+-----+------------+---------------+--------------+

