

================================================================
== Vivado HLS Report for 'KeccakF1600_StatePer'
================================================================
* Date:           Mon Apr 12 12:26:20 2021

* Version:        2018.3 (Build 2405991 on Thu Dec 06 23:56:15 MST 2018)
* Project:        SHA
* Solution:       native_dataType
* Product family: virtex7
* Target device:  xc7vx980tffg1930-2l


================================================================
== Performance Estimates
================================================================
+ Timing (ns): 
    * Summary: 
    +--------+-------+----------+------------+
    |  Clock | Target| Estimated| Uncertainty|
    +--------+-------+----------+------------+
    |ap_clk  |  10.00|     4.996|        1.25|
    +--------+-------+----------+------------+

+ Latency (clock cycles): 
    * Summary: 
    +-----+-----+-----+-----+---------+
    |  Latency  |  Interval | Pipeline|
    | min | max | min | max |   Type  |
    +-----+-----+-----+-----+---------+
    |   25|   25|   25|   25|   none  |
    +-----+-----+-----+-----+---------+

    + Detail: 
        * Instance: 
        N/A

        * Loop: 
        +-----------------------------------+-----+-----+----------+-----------+-----------+------+----------+
        |                                   |  Latency  | Iteration|  Initiation Interval  | Trip |          |
        |             Loop Name             | min | max |  Latency |  achieved |   target  | Count| Pipelined|
        +-----------------------------------+-----+-----+----------+-----------+-----------+------+----------+
        |- KeccakF1600_StatePermute_label1  |   24|   24|         2|          -|          -|    12|    no    |
        +-----------------------------------+-----+-----+----------+-----------+-----------+------+----------+



================================================================
== Utilization Estimates
================================================================
* Summary: 
+-----------------+---------+-------+---------+--------+
|       Name      | BRAM_18K| DSP48E|    FF   |   LUT  |
+-----------------+---------+-------+---------+--------+
|DSP              |        -|      -|        -|       -|
|Expression       |        -|      -|        0|   16159|
|FIFO             |        -|      -|        -|       -|
|Instance         |        -|      -|        -|       -|
|Memory           |        2|      -|        0|       0|
|Multiplexer      |        -|      -|        -|     408|
|Register         |        -|      -|     2701|       -|
+-----------------+---------+-------+---------+--------+
|Total            |        2|      0|     2701|   16567|
+-----------------+---------+-------+---------+--------+
|Available        |     3000|   3600|  1224000|  612000|
+-----------------+---------+-------+---------+--------+
|Utilization (%)  |    ~0   |      0|    ~0   |       2|
+-----------------+---------+-------+---------+--------+

+ Detail: 
    * Instance: 
    N/A

    * DSP48: 
    N/A

    * Memory: 
    +------------------------+-------------------------------------------+---------+---+----+------+-----+------+-------------+
    |         Memory         |                   Module                  | BRAM_18K| FF| LUT| Words| Bits| Banks| W*Bits*Banks|
    +------------------------+-------------------------------------------+---------+---+----+------+-----+------+-------------+
    |KeccakF_RoundConstan_U  |KeccakF1600_StatePer_KeccakF_RoundConstan  |        2|  0|   0|    24|   64|     1|         1536|
    +------------------------+-------------------------------------------+---------+---+----+------+-----+------+-------------+
    |Total                   |                                           |        2|  0|   0|    24|   64|     1|         1536|
    +------------------------+-------------------------------------------+---------+---+----+------+-----+------+-------------+

    * FIFO: 
    N/A

    * Expression: 
    +--------------------+----------+-------+---+-----+------------+------------+
    |    Variable Name   | Operation| DSP48E| FF| LUT | Bitwidth P0| Bitwidth P1|
    +--------------------+----------+-------+---+-----+------------+------------+
    |round_1_fu_630_p2   |     +    |      0|  0|   15|           2|           5|
    |tmp_101_fu_2108_p2  |    and   |      0|  0|   64|          64|          64|
    |tmp_10_fu_1112_p2   |    and   |      0|  0|   64|          64|          64|
    |tmp_121_fu_2494_p2  |    and   |      0|  0|   64|          64|          64|
    |tmp_127_fu_2518_p2  |    and   |      0|  0|   64|          64|          64|
    |tmp_130_fu_2536_p2  |    and   |      0|  0|   64|          64|          64|
    |tmp_134_fu_2554_p2  |    and   |      0|  0|   64|          64|          64|
    |tmp_137_fu_2572_p2  |    and   |      0|  0|   64|          64|          64|
    |tmp_13_fu_1136_p2   |    and   |      0|  0|   64|          64|          64|
    |tmp_144_fu_2730_p2  |    and   |      0|  0|   64|          64|          64|
    |tmp_146_fu_2748_p2  |    and   |      0|  0|   64|          64|          64|
    |tmp_148_fu_2766_p2  |    and   |      0|  0|   64|          64|          64|
    |tmp_152_fu_2784_p2  |    and   |      0|  0|   64|          64|          64|
    |tmp_156_fu_2802_p2  |    and   |      0|  0|   64|          64|          64|
    |tmp_15_fu_1154_p2   |    and   |      0|  0|   64|          64|          64|
    |tmp_164_fu_2958_p2  |    and   |      0|  0|   64|          64|          64|
    |tmp_166_fu_2976_p2  |    and   |      0|  0|   64|          64|          64|
    |tmp_168_fu_2994_p2  |    and   |      0|  0|   64|          64|          64|
    |tmp_172_fu_3012_p2  |    and   |      0|  0|   64|          64|          64|
    |tmp_176_fu_3030_p2  |    and   |      0|  0|   64|          64|          64|
    |tmp_184_fu_3188_p2  |    and   |      0|  0|   64|          64|          64|
    |tmp_186_fu_3206_p2  |    and   |      0|  0|   64|          64|          64|
    |tmp_188_fu_3224_p2  |    and   |      0|  0|   64|          64|          64|
    |tmp_18_fu_1172_p2   |    and   |      0|  0|   64|          64|          64|
    |tmp_192_fu_3242_p2  |    and   |      0|  0|   64|          64|          64|
    |tmp_196_fu_3260_p2  |    and   |      0|  0|   64|          64|          64|
    |tmp_204_fu_3418_p2  |    and   |      0|  0|   64|          64|          64|
    |tmp_206_fu_3436_p2  |    and   |      0|  0|   64|          64|          64|
    |tmp_208_fu_3454_p2  |    and   |      0|  0|   64|          64|          64|
    |tmp_212_fu_3472_p2  |    and   |      0|  0|   64|          64|          64|
    |tmp_216_fu_3490_p2  |    and   |      0|  0|   64|          64|          64|
    |tmp_22_fu_1190_p2   |    and   |      0|  0|   64|          64|          64|
    |tmp_29_fu_1348_p2   |    and   |      0|  0|   64|          64|          64|
    |tmp_31_fu_1366_p2   |    and   |      0|  0|   64|          64|          64|
    |tmp_33_fu_1384_p2   |    and   |      0|  0|   64|          64|          64|
    |tmp_37_fu_1402_p2   |    and   |      0|  0|   64|          64|          64|
    |tmp_41_fu_1420_p2   |    and   |      0|  0|   64|          64|          64|
    |tmp_49_fu_1576_p2   |    and   |      0|  0|   64|          64|          64|
    |tmp_51_fu_1594_p2   |    and   |      0|  0|   64|          64|          64|
    |tmp_53_fu_1612_p2   |    and   |      0|  0|   64|          64|          64|
    |tmp_57_fu_1630_p2   |    and   |      0|  0|   64|          64|          64|
    |tmp_61_fu_1648_p2   |    and   |      0|  0|   64|          64|          64|
    |tmp_69_fu_1806_p2   |    and   |      0|  0|   64|          64|          64|
    |tmp_71_fu_1824_p2   |    and   |      0|  0|   64|          64|          64|
    |tmp_73_fu_1842_p2   |    and   |      0|  0|   64|          64|          64|
    |tmp_77_fu_1860_p2   |    and   |      0|  0|   64|          64|          64|
    |tmp_81_fu_1878_p2   |    and   |      0|  0|   64|          64|          64|
    |tmp_89_fu_2036_p2   |    and   |      0|  0|   64|          64|          64|
    |tmp_91_fu_2054_p2   |    and   |      0|  0|   64|          64|          64|
    |tmp_93_fu_2072_p2   |    and   |      0|  0|   64|          64|          64|
    |tmp_97_fu_2090_p2   |    and   |      0|  0|   64|          64|          64|
    |tmp_fu_608_p2       |   icmp   |      0|  0|   11|           5|           5|
    |tmp_122_fu_619_p2   |    or    |      0|  0|    5|           5|           1|
    |Aba_2_fu_988_p2     |    xor   |      0|  0|   64|          64|          64|
    |Aba_fu_2506_p2      |    xor   |      0|  0|   64|          64|          64|
    |Abe_1_fu_2524_p2    |    xor   |      0|  0|   64|          64|          64|
    |Abe_fu_1432_p2      |    xor   |      0|  0|   64|          64|          64|
    |Abi_1_fu_2542_p2    |    xor   |      0|  0|   64|          64|          64|
    |Abi_fu_1890_p2      |    xor   |      0|  0|   64|          64|          64|
    |Abo_1_fu_2560_p2    |    xor   |      0|  0|   64|          64|          64|
    |Abo_fu_1202_p2      |    xor   |      0|  0|   64|          64|          64|
    |Abu_1_fu_2578_p2    |    xor   |      0|  0|   64|          64|          64|
    |Abu_fu_1660_p2      |    xor   |      0|  0|   64|          64|          64|
    |Aga_1_fu_2736_p2    |    xor   |      0|  0|   64|          64|          64|
    |Aga_fu_1688_p2      |    xor   |      0|  0|   64|          64|          64|
    |Age_1_fu_2754_p2    |    xor   |      0|  0|   64|          64|          64|
    |Age_fu_994_p2       |    xor   |      0|  0|   64|          64|          64|
    |Agi_1_fu_2772_p2    |    xor   |      0|  0|   64|          64|          64|
    |Agi_fu_1458_p2      |    xor   |      0|  0|   64|          64|          64|
    |Ago_1_fu_2790_p2    |    xor   |      0|  0|   64|          64|          64|
    |Ago_fu_1918_p2      |    xor   |      0|  0|   64|          64|          64|
    |Agu_1_fu_2808_p2    |    xor   |      0|  0|   64|          64|          64|
    |Agu_fu_1230_p2      |    xor   |      0|  0|   64|          64|          64|
    |Aka_1_fu_2964_p2    |    xor   |      0|  0|   64|          64|          64|
    |Aka_fu_1258_p2      |    xor   |      0|  0|   64|          64|          64|
    |Ake_1_fu_2982_p2    |    xor   |      0|  0|   64|          64|          64|
    |Ake_fu_1716_p2      |    xor   |      0|  0|   64|          64|          64|
    |Aki_1_fu_3000_p2    |    xor   |      0|  0|   64|          64|          64|
    |Aki_fu_1022_p2      |    xor   |      0|  0|   64|          64|          64|
    |Ako_1_fu_3018_p2    |    xor   |      0|  0|   64|          64|          64|
    |Ako_fu_1486_p2      |    xor   |      0|  0|   64|          64|          64|
    |Aku_1_fu_3036_p2    |    xor   |      0|  0|   64|          64|          64|
    |Aku_fu_1946_p2      |    xor   |      0|  0|   64|          64|          64|
    |Ama_1_fu_3194_p2    |    xor   |      0|  0|   64|          64|          64|
    |Ama_fu_1974_p2      |    xor   |      0|  0|   64|          64|          64|
    |Ame_1_fu_3212_p2    |    xor   |      0|  0|   64|          64|          64|
    |Ame_fu_1286_p2      |    xor   |      0|  0|   64|          64|          64|
    |Ami_1_fu_3230_p2    |    xor   |      0|  0|   64|          64|          64|
    |Ami_fu_1744_p2      |    xor   |      0|  0|   64|          64|          64|
    |Amo_1_fu_3248_p2    |    xor   |      0|  0|   64|          64|          64|
    |Amo_fu_1050_p2      |    xor   |      0|  0|   64|          64|          64|
    |Amu_1_fu_3266_p2    |    xor   |      0|  0|   64|          64|          64|
    |Amu_fu_1514_p2      |    xor   |      0|  0|   64|          64|          64|
    |Asa_1_fu_3424_p2    |    xor   |      0|  0|   64|          64|          64|
    |Asa_fu_1542_p2      |    xor   |      0|  0|   64|          64|          64|
    |Ase_1_fu_3442_p2    |    xor   |      0|  0|   64|          64|          64|
    |Ase_fu_2002_p2      |    xor   |      0|  0|   64|          64|          64|
    |Asi_1_fu_3460_p2    |    xor   |      0|  0|   64|          64|          64|
    |Asi_fu_1314_p2      |    xor   |      0|  0|   64|          64|          64|
    |Aso_1_fu_3478_p2    |    xor   |      0|  0|   64|          64|          64|
    |Aso_fu_1772_p2      |    xor   |      0|  0|   64|          64|          64|
    |Asu_1_fu_3496_p2    |    xor   |      0|  0|   64|          64|          64|
    |Asu_fu_1078_p2      |    xor   |      0|  0|   64|          64|          64|
    |BCa_6_fu_2138_p2    |    xor   |      0|  0|   64|          64|          64|
    |BCa_fu_756_p2       |    xor   |      0|  0|   64|          64|          64|
    |BCe_6_fu_2162_p2    |    xor   |      0|  0|   64|          64|          64|
    |BCe_fu_780_p2       |    xor   |      0|  0|   64|          64|          64|
    |BCi_6_fu_2186_p2    |    xor   |      0|  0|   64|          64|          64|
    |BCi_fu_804_p2       |    xor   |      0|  0|   64|          64|          64|
    |BCo_6_fu_2210_p2    |    xor   |      0|  0|   64|          64|          64|
    |BCo_fu_828_p2       |    xor   |      0|  0|   64|          64|          64|
    |BCu_6_fu_2234_p2    |    xor   |      0|  0|   64|          64|          64|
    |BCu_fu_852_p2       |    xor   |      0|  0|   64|          64|          64|
    |Da_1_fu_2260_p2     |    xor   |      0|  0|   64|          64|          64|
    |Da_fu_878_p2        |    xor   |      0|  0|   64|          64|          64|
    |De_1_fu_2286_p2     |    xor   |      0|  0|   64|          64|          64|
    |De_fu_904_p2        |    xor   |      0|  0|   64|          64|          64|
    |Di_1_fu_2312_p2     |    xor   |      0|  0|   64|          64|          64|
    |Di_fu_930_p2        |    xor   |      0|  0|   64|          64|          64|
    |Do_1_fu_2338_p2     |    xor   |      0|  0|   64|          64|          64|
    |Do_fu_956_p2        |    xor   |      0|  0|   64|          64|          64|
    |Du_1_fu_2364_p2     |    xor   |      0|  0|   64|          64|          64|
    |Du_fu_982_p2        |    xor   |      0|  0|   64|          64|          64|
    |Eba_2_fu_2370_p2    |    xor   |      0|  0|   64|          64|          64|
    |Eba_fu_1124_p2      |    xor   |      0|  0|   64|          64|          64|
    |Ebe_1_fu_2814_p2    |    xor   |      0|  0|   64|          64|          64|
    |Ebe_fu_1142_p2      |    xor   |      0|  0|   64|          64|          64|
    |Ebi_1_fu_3272_p2    |    xor   |      0|  0|   64|          64|          64|
    |Ebi_fu_1160_p2      |    xor   |      0|  0|   64|          64|          64|
    |Ebo_1_fu_2584_p2    |    xor   |      0|  0|   64|          64|          64|
    |Ebo_fu_1178_p2      |    xor   |      0|  0|   64|          64|          64|
    |Ebu_1_fu_3042_p2    |    xor   |      0|  0|   64|          64|          64|
    |Ebu_fu_1196_p2      |    xor   |      0|  0|   64|          64|          64|
    |Ega_1_fu_3070_p2    |    xor   |      0|  0|   64|          64|          64|
    |Ega_fu_1354_p2      |    xor   |      0|  0|   64|          64|          64|
    |Ege_1_fu_2376_p2    |    xor   |      0|  0|   64|          64|          64|
    |Ege_fu_1372_p2      |    xor   |      0|  0|   64|          64|          64|
    |Egi_1_fu_2840_p2    |    xor   |      0|  0|   64|          64|          64|
    |Egi_fu_1390_p2      |    xor   |      0|  0|   64|          64|          64|
    |Ego_1_fu_3300_p2    |    xor   |      0|  0|   64|          64|          64|
    |Ego_fu_1408_p2      |    xor   |      0|  0|   64|          64|          64|
    |Egu_1_fu_2612_p2    |    xor   |      0|  0|   64|          64|          64|
    |Egu_fu_1426_p2      |    xor   |      0|  0|   64|          64|          64|
    |Eka_1_fu_2640_p2    |    xor   |      0|  0|   64|          64|          64|
    |Eka_fu_1582_p2      |    xor   |      0|  0|   64|          64|          64|
    |Eke_1_fu_3098_p2    |    xor   |      0|  0|   64|          64|          64|
    |Eke_fu_1600_p2      |    xor   |      0|  0|   64|          64|          64|
    |Eki_1_fu_2404_p2    |    xor   |      0|  0|   64|          64|          64|
    |Eki_fu_1618_p2      |    xor   |      0|  0|   64|          64|          64|
    |Eko_1_fu_2868_p2    |    xor   |      0|  0|   64|          64|          64|
    |Eko_fu_1636_p2      |    xor   |      0|  0|   64|          64|          64|
    |Eku_1_fu_3328_p2    |    xor   |      0|  0|   64|          64|          64|
    |Eku_fu_1654_p2      |    xor   |      0|  0|   64|          64|          64|
    |Ema_1_fu_3356_p2    |    xor   |      0|  0|   64|          64|          64|
    |Ema_fu_1812_p2      |    xor   |      0|  0|   64|          64|          64|
    |Eme_1_fu_2668_p2    |    xor   |      0|  0|   64|          64|          64|
    |Eme_fu_1830_p2      |    xor   |      0|  0|   64|          64|          64|
    |Emi_1_fu_3126_p2    |    xor   |      0|  0|   64|          64|          64|
    |Emi_fu_1848_p2      |    xor   |      0|  0|   64|          64|          64|
    |Emo_1_fu_2432_p2    |    xor   |      0|  0|   64|          64|          64|
    |Emo_fu_1866_p2      |    xor   |      0|  0|   64|          64|          64|
    |Emu_1_fu_2896_p2    |    xor   |      0|  0|   64|          64|          64|
    |Emu_fu_1884_p2      |    xor   |      0|  0|   64|          64|          64|
    |Esa_1_fu_2924_p2    |    xor   |      0|  0|   64|          64|          64|
    |Esa_fu_2042_p2      |    xor   |      0|  0|   64|          64|          64|
    |Ese_1_fu_3384_p2    |    xor   |      0|  0|   64|          64|          64|
    |Ese_fu_2060_p2      |    xor   |      0|  0|   64|          64|          64|
    |Esi_1_fu_2696_p2    |    xor   |      0|  0|   64|          64|          64|
    |Esi_fu_2078_p2      |    xor   |      0|  0|   64|          64|          64|
    |Eso_1_fu_3154_p2    |    xor   |      0|  0|   64|          64|          64|
    |Eso_fu_2096_p2      |    xor   |      0|  0|   64|          64|          64|
    |Esu_1_fu_2460_p2    |    xor   |      0|  0|   64|          64|          64|
    |Esu_fu_2114_p2      |    xor   |      0|  0|   64|          64|          64|
    |tmp10_fu_810_p2     |    xor   |      0|  0|   64|          64|          64|
    |tmp11_fu_816_p2     |    xor   |      0|  0|   64|          64|          64|
    |tmp12_fu_822_p2     |    xor   |      0|  0|   64|          64|          64|
    |tmp13_fu_834_p2     |    xor   |      0|  0|   64|          64|          64|
    |tmp14_fu_840_p2     |    xor   |      0|  0|   64|          64|          64|
    |tmp15_fu_846_p2     |    xor   |      0|  0|   64|          64|          64|
    |tmp16_fu_1118_p2    |    xor   |      0|  0|   64|          64|          64|
    |tmp17_fu_2120_p2    |    xor   |      0|  0|   64|          64|          64|
    |tmp18_fu_2126_p2    |    xor   |      0|  0|   64|          64|          64|
    |tmp19_fu_2132_p2    |    xor   |      0|  0|   64|          64|          64|
    |tmp1_fu_768_p2      |    xor   |      0|  0|   64|          64|          64|
    |tmp20_fu_2144_p2    |    xor   |      0|  0|   64|          64|          64|
    |tmp21_fu_2150_p2    |    xor   |      0|  0|   64|          64|          64|
    |tmp22_fu_2156_p2    |    xor   |      0|  0|   64|          64|          64|
    |tmp23_fu_2168_p2    |    xor   |      0|  0|   64|          64|          64|
    |tmp24_fu_2174_p2    |    xor   |      0|  0|   64|          64|          64|
    |tmp25_fu_2180_p2    |    xor   |      0|  0|   64|          64|          64|
    |tmp26_fu_2192_p2    |    xor   |      0|  0|   64|          64|          64|
    |tmp27_fu_2198_p2    |    xor   |      0|  0|   64|          64|          64|
    |tmp28_fu_2204_p2    |    xor   |      0|  0|   64|          64|          64|
    |tmp29_fu_2216_p2    |    xor   |      0|  0|   64|          64|          64|
    |tmp2_fu_786_p2      |    xor   |      0|  0|   64|          64|          64|
    |tmp30_fu_2222_p2    |    xor   |      0|  0|   64|          64|          64|
    |tmp31_fu_2228_p2    |    xor   |      0|  0|   64|          64|          64|
    |tmp32_fu_2500_p2    |    xor   |      0|  0|   64|          64|          64|
    |tmp3_fu_738_p2      |    xor   |      0|  0|   64|          64|          64|
    |tmp4_fu_750_p2      |    xor   |      0|  0|   64|          64|          64|
    |tmp5_fu_744_p2      |    xor   |      0|  0|   64|          64|          64|
    |tmp6_fu_792_p2      |    xor   |      0|  0|   64|          64|          64|
    |tmp7_fu_798_p2      |    xor   |      0|  0|   64|          64|          64|
    |tmp8_fu_762_p2      |    xor   |      0|  0|   64|          64|          64|
    |tmp9_fu_774_p2      |    xor   |      0|  0|   64|          64|          64|
    |tmp_119_fu_2488_p2  |    xor   |      0|  0|   64|           2|          64|
    |tmp_125_fu_2512_p2  |    xor   |      0|  0|   64|           2|          64|
    |tmp_128_fu_2530_p2  |    xor   |      0|  0|   64|           2|          64|
    |tmp_12_fu_1130_p2   |    xor   |      0|  0|   64|           2|          64|
    |tmp_132_fu_2548_p2  |    xor   |      0|  0|   64|           2|          64|
    |tmp_136_fu_2566_p2  |    xor   |      0|  0|   64|           2|          64|
    |tmp_143_fu_2724_p2  |    xor   |      0|  0|   64|           2|          64|
    |tmp_145_fu_2742_p2  |    xor   |      0|  0|   64|           2|          64|
    |tmp_147_fu_2760_p2  |    xor   |      0|  0|   64|           2|          64|
    |tmp_14_fu_1148_p2   |    xor   |      0|  0|   64|           2|          64|
    |tmp_150_fu_2778_p2  |    xor   |      0|  0|   64|           2|          64|
    |tmp_154_fu_2796_p2  |    xor   |      0|  0|   64|           2|          64|
    |tmp_162_fu_2952_p2  |    xor   |      0|  0|   64|           2|          64|
    |tmp_165_fu_2970_p2  |    xor   |      0|  0|   64|           2|          64|
    |tmp_167_fu_2988_p2  |    xor   |      0|  0|   64|           2|          64|
    |tmp_16_fu_1166_p2   |    xor   |      0|  0|   64|           2|          64|
    |tmp_170_fu_3006_p2  |    xor   |      0|  0|   64|           2|          64|
    |tmp_174_fu_3024_p2  |    xor   |      0|  0|   64|           2|          64|
    |tmp_183_fu_3182_p2  |    xor   |      0|  0|   64|           2|          64|
    |tmp_185_fu_3200_p2  |    xor   |      0|  0|   64|           2|          64|
    |tmp_187_fu_3218_p2  |    xor   |      0|  0|   64|           2|          64|
    |tmp_190_fu_3236_p2  |    xor   |      0|  0|   64|           2|          64|
    |tmp_194_fu_3254_p2  |    xor   |      0|  0|   64|           2|          64|
    |tmp_203_fu_3412_p2  |    xor   |      0|  0|   64|           2|          64|
    |tmp_205_fu_3430_p2  |    xor   |      0|  0|   64|           2|          64|
    |tmp_207_fu_3448_p2  |    xor   |      0|  0|   64|           2|          64|
    |tmp_20_fu_1184_p2   |    xor   |      0|  0|   64|           2|          64|
    |tmp_210_fu_3466_p2  |    xor   |      0|  0|   64|           2|          64|
    |tmp_214_fu_3484_p2  |    xor   |      0|  0|   64|           2|          64|
    |tmp_28_fu_1342_p2   |    xor   |      0|  0|   64|           2|          64|
    |tmp_30_fu_1360_p2   |    xor   |      0|  0|   64|           2|          64|
    |tmp_32_fu_1378_p2   |    xor   |      0|  0|   64|           2|          64|
    |tmp_35_fu_1396_p2   |    xor   |      0|  0|   64|           2|          64|
    |tmp_39_fu_1414_p2   |    xor   |      0|  0|   64|           2|          64|
    |tmp_47_fu_1570_p2   |    xor   |      0|  0|   64|           2|          64|
    |tmp_50_fu_1588_p2   |    xor   |      0|  0|   64|           2|          64|
    |tmp_52_fu_1606_p2   |    xor   |      0|  0|   64|           2|          64|
    |tmp_55_fu_1624_p2   |    xor   |      0|  0|   64|           2|          64|
    |tmp_59_fu_1642_p2   |    xor   |      0|  0|   64|           2|          64|
    |tmp_68_fu_1800_p2   |    xor   |      0|  0|   64|           2|          64|
    |tmp_70_fu_1818_p2   |    xor   |      0|  0|   64|           2|          64|
    |tmp_72_fu_1836_p2   |    xor   |      0|  0|   64|           2|          64|
    |tmp_75_fu_1854_p2   |    xor   |      0|  0|   64|           2|          64|
    |tmp_79_fu_1872_p2   |    xor   |      0|  0|   64|           2|          64|
    |tmp_7_fu_1106_p2    |    xor   |      0|  0|   64|           2|          64|
    |tmp_88_fu_2030_p2   |    xor   |      0|  0|   64|           2|          64|
    |tmp_90_fu_2048_p2   |    xor   |      0|  0|   64|           2|          64|
    |tmp_92_fu_2066_p2   |    xor   |      0|  0|   64|           2|          64|
    |tmp_95_fu_2084_p2   |    xor   |      0|  0|   64|           2|          64|
    |tmp_99_fu_2102_p2   |    xor   |      0|  0|   64|           2|          64|
    +--------------------+----------+-------+---+-----+------------+------------+
    |Total               |          |      0|  0|16159|       13040|       16139|
    +--------------------+----------+-------+---+-----+------------+------------+

    * Multiplexer: 
    +-----------------------------+----+-----------+-----+-----------+
    |             Name            | LUT| Input Size| Bits| Total Bits|
    +-----------------------------+----+-----------+-----+-----------+
    |ap_NS_fsm                    |  21|          4|    1|          4|
    |ap_return_0                  |   9|          2|   64|        128|
    |ap_return_1                  |   9|          2|   64|        128|
    |ap_return_10                 |   9|          2|   64|        128|
    |ap_return_11                 |   9|          2|   64|        128|
    |ap_return_12                 |   9|          2|   64|        128|
    |ap_return_13                 |   9|          2|   64|        128|
    |ap_return_14                 |   9|          2|   64|        128|
    |ap_return_15                 |   9|          2|   64|        128|
    |ap_return_16                 |   9|          2|   64|        128|
    |ap_return_2                  |   9|          2|   64|        128|
    |ap_return_3                  |   9|          2|   64|        128|
    |ap_return_4                  |   9|          2|   64|        128|
    |ap_return_5                  |   9|          2|   64|        128|
    |ap_return_6                  |   9|          2|   64|        128|
    |ap_return_7                  |   9|          2|   64|        128|
    |ap_return_8                  |   9|          2|   64|        128|
    |ap_return_9                  |   9|          2|   64|        128|
    |round_reg_585                |   9|          2|    5|         10|
    |state_0_write_assig_reg_575  |   9|          2|   64|        128|
    |state_10_write_assi_reg_475  |   9|          2|   64|        128|
    |state_11_write_assi_reg_465  |   9|          2|   64|        128|
    |state_12_write_assi_reg_455  |   9|          2|   64|        128|
    |state_13_write_assi_reg_445  |   9|          2|   64|        128|
    |state_14_write_assi_reg_435  |   9|          2|   64|        128|
    |state_15_write_assi_reg_425  |   9|          2|   64|        128|
    |state_16_write_assi_reg_415  |   9|          2|   64|        128|
    |state_17_write_assi_reg_403  |   9|          2|   64|        128|
    |state_18_write_assi_reg_391  |   9|          2|   64|        128|
    |state_19_write_assi_reg_379  |   9|          2|   64|        128|
    |state_1_write_assig_reg_565  |   9|          2|   64|        128|
    |state_20_write_assi_reg_367  |   9|          2|   64|        128|
    |state_21_write_assi_reg_355  |   9|          2|   64|        128|
    |state_22_write_assi_reg_343  |   9|          2|   64|        128|
    |state_23_write_assi_reg_331  |   9|          2|   64|        128|
    |state_24_write_assi_reg_596  |   9|          2|   64|        128|
    |state_2_write_assig_reg_555  |   9|          2|   64|        128|
    |state_3_write_assig_reg_545  |   9|          2|   64|        128|
    |state_4_write_assig_reg_535  |   9|          2|   64|        128|
    |state_5_write_assig_reg_525  |   9|          2|   64|        128|
    |state_6_write_assig_reg_515  |   9|          2|   64|        128|
    |state_7_write_assig_reg_505  |   9|          2|   64|        128|
    |state_8_write_assig_reg_495  |   9|          2|   64|        128|
    |state_9_write_assig_reg_485  |   9|          2|   64|        128|
    +-----------------------------+----+-----------+-----+-----------+
    |Total                        | 408|         90| 2694|       5390|
    +-----------------------------+----+-----------+-----+-----------+

    * Register: 
    +-----------------------------+----+----+-----+-----------+
    |             Name            | FF | LUT| Bits| Const Bits|
    +-----------------------------+----+----+-----+-----------+
    |ap_CS_fsm                    |   3|   0|    3|          0|
    |ap_return_0_preg             |  64|   0|   64|          0|
    |ap_return_10_preg            |  64|   0|   64|          0|
    |ap_return_11_preg            |  64|   0|   64|          0|
    |ap_return_12_preg            |  64|   0|   64|          0|
    |ap_return_13_preg            |  64|   0|   64|          0|
    |ap_return_14_preg            |  64|   0|   64|          0|
    |ap_return_15_preg            |  64|   0|   64|          0|
    |ap_return_16_preg            |  64|   0|   64|          0|
    |ap_return_1_preg             |  64|   0|   64|          0|
    |ap_return_2_preg             |  64|   0|   64|          0|
    |ap_return_3_preg             |  64|   0|   64|          0|
    |ap_return_4_preg             |  64|   0|   64|          0|
    |ap_return_5_preg             |  64|   0|   64|          0|
    |ap_return_6_preg             |  64|   0|   64|          0|
    |ap_return_7_preg             |  64|   0|   64|          0|
    |ap_return_8_preg             |  64|   0|   64|          0|
    |ap_return_9_preg             |  64|   0|   64|          0|
    |round_1_reg_3600             |   5|   0|    5|          0|
    |round_reg_585                |   5|   0|    5|          0|
    |state_0_write_assig_reg_575  |  64|   0|   64|          0|
    |state_10_write_assi_reg_475  |  64|   0|   64|          0|
    |state_11_write_assi_reg_465  |  64|   0|   64|          0|
    |state_12_write_assi_reg_455  |  64|   0|   64|          0|
    |state_13_write_assi_reg_445  |  64|   0|   64|          0|
    |state_14_write_assi_reg_435  |  64|   0|   64|          0|
    |state_15_write_assi_reg_425  |  64|   0|   64|          0|
    |state_16_write_assi_reg_415  |  64|   0|   64|          0|
    |state_17_write_assi_reg_403  |  64|   0|   64|          0|
    |state_18_write_assi_reg_391  |  64|   0|   64|          0|
    |state_19_write_assi_reg_379  |  64|   0|   64|          0|
    |state_1_write_assig_reg_565  |  64|   0|   64|          0|
    |state_20_write_assi_reg_367  |  64|   0|   64|          0|
    |state_21_write_assi_reg_355  |  64|   0|   64|          0|
    |state_22_write_assi_reg_343  |  64|   0|   64|          0|
    |state_23_write_assi_reg_331  |  64|   0|   64|          0|
    |state_24_write_assi_reg_596  |  64|   0|   64|          0|
    |state_2_write_assig_reg_555  |  64|   0|   64|          0|
    |state_3_write_assig_reg_545  |  64|   0|   64|          0|
    |state_4_write_assig_reg_535  |  64|   0|   64|          0|
    |state_5_write_assig_reg_525  |  64|   0|   64|          0|
    |state_6_write_assig_reg_515  |  64|   0|   64|          0|
    |state_7_write_assig_reg_505  |  64|   0|   64|          0|
    |state_8_write_assig_reg_495  |  64|   0|   64|          0|
    |state_9_write_assig_reg_485  |  64|   0|   64|          0|
    +-----------------------------+----+----+-----+-----------+
    |Total                        |2701|   0| 2701|          0|
    +-----------------------------+----+----+-----+-----------+



================================================================
== Interface
================================================================
* Summary: 
+---------------+-----+-----+------------+----------------------+--------------+
|   RTL Ports   | Dir | Bits|  Protocol  |     Source Object    |    C Type    |
+---------------+-----+-----+------------+----------------------+--------------+
|ap_clk         |  in |    1| ap_ctrl_hs | KeccakF1600_StatePer | return value |
|ap_rst         |  in |    1| ap_ctrl_hs | KeccakF1600_StatePer | return value |
|ap_start       |  in |    1| ap_ctrl_hs | KeccakF1600_StatePer | return value |
|ap_done        | out |    1| ap_ctrl_hs | KeccakF1600_StatePer | return value |
|ap_idle        | out |    1| ap_ctrl_hs | KeccakF1600_StatePer | return value |
|ap_ready       | out |    1| ap_ctrl_hs | KeccakF1600_StatePer | return value |
|ap_return_0    | out |   64| ap_ctrl_hs | KeccakF1600_StatePer | return value |
|ap_return_1    | out |   64| ap_ctrl_hs | KeccakF1600_StatePer | return value |
|ap_return_2    | out |   64| ap_ctrl_hs | KeccakF1600_StatePer | return value |
|ap_return_3    | out |   64| ap_ctrl_hs | KeccakF1600_StatePer | return value |
|ap_return_4    | out |   64| ap_ctrl_hs | KeccakF1600_StatePer | return value |
|ap_return_5    | out |   64| ap_ctrl_hs | KeccakF1600_StatePer | return value |
|ap_return_6    | out |   64| ap_ctrl_hs | KeccakF1600_StatePer | return value |
|ap_return_7    | out |   64| ap_ctrl_hs | KeccakF1600_StatePer | return value |
|ap_return_8    | out |   64| ap_ctrl_hs | KeccakF1600_StatePer | return value |
|ap_return_9    | out |   64| ap_ctrl_hs | KeccakF1600_StatePer | return value |
|ap_return_10   | out |   64| ap_ctrl_hs | KeccakF1600_StatePer | return value |
|ap_return_11   | out |   64| ap_ctrl_hs | KeccakF1600_StatePer | return value |
|ap_return_12   | out |   64| ap_ctrl_hs | KeccakF1600_StatePer | return value |
|ap_return_13   | out |   64| ap_ctrl_hs | KeccakF1600_StatePer | return value |
|ap_return_14   | out |   64| ap_ctrl_hs | KeccakF1600_StatePer | return value |
|ap_return_15   | out |   64| ap_ctrl_hs | KeccakF1600_StatePer | return value |
|ap_return_16   | out |   64| ap_ctrl_hs | KeccakF1600_StatePer | return value |
|state_0_read   |  in |   64|   ap_none  |     state_0_read     |    scalar    |
|state_1_read   |  in |   64|   ap_none  |     state_1_read     |    scalar    |
|state_2_read   |  in |   64|   ap_none  |     state_2_read     |    scalar    |
|state_3_read   |  in |   64|   ap_none  |     state_3_read     |    scalar    |
|state_4_read   |  in |   64|   ap_none  |     state_4_read     |    scalar    |
|state_5_read   |  in |   64|   ap_none  |     state_5_read     |    scalar    |
|state_6_read   |  in |   64|   ap_none  |     state_6_read     |    scalar    |
|state_7_read   |  in |   64|   ap_none  |     state_7_read     |    scalar    |
|state_8_read   |  in |   64|   ap_none  |     state_8_read     |    scalar    |
|state_9_read   |  in |   64|   ap_none  |     state_9_read     |    scalar    |
|state_10_read  |  in |   64|   ap_none  |     state_10_read    |    scalar    |
|state_11_read  |  in |   64|   ap_none  |     state_11_read    |    scalar    |
|state_12_read  |  in |   64|   ap_none  |     state_12_read    |    scalar    |
|state_13_read  |  in |   64|   ap_none  |     state_13_read    |    scalar    |
|state_14_read  |  in |   64|   ap_none  |     state_14_read    |    scalar    |
|state_15_read  |  in |   64|   ap_none  |     state_15_read    |    scalar    |
|state_16_read  |  in |   64|   ap_none  |     state_16_read    |    scalar    |
+---------------+-----+-----+------------+----------------------+--------------+

