

================================================================
== Vivado HLS Report for 'pqcrystals_fips202_ref_sha3_256'
================================================================
* Date:           Mon Apr 12 12:26:25 2021

* Version:        2018.3 (Build 2405991 on Thu Dec 06 23:56:15 MST 2018)
* Project:        SHA
* Solution:       native_dataType
* Product family: virtex7
* Target device:  xc7vx980tffg1930-2l


================================================================
== Performance Estimates
================================================================
+ Timing (ns): 
    * Summary: 
    +--------+-------+----------+------------+
    |  Clock | Target| Estimated| Uncertainty|
    +--------+-------+----------+------------+
    |ap_clk  |  10.00|     4.996|        1.25|
    +--------+-------+----------+------------+

+ Latency (clock cycles): 
    * Summary: 
    +------+------+------+------+---------+
    |   Latency   |   Interval  | Pipeline|
    |  min |  max |  min |  max |   Type  |
    +------+------+------+------+---------+
    |  2343|  2343|  2343|  2343|   none  |
    +------+------+------+------+---------+

    + Detail: 
        * Instance: 
        +--------------------------------+----------------------+------+------+------+------+---------+
        |                                |                      |   Latency   |   Interval  | Pipeline|
        |            Instance            |        Module        |  min |  max |  min |  max |   Type  |
        +--------------------------------+----------------------+------+------+------+------+---------+
        |grp_keccak_squeezeblocks_fu_77  |keccak_squeezeblocks  |   197|   197|   197|   197|   none  |
        |grp_keccak_absorb_fu_101        |keccak_absorb         |  2079|  2079|  2079|  2079|   none  |
        +--------------------------------+----------------------+------+------+------+------+---------+

        * Loop: 
        +------------------------------------------+-----+-----+----------+-----------+-----------+------+----------+
        |                                          |  Latency  | Iteration|  Initiation Interval  | Trip |          |
        |                 Loop Name                | min | max |  Latency |  achieved |   target  | Count| Pipelined|
        +------------------------------------------+-----+-----+----------+-----------+-----------+------+----------+
        |- pqcrystals_fips202_ref_sha3_256_label2  |   64|   64|         2|          -|          -|    32|    no    |
        +------------------------------------------+-----+-----+----------+-----------+-----------+------+----------+



================================================================
== Utilization Estimates
================================================================
* Summary: 
+-----------------+---------+-------+---------+--------+
|       Name      | BRAM_18K| DSP48E|    FF   |   LUT  |
+-----------------+---------+-------+---------+--------+
|DSP              |        -|      -|        -|       -|
|Expression       |        -|      -|        0|      26|
|FIFO             |        -|      -|        -|       -|
|Instance         |        2|      0|     6416|   21127|
|Memory           |        1|      -|        0|       0|
|Multiplexer      |        -|      -|        -|      81|
|Register         |        -|      -|     1113|       -|
+-----------------+---------+-------+---------+--------+
|Total            |        3|      0|     7529|   21234|
+-----------------+---------+-------+---------+--------+
|Available        |     3000|   3600|  1224000|  612000|
+-----------------+---------+-------+---------+--------+
|Utilization (%)  |    ~0   |      0|    ~0   |       3|
+-----------------+---------+-------+---------+--------+

+ Detail: 
    * Instance: 
    +--------------------------------+----------------------+---------+-------+------+-------+
    |            Instance            |        Module        | BRAM_18K| DSP48E|  FF  |  LUT  |
    +--------------------------------+----------------------+---------+-------+------+-------+
    |grp_keccak_absorb_fu_101        |keccak_absorb         |        0|      0|  2539|   4181|
    |grp_keccak_squeezeblocks_fu_77  |keccak_squeezeblocks  |        2|      0|  3877|  16946|
    +--------------------------------+----------------------+---------+-------+------+-------+
    |Total                           |                      |        2|      0|  6416|  21127|
    +--------------------------------+----------------------+---------+-------+------+-------+

    * DSP48: 
    N/A

    * Memory: 
    +-------+-----------------------------------+---------+---+----+------+-----+------+-------------+
    | Memory|               Module              | BRAM_18K| FF| LUT| Words| Bits| Banks| W*Bits*Banks|
    +-------+-----------------------------------+---------+---+----+------+-----+------+-------------+
    |t_U    |pqcrystals_fips202_ref_sha3_256_t  |        1|  0|   0|   136|    8|     1|         1088|
    +-------+-----------------------------------+---------+---+----+------+-----+------+-------------+
    |Total  |                                   |        1|  0|   0|   136|    8|     1|         1088|
    +-------+-----------------------------------+---------+---+----+------+-----+------+-------------+

    * FIFO: 
    N/A

    * Expression: 
    +--------------------+----------+-------+---+----+------------+------------+
    |    Variable Name   | Operation| DSP48E| FF| LUT| Bitwidth P0| Bitwidth P1|
    +--------------------+----------+-------+---+----+------------+------------+
    |i_1_fu_198_p2       |     +    |      0|  0|  15|           6|           1|
    |exitcond_fu_192_p2  |   icmp   |      0|  0|  11|           6|           7|
    +--------------------+----------+-------+---+----+------------+------------+
    |Total               |          |      0|  0|  26|          12|           8|
    +--------------------+----------+-------+---+----+------------+------------+

    * Multiplexer: 
    +------------+----+-----------+-----+-----------+
    |    Name    | LUT| Input Size| Bits| Total Bits|
    +------------+----+-----------+-----+-----------+
    |ap_NS_fsm   |  33|          6|    1|          6|
    |i_reg_66    |   9|          2|    6|         12|
    |t_address0  |  15|          3|    8|         24|
    |t_ce0       |  15|          3|    1|          3|
    |t_we0       |   9|          2|    1|          2|
    +------------+----+-----------+-----+-----------+
    |Total       |  81|         16|   17|         47|
    +------------+----+-----------+-----+-----------+

    * Register: 
    +---------------------------------------------+----+----+-----+-----------+
    |                     Name                    | FF | LUT| Bits| Const Bits|
    +---------------------------------------------+----+----+-----+-----------+
    |ap_CS_fsm                                    |   5|   0|    5|          0|
    |grp_keccak_absorb_fu_101_ap_start_reg        |   1|   0|    1|          0|
    |grp_keccak_squeezeblocks_fu_77_ap_start_reg  |   1|   0|    1|          0|
    |i_1_reg_297                                  |   6|   0|    6|          0|
    |i_reg_66                                     |   6|   0|    6|          0|
    |s_0_reg_209                                  |  64|   0|   64|          0|
    |s_10_reg_259                                 |  64|   0|   64|          0|
    |s_11_reg_264                                 |  64|   0|   64|          0|
    |s_12_reg_269                                 |  64|   0|   64|          0|
    |s_13_reg_274                                 |  64|   0|   64|          0|
    |s_14_reg_279                                 |  64|   0|   64|          0|
    |s_15_reg_284                                 |  64|   0|   64|          0|
    |s_16_reg_289                                 |  64|   0|   64|          0|
    |s_1_reg_214                                  |  64|   0|   64|          0|
    |s_2_reg_219                                  |  64|   0|   64|          0|
    |s_3_reg_224                                  |  64|   0|   64|          0|
    |s_4_reg_229                                  |  64|   0|   64|          0|
    |s_5_reg_234                                  |  64|   0|   64|          0|
    |s_6_reg_239                                  |  64|   0|   64|          0|
    |s_7_reg_244                                  |  64|   0|   64|          0|
    |s_8_reg_249                                  |  64|   0|   64|          0|
    |s_9_reg_254                                  |  64|   0|   64|          0|
    |tmp_reg_302                                  |   6|   0|   64|         58|
    +---------------------------------------------+----+----+-----+-----------+
    |Total                                        |1113|   0| 1171|         58|
    +---------------------------------------------+----+----+-----+-----------+



================================================================
== Interface
================================================================
* Summary: 
+---------------+-----+-----+------------+---------------------------------+--------------+
|   RTL Ports   | Dir | Bits|  Protocol  |          Source Object          |    C Type    |
+---------------+-----+-----+------------+---------------------------------+--------------+
|ap_clk         |  in |    1| ap_ctrl_hs | pqcrystals_fips202_ref_sha3_256 | return value |
|ap_rst         |  in |    1| ap_ctrl_hs | pqcrystals_fips202_ref_sha3_256 | return value |
|ap_start       |  in |    1| ap_ctrl_hs | pqcrystals_fips202_ref_sha3_256 | return value |
|ap_done        | out |    1| ap_ctrl_hs | pqcrystals_fips202_ref_sha3_256 | return value |
|ap_idle        | out |    1| ap_ctrl_hs | pqcrystals_fips202_ref_sha3_256 | return value |
|ap_ready       | out |    1| ap_ctrl_hs | pqcrystals_fips202_ref_sha3_256 | return value |
|h_address0     | out |    5|  ap_memory |                h                |     array    |
|h_ce0          | out |    1|  ap_memory |                h                |     array    |
|h_we0          | out |    1|  ap_memory |                h                |     array    |
|h_d0           | out |    8|  ap_memory |                h                |     array    |
|in_r_address0  | out |    2|  ap_memory |               in_r              |     array    |
|in_r_ce0       | out |    1|  ap_memory |               in_r              |     array    |
|in_r_q0        |  in |    8|  ap_memory |               in_r              |     array    |
|inlen          |  in |   64|   ap_none  |              inlen              |    scalar    |
+---------------+-----+-----+------------+---------------------------------+--------------+

