

================================================================
== Vivado HLS Report for 'KeccakF1600_StatePer'
================================================================
* Date:           Mon Apr 19 05:23:15 2021

* Version:        2018.3 (Build 2405991 on Thu Dec 06 23:56:15 MST 2018)
* Project:        SHA
* Solution:       Not_d_mod
* Product family: artix7l
* Target device:  xc7a75tlftg256-2l


================================================================
== Performance Estimates
================================================================
+ Timing (ns): 
    * Summary: 
    +--------+-------+----------+------------+
    |  Clock | Target| Estimated| Uncertainty|
    +--------+-------+----------+------------+
    |ap_clk  |  15.00|     9.920|        1.88|
    +--------+-------+----------+------------+

+ Latency (clock cycles): 
    * Summary: 
    +-----+-----+-----+-----+---------+
    |  Latency  |  Interval | Pipeline|
    | min | max | min | max |   Type  |
    +-----+-----+-----+-----+---------+
    |   39|   39|   39|   39|   none  |
    +-----+-----+-----+-----+---------+

    + Detail: 
        * Instance: 
        N/A

        * Loop: 
        +-----------------------------------+-----+-----+----------+-----------+-----------+------+----------+
        |                                   |  Latency  | Iteration|  Initiation Interval  | Trip |          |
        |             Loop Name             | min | max |  Latency |  achieved |   target  | Count| Pipelined|
        +-----------------------------------+-----+-----+----------+-----------+-----------+------+----------+
        |- KeccakF1600_StatePermute_label1  |   12|   12|         2|          1|          1|    12|    yes   |
        +-----------------------------------+-----+-----+----------+-----------+-----------+------+----------+



================================================================
== Utilization Estimates
================================================================
* Summary: 
+-----------------+---------+-------+-------+-------+
|       Name      | BRAM_18K| DSP48E|   FF  |  LUT  |
+-----------------+---------+-------+-------+-------+
|DSP              |        -|      -|      -|      -|
|Expression       |        -|      -|      0|  17946|
|FIFO             |        -|      -|      -|      -|
|Instance         |        -|      -|      -|      -|
|Memory           |        2|      -|      0|      0|
|Multiplexer      |        -|      -|      -|    739|
|Register         |        -|      -|   3108|      -|
+-----------------+---------+-------+-------+-------+
|Total            |        2|      0|   3108|  18685|
+-----------------+---------+-------+-------+-------+
|Available        |      210|    180|  94400|  47200|
+-----------------+---------+-------+-------+-------+
|Utilization (%)  |    ~0   |      0|      3|     39|
+-----------------+---------+-------+-------+-------+

+ Detail: 
    * Instance: 
    N/A

    * DSP48: 
    N/A

    * Memory: 
    +------------------------+-------------------------------------------+---------+---+----+------+-----+------+-------------+
    |         Memory         |                   Module                  | BRAM_18K| FF| LUT| Words| Bits| Banks| W*Bits*Banks|
    +------------------------+-------------------------------------------+---------+---+----+------+-----+------+-------------+
    |KeccakF_RoundConstan_U  |KeccakF1600_StatePer_KeccakF_RoundConstan  |        2|  0|   0|    24|   64|     1|         1536|
    +------------------------+-------------------------------------------+---------+---+----+------+-----+------+-------------+
    |Total                   |                                           |        2|  0|   0|    24|   64|     1|         1536|
    +------------------------+-------------------------------------------+---------+---+----+------+-----+------+-------------+

    * FIFO: 
    N/A

    * Expression: 
    +-------------------------+----------+-------+---+-----+------------+------------+
    |      Variable Name      | Operation| DSP48E| FF| LUT | Bitwidth P0| Bitwidth P1|
    +-------------------------+----------+-------+---+-----+------------+------------+
    |round_1_fu_793_p2        |     +    |      0|  0|   15|           2|           5|
    |tmp_100_fu_2151_p2       |    and   |      0|  0|   71|          64|          64|
    |tmp_104_fu_2169_p2       |    and   |      0|  0|   71|          64|          64|
    |tmp_11_fu_1173_p2        |    and   |      0|  0|   71|          64|          64|
    |tmp_123_fu_2555_p2       |    and   |      0|  0|   71|          64|          64|
    |tmp_129_fu_2579_p2       |    and   |      0|  0|   71|          64|          64|
    |tmp_133_fu_2597_p2       |    and   |      0|  0|   71|          64|          64|
    |tmp_137_fu_2615_p2       |    and   |      0|  0|   71|          64|          64|
    |tmp_139_fu_2633_p2       |    and   |      0|  0|   71|          64|          64|
    |tmp_146_fu_2791_p2       |    and   |      0|  0|   71|          64|          64|
    |tmp_148_fu_2809_p2       |    and   |      0|  0|   71|          64|          64|
    |tmp_14_fu_1197_p2        |    and   |      0|  0|   71|          64|          64|
    |tmp_151_fu_2827_p2       |    and   |      0|  0|   71|          64|          64|
    |tmp_155_fu_2845_p2       |    and   |      0|  0|   71|          64|          64|
    |tmp_159_fu_2863_p2       |    and   |      0|  0|   71|          64|          64|
    |tmp_166_fu_3019_p2       |    and   |      0|  0|   71|          64|          64|
    |tmp_168_fu_3037_p2       |    and   |      0|  0|   71|          64|          64|
    |tmp_171_fu_3055_p2       |    and   |      0|  0|   71|          64|          64|
    |tmp_175_fu_3073_p2       |    and   |      0|  0|   71|          64|          64|
    |tmp_179_fu_3091_p2       |    and   |      0|  0|   71|          64|          64|
    |tmp_17_fu_1215_p2        |    and   |      0|  0|   71|          64|          64|
    |tmp_186_fu_3249_p2       |    and   |      0|  0|   71|          64|          64|
    |tmp_188_fu_3267_p2       |    and   |      0|  0|   71|          64|          64|
    |tmp_191_fu_3285_p2       |    and   |      0|  0|   71|          64|          64|
    |tmp_195_fu_3303_p2       |    and   |      0|  0|   71|          64|          64|
    |tmp_199_fu_3321_p2       |    and   |      0|  0|   71|          64|          64|
    |tmp_206_fu_3479_p2       |    and   |      0|  0|   71|          64|          64|
    |tmp_208_fu_3497_p2       |    and   |      0|  0|   71|          64|          64|
    |tmp_211_fu_3515_p2       |    and   |      0|  0|   71|          64|          64|
    |tmp_215_fu_3533_p2       |    and   |      0|  0|   71|          64|          64|
    |tmp_219_fu_3551_p2       |    and   |      0|  0|   71|          64|          64|
    |tmp_21_fu_1233_p2        |    and   |      0|  0|   71|          64|          64|
    |tmp_24_fu_1251_p2        |    and   |      0|  0|   71|          64|          64|
    |tmp_31_fu_1409_p2        |    and   |      0|  0|   71|          64|          64|
    |tmp_33_fu_1427_p2        |    and   |      0|  0|   71|          64|          64|
    |tmp_36_fu_1445_p2        |    and   |      0|  0|   71|          64|          64|
    |tmp_40_fu_1463_p2        |    and   |      0|  0|   71|          64|          64|
    |tmp_44_fu_1481_p2        |    and   |      0|  0|   71|          64|          64|
    |tmp_51_fu_1637_p2        |    and   |      0|  0|   71|          64|          64|
    |tmp_53_fu_1655_p2        |    and   |      0|  0|   71|          64|          64|
    |tmp_56_fu_1673_p2        |    and   |      0|  0|   71|          64|          64|
    |tmp_60_fu_1691_p2        |    and   |      0|  0|   71|          64|          64|
    |tmp_64_fu_1709_p2        |    and   |      0|  0|   71|          64|          64|
    |tmp_71_fu_1867_p2        |    and   |      0|  0|   71|          64|          64|
    |tmp_73_fu_1885_p2        |    and   |      0|  0|   71|          64|          64|
    |tmp_76_fu_1903_p2        |    and   |      0|  0|   71|          64|          64|
    |tmp_80_fu_1921_p2        |    and   |      0|  0|   71|          64|          64|
    |tmp_84_fu_1939_p2        |    and   |      0|  0|   71|          64|          64|
    |tmp_91_fu_2097_p2        |    and   |      0|  0|   71|          64|          64|
    |tmp_93_fu_2115_p2        |    and   |      0|  0|   71|          64|          64|
    |tmp_96_fu_2133_p2        |    and   |      0|  0|   71|          64|          64|
    |tmp_fu_771_p2            |   icmp   |      0|  0|   11|           5|           5|
    |tmp_125_fu_782_p2        |    or    |      0|  0|   12|           5|           1|
    |Aba_2_fu_2567_p2         |    xor   |      0|  0|   71|          64|          64|
    |Aba_3_fu_1049_p2         |    xor   |      0|  0|   71|          64|          64|
    |Abe_1_fu_1493_p2         |    xor   |      0|  0|   71|          64|          64|
    |Abe_2_fu_2585_p2         |    xor   |      0|  0|   71|          64|          64|
    |Abi_1_fu_1951_p2         |    xor   |      0|  0|   71|          64|          64|
    |Abi_2_fu_2603_p2         |    xor   |      0|  0|   71|          64|          64|
    |Abo_1_fu_1263_p2         |    xor   |      0|  0|   71|          64|          64|
    |Abo_2_fu_2621_p2         |    xor   |      0|  0|   71|          64|          64|
    |Abu_1_fu_1721_p2         |    xor   |      0|  0|   71|          64|          64|
    |Abu_2_fu_2639_p2         |    xor   |      0|  0|   71|          64|          64|
    |Aga_1_fu_1749_p2         |    xor   |      0|  0|   71|          64|          64|
    |Aga_2_fu_2797_p2         |    xor   |      0|  0|   71|          64|          64|
    |Age_1_fu_1055_p2         |    xor   |      0|  0|   71|          64|          64|
    |Age_2_fu_2815_p2         |    xor   |      0|  0|   71|          64|          64|
    |Agi_1_fu_1519_p2         |    xor   |      0|  0|   71|          64|          64|
    |Agi_2_fu_2833_p2         |    xor   |      0|  0|   71|          64|          64|
    |Ago_1_fu_1979_p2         |    xor   |      0|  0|   71|          64|          64|
    |Ago_2_fu_2851_p2         |    xor   |      0|  0|   71|          64|          64|
    |Agu_1_fu_1291_p2         |    xor   |      0|  0|   71|          64|          64|
    |Agu_2_fu_2869_p2         |    xor   |      0|  0|   71|          64|          64|
    |Aka_1_fu_1319_p2         |    xor   |      0|  0|   71|          64|          64|
    |Aka_2_fu_3025_p2         |    xor   |      0|  0|   71|          64|          64|
    |Ake_1_fu_1777_p2         |    xor   |      0|  0|   71|          64|          64|
    |Ake_2_fu_3043_p2         |    xor   |      0|  0|   71|          64|          64|
    |Aki_1_fu_1083_p2         |    xor   |      0|  0|   71|          64|          64|
    |Aki_2_fu_3061_p2         |    xor   |      0|  0|   71|          64|          64|
    |Ako_1_fu_1547_p2         |    xor   |      0|  0|   71|          64|          64|
    |Ako_2_fu_3079_p2         |    xor   |      0|  0|   71|          64|          64|
    |Aku_1_fu_2007_p2         |    xor   |      0|  0|   71|          64|          64|
    |Aku_2_fu_3097_p2         |    xor   |      0|  0|   71|          64|          64|
    |Ama_1_fu_2035_p2         |    xor   |      0|  0|   71|          64|          64|
    |Ama_2_fu_3255_p2         |    xor   |      0|  0|   71|          64|          64|
    |Ame_1_fu_1347_p2         |    xor   |      0|  0|   71|          64|          64|
    |Ame_2_fu_3273_p2         |    xor   |      0|  0|   71|          64|          64|
    |Ami_1_fu_1805_p2         |    xor   |      0|  0|   71|          64|          64|
    |Ami_2_fu_3291_p2         |    xor   |      0|  0|   71|          64|          64|
    |Amo_1_fu_1111_p2         |    xor   |      0|  0|   71|          64|          64|
    |Amo_2_fu_3309_p2         |    xor   |      0|  0|   71|          64|          64|
    |Amu_1_fu_1575_p2         |    xor   |      0|  0|   71|          64|          64|
    |Amu_2_fu_3327_p2         |    xor   |      0|  0|   71|          64|          64|
    |Asa_1_fu_1603_p2         |    xor   |      0|  0|   71|          64|          64|
    |Asa_2_fu_3485_p2         |    xor   |      0|  0|   71|          64|          64|
    |Ase_1_fu_2063_p2         |    xor   |      0|  0|   71|          64|          64|
    |Ase_2_fu_3503_p2         |    xor   |      0|  0|   71|          64|          64|
    |Asi_1_fu_1375_p2         |    xor   |      0|  0|   71|          64|          64|
    |Asi_2_fu_3521_p2         |    xor   |      0|  0|   71|          64|          64|
    |Aso_1_fu_1833_p2         |    xor   |      0|  0|   71|          64|          64|
    |Aso_2_fu_3539_p2         |    xor   |      0|  0|   71|          64|          64|
    |Asu_1_fu_1139_p2         |    xor   |      0|  0|   71|          64|          64|
    |Asu_2_fu_3557_p2         |    xor   |      0|  0|   71|          64|          64|
    |BCa_6_fu_2199_p2         |    xor   |      0|  0|   71|          64|          64|
    |BCa_fu_817_p2            |    xor   |      0|  0|   71|          64|          64|
    |BCe_6_fu_2223_p2         |    xor   |      0|  0|   71|          64|          64|
    |BCe_fu_841_p2            |    xor   |      0|  0|   71|          64|          64|
    |BCi_6_fu_2247_p2         |    xor   |      0|  0|   71|          64|          64|
    |BCi_fu_865_p2            |    xor   |      0|  0|   71|          64|          64|
    |BCo_6_fu_2271_p2         |    xor   |      0|  0|   71|          64|          64|
    |BCo_fu_889_p2            |    xor   |      0|  0|   71|          64|          64|
    |BCu_6_fu_2295_p2         |    xor   |      0|  0|   71|          64|          64|
    |BCu_fu_913_p2            |    xor   |      0|  0|   71|          64|          64|
    |Da_1_fu_2321_p2          |    xor   |      0|  0|   71|          64|          64|
    |Da_fu_939_p2             |    xor   |      0|  0|   71|          64|          64|
    |De_1_fu_2347_p2          |    xor   |      0|  0|   71|          64|          64|
    |De_fu_965_p2             |    xor   |      0|  0|   71|          64|          64|
    |Di_1_fu_2373_p2          |    xor   |      0|  0|   71|          64|          64|
    |Di_fu_991_p2             |    xor   |      0|  0|   71|          64|          64|
    |Do_1_fu_2399_p2          |    xor   |      0|  0|   71|          64|          64|
    |Do_fu_1017_p2            |    xor   |      0|  0|   71|          64|          64|
    |Du_1_fu_2425_p2          |    xor   |      0|  0|   71|          64|          64|
    |Du_fu_1043_p2            |    xor   |      0|  0|   71|          64|          64|
    |Eba_2_fu_2431_p2         |    xor   |      0|  0|   71|          64|          64|
    |Eba_fu_1185_p2           |    xor   |      0|  0|   71|          64|          64|
    |Ebe_1_fu_2875_p2         |    xor   |      0|  0|   71|          64|          64|
    |Ebe_fu_1203_p2           |    xor   |      0|  0|   71|          64|          64|
    |Ebi_1_fu_3333_p2         |    xor   |      0|  0|   71|          64|          64|
    |Ebi_fu_1221_p2           |    xor   |      0|  0|   71|          64|          64|
    |Ebo_1_fu_2645_p2         |    xor   |      0|  0|   71|          64|          64|
    |Ebo_fu_1239_p2           |    xor   |      0|  0|   71|          64|          64|
    |Ebu_1_fu_3103_p2         |    xor   |      0|  0|   71|          64|          64|
    |Ebu_fu_1257_p2           |    xor   |      0|  0|   71|          64|          64|
    |Ega_1_fu_3131_p2         |    xor   |      0|  0|   71|          64|          64|
    |Ega_fu_1415_p2           |    xor   |      0|  0|   71|          64|          64|
    |Ege_1_fu_2437_p2         |    xor   |      0|  0|   71|          64|          64|
    |Ege_fu_1433_p2           |    xor   |      0|  0|   71|          64|          64|
    |Egi_1_fu_2901_p2         |    xor   |      0|  0|   71|          64|          64|
    |Egi_fu_1451_p2           |    xor   |      0|  0|   71|          64|          64|
    |Ego_1_fu_3361_p2         |    xor   |      0|  0|   71|          64|          64|
    |Ego_fu_1469_p2           |    xor   |      0|  0|   71|          64|          64|
    |Egu_1_fu_2673_p2         |    xor   |      0|  0|   71|          64|          64|
    |Egu_fu_1487_p2           |    xor   |      0|  0|   71|          64|          64|
    |Eka_1_fu_2701_p2         |    xor   |      0|  0|   71|          64|          64|
    |Eka_fu_1643_p2           |    xor   |      0|  0|   71|          64|          64|
    |Eke_1_fu_3159_p2         |    xor   |      0|  0|   71|          64|          64|
    |Eke_fu_1661_p2           |    xor   |      0|  0|   71|          64|          64|
    |Eki_1_fu_2465_p2         |    xor   |      0|  0|   71|          64|          64|
    |Eki_fu_1679_p2           |    xor   |      0|  0|   71|          64|          64|
    |Eko_1_fu_2929_p2         |    xor   |      0|  0|   71|          64|          64|
    |Eko_fu_1697_p2           |    xor   |      0|  0|   71|          64|          64|
    |Eku_1_fu_3389_p2         |    xor   |      0|  0|   71|          64|          64|
    |Eku_fu_1715_p2           |    xor   |      0|  0|   71|          64|          64|
    |Ema_1_fu_3417_p2         |    xor   |      0|  0|   71|          64|          64|
    |Ema_fu_1873_p2           |    xor   |      0|  0|   71|          64|          64|
    |Eme_1_fu_2729_p2         |    xor   |      0|  0|   71|          64|          64|
    |Eme_fu_1891_p2           |    xor   |      0|  0|   71|          64|          64|
    |Emi_1_fu_3187_p2         |    xor   |      0|  0|   71|          64|          64|
    |Emi_fu_1909_p2           |    xor   |      0|  0|   71|          64|          64|
    |Emo_1_fu_2493_p2         |    xor   |      0|  0|   71|          64|          64|
    |Emo_fu_1927_p2           |    xor   |      0|  0|   71|          64|          64|
    |Emu_1_fu_2957_p2         |    xor   |      0|  0|   71|          64|          64|
    |Emu_fu_1945_p2           |    xor   |      0|  0|   71|          64|          64|
    |Esa_1_fu_2985_p2         |    xor   |      0|  0|   71|          64|          64|
    |Esa_fu_2103_p2           |    xor   |      0|  0|   71|          64|          64|
    |Ese_1_fu_3445_p2         |    xor   |      0|  0|   71|          64|          64|
    |Ese_fu_2121_p2           |    xor   |      0|  0|   71|          64|          64|
    |Esi_1_fu_2757_p2         |    xor   |      0|  0|   71|          64|          64|
    |Esi_fu_2139_p2           |    xor   |      0|  0|   71|          64|          64|
    |Eso_1_fu_3215_p2         |    xor   |      0|  0|   71|          64|          64|
    |Eso_fu_2157_p2           |    xor   |      0|  0|   71|          64|          64|
    |Esu_1_fu_2521_p2         |    xor   |      0|  0|   71|          64|          64|
    |Esu_fu_2175_p2           |    xor   |      0|  0|   71|          64|          64|
    |ap_enable_pp0            |    xor   |      0|  0|    8|           1|           2|
    |ap_enable_reg_pp0_iter1  |    xor   |      0|  0|    8|           2|           1|
    |tmp10_fu_871_p2          |    xor   |      0|  0|   71|          64|          64|
    |tmp11_fu_877_p2          |    xor   |      0|  0|   71|          64|          64|
    |tmp12_fu_883_p2          |    xor   |      0|  0|   71|          64|          64|
    |tmp13_fu_895_p2          |    xor   |      0|  0|   71|          64|          64|
    |tmp14_fu_901_p2          |    xor   |      0|  0|   71|          64|          64|
    |tmp15_fu_907_p2          |    xor   |      0|  0|   71|          64|          64|
    |tmp16_fu_1179_p2         |    xor   |      0|  0|   71|          64|          64|
    |tmp17_fu_2181_p2         |    xor   |      0|  0|   71|          64|          64|
    |tmp18_fu_2187_p2         |    xor   |      0|  0|   71|          64|          64|
    |tmp19_fu_2193_p2         |    xor   |      0|  0|   71|          64|          64|
    |tmp1_fu_829_p2           |    xor   |      0|  0|   71|          64|          64|
    |tmp20_fu_2205_p2         |    xor   |      0|  0|   71|          64|          64|
    |tmp21_fu_2211_p2         |    xor   |      0|  0|   71|          64|          64|
    |tmp22_fu_2217_p2         |    xor   |      0|  0|   71|          64|          64|
    |tmp23_fu_2229_p2         |    xor   |      0|  0|   71|          64|          64|
    |tmp24_fu_2235_p2         |    xor   |      0|  0|   71|          64|          64|
    |tmp25_fu_2241_p2         |    xor   |      0|  0|   71|          64|          64|
    |tmp26_fu_2253_p2         |    xor   |      0|  0|   71|          64|          64|
    |tmp27_fu_2259_p2         |    xor   |      0|  0|   71|          64|          64|
    |tmp28_fu_2265_p2         |    xor   |      0|  0|   71|          64|          64|
    |tmp29_fu_2277_p2         |    xor   |      0|  0|   71|          64|          64|
    |tmp2_fu_847_p2           |    xor   |      0|  0|   71|          64|          64|
    |tmp30_fu_2283_p2         |    xor   |      0|  0|   71|          64|          64|
    |tmp31_fu_2289_p2         |    xor   |      0|  0|   71|          64|          64|
    |tmp32_fu_2561_p2         |    xor   |      0|  0|   71|          64|          64|
    |tmp3_fu_799_p2           |    xor   |      0|  0|   71|          64|          64|
    |tmp4_fu_811_p2           |    xor   |      0|  0|   71|          64|          64|
    |tmp5_fu_805_p2           |    xor   |      0|  0|   71|          64|          64|
    |tmp6_fu_853_p2           |    xor   |      0|  0|   71|          64|          64|
    |tmp7_fu_859_p2           |    xor   |      0|  0|   71|          64|          64|
    |tmp8_fu_823_p2           |    xor   |      0|  0|   71|          64|          64|
    |tmp9_fu_835_p2           |    xor   |      0|  0|   71|          64|          64|
    |tmp_102_fu_2163_p2       |    xor   |      0|  0|   71|           2|          64|
    |tmp_10_fu_1167_p2        |    xor   |      0|  0|   71|           2|          64|
    |tmp_122_fu_2549_p2       |    xor   |      0|  0|   71|           2|          64|
    |tmp_128_fu_2573_p2       |    xor   |      0|  0|   71|           2|          64|
    |tmp_131_fu_2591_p2       |    xor   |      0|  0|   71|           2|          64|
    |tmp_135_fu_2609_p2       |    xor   |      0|  0|   71|           2|          64|
    |tmp_138_fu_2627_p2       |    xor   |      0|  0|   71|           2|          64|
    |tmp_13_fu_1191_p2        |    xor   |      0|  0|   71|           2|          64|
    |tmp_145_fu_2785_p2       |    xor   |      0|  0|   71|           2|          64|
    |tmp_147_fu_2803_p2       |    xor   |      0|  0|   71|           2|          64|
    |tmp_149_fu_2821_p2       |    xor   |      0|  0|   71|           2|          64|
    |tmp_153_fu_2839_p2       |    xor   |      0|  0|   71|           2|          64|
    |tmp_157_fu_2857_p2       |    xor   |      0|  0|   71|           2|          64|
    |tmp_15_fu_1209_p2        |    xor   |      0|  0|   71|           2|          64|
    |tmp_164_fu_3013_p2       |    xor   |      0|  0|   71|           2|          64|
    |tmp_167_fu_3031_p2       |    xor   |      0|  0|   71|           2|          64|
    |tmp_169_fu_3049_p2       |    xor   |      0|  0|   71|           2|          64|
    |tmp_173_fu_3067_p2       |    xor   |      0|  0|   71|           2|          64|
    |tmp_177_fu_3085_p2       |    xor   |      0|  0|   71|           2|          64|
    |tmp_185_fu_3243_p2       |    xor   |      0|  0|   71|           2|          64|
    |tmp_187_fu_3261_p2       |    xor   |      0|  0|   71|           2|          64|
    |tmp_189_fu_3279_p2       |    xor   |      0|  0|   71|           2|          64|
    |tmp_193_fu_3297_p2       |    xor   |      0|  0|   71|           2|          64|
    |tmp_197_fu_3315_p2       |    xor   |      0|  0|   71|           2|          64|
    |tmp_19_fu_1227_p2        |    xor   |      0|  0|   71|           2|          64|
    |tmp_205_fu_3473_p2       |    xor   |      0|  0|   71|           2|          64|
    |tmp_207_fu_3491_p2       |    xor   |      0|  0|   71|           2|          64|
    |tmp_209_fu_3509_p2       |    xor   |      0|  0|   71|           2|          64|
    |tmp_213_fu_3527_p2       |    xor   |      0|  0|   71|           2|          64|
    |tmp_217_fu_3545_p2       |    xor   |      0|  0|   71|           2|          64|
    |tmp_23_fu_1245_p2        |    xor   |      0|  0|   71|           2|          64|
    |tmp_30_fu_1403_p2        |    xor   |      0|  0|   71|           2|          64|
    |tmp_32_fu_1421_p2        |    xor   |      0|  0|   71|           2|          64|
    |tmp_34_fu_1439_p2        |    xor   |      0|  0|   71|           2|          64|
    |tmp_38_fu_1457_p2        |    xor   |      0|  0|   71|           2|          64|
    |tmp_42_fu_1475_p2        |    xor   |      0|  0|   71|           2|          64|
    |tmp_49_fu_1631_p2        |    xor   |      0|  0|   71|           2|          64|
    |tmp_52_fu_1649_p2        |    xor   |      0|  0|   71|           2|          64|
    |tmp_54_fu_1667_p2        |    xor   |      0|  0|   71|           2|          64|
    |tmp_58_fu_1685_p2        |    xor   |      0|  0|   71|           2|          64|
    |tmp_62_fu_1703_p2        |    xor   |      0|  0|   71|           2|          64|
    |tmp_70_fu_1861_p2        |    xor   |      0|  0|   71|           2|          64|
    |tmp_72_fu_1879_p2        |    xor   |      0|  0|   71|           2|          64|
    |tmp_74_fu_1897_p2        |    xor   |      0|  0|   71|           2|          64|
    |tmp_78_fu_1915_p2        |    xor   |      0|  0|   71|           2|          64|
    |tmp_82_fu_1933_p2        |    xor   |      0|  0|   71|           2|          64|
    |tmp_90_fu_2091_p2        |    xor   |      0|  0|   71|           2|          64|
    |tmp_92_fu_2109_p2        |    xor   |      0|  0|   71|           2|          64|
    |tmp_94_fu_2127_p2        |    xor   |      0|  0|   71|           2|          64|
    |tmp_98_fu_2145_p2        |    xor   |      0|  0|   71|           2|          64|
    +-------------------------+----------+-------+---+-----+------------+------------+
    |Total                    |          |      0|  0|17946|       13043|       16142|
    +-------------------------+----------+-------+---+-----+------------+------------+

    * Multiplexer: 
    +-------------------------+-----+-----------+-----+-----------+
    |           Name          | LUT | Input Size| Bits| Total Bits|
    +-------------------------+-----+-----------+-----+-----------+
    |Aba1_reg_738             |    9|          2|   64|        128|
    |Abe1_reg_727             |    9|          2|   64|        128|
    |Abi1_reg_716             |    9|          2|   64|        128|
    |Abo1_reg_705             |    9|          2|   64|        128|
    |Abu1_reg_694             |    9|          2|   64|        128|
    |Aga1_reg_683             |    9|          2|   64|        128|
    |Age1_reg_672             |    9|          2|   64|        128|
    |Agi1_reg_661             |    9|          2|   64|        128|
    |Ago1_reg_650             |    9|          2|   64|        128|
    |Agu1_reg_639             |    9|          2|   64|        128|
    |Aka1_reg_628             |    9|          2|   64|        128|
    |Ake1_reg_617             |    9|          2|   64|        128|
    |Aki1_reg_606             |    9|          2|   64|        128|
    |Ako1_reg_595             |    9|          2|   64|        128|
    |Aku1_reg_584             |    9|          2|   64|        128|
    |Ama1_reg_573             |    9|          2|   64|        128|
    |Ame1_reg_562             |    9|          2|   64|        128|
    |Ami1_reg_551             |    9|          2|   64|        128|
    |Amo1_reg_540             |    9|          2|   64|        128|
    |Amu1_reg_529             |    9|          2|   64|        128|
    |Asa1_reg_518             |    9|          2|   64|        128|
    |Ase1_reg_507             |    9|          2|   64|        128|
    |Asi1_reg_496             |    9|          2|   64|        128|
    |Aso1_reg_485             |    9|          2|   64|        128|
    |Asu1_reg_760             |    9|          2|   64|        128|
    |ap_NS_fsm                |  133|         29|    1|         29|
    |ap_enable_reg_pp0_iter1  |   15|          3|    1|          3|
    |round_reg_749            |    9|          2|    5|         10|
    |state_address0           |  121|         26|    5|        130|
    |state_address1           |  121|         26|    5|        130|
    |state_d0                 |   56|         13|   64|        832|
    |state_d1                 |   59|         14|   64|        896|
    +-------------------------+-----+-----------+-----+-----------+
    |Total                    |  739|        163| 1745|       5230|
    +-------------------------+-----+-----------+-----+-----------+

    * Register: 
    +-------------------------+----+----+-----+-----------+
    |           Name          | FF | LUT| Bits| Const Bits|
    +-------------------------+----+----+-----+-----------+
    |Aba1_reg_738             |  64|   0|   64|          0|
    |Aba_reg_3569             |  64|   0|   64|          0|
    |Abe1_reg_727             |  64|   0|   64|          0|
    |Abe_reg_3584             |  64|   0|   64|          0|
    |Abi1_reg_716             |  64|   0|   64|          0|
    |Abi_reg_3589             |  64|   0|   64|          0|
    |Abo1_reg_705             |  64|   0|   64|          0|
    |Abo_reg_3606             |  64|   0|   64|          0|
    |Abu1_reg_694             |  64|   0|   64|          0|
    |Abu_reg_3611             |  64|   0|   64|          0|
    |Aga1_reg_683             |  64|   0|   64|          0|
    |Aga_reg_3628             |  64|   0|   64|          0|
    |Age1_reg_672             |  64|   0|   64|          0|
    |Age_reg_3633             |  64|   0|   64|          0|
    |Agi1_reg_661             |  64|   0|   64|          0|
    |Agi_reg_3650             |  64|   0|   64|          0|
    |Ago1_reg_650             |  64|   0|   64|          0|
    |Ago_reg_3655             |  64|   0|   64|          0|
    |Agu1_reg_639             |  64|   0|   64|          0|
    |Agu_reg_3672             |  64|   0|   64|          0|
    |Aka1_reg_628             |  64|   0|   64|          0|
    |Aka_reg_3677             |  64|   0|   64|          0|
    |Ake1_reg_617             |  64|   0|   64|          0|
    |Ake_reg_3694             |  64|   0|   64|          0|
    |Aki1_reg_606             |  64|   0|   64|          0|
    |Aki_reg_3699             |  64|   0|   64|          0|
    |Ako1_reg_595             |  64|   0|   64|          0|
    |Ako_reg_3716             |  64|   0|   64|          0|
    |Aku1_reg_584             |  64|   0|   64|          0|
    |Aku_reg_3721             |  64|   0|   64|          0|
    |Ama1_reg_573             |  64|   0|   64|          0|
    |Ama_reg_3738             |  64|   0|   64|          0|
    |Ame1_reg_562             |  64|   0|   64|          0|
    |Ame_reg_3743             |  64|   0|   64|          0|
    |Ami1_reg_551             |  64|   0|   64|          0|
    |Ami_reg_3760             |  64|   0|   64|          0|
    |Amo1_reg_540             |  64|   0|   64|          0|
    |Amo_reg_3765             |  64|   0|   64|          0|
    |Amu1_reg_529             |  64|   0|   64|          0|
    |Amu_reg_3782             |  64|   0|   64|          0|
    |Asa1_reg_518             |  64|   0|   64|          0|
    |Asa_reg_3787             |  64|   0|   64|          0|
    |Ase1_reg_507             |  64|   0|   64|          0|
    |Ase_reg_3804             |  64|   0|   64|          0|
    |Asi1_reg_496             |  64|   0|   64|          0|
    |Asi_reg_3809             |  64|   0|   64|          0|
    |Aso1_reg_485             |  64|   0|   64|          0|
    |Asu1_reg_760             |  64|   0|   64|          0|
    |ap_CS_fsm                |  28|   0|   28|          0|
    |ap_enable_reg_pp0_iter0  |   1|   0|    1|          0|
    |ap_enable_reg_pp0_iter1  |   1|   0|    1|          0|
    |round_reg_749            |   5|   0|    5|          0|
    |tmp_reg_3836             |   1|   0|    1|          0|
    +-------------------------+----+----+-----+-----------+
    |Total                    |3108|   0| 3108|          0|
    +-------------------------+----+----+-----+-----------+



================================================================
== Interface
================================================================
* Summary: 
+----------------+-----+-----+------------+----------------------+--------------+
|    RTL Ports   | Dir | Bits|  Protocol  |     Source Object    |    C Type    |
+----------------+-----+-----+------------+----------------------+--------------+
|ap_clk          |  in |    1| ap_ctrl_hs | KeccakF1600_StatePer | return value |
|ap_rst          |  in |    1| ap_ctrl_hs | KeccakF1600_StatePer | return value |
|ap_start        |  in |    1| ap_ctrl_hs | KeccakF1600_StatePer | return value |
|ap_done         | out |    1| ap_ctrl_hs | KeccakF1600_StatePer | return value |
|ap_idle         | out |    1| ap_ctrl_hs | KeccakF1600_StatePer | return value |
|ap_ready        | out |    1| ap_ctrl_hs | KeccakF1600_StatePer | return value |
|state_address0  | out |    5|  ap_memory |         state        |     array    |
|state_ce0       | out |    1|  ap_memory |         state        |     array    |
|state_we0       | out |    1|  ap_memory |         state        |     array    |
|state_d0        | out |   64|  ap_memory |         state        |     array    |
|state_q0        |  in |   64|  ap_memory |         state        |     array    |
|state_address1  | out |    5|  ap_memory |         state        |     array    |
|state_ce1       | out |    1|  ap_memory |         state        |     array    |
|state_we1       | out |    1|  ap_memory |         state        |     array    |
|state_d1        | out |   64|  ap_memory |         state        |     array    |
|state_q1        |  in |   64|  ap_memory |         state        |     array    |
+----------------+-----+-----+------------+----------------------+--------------+

