

================================================================
== Vivado HLS Report for 'keccak_absorb'
================================================================
* Date:           Mon Apr 19 05:23:19 2021

* Version:        2018.3 (Build 2405991 on Thu Dec 06 23:56:15 MST 2018)
* Project:        SHA
* Solution:       Not_d_mod
* Product family: artix7l
* Target device:  xc7a75tlftg256-2l


================================================================
== Performance Estimates
================================================================
+ Timing (ns): 
    * Summary: 
    +--------+-------+----------+------------+
    |  Clock | Target| Estimated| Uncertainty|
    +--------+-------+----------+------------+
    |ap_clk  |  15.00|     9.920|        1.88|
    +--------+-------+----------+------------+

+ Latency (clock cycles): 
    * Summary: 
    +-----+-----+-----+-----+---------+
    |  Latency  |  Interval | Pipeline|
    | min | max | min | max |   Type  |
    +-----+-----+-----+-----+---------+
    |    ?|    ?|    ?|    ?|   none  |
    +-----+-----+-----+-----+---------+

    + Detail: 
        * Instance: 
        +---------------------------------+----------------------+-----+-----+-----+-----+---------+
        |                                 |                      |  Latency  |  Interval | Pipeline|
        |             Instance            |        Module        | min | max | min | max |   Type  |
        +---------------------------------+----------------------+-----+-----+-----+-----+---------+
        |grp_KeccakF1600_StatePer_fu_736  |KeccakF1600_StatePer  |   39|   39|   39|   39|   none  |
        +---------------------------------+----------------------+-----+-----+-----+-----+---------+

        * Loop: 
        +-------------------------+-----+-----+----------+-----------+-----------+------+----------+
        |                         |  Latency  | Iteration|  Initiation Interval  | Trip |          |
        |        Loop Name        | min | max |  Latency |  achieved |   target  | Count| Pipelined|
        +-------------------------+-----+-----+----------+-----------+-----------+------+----------+
        |- memset_t               |  199|  199|         1|          -|          -|   200|    no    |
        |- keccak_absorb_label7   |    ?|    ?|       127|          -|          -|     ?|    no    |
        | + keccak_absorb_label0  |   85|   85|         5|          -|          -|    17|    no    |
        |- keccak_absorb_label4   |    ?|    ?|         3|          -|          -|     ?|    no    |
        |- keccak_absorb_label5   |   81|   85|         9|          -|          -|     9|    no    |
        +-------------------------+-----+-----+----------+-----------+-----------+------+----------+



================================================================
== Utilization Estimates
================================================================
* Summary: 
+-----------------+---------+-------+-------+-------+
|       Name      | BRAM_18K| DSP48E|   FF  |  LUT  |
+-----------------+---------+-------+-------+-------+
|DSP              |        -|      -|      -|      -|
|Expression       |        -|      -|      0|   1006|
|FIFO             |        -|      -|      -|      -|
|Instance         |        2|      -|   3108|  18685|
|Memory           |        1|      -|      0|      0|
|Multiplexer      |        -|      -|      -|    715|
|Register         |        -|      -|    501|      -|
+-----------------+---------+-------+-------+-------+
|Total            |        3|      0|   3609|  20406|
+-----------------+---------+-------+-------+-------+
|Available        |      210|    180|  94400|  47200|
+-----------------+---------+-------+-------+-------+
|Utilization (%)  |        1|      0|      3|     43|
+-----------------+---------+-------+-------+-------+

+ Detail: 
    * Instance: 
    +---------------------------------+----------------------+---------+-------+------+-------+
    |             Instance            |        Module        | BRAM_18K| DSP48E|  FF  |  LUT  |
    +---------------------------------+----------------------+---------+-------+------+-------+
    |grp_KeccakF1600_StatePer_fu_736  |KeccakF1600_StatePer  |        2|      0|  3108|  18685|
    +---------------------------------+----------------------+---------+-------+------+-------+
    |Total                            |                      |        2|      0|  3108|  18685|
    +---------------------------------+----------------------+---------+-------+------+-------+

    * DSP48: 
    N/A

    * Memory: 
    +-------+-----------------+---------+---+----+------+-----+------+-------------+
    | Memory|      Module     | BRAM_18K| FF| LUT| Words| Bits| Banks| W*Bits*Banks|
    +-------+-----------------+---------+---+----+------+-----+------+-------------+
    |t_U    |keccak_absorb_t  |        1|  0|   0|   200|    8|     1|         1600|
    +-------+-----------------+---------+---+----+------+-----+------+-------------+
    |Total  |                 |        1|  0|   0|   200|    8|     1|         1600|
    +-------+-----------------+---------+---+----+------+-----+------+-------------+

    * FIFO: 
    N/A

    * Expression: 
    +-----------------------+----------+-------+---+----+------------+------------+
    |     Variable Name     | Operation| DSP48E| FF| LUT| Bitwidth P0| Bitwidth P1|
    +-----------------------+----------+-------+---+----+------------+------------+
    |ff_1_fu_830_p2         |     +    |      0|  0|  15|           8|           7|
    |i_3_fu_785_p2          |     +    |      0|  0|  15|           5|           1|
    |i_7_1_fu_1147_p2       |     +    |      0|  0|  15|           5|           2|
    |indvarinc_fu_744_p2    |     +    |      0|  0|  15|           8|           1|
    |mlen_assign_fu_917_p2  |     +    |      0|  0|  71|          64|           9|
    |p_rec_fu_824_p2        |     +    |      0|  0|  71|          64|           8|
    |sum7_fu_803_p2         |     +    |      0|  0|  21|          14|          14|
    |sum9_1_fu_967_p2       |     +    |      0|  0|  21|          14|          14|
    |sum9_fu_937_p2         |     +    |      0|  0|  21|          14|          14|
    |tmp_14_1_fu_977_p2     |     +    |      0|  0|  15|           8|           2|
    |exitcond_1_fu_961_p2   |   icmp   |      0|  0|  29|          64|          64|
    |exitcond_fu_931_p2     |   icmp   |      0|  0|  29|          64|          64|
    |tmp_15_1_fu_1117_p2    |   icmp   |      0|  0|  11|           5|           5|
    |tmp_3_fu_995_p2        |   icmp   |      0|  0|  11|           5|           5|
    |tmp_8_fu_768_p2        |   icmp   |      0|  0|  11|           8|           8|
    |tmp_9_fu_779_p2        |   icmp   |      0|  0|  11|           5|           5|
    |tmp_s_fu_755_p2        |   icmp   |      0|  0|  11|           8|           7|
    |i_7_s_fu_1106_p2       |    or    |      0|  0|  12|           5|           1|
    |sum_1_i1_fu_1014_p2    |    or    |      0|  0|  15|           8|           1|
    |sum_1_i2_fu_1136_p2    |    or    |      0|  0|  15|           8|           1|
    |sum_1_i_fu_813_p2      |    or    |      0|  0|  21|          14|           1|
    |sum_2_i1_fu_1025_p2    |    or    |      0|  0|  15|           8|           2|
    |sum_2_i2_fu_1153_p2    |    or    |      0|  0|  15|           8|           2|
    |sum_2_i_fu_836_p2      |    or    |      0|  0|  21|          14|           2|
    |sum_3_i1_fu_1035_p2    |    or    |      0|  0|  15|           8|           2|
    |sum_3_i2_fu_1163_p2    |    or    |      0|  0|  15|           8|           2|
    |sum_3_i_fu_846_p2      |    or    |      0|  0|  21|          14|           2|
    |sum_4_i1_fu_1045_p2    |    or    |      0|  0|  15|           8|           3|
    |sum_4_i2_fu_1173_p2    |    or    |      0|  0|  15|           8|           3|
    |sum_4_i_fu_856_p2      |    or    |      0|  0|  21|          14|           3|
    |sum_5_i1_fu_1055_p2    |    or    |      0|  0|  15|           8|           3|
    |sum_5_i2_fu_1183_p2    |    or    |      0|  0|  15|           8|           3|
    |sum_5_i_fu_866_p2      |    or    |      0|  0|  21|          14|           3|
    |sum_6_i1_fu_1065_p2    |    or    |      0|  0|  15|           8|           3|
    |sum_6_i2_fu_1193_p2    |    or    |      0|  0|  15|           8|           3|
    |sum_6_i_fu_876_p2      |    or    |      0|  0|  21|          14|           3|
    |sum_7_i1_fu_1075_p2    |    or    |      0|  0|  15|           8|           3|
    |sum_7_i2_fu_1203_p2    |    or    |      0|  0|  15|           8|           3|
    |sum_7_i_fu_886_p2      |    or    |      0|  0|  21|          14|           3|
    |tmp_14_s_fu_947_p2     |    or    |      0|  0|  15|           8|           1|
    |tmp_5_fu_983_p2        |    or    |      0|  0|  16|           8|           9|
    |tmp_18_1_fu_1227_p2    |    xor   |      0|  0|  71|          64|          64|
    |tmp_4_fu_910_p2        |    xor   |      0|  0|  71|          64|          64|
    |tmp_7_fu_1099_p2       |    xor   |      0|  0|  71|          64|          64|
    +-----------------------+----------+-------+---+----+------------+------------+
    |Total                  |          |      0|  0|1006|         786|         484|
    +-----------------------+----------+-------+---+----+------------+------------+

    * Multiplexer: 
    +-----------------+-----+-----------+-----+-----------+
    |       Name      | LUT | Input Size| Bits| Total Bits|
    +-----------------+-----+-----------+-----+-----------+
    |ap_NS_fsm        |  165|         37|    1|         37|
    |ff1_reg_691      |    9|          2|    8|         16|
    |i_1_reg_701      |    9|          2|    5|         10|
    |i_2_reg_712      |    9|          2|    8|         16|
    |i_reg_668        |    9|          2|   64|        128|
    |i_s_reg_724      |    9|          2|    5|         10|
    |invdar_reg_657   |    9|          2|    8|         16|
    |m_address0       |   33|          6|   12|         72|
    |m_address1       |   33|          6|   12|         72|
    |p_0_rec_reg_679  |    9|          2|   64|        128|
    |s_address0       |   89|         18|    5|         90|
    |s_address1       |   85|         17|    5|         85|
    |s_ce0            |   15|          3|    1|          3|
    |s_ce1            |   15|          3|    1|          3|
    |s_d0             |   33|          6|   64|        384|
    |s_d1             |   15|          3|   64|        192|
    |s_we0            |   15|          3|    1|          3|
    |s_we1            |   15|          3|    1|          3|
    |t_address0       |   62|         15|    8|        120|
    |t_address1       |   44|          9|    8|         72|
    |t_d0             |   33|          6|    8|         48|
    +-----------------+-----+-----------+-----+-----------+
    |Total            |  715|        149|  353|       1508|
    +-----------------+-----+-----------+-----+-----------+

    * Register: 
    +----------------------------------------------+----+----+-----+-----------+
    |                     Name                     | FF | LUT| Bits| Const Bits|
    +----------------------------------------------+----+----+-----+-----------+
    |ap_CS_fsm                                     |  36|   0|   36|          0|
    |exitcond_reg_1377                             |   1|   0|    1|          0|
    |ff1_reg_691                                   |   8|   0|    8|          0|
    |ff_1_reg_1302                                 |   8|   0|    8|          0|
    |grp_KeccakF1600_StatePer_fu_736_ap_start_reg  |   1|   0|    1|          0|
    |i_1_reg_701                                   |   5|   0|    5|          0|
    |i_2_cast_reg_1372                             |   8|   0|   64|         56|
    |i_2_reg_712                                   |   8|   0|    8|          0|
    |i_3_reg_1266                                  |   5|   0|    5|          0|
    |i_7_1_reg_1528                                |   5|   0|    5|          0|
    |i_reg_668                                     |  64|   0|   64|          0|
    |i_s_reg_724                                   |   5|   0|    5|          0|
    |invdar_reg_657                                |   8|   0|    8|          0|
    |m_load_2_reg_1307                             |   8|   0|    8|          0|
    |m_load_3_reg_1312                             |   8|   0|    8|          0|
    |m_load_4_reg_1327                             |   8|   0|    8|          0|
    |m_load_5_reg_1332                             |   8|   0|    8|          0|
    |m_load_6_reg_1347                             |   8|   0|    8|          0|
    |m_load_7_reg_1352                             |   8|   0|    8|          0|
    |p_0_rec_reg_679                               |  64|   0|   64|          0|
    |p_rec_reg_1297                                |  64|   0|   64|          0|
    |s_addr_13_reg_1291                            |   5|   0|    5|          0|
    |s_addr_26_reg_1433                            |   5|   0|    5|          0|
    |s_addr_27_reg_1522                            |   4|   0|    5|          1|
    |sum7_reg_1271                                 |  14|   0|   14|          0|
    |t_load_10_reg_1538                            |   8|   0|    8|          0|
    |t_load_11_reg_1553                            |   8|   0|    8|          0|
    |t_load_12_reg_1558                            |   8|   0|    8|          0|
    |t_load_13_reg_1573                            |   8|   0|    8|          0|
    |t_load_14_reg_1578                            |   8|   0|    8|          0|
    |t_load_1_reg_1439                             |   8|   0|    8|          0|
    |t_load_2_reg_1444                             |   8|   0|    8|          0|
    |t_load_3_reg_1459                             |   8|   0|    8|          0|
    |t_load_4_reg_1464                             |   8|   0|    8|          0|
    |t_load_5_reg_1479                             |   8|   0|    8|          0|
    |t_load_6_reg_1484                             |   8|   0|    8|          0|
    |t_load_9_reg_1533                             |   8|   0|    8|          0|
    |tmp_11_reg_1253                               |  14|   0|   14|          0|
    |tmp_14_1_reg_1399                             |   8|   0|    8|          0|
    |tmp_14_cast_reg_1386                          |   7|   0|   64|         57|
    |tmp_16_1_reg_1502                             |   4|   0|    8|          4|
    |tmp_3_reg_1409                                |   1|   0|    1|          0|
    |tmp_6_reg_1413                                |   5|   0|    8|          3|
    +----------------------------------------------+----+----+-----+-----------+
    |Total                                         | 501|   0|  622|        121|
    +----------------------------------------------+----+----+-----+-----------+



================================================================
== Interface
================================================================
* Summary: 
+------------+-----+-----+------------+---------------+--------------+
|  RTL Ports | Dir | Bits|  Protocol  | Source Object |    C Type    |
+------------+-----+-----+------------+---------------+--------------+
|ap_clk      |  in |    1| ap_ctrl_hs | keccak_absorb | return value |
|ap_rst      |  in |    1| ap_ctrl_hs | keccak_absorb | return value |
|ap_start    |  in |    1| ap_ctrl_hs | keccak_absorb | return value |
|ap_done     | out |    1| ap_ctrl_hs | keccak_absorb | return value |
|ap_idle     | out |    1| ap_ctrl_hs | keccak_absorb | return value |
|ap_ready    | out |    1| ap_ctrl_hs | keccak_absorb | return value |
|s_address0  | out |    5|  ap_memory |       s       |     array    |
|s_ce0       | out |    1|  ap_memory |       s       |     array    |
|s_we0       | out |    1|  ap_memory |       s       |     array    |
|s_d0        | out |   64|  ap_memory |       s       |     array    |
|s_q0        |  in |   64|  ap_memory |       s       |     array    |
|s_address1  | out |    5|  ap_memory |       s       |     array    |
|s_ce1       | out |    1|  ap_memory |       s       |     array    |
|s_we1       | out |    1|  ap_memory |       s       |     array    |
|s_d1        | out |   64|  ap_memory |       s       |     array    |
|s_q1        |  in |   64|  ap_memory |       s       |     array    |
|m_address0  | out |   12|  ap_memory |       m       |     array    |
|m_ce0       | out |    1|  ap_memory |       m       |     array    |
|m_q0        |  in |    8|  ap_memory |       m       |     array    |
|m_address1  | out |   12|  ap_memory |       m       |     array    |
|m_ce1       | out |    1|  ap_memory |       m       |     array    |
|m_q1        |  in |    8|  ap_memory |       m       |     array    |
|mlen        |  in |   64|   ap_none  |      mlen     |    scalar    |
+------------+-----+-----+------------+---------------+--------------+

