INFO-FLOW: Workspace /home/ds6365/SHA/solution4 opened at Sat Apr 10 23:08:54 EDT 2021
Execute     config_clock -quiet -name default -period 10 -default=false 
INFO: [SYN 201-201] Setting up clock 'default' with a period of 10ns.
Execute     config_clock -quiet -name default -uncertainty 1.25 -unit % 
INFO: [SYN 201-201] Setting up clock 'default' with an uncertainty of 1.25ns.
Execute     open_platform DefaultPlatform 
Execute     import_lib /opt/Xilinx2018/Vivado/2018.3/common/technology/xilinx/virtex7/virtex7 
Execute       source /opt/Xilinx2018/Vivado/2018.3/common/technology/xilinx/common/xilinx.lib 
Execute         source /opt/Xilinx2018/Vivado/2018.3/common/technology/xilinx/interface/xilinx_interface.lib 
Execute           source /opt/Xilinx2018/Vivado/2018.3/common/technology/xilinx/interface/plb46.lib 
Execute           source /opt/Xilinx2018/Vivado/2018.3/common/technology/xilinx/interface/fsl.lib 
Execute           source /opt/Xilinx2018/Vivado/2018.3/common/technology/xilinx/interface/axi4.lib 
Execute           source /opt/Xilinx2018/Vivado/2018.3/common/technology/xilinx/interface/maxi.lib 
Execute           source /opt/Xilinx2018/Vivado/2018.3/common/technology/xilinx/interface/saxilite.lib 
Execute         source /opt/Xilinx2018/Vivado/2018.3/common/technology/xilinx/common/dsp48.lib 
Execute         source /opt/Xilinx2018/Vivado/2018.3/common/technology/xilinx/ip/dds_compiler.lib 
Execute         source /opt/Xilinx2018/Vivado/2018.3/common/technology/xilinx/ip/xfft.lib 
Execute         source /opt/Xilinx2018/Vivado/2018.3/common/technology/xilinx/ip/xfir.lib 
Execute       source /opt/Xilinx2018/Vivado/2018.3/common/technology/xilinx/common/xilinx_old.lib 
Execute       source /opt/Xilinx2018/Vivado/2018.3/common/technology/xilinx/common/xilinx_vivado.lib 
Execute       source /opt/Xilinx2018/Vivado/2018.3/common/technology/xilinx/common/xilinx.hlp 
Execute         source /opt/Xilinx2018/Vivado/2018.3/common/technology/xilinx/common/target_info.tcl 
Execute         source /opt/Xilinx2018/Vivado/2018.3/common/technology/xilinx/interface/xilinx_interface.hlp 
Execute           source /opt/Xilinx2018/Vivado/2018.3/common/technology/xilinx/interface/maxi.hlp 
Execute           source /opt/Xilinx2018/Vivado/2018.3/common/technology/xilinx/interface/saxilite.hlp 
Execute         source /opt/Xilinx2018/Vivado/2018.3/common/technology/xilinx/common/dsp48.hlp 
Execute       source /opt/Xilinx2018/Vivado/2018.3/common/technology/xilinx/virtex7/dsp48e1.hlp 
Execute       get_default_platform 
Execute       config_chip_info -quiet -resource  {SLICE 91050 } {LUT 364200 } {FF 728400 } {DSP48E 1260} {BRAM 1590}  
Execute       config_chip_info -quiet -speed medium 
Execute       source /opt/Xilinx2018/Vivado/2018.3/common/technology/xilinx/common/xilinx.hlp 
Execute         source /opt/Xilinx2018/Vivado/2018.3/common/technology/xilinx/common/target_info.tcl 
Execute         source /opt/Xilinx2018/Vivado/2018.3/common/technology/xilinx/interface/xilinx_interface.hlp 
Execute           source /opt/Xilinx2018/Vivado/2018.3/common/technology/xilinx/interface/maxi.hlp 
Execute           source /opt/Xilinx2018/Vivado/2018.3/common/technology/xilinx/interface/saxilite.hlp 
Execute         source /opt/Xilinx2018/Vivado/2018.3/common/technology/xilinx/common/dsp48.hlp 
Execute     source /opt/Xilinx2018/Vivado/2018.3/common/technology/xilinx/virtex7/virtex7.gen 
Execute       source /opt/Xilinx2018/Vivado/2018.3/common/technology/xilinx/common/virtex.gen 
Execute         source /opt/Xilinx2018/Vivado/2018.3/common/technology/xilinx/common/xilinx.gen 
Execute           source /opt/Xilinx2018/Vivado/2018.3/common/technology/xilinx/interface/plb46.gen 
Execute           source /opt/Xilinx2018/Vivado/2018.3/common/technology/xilinx/interface/fsl.gen 
Execute           source /opt/Xilinx2018/Vivado/2018.3/common/technology/xilinx/interface/axi4.gen 
Execute           source /opt/Xilinx2018/Vivado/2018.3/common/technology/xilinx/interface/nativeAXI4.gen 
Execute             source /opt/Xilinx2018/Vivado/2018.3/common/technology/xilinx/interface/saxilite.gen 
Execute             source /opt/Xilinx2018/Vivado/2018.3/common/technology/xilinx/interface/maxi.gen 
Execute           source /opt/Xilinx2018/Vivado/2018.3/common/technology/xilinx/scripts/xilinxcoregen.gen 
Execute           source /opt/Xilinx2018/Vivado/2018.3/common/technology/xilinx/interface/XilEDKCoreGen.gen 
Execute           source /opt/Xilinx2018/Vivado/2018.3/common/technology/xilinx/ip/dds_compiler.gen 
Execute           source /opt/Xilinx2018/Vivado/2018.3/common/technology/xilinx/ip/util.gen 
Execute           source /opt/Xilinx2018/Vivado/2018.3/common/technology/xilinx/ip/xfft.gen 
Command           ap_source done; 0.21 sec.
Execute           source /opt/Xilinx2018/Vivado/2018.3/common/technology/xilinx/ip/xfir.gen 
Command         ap_source done; 0.28 sec.
Execute         source /opt/Xilinx2018/Vivado/2018.3/common/technology/xilinx/common/dsp48.gen 
Command       ap_source done; 0.28 sec.
Command     ap_source done; 0.28 sec.
Execute     open_platform DefaultPlatform 
Execute     import_lib /opt/Xilinx2018/Vivado/2018.3/common/technology/xilinx/virtex7/virtex7_fpv6 
Execute       source /opt/Xilinx2018/Vivado/2018.3/common/technology/xilinx/common/xilinx_fpv7.lib 
Execute         source /opt/Xilinx2018/Vivado/2018.3/common/technology/xilinx/common/xilinx_hp.lib 
Execute       source /opt/Xilinx2018/Vivado/2018.3/common/technology/xilinx/common/xilinx_fpv.hlp 
Execute         source /opt/Xilinx2018/Vivado/2018.3/common/technology/xilinx/common/xilinx.hlp 
Execute           source /opt/Xilinx2018/Vivado/2018.3/common/technology/xilinx/common/target_info.tcl 
Execute           source /opt/Xilinx2018/Vivado/2018.3/common/technology/xilinx/interface/xilinx_interface.hlp 
Execute             source /opt/Xilinx2018/Vivado/2018.3/common/technology/xilinx/interface/maxi.hlp 
Execute             source /opt/Xilinx2018/Vivado/2018.3/common/technology/xilinx/interface/saxilite.hlp 
Execute           source /opt/Xilinx2018/Vivado/2018.3/common/technology/xilinx/common/dsp48.hlp 
Execute       source /opt/Xilinx2018/Vivado/2018.3/common/technology/xilinx/virtex7/virtex7_hp.hlp 
Execute     source /opt/Xilinx2018/Vivado/2018.3/common/technology/xilinx/virtex7/virtex7_fpv6.gen 
Execute       source /opt/Xilinx2018/Vivado/2018.3/common/technology/xilinx/common/xilinx_fpv6.gen 
Execute     set_part xc7vx980tffg1930-2l 
Execute       add_library xilinx/virtex7/virtex7:xc7vx980t:ffg1930:-2l 
Execute         get_default_platform 
Execute         license_isbetapart xc7vx980t 
Command         license_isbetapart done; error code: 1; 
Execute         get_default_platform 
Execute         config_chip_info -quiet -resource  {SLICE 153000} {LUT 612000 } {FF 1224000} {DSP48E 3600} {BRAM 3000}  
Execute         config_chip_info -quiet -speed medium 
Execute       add_library xilinx/virtex7/virtex7_fpv6 
Execute         get_default_platform 
INFO: [HLS 200-10] Setting target device to 'xc7vx980tffg1930-2l'
Execute       get_default_platform 
Execute     get_default_platform 
Execute     config_chip_info -quiet -resource  {SLICE 153000} {LUT 612000 } {FF 1224000} {DSP48E 3600} {BRAM 3000}  
Execute     config_chip_info -quiet -speed medium 
Execute     config_export -format=ip_catalog 
Execute     config_export -rtl=vhdl 
Command   open_solution done; 0.5 sec.
Execute   set_part xc7vx980tffg1930-2l 
Execute     add_library xilinx/virtex7/virtex7:xc7vx980t:ffg1930:-2l 
Execute       get_default_platform 
Execute       license_isbetapart xc7vx980t 
Command       license_isbetapart done; error code: 1; 
Execute       get_default_platform 
Execute       config_chip_info -quiet -resource  {SLICE 153000} {LUT 612000 } {FF 1224000} {DSP48E 3600} {BRAM 3000}  
Execute       config_chip_info -quiet -speed medium 
Execute     add_library xilinx/virtex7/virtex7_fpv6 
Execute       get_default_platform 
Execute     get_default_platform 
Execute   create_clock -period 10 -name default 
Execute   config_export -format ip_catalog -rtl vhdl 
Execute   set_clock_uncertainty 12.5% 
Execute   source ./SHA/solution4/directives.tcl 
Execute     set_directive_array_partition -type complete -dim 1 pqcrystals_fips202_ref_sha3_256 s 
INFO-FLOW: Setting directive 'ARRAY_PARTITION' partition=positionBooleanCmd variable=positionBooleanTextRequireds complete=positionBoolean0type dim=1 
Execute     set_directive_pipeline pqcrystals_fips202_ref_sha3_256 
INFO-FLOW: Setting directive 'ARRAY_PARTITION' partition=positionBooleanCmd variable=positionBooleanTextRequireds complete=positionBoolean0type dim=1 
INFO-FLOW: Setting directive 'PIPELINE' 
Execute     set_directive_array_partition -type block -factor 4 -dim 1 keccak_absorb t 
INFO-FLOW: Setting directive 'ARRAY_PARTITION' partition=positionBooleanCmd variable=positionBooleanTextRequireds complete=positionBoolean0type dim=1 
INFO-FLOW: Setting directive 'PIPELINE' 
INFO-FLOW: Setting directive 'ARRAY_PARTITION' partition=positionBooleanCmd variable=positionBooleanTextRequiredt block=positionBoolean0type factor=4 dim=1 
Execute   csynth_design 
Execute     get_config_compile -effort 
Execute     get_config_compile -enable_clang39 
Execute     get_config_compile -g 
Execute     get_config_compile -lm 
Execute     get_config_compile -ng 
Execute     get_config_compile -opt_fp 
Execute     get_config_compile -skip_cdt 
Execute     get_config_compile -skip_syncheck 
Execute     get_config_compile -skip_transform 
Execute     config_compile -blackbox  
Execute     get_config_compile -keep_printf 
Execute     elaborate -effort=medium -skip_syncheck=0 -keep_printf=0 -lm=0 -skip_cdt=0 -skip_transform=0 -ng=0 -g=0 -opt_fp=0 -from_csynth_design=1 
Execute       get_config_schedule -relax_ii_for_timing 
INFO: [SCHED 204-61] Option 'relax_ii_for_timing' is enabled, will increase II to preserve clock frequency constraints.
Execute       get_config_schedule -suppress_dependence_error_break 
INFO: [HLS 200-10] Analyzing design file 'fips202.c' ... 
INFO-FLOW: Compiling one TU...
Execute       is_m_axi_addr64 
INFO-FLOW: Handling fips202.c as C
Execute       get_default_platform 
Execute       is_encrypted fips202.c 
INFO-FLOW: Running: GCC PP
INFO-FLOW: Source preprocessing
Execute       clang  -fno-limit-debug-info -gcc-toolchain "/opt/Xilinx2018/Vivado/2018.3/lnx64/tools/gcc" -hls  -fno-exceptions  -D__llvm__  -E "fips202.c"     -fno-math-errno -c -emit-llvm -O0  -mllvm -disable-llvm-optzns -std=gnu89   -DAESL_SYN -D__SYNTHESIS__ -D__HLS_SYN__ -I "/opt/Xilinx2018/Vivado/2018.3/common/technology/autopilot" -I "/opt/Xilinx2018/Vivado/2018.3/common/technology/autopilot/ap_sysc" -include etc/autopilot_ssdm_op.h -D__DSP48E1__  -o "/home/ds6365/SHA/solution4/.autopilot/db/fips202.pp.0.c" 
INFO-FLOW: exec /opt/Xilinx2018/Vivado/2018.3/lnx64/tools/clang/bin/clang -fno-limit-debug-info -gcc-toolchain /opt/Xilinx2018/Vivado/2018.3/lnx64/tools/gcc -hls -fno-exceptions -D__llvm__ -E fips202.c -fno-math-errno -c -emit-llvm -O0 -mllvm -disable-llvm-optzns -std=gnu89 -DAESL_SYN -D__SYNTHESIS__ -D__HLS_SYN__ -I /opt/Xilinx2018/Vivado/2018.3/common/technology/autopilot -I /opt/Xilinx2018/Vivado/2018.3/common/technology/autopilot/ap_sysc -include etc/autopilot_ssdm_op.h -D__DSP48E1__ -o /home/ds6365/SHA/solution4/.autopilot/db/fips202.pp.0.c
Command       clang done; 2.52 sec.
Execute       tidy_31 xilinx-xfmat-array-geometry /home/ds6365/SHA/solution4/.autopilot/db/fips202.pp.0.c std=gnu89 
INFO-FLOW: exec /opt/Xilinx2018/Vivado/2018.3/lnx64/tools/clang-3.9-csynth/bin/tidy-3.1 -header-filter=.* -checks=-*,xilinx-xfmat-array-geometry -quiet -fix /home/ds6365/SHA/solution4/.autopilot/db/fips202.pp.0.c -- -std=gnu89 -fhls -ferror-limit=0
INFO-FLOW: Syntax Checking before pre-processing...
Execute       clang -syntaxcheck -src /home/ds6365/SHA/solution4/.autopilot/db/fips202.pp.0.c  -fno-limit-debug-info -gcc-toolchain "/opt/Xilinx2018/Vivado/2018.3/lnx64/tools/gcc" -hls    -fno-math-errno -c -emit-llvm -O0  -mllvm -disable-llvm-optzns -std=gnu89   -DAESL_SYN -D__SYNTHESIS__ -D__HLS_SYN__ -I "/opt/Xilinx2018/Vivado/2018.3/common/technology/autopilot" -I "/opt/Xilinx2018/Vivado/2018.3/common/technology/autopilot/ap_sysc" -include etc/autopilot_ssdm_op.h -D__DSP48E1__  "/home/ds6365/SHA/solution4/.autopilot/db/fips202.pp.0.c"  -o "/home/ds6365/SHA/solution4/.autopilot/db/useless.bc"  
INFO-FLOW: exec /opt/Xilinx2018/Vivado/2018.3/lnx64/tools/clang/bin/clang -fno-limit-debug-info -gcc-toolchain /opt/Xilinx2018/Vivado/2018.3/lnx64/tools/gcc -hls -fno-math-errno -c -emit-llvm -O0 -mllvm -disable-llvm-optzns -std=gnu89 -DAESL_SYN -D__SYNTHESIS__ -D__HLS_SYN__ -I /opt/Xilinx2018/Vivado/2018.3/common/technology/autopilot -I /opt/Xilinx2018/Vivado/2018.3/common/technology/autopilot/ap_sysc -include etc/autopilot_ssdm_op.h -D__DSP48E1__ /home/ds6365/SHA/solution4/.autopilot/db/fips202.pp.0.c -o /home/ds6365/SHA/solution4/.autopilot/db/useless.bc
Command       clang done; 2.47 sec.
INFO-FLOW: Done: GCC PP time: 5 seconds per iteration
INFO-FLOW: Setting directive 'ARRAY_PARTITION' partition=positionBooleanCmd variable=positionBooleanTextRequireds complete=positionBoolean0type dim=1 
INFO-FLOW: Setting directive 'PIPELINE' 
INFO-FLOW: Setting directive 'ARRAY_PARTITION' partition=positionBooleanCmd variable=positionBooleanTextRequiredt block=positionBoolean0type factor=4 dim=1 
INFO-FLOW: Setting directive 'ARRAY_PARTITION' partition=positionBooleanCmd variable=positionBooleanTextRequireds complete=positionBoolean0type dim=1 
INFO-FLOW: Setting directive 'PIPELINE' 
INFO-FLOW: Setting directive 'ARRAY_PARTITION' partition=positionBooleanCmd variable=positionBooleanTextRequiredt block=positionBoolean0type factor=4 dim=1 
Execute       list_core -type functional_unit 
Execute       tidy_31 xilinx-systemc-detector /home/ds6365/SHA/solution4/.autopilot/db/fips202.pp.0.c std=gnu89 -directive=/home/ds6365/SHA/solution4/.autopilot/db/.systemc_flag 
INFO-FLOW: exec /opt/Xilinx2018/Vivado/2018.3/lnx64/tools/clang-3.9-csynth/bin/tidy-3.1 -header-filter=.* -checks=-*,xilinx-systemc-detector -import-directive=/home/ds6365/SHA/solution4/.autopilot/db/.systemc_flag -quiet -fix-errors /home/ds6365/SHA/solution4/.autopilot/db/fips202.pp.0.c -- -std=gnu89 -fhls -ferror-limit=0
INFO-FLOW: Running: tidy-3.1 CDT preprocess
Execute       tidy_31 xilinx-directive2pragma /home/ds6365/SHA/solution4/.autopilot/db/fips202.pp.0.c std=gnu89 -directive=/home/ds6365/SHA/solution4/.autopilot/db/all.directive.json 
INFO-FLOW: exec /opt/Xilinx2018/Vivado/2018.3/lnx64/tools/clang-3.9-csynth/bin/tidy-3.1 -header-filter=.* -checks=-*,xilinx-directive2pragma -import-directive=/home/ds6365/SHA/solution4/.autopilot/db/all.directive.json -quiet -fix-errors /home/ds6365/SHA/solution4/.autopilot/db/fips202.pp.0.c -- -std=gnu89 -fhls -ferror-limit=0
Execute       get_config_dataflow -strict_mode 
Execute       ap_eval exec -ignorestderr /opt/Xilinx2018/Vivado/2018.3/lnx64/tools/clang-3.9-csynth/bin/xilinx-dataflow-lawyer -export-fixes=/home/ds6365/SHA/solution4/.autopilot/db/xilinx-dataflow-lawyer.fips202.pp.0.c.diag.yml /home/ds6365/SHA/solution4/.autopilot/db/fips202.pp.0.c -- -std=gnu99 -fhls -ferror-limit=0 -fstrict-dataflow > /home/ds6365/SHA/solution4/.autopilot/db/xilinx-dataflow-lawyer.fips202.pp.0.c.out.log 2> /home/ds6365/SHA/solution4/.autopilot/db/xilinx-dataflow-lawyer.fips202.pp.0.c.err.log 
Execute       tidy_31 -errorcheck xilinx-constantarray-param,xilinx-resource-pragma-transformer,xilinx-xfmat-array-geometry /home/ds6365/SHA/solution4/.autopilot/db/fips202.pp.0.c std=gnu89 
Execute         ap_eval exec -ignorestderr /opt/Xilinx2018/Vivado/2018.3/lnx64/tools/clang-3.9-csynth/bin/tidy-3.1 -export-fixes=/home/ds6365/SHA/solution4/.autopilot/db/tidy-3.1.fips202.pp.0.c.diag.yml -header-filter=.* -checks=-*,xilinx-constantarray-param,xilinx-resource-pragma-transformer,xilinx-xfmat-array-geometry -quiet -fix-errors /home/ds6365/SHA/solution4/.autopilot/db/fips202.pp.0.c -- -std=gnu89 -fhls -ferror-limit=0 > /home/ds6365/SHA/solution4/.autopilot/db/tidy-3.1.fips202.pp.0.c.out.log 2> /home/ds6365/SHA/solution4/.autopilot/db/tidy-3.1.fips202.pp.0.c.err.log 
Execute         ap_eval exec -ignorestderr /opt/Xilinx2018/Vivado/2018.3/lnx64/tools/clang-3.9-csynth/bin/xilinx-legacy-rewriter /home/ds6365/SHA/solution4/.autopilot/db/fips202.pp.0.c -- -std=gnu89 -fhls -ferror-limit=0 > /home/ds6365/SHA/solution4/.autopilot/db/xilinx-legacy-rewriter.fips202.pp.0.c.out.log 2> /home/ds6365/SHA/solution4/.autopilot/db/xilinx-legacy-rewriter.fips202.pp.0.c.err.log 
Command       tidy_31 done; 0.25 sec.
INFO-FLOW: Done: tidy-3.1 CDT preprocess time: 0.4 seconds per iteration
INFO-FLOW: Pragma Handling...
Execute       tidy_31 xilinx-ssdm-intrinsics-arguments /home/ds6365/SHA/solution4/.autopilot/db/fips202.pragma.1.c std=gnu89 
INFO-FLOW: exec /opt/Xilinx2018/Vivado/2018.3/lnx64/tools/clang-3.9-csynth/bin/tidy-3.1 -header-filter=.* -checks=-*,xilinx-ssdm-intrinsics-arguments -quiet -fix-errors /home/ds6365/SHA/solution4/.autopilot/db/fips202.pragma.1.c -- -std=gnu89 -fhls -ferror-limit=0
Execute       get_default_platform 
INFO-FLOW: Processing labels
Execute       clang -src /home/ds6365/SHA/solution4/.autopilot/db/fips202.pragma.2.c  -fno-limit-debug-info -gcc-toolchain /opt/Xilinx2018/Vivado/2018.3/lnx64/tools/gcc -hls -hls-analyze-label -hls-analyze-pragma -fno-exceptions  -D__llvm__  -w  "/home/ds6365/SHA/solution4/.autopilot/db/fips202.pragma.2.c"    -fno-math-errno -c -emit-llvm -O0  -mllvm -disable-llvm-optzns -std=gnu89  -DAESL_SYN -D__SYNTHESIS__ -D__HLS_SYN__ -I "/opt/Xilinx2018/Vivado/2018.3/common/technology/autopilot" -I "/opt/Xilinx2018/Vivado/2018.3/common/technology/autopilot/ap_sysc" -include etc/autopilot_ssdm_op.h -D__DSP48E1__ -g -o "/home/ds6365/SHA/solution4/.autopilot/db/fips202.bc" 
INFO-FLOW: exec /opt/Xilinx2018/Vivado/2018.3/lnx64/tools/clang/bin/clang -fno-limit-debug-info -gcc-toolchain /opt/Xilinx2018/Vivado/2018.3/lnx64/tools/gcc -hls -hls-analyze-label -hls-analyze-pragma -fno-exceptions -D__llvm__ -w /home/ds6365/SHA/solution4/.autopilot/db/fips202.pragma.2.c -fno-math-errno -c -emit-llvm -O0 -mllvm -disable-llvm-optzns -std=gnu89 -DAESL_SYN -D__SYNTHESIS__ -D__HLS_SYN__ -I /opt/Xilinx2018/Vivado/2018.3/common/technology/autopilot -I /opt/Xilinx2018/Vivado/2018.3/common/technology/autopilot/ap_sysc -include etc/autopilot_ssdm_op.h -D__DSP48E1__ -g -o /home/ds6365/SHA/solution4/.autopilot/db/fips202.bc
Command       clang done; 2.61 sec.
INFO-FLOW: Linking Debug ...
Execute       llvm-ld /home/ds6365/SHA/solution4/.autopilot/db/fips202.g.bc -hls-opt -except-internalize pqcrystals_fips202_ref_sha3_256 -L/opt/Xilinx2018/Vivado/2018.3/lnx64/lib -lhlsm -lhlsmc++ -o /home/ds6365/SHA/solution4/.autopilot/db/a.g 
Command       llvm-ld done; 1.27 sec.
INFO: [HLS 200-111] Finished Linking Time (s): cpu = 00:00:10 ; elapsed = 00:00:11 . Memory (MB): peak = 541.469 ; gain = 4.219 ; free physical = 60974 ; free virtual = 568464
INFO: [HLS 200-111] Finished Checking Pragmas Time (s): cpu = 00:00:10 ; elapsed = 00:00:11 . Memory (MB): peak = 541.469 ; gain = 4.219 ; free physical = 60974 ; free virtual = 568464
Execute       get_config_sdx -target 
Execute       opt_and_import_c a -opt_level=2 -skip_syncheck=0 -ng=0 -keep_printf=0 
Execute         cleanup_all_models 
INFO: [HLS 200-10] Starting code transformations ...
Execute         transform -promote-dbg-pointer /home/ds6365/SHA/solution4/.autopilot/db/a.pp.bc -o /home/ds6365/SHA/solution4/.autopilot/db/a.pp.0.bc -f 
Command         transform done; 0.15 sec.
Execute         llvm-ld /home/ds6365/SHA/solution4/.autopilot/db/a.pp.0.bc -disable-opt -L/opt/Xilinx2018/Vivado/2018.3/lnx64/lib -lfloatconversion -o /home/ds6365/SHA/solution4/.autopilot/db/a.g.0 
Command         llvm-ld done; 1.27 sec.
INFO-FLOW: Running Standard Transforms...
Execute         transform -hls -share-std-xform -demangle-name -inline-byval-memcpy -always-inline -promote-dbg-pointer -interface-preproc -mem2reg -lower-blackbox -scalarrepl -mem2reg -keep-read-access -instcombine -dce -promote-dbg-pointer -bitop-raise -loop-simplify -indvarspre -indvars -loop-simplify -xunroll -constprop -instcombine -simplifycfg -indvars -simplifycfg -dce -globaldce -basicaa -simplifycfg -mem2reg -globalopt -global-constprop -deadargelim -instcombine -simplifycfg -prune-eh -simplifycfg -scalarrepl -instcombine -reassociate -licm -simplifycfg -loop-simplify -indvars -instcombine -simplifycfg -mem2reg -loop-simplify -indvars -instcombine -gvn -gvn -instcombine -adce -break-crit-edges -simplifycfg -loop-delete -global-array-opt -dce -dse -adce -find-syn-modules -top pqcrystals_fips202_ref_sha3_256 -deadargelim -mem2reg -instcombine -dce -presyn-prepare -auto-rom-infer -interface-preproc -syn-check -check-rec-only -find-region -simplifycfg -func-extr -function-inline -globaldce -mem2reg -instcombine -dce -gvn -globaldce -adce -adse -constprop -instcombine -bit-constprop -instcombine -dce -simplifycfg -bitop-raise -simplifycfg -dce -loop-delete -reassociate -globalopt -global-privatize -mem2reg -dce -global-constprop -pointer-simplify -constprop -dce -func-inst -deadargelim -auto-shift-reg-idiom -promote-dbg-pointer -norm-name /home/ds6365/SHA/solution4/.autopilot/db/a.g.0.bc -o /home/ds6365/SHA/solution4/.autopilot/db/a.g.1.bc -f -phase std-opt 
Command         transform done; 0.18 sec.
INFO: [HLS 200-111] Finished Standard Transforms Time (s): cpu = 00:00:11 ; elapsed = 00:00:12 . Memory (MB): peak = 541.469 ; gain = 4.219 ; free physical = 60970 ; free virtual = 568465
INFO: [HLS 200-10] Checking synthesizability ...
INFO-FLOW: Checking Synthesizability 1/2..
Execute         transform -hls -syn-check -check-rec-only -disaggr -scalarrepl -norm-name -dce -mem2reg -instcombine -function-uniquify -directive-preproc -mem2reg -dse -dce -auto-rom-infer -dce -pag -array-normalize -instcombine -dce -warn-fifo-pointer -array-seg-normalize -instcombine -dce -array-flatten -instcombine -dce -array-burst -dce -deadargelim -promote-global-argument -simplifycfg -mem2reg -globaldce -resolve-double-ptr -dce -deadargelim -dce -instcombine -function-inline -globaldce -dce -doublePtrSimplify -doublePtrElim -dce -doublePtrSimplify -promote-dbg-pointer -dce -scalarrepl -dse -adse -instcombine -ptrLegalization -simplifycfg -dce -instcombine -pointer-simplify -ptrArgReplace -dce -instcombine -disaggr -scalarrepl -norm-name -dce -mem2reg -instcombine -ptrLegalization -simplifycfg -deadargelim -instcombine -dce -inst-simplify -function-uniquify -directive-preproc -mem2reg -dse -dce -globaldce -check-dspbuiltin /home/ds6365/SHA/solution4/.autopilot/db/a.g.1.bc -o /home/ds6365/SHA/solution4/.autopilot/db/a.g.2.prechk.bc -f 
INFO: [XFORM 203-602] Inlining function 'load64.1' into 'keccak_absorb' (fips202.c:379) automatically.
INFO: [XFORM 203-602] Inlining function 'load64' into 'keccak_absorb' (fips202.c:392) automatically.
INFO: [XFORM 203-602] Inlining function 'store64' into 'keccak_squeezeblocks' (fips202.c:419) automatically.
Command         transform done; 0.17 sec.
INFO-FLOW: Checking Synthesizability 2/2..
Execute         transform -syn-check /home/ds6365/SHA/solution4/.autopilot/db/a.g.2.prechk.bc -o /home/ds6365/SHA/solution4/.autopilot/db/a.g.2.bc -f -phase syn-check 
INFO: [HLS 200-111] Finished Checking Synthesizability Time (s): cpu = 00:00:11 ; elapsed = 00:00:13 . Memory (MB): peak = 541.469 ; gain = 4.219 ; free physical = 60971 ; free virtual = 568466
INFO-FLOW: Compiler optimizing ...
INFO-FLOW: Share syncheck's 1.bc for syn flow: copy /home/ds6365/SHA/solution4/.autopilot/db/a.g.1.bc to /home/ds6365/SHA/solution4/.autopilot/db/a.o.1.bc
INFO-FLOW: Presyn 1...
Execute         transform -hls -tmp /home/ds6365/SHA/solution4/.autopilot/db -interface-port-rename -type-info -function-uniquify -directive-preproc -mem2reg -dse -dce -disaggr -scalarrepl -norm-name -deadargelim -mem2reg -instcombine -dce -simplifycfg -auto-rom-infer -dce -function-uniquify -resource-proc -simplifycfg -mem2reg -globaldce -resolve-double-ptr -dce -deadargelim -dce -instcombine -clib-intrinsic-prepare -dce -func-buffer -dce -pag -array-normalize -func-legal -instcombine -gvn -constprop -dce -ptrArgReplace -mem2reg -instcombine -dce -array-seg-normalize -deadargelim -instcombine -dce -pointer-simplify -dce -port-alignment -dce -interface-preproc -data-pack -instcombine -dce -basicaa -aggr-aa -aggrmodref-aa -aggr-aa -gvn -gvn -basicaa -aggr-aa -aggrmodref-aa -aggr-aa -dse -adse -adce -loop-simplify -indvars -instcombine -gvn -loop-simplify -mem2reg -dce -find-region -instcombine -auto-loop-pipeline -inst-simplify -interface-preproc -cfgopt -instcombine -indvars -auto-loop-unroll -loop-simplify -loop-bound -xunroll -constprop -instcombine -simplifycfg -indvars -simplifycfg -dce -globaldce -clean-region -attach-range -gvn -inst-simplify -constprop -simplifycfg -dce -pointer-simplify -dce -globalopt -constprop -dce -array-promote -constprop -instcombine -dce -ptrArgReplace -mem2reg -instcombine -simplifycfg -dce -auto-par -instcombine -dce -array-transform-check -array-reshape -instcombine -simplifycfg -dce -ptrArgReplace -deadargelim -mem2reg -instcombine -simplifycfg -dce -indvars -loop-simplify -loop-bound -xunroll -constprop -instcombine -simplifycfg -indvars -simplifycfg -dce -globaldce -basicaa -aggr-aa -aggrmodref-aa -aggr-aa -dse -duplicate-dataflow-processes -globaldce -instcombine -array-partition -instcombine -simplifycfg -dce -ptrArgReplace -global-constprop -deadargelim -mem2reg -func-legal -instcombine -dce -global-constprop -deadargelim -mem2reg -instcombine -simplifycfg -dce -merge-param -deadargelim -globalopt -constprop -dce -array-promote -constprop -instcombine -dce -ptrArgReplace -mem2reg -instcombine -simplifycfg -dce -mem-intrinsic-preproc -dce -global-internalize -global-privatize -mem2reg -globaldce -promote-global-argument -ptrArgReplace -mem2reg -instcombine -dce -globalopt -mergereturn -simplify-global-access -mem2reg -dce -pointer-simplify -dce -functionattrs -basicaa -aggr-aa -aggrmodref-aa -aggr-aa -gvn -gvn -basicaa -aggr-aa -aggrmodref-aa -aggr-aa -dse -adse -adce -inst-simplify -dce -norm-name -function-inline -globaldce -func-inst -constprop -instcombine -simplifycfg -dce -func-legal -dce -loop-bound -arraycheck -bitwidthmin -on-by-dataflow -loop-delete -instcombine -simplifycfg -globaldce -dce -gvn -deadargelim -dce -loop-simplify -clean-region -simplifycfg -propagate-stable-arguments -loop-stream -instcombine -simplifycfg -dce -globaldce -duplicate-dataflow-processes -stream-intrinsic-preproc -dce -check-ap-stream -loop-simplify -eliminate-keepreads -extract-dataflow-in-loop -loop-simplify -dce -gvn -deadargelim -dse -check-dataflow-syntax -legalize-stream-variable -legalize-global -extract-subproc -dce -dead-channel-elimination -canonicalize-gep -globaldce -dce -gvn -deadargelim -annotate-dataflow-channels -scalar-propagation -deadargelim -globaldce -mem2reg -check-dataflow-channels -function-stream -dce -globaldce -prop-fifo-spec -internal-stream-gen -canonicalize-gep -globaldce -dce -gvn -deadargelim -mergereturn -indvars -loop-simplify -instcombine -array-stream -array-seg-normalize -array-partition -func-legal -instcombine -simplifycfg -dce -bundle-memfifo-ops -deadargelim -function-uniquify -directive-preproc -mem2reg -dse -dce -group-axi-access -licm -simplifycfg -dce -loop-delete -norm-name /home/ds6365/SHA/solution4/.autopilot/db/a.o.1.bc -o /home/ds6365/SHA/solution4/.autopilot/db/a.o.1.tmp.bc -f 
INFO: [XFORM 203-502] Unrolling all loops for pipelining in function 'pqcrystals_fips202_ref_sha3_256' (fips202.c:559).
INFO: [XFORM 203-502] Unrolling all loops for pipelining in function 'keccak_squeezeblocks' (fips202.c:407).
INFO: [XFORM 203-502] Unrolling all loops for pipelining in function 'keccak_absorb' (fips202.c:362).
INFO: [XFORM 203-502] Unrolling all loops for pipelining in function 'KeccakF1600_StatePermute' (fips202.c:84).
INFO: [XFORM 203-502] Unrolling all loops for pipelining in function 'store64' (fips202.c:41).
INFO: [XFORM 203-502] Unrolling all loops for pipelining in function 'load64' (fips202.c:23).
INFO: [HLS 200-489] Unrolling loop 'Loop-1' (fips202.c:568) in function 'pqcrystals_fips202_ref_sha3_256' completely with a factor of 32.
INFO: [HLS 200-489] Unrolling loop 'Loop-1' (fips202.c:415) in function 'keccak_squeezeblocks' completely with a factor of 1.
INFO: [HLS 200-489] Unrolling loop 'Loop-1.1' (fips202.c:417) in function 'keccak_squeezeblocks' completely with a factor of 17.
INFO: [HLS 200-489] Unrolling loop 'memset_t' in function 'keccak_absorb' completely with a factor of 199.
INFO: [HLS 200-489] Unrolling loop 'Loop-2' (fips202.c:372) in function 'keccak_absorb' completely with a factor of 25.
INFO: [HLS 200-489] Unrolling loop 'Loop-3' (fips202.c:376) in function 'keccak_absorb' completely with a factor of 0.
INFO: [HLS 200-489] Unrolling loop 'Loop-4' (fips202.c:386) in function 'keccak_absorb' completely with a factor of 3.
INFO: [HLS 200-489] Unrolling loop 'Loop-5' (fips202.c:391) in function 'keccak_absorb' completely with a factor of 17.
INFO: [HLS 200-489] Unrolling loop 'KeccakF1600_StatePermute_label1' (fips202.c:129) in function 'KeccakF1600_StatePermute' completely with a factor of 12.
INFO: [HLS 200-489] Unrolling loop 'Loop-1' (fips202.c:44) in function 'store64' completely with a factor of 8.
INFO: [HLS 200-489] Unrolling loop 'Loop-1' (fips202.c:27) in function 'load64' completely with a factor of 8.
INFO: [XFORM 203-101] Partitioning array 's' (fips202.c:562) in dimension 1 completely.
INFO: [XFORM 203-101] Partitioning array 't' (fips202.c:369) in dimension 1 with a block factor 4.
INFO: [XFORM 203-602] Inlining function 'keccak_squeezeblocks' into 'pqcrystals_fips202_ref_sha3_256' (fips202.c:566) automatically.
Command         transform done; 8.15 sec.
INFO-FLOW: Presyn 2...
Execute         transform -hls -keep-callgraph -scalarrepl -mem2reg -port-alignment -attach-range -dce -pipe-mux-gen -indvars -loop-bound -inst-simplify -instcombine -dce -merge-array-access -mem2reg -dce -clean-region -mergereturn -if-conv -instcombine -dce -constprop -basicaa -aggr-aa -aggrmodref-aa -aggr-aa -gvn -gvn -basicaa -aggr-aa -aggrmodref-aa -aggr-aa -dse -adse -adce -scalarrepl -mem2reg -global-constprop -deadargelim -deadargelim -instcombine -dce -simplifycfg -ptrArgReplace -mem2reg -function-inline -globaldce -mem2reg -instcombine -dce -expr-balance -instcombine -dce -bitwidthmin -interface-preproc -directive-preproc -inst-rectify -instcombine -dce -functionattrs -constprop -instcombine -bit-constprop -simplify-global-access -globalopt -globaldce -inst-simplify -instcombine -elimdeaddata -dce -loop-delete -simplifycfg -loop-simplify -auto-burst -norm-name /home/ds6365/SHA/solution4/.autopilot/db/a.o.1.tmp.bc -o /home/ds6365/SHA/solution4/.autopilot/db/a.o.2.bc -f -phase presyn 
INFO: [XFORM 203-11] Balancing expressions in function 'KeccakF1600_StatePermute' (fips202.c:84)...821 expression(s) balanced.
Command         transform done; 5.03 sec.
INFO: [HLS 200-111] Finished Pre-synthesis Time (s): cpu = 00:00:24 ; elapsed = 00:00:26 . Memory (MB): peak = 669.383 ; gain = 132.133 ; free physical = 60703 ; free virtual = 568199
INFO-FLOW: Building ssdm...
Execute         transform -hls -function-uniquify -auto-function-inline -globaldce -ptrArgReplace -mem2reg -instcombine -dce -reset-lda -loop-simplify -indvars -licm -loop-dep -loop-bound -licm -loop-simplify -flattenloopnest -array-flatten -gvn -instcombine -dce -array-map -dce -func-legal -gvn -adce -instcombine -cfgopt -simplifycfg -loop-simplify -array-burst -promote-global-argument -dce -axi4-lower -array-seg-normalize -basicaa -aggrmodref-aa -globalsmodref-aa -aggr-aa -gvn -gvn -basicaa -aggrmodref-aa -globalsmodref-aa -aggr-aa -dse -adse -adce -licm -inst-simplify -dce -globaldce -instcombine -array-stream -eliminate-keepreads -instcombine -dce -deadargelim -doublePtrSimplify -doublePtrElim -dce -doublePtrSimplify -promote-dbg-pointer -dce -scalarrepl -mem2reg -disaggr -norm-name -mem2reg -instcombine -dse -adse -adce -ptrLegalization -dce -auto-rom-infer -array-flatten -dce -instcombine -check-doubleptr -loop-rot -constprop -cfgopt -simplifycfg -loop-simplify -indvars -pointer-simplify -dce -loop-bound -loop-simplify -loop-preproc -constprop -global-constprop -gvn -mem2reg -instcombine -dce -loop-bound -loop-merge -dce -bitwidthmin -deadargelim -dce -canonicalize-dataflow -dce -scalar-propagation -deadargelim -globaldce -mem2reg -read-loop-dep -interface-preproc -directive-preproc -interface-gen -bram-byte-enable -deadargelim -inst-simplify -dce -gvn -mem2reg -instcombine -dce -adse -loop-bound -instcombine -cfgopt -simplifycfg -loop-simplify -clean-region -io-protocol -find-region -mem2reg -bitop-raise -inst-simplify -inst-rectify -instcombine -adce -deadargelim -loop-simplify -phi-opt -bitop-raise -cfgopt -simplifycfg -strip-dead-prototypes -interface-lower -bitop-lower -intrinsic-lower -auto-function-inline -basicaa -aggrmodref-aa -globalsmodref-aa -aggr-aa -inst-simplify -simplifycfg -loop-simplify -mergereturn -inst-simplify -inst-rectify -dce -load-elim -bitop-lower -loop-rewind -pointer-simplify -dce -cfgopt -dce -bitwidth -loop-bound -loop-dep -read-loop-dep -dce -check-stream -norm-name -legalize -validate-dataflow -inst-clarity -cdfg-build /home/ds6365/SHA/solution4/.autopilot/db/a.o.2.bc -o /home/ds6365/SHA/solution4/.autopilot/db/a.o.3.bc -f -phase build-ssdm 
WARNING: [XFORM 203-631] Renaming function 'KeccakF1600_StatePermute' to 'KeccakF1600_StatePer' (fips202.c:131:13)
Command         transform done; 42.37 sec.
INFO: [HLS 200-111] Finished Architecture Synthesis Time (s): cpu = 00:01:06 ; elapsed = 00:01:08 . Memory (MB): peak = 733.383 ; gain = 196.133 ; free physical = 60664 ; free virtual = 568160
INFO-FLOW: Finish building internal data model.
Command       opt_and_import_c done; 57.35 sec.
Command     elaborate done; 66.86 sec.
Execute     autosyn -from_csynth_design=1 
INFO: [HLS 200-10] Starting hardware synthesis ...
INFO-FLOW: Synthesizing C/C++ design ...
INFO: [HLS 200-10] Synthesizing 'pqcrystals_fips202_ref_sha3_256' ...
Execute       ap_set_top_model pqcrystals_fips202_ref_sha3_256 
Execute       get_model_list pqcrystals_fips202_ref_sha3_256 -filter all-wo-channel -topdown 
Execute       preproc_iomode -model pqcrystals_fips202_ref_sha3_256 
Execute       preproc_iomode -model store64 
Execute       preproc_iomode -model KeccakF1600_StatePer 
Execute       preproc_iomode -model keccak_absorb 
Execute       preproc_iomode -model load64 
Execute       get_model_list pqcrystals_fips202_ref_sha3_256 -filter all-wo-channel 
INFO-FLOW: Model list for configure: load64 keccak_absorb KeccakF1600_StatePer store64 pqcrystals_fips202_ref_sha3_256
INFO-FLOW: Configuring Module : load64 ...
Execute       set_default_model load64 
Execute       apply_spec_resource_limit load64 
INFO-FLOW: Configuring Module : keccak_absorb ...
Execute       set_default_model keccak_absorb 
Execute       apply_spec_resource_limit keccak_absorb 
INFO-FLOW: Configuring Module : KeccakF1600_StatePer ...
Execute       set_default_model KeccakF1600_StatePer 
Execute       apply_spec_resource_limit KeccakF1600_StatePer 
INFO-FLOW: Configuring Module : store64 ...
Execute       set_default_model store64 
Execute       apply_spec_resource_limit store64 
INFO-FLOW: Configuring Module : pqcrystals_fips202_ref_sha3_256 ...
Execute       set_default_model pqcrystals_fips202_ref_sha3_256 
Execute       apply_spec_resource_limit pqcrystals_fips202_ref_sha3_256 
INFO-FLOW: Model list for preprocess: load64 keccak_absorb KeccakF1600_StatePer store64 pqcrystals_fips202_ref_sha3_256
INFO-FLOW: Preprocessing Module: load64 ...
Execute       set_default_model load64 
Execute       cdfg_preprocess -model load64 
Execute       rtl_gen_preprocess load64 
INFO-FLOW: Preprocessing Module: keccak_absorb ...
Execute       set_default_model keccak_absorb 
Execute       cdfg_preprocess -model keccak_absorb 
Execute       rtl_gen_preprocess keccak_absorb 
INFO-FLOW: Preprocessing Module: KeccakF1600_StatePer ...
Execute       set_default_model KeccakF1600_StatePer 
Execute       cdfg_preprocess -model KeccakF1600_StatePer 
Execute       rtl_gen_preprocess KeccakF1600_StatePer 
INFO-FLOW: Preprocessing Module: store64 ...
Execute       set_default_model store64 
Execute       cdfg_preprocess -model store64 
Execute       rtl_gen_preprocess store64 
INFO-FLOW: Preprocessing Module: pqcrystals_fips202_ref_sha3_256 ...
Execute       set_default_model pqcrystals_fips202_ref_sha3_256 
Execute       cdfg_preprocess -model pqcrystals_fips202_ref_sha3_256 
Execute       rtl_gen_preprocess pqcrystals_fips202_ref_sha3_256 
WARNING: [SYN 201-107] Renaming port name 'pqcrystals_fips202_ref_sha3_256/in' to 'pqcrystals_fips202_ref_sha3_256/in_r' to avoid the conflict with HDL keywords or other object names.
INFO-FLOW: Model list for synthesis: load64 keccak_absorb KeccakF1600_StatePer store64 pqcrystals_fips202_ref_sha3_256
INFO: [HLS 200-10] ----------------------------------------------------------------
INFO: [HLS 200-42] -- Implementing module 'load64' 
INFO: [HLS 200-10] ----------------------------------------------------------------
Execute       set_default_model load64 
Execute       schedule -model load64 
INFO: [SCHED 204-11] Starting scheduling ...
INFO: [SCHED 204-61] Pipelining function 'load64'.
WARNING: [SCHED 204-69] Unable to schedule 'load' operation ('x_0_load_2', fips202.c:28) on array 'x_0' due to limited memory ports. Please consider using a memory core with more ports or partitioning the array 'x_0'.
INFO: [SCHED 204-61] Pipelining result : Target II = 1, Final II = 4, Depth = 16.
INFO: [SCHED 204-11] Finished scheduling.
Command       schedule done; 0.31 sec.
INFO: [HLS 200-111]  Elapsed time: 68.57 seconds; current allocated memory: 149.494 MB.
Execute       report -o /home/ds6365/SHA/solution4/.autopilot/db/load64.verbose.sched.rpt -verbose -f 
Command       report done; 0.47 sec.
Execute       db_write -o /home/ds6365/SHA/solution4/.autopilot/db/load64.sched.adb -f 
INFO-FLOW: Finish scheduling load64.
Execute       set_default_model load64 
Execute       bind -model load64 
BIND OPTION: fu_weight=[ 0.0 -- 1.0 ]
BIND OPTION: model=load64
BIND OPTION: reg_weight=[ 0.0 -- 1.0 ]
INFO: [BIND 205-100] Starting micro-architecture generation ...
INFO: [BIND 205-101] Performing variable lifetime analysis.
INFO: [BIND 205-101] Exploring resource sharing.
INFO: [BIND 205-101] Binding ...
INFO: [BIND 205-100] Finished micro-architecture generation.
Command       bind done; 0.11 sec.
INFO: [HLS 200-111]  Elapsed time: 0.68 seconds; current allocated memory: 150.277 MB.
Execute       report -o /home/ds6365/SHA/solution4/.autopilot/db/load64.verbose.bind.rpt -verbose -f 
Command       report done; 0.61 sec.
Execute       db_write -o /home/ds6365/SHA/solution4/.autopilot/db/load64.bind.adb -f 
INFO-FLOW: Finish binding load64.
INFO: [HLS 200-10] ----------------------------------------------------------------
INFO: [HLS 200-42] -- Implementing module 'keccak_absorb' 
INFO: [HLS 200-10] ----------------------------------------------------------------
Execute       set_default_model keccak_absorb 
Execute       schedule -model keccak_absorb 
INFO: [SCHED 204-11] Starting scheduling ...
INFO: [SCHED 204-61] Pipelining function 'keccak_absorb'.
WARNING: [SCHED 204-68] The II Violation in module 'keccak_absorb': Unable to enforce a carried dependence constraint (II = 4, distance = 1, offset = 1)
   between 'call' operation ('tmp', fips202.c:392) to 'load64' and 'store' operation (fips202.c:387) of variable 'm_load', fips202.c:387 on array 't[0]', fips202.c:369.
WARNING: [SCHED 204-62] II = 5 is infeasible due to multiple pipeline iteration latency = 16 and incompatible II = 4 of 'call' operation ('tmp', fips202.c:392) to 'load64'.
WARNING: [SCHED 204-62] II = 6 is infeasible due to multiple pipeline iteration latency = 16 and incompatible II = 4 of 'call' operation ('tmp', fips202.c:392) to 'load64'.
WARNING: [SCHED 204-62] II = 7 is infeasible due to multiple pipeline iteration latency = 16 and incompatible II = 4 of 'call' operation ('tmp', fips202.c:392) to 'load64'.
WARNING: [SCHED 204-68] The II Violation in module 'keccak_absorb': Unable to enforce a carried dependence constraint (II = 8, distance = 1, offset = 1)
   between 'call' operation ('tmp', fips202.c:392) to 'load64' and 'store' operation (fips202.c:387) of variable 'm_load', fips202.c:387 on array 't[0]', fips202.c:369.
WARNING: [SCHED 204-62] II = 9 is infeasible due to multiple pipeline iteration latency = 16 and incompatible II = 4 of 'call' operation ('tmp', fips202.c:392) to 'load64'.
WARNING: [SCHED 204-62] II = 10 is infeasible due to multiple pipeline iteration latency = 16 and incompatible II = 4 of 'call' operation ('tmp', fips202.c:392) to 'load64'.
WARNING: [SCHED 204-62] II = 11 is infeasible due to multiple pipeline iteration latency = 16 and incompatible II = 4 of 'call' operation ('tmp', fips202.c:392) to 'load64'.
WARNING: [SCHED 204-68] The II Violation in module 'keccak_absorb': Unable to enforce a carried dependence constraint (II = 12, distance = 1, offset = 1)
   between 'call' operation ('tmp', fips202.c:392) to 'load64' and 'store' operation (fips202.c:387) of variable 'm_load', fips202.c:387 on array 't[0]', fips202.c:369.
WARNING: [SCHED 204-62] II = 13 is infeasible due to multiple pipeline iteration latency = 16 and incompatible II = 4 of 'call' operation ('tmp', fips202.c:392) to 'load64'.
WARNING: [SCHED 204-62] II = 14 is infeasible due to multiple pipeline iteration latency = 16 and incompatible II = 4 of 'call' operation ('tmp', fips202.c:392) to 'load64'.
WARNING: [SCHED 204-62] II = 15 is infeasible due to multiple pipeline iteration latency = 16 and incompatible II = 4 of 'call' operation ('tmp', fips202.c:392) to 'load64'.
WARNING: [SCHED 204-68] The II Violation in module 'keccak_absorb': Unable to enforce a carried dependence constraint (II = 16, distance = 1, offset = 1)
   between 'call' operation ('tmp', fips202.c:392) to 'load64' and 'store' operation (fips202.c:387) of variable 'm_load', fips202.c:387 on array 't[0]', fips202.c:369.
WARNING: [SCHED 204-68] The II Violation in module 'keccak_absorb': Unable to enforce a carried dependence constraint (II = 136, distance = 1, offset = 1)
   between 'call' operation ('tmp_5', fips202.c:392) to 'load64' and 'store' operation (fips202.c:387) of variable 'm_load', fips202.c:387 on array 't[0]', fips202.c:369.
WARNING: [SCHED 204-68] The II Violation in module 'keccak_absorb': Unable to enforce a carried dependence constraint (II = 196, distance = 1, offset = 1)
   between 'call' operation ('tmp_11', fips202.c:392) to 'load64' and 'store' operation (fips202.c:387) of variable 'm_load', fips202.c:387 on array 't[0]', fips202.c:369.
WARNING: [SCHED 204-68] The II Violation in module 'keccak_absorb': Unable to enforce a carried dependence constraint (II = 226, distance = 1, offset = 1)
   between 'call' operation ('tmp_13', fips202.c:392) to 'load64' and 'store' operation (fips202.c:387) of variable 'm_load', fips202.c:387 on array 't[0]', fips202.c:369.
WARNING: [SCHED 204-68] The II Violation in module 'keccak_absorb': Unable to enforce a carried dependence constraint (II = 241, distance = 1, offset = 1)
   between 'call' operation ('tmp_14', fips202.c:392) to 'load64' and 'store' operation (fips202.c:387) of variable 'm_load', fips202.c:387 on array 't[0]', fips202.c:369.
WARNING: [SCHED 204-68] The II Violation in module 'keccak_absorb': Unable to enforce a carried dependence constraint (II = 249, distance = 1, offset = 1)
   between 'call' operation ('tmp_14', fips202.c:392) to 'load64' and 'store' operation (fips202.c:387) of variable 'm_load', fips202.c:387 on array 't[0]', fips202.c:369.
WARNING: [SCHED 204-68] The II Violation in module 'keccak_absorb': Unable to enforce a carried dependence constraint (II = 253, distance = 1, offset = 1)
   between 'call' operation ('tmp_14', fips202.c:392) to 'load64' and 'store' operation (fips202.c:387) of variable 'm_load', fips202.c:387 on array 't[0]', fips202.c:369.
WARNING: [SCHED 204-68] The II Violation in module 'keccak_absorb': Unable to enforce a carried dependence constraint (II = 255, distance = 1, offset = 1)
   between 'call' operation ('tmp_14', fips202.c:392) to 'load64' and 'store' operation (fips202.c:387) of variable 'm_load', fips202.c:387 on array 't[0]', fips202.c:369.
WARNING: [SCHED 204-68] The II Violation in module 'keccak_absorb': Unable to enforce a carried dependence constraint (II = 256, distance = 1, offset = 1)
   between 'call' operation ('tmp_14', fips202.c:392) to 'load64' and 'store' operation (fips202.c:387) of variable 'm_load', fips202.c:387 on array 't[0]', fips202.c:369.
INFO: [SCHED 204-61] Unable to satisfy pipeline directive: Unable to pipeline the region.
INFO: [SCHED 204-11] Finished scheduling.
Command       schedule done; 0.35 sec.
INFO: [HLS 200-111]  Elapsed time: 1.05 seconds; current allocated memory: 151.187 MB.
Execute       report -o /home/ds6365/SHA/solution4/.autopilot/db/keccak_absorb.verbose.sched.rpt -verbose -f 
Command       report done; 0.36 sec.
Execute       db_write -o /home/ds6365/SHA/solution4/.autopilot/db/keccak_absorb.sched.adb -f 
Command       db_write done; 0.11 sec.
INFO-FLOW: Finish scheduling keccak_absorb.
Execute       set_default_model keccak_absorb 
Execute       bind -model keccak_absorb 
BIND OPTION: fu_weight=[ 0.0 -- 1.0 ]
BIND OPTION: model=keccak_absorb
BIND OPTION: reg_weight=[ 0.0 -- 1.0 ]
INFO: [BIND 205-100] Starting micro-architecture generation ...
INFO: [BIND 205-101] Performing variable lifetime analysis.
INFO: [BIND 205-101] Exploring resource sharing.
INFO: [BIND 205-101] Binding ...
INFO: [BIND 205-100] Finished micro-architecture generation.
Command       bind done; 1.36 sec.
INFO: [HLS 200-111]  Elapsed time: 1.83 seconds; current allocated memory: 152.725 MB.
Execute       report -o /home/ds6365/SHA/solution4/.autopilot/db/keccak_absorb.verbose.bind.rpt -verbose -f 
Command       report done; 0.51 sec.
Execute       db_write -o /home/ds6365/SHA/solution4/.autopilot/db/keccak_absorb.bind.adb -f 
Command       db_write done; 0.12 sec.
INFO-FLOW: Finish binding keccak_absorb.
INFO: [HLS 200-10] ----------------------------------------------------------------
INFO: [HLS 200-42] -- Implementing module 'KeccakF1600_StatePer' 
INFO: [HLS 200-10] ----------------------------------------------------------------
Execute       set_default_model KeccakF1600_StatePer 
Execute       schedule -model KeccakF1600_StatePer 
INFO: [SCHED 204-11] Starting scheduling ...
INFO: [SCHED 204-61] Pipelining function 'KeccakF1600_StatePer'.
INFO: [SCHED 204-61] Pipelining result : Target II = 1, Final II = 1, Depth = 7.
INFO: [SCHED 204-11] Finished scheduling.
Command       schedule done; 48.67 sec.
INFO: [HLS 200-111]  Elapsed time: 49.31 seconds; current allocated memory: 163.852 MB.
Execute       report -o /home/ds6365/SHA/solution4/.autopilot/db/KeccakF1600_StatePer.verbose.sched.rpt -verbose -f 
Command       report done; 5.61 sec.
Execute       db_write -o /home/ds6365/SHA/solution4/.autopilot/db/KeccakF1600_StatePer.sched.adb -f 
Command       db_write done; 1.72 sec.
INFO-FLOW: Finish scheduling KeccakF1600_StatePer.
Execute       set_default_model KeccakF1600_StatePer 
Execute       bind -model KeccakF1600_StatePer 
BIND OPTION: fu_weight=[ 0.0 -- 1.0 ]
BIND OPTION: model=KeccakF1600_StatePer
BIND OPTION: reg_weight=[ 0.0 -- 1.0 ]
INFO: [BIND 205-100] Starting micro-architecture generation ...
INFO: [BIND 205-101] Performing variable lifetime analysis.
INFO: [BIND 205-101] Exploring resource sharing.
INFO: [BIND 205-101] Binding ...
INFO: [BIND 205-100] Finished micro-architecture generation.
Command       bind done; 8.17 sec.
INFO: [HLS 200-111]  Elapsed time: 15.51 seconds; current allocated memory: 180.730 MB.
Execute       report -o /home/ds6365/SHA/solution4/.autopilot/db/KeccakF1600_StatePer.verbose.bind.rpt -verbose -f 
Command       report done; 14.45 sec.
Execute       db_write -o /home/ds6365/SHA/solution4/.autopilot/db/KeccakF1600_StatePer.bind.adb -f 
Command       db_write done; 1.71 sec.
INFO-FLOW: Finish binding KeccakF1600_StatePer.
INFO: [HLS 200-10] ----------------------------------------------------------------
INFO: [HLS 200-42] -- Implementing module 'store64' 
INFO: [HLS 200-10] ----------------------------------------------------------------
Execute       set_default_model store64 
Execute       schedule -model store64 
INFO: [SCHED 204-11] Starting scheduling ...
INFO: [SCHED 204-61] Pipelining function 'store64'.
WARNING: [SCHED 204-69] Unable to schedule 'store' operation (fips202.c:45) of variable 'tmp_4_2', fips202.c:45 on array 'x' due to limited memory ports. Please consider using a memory core with more ports or partitioning the array 'x'.
INFO: [SCHED 204-61] Pipelining result : Target II = 1, Final II = 4, Depth = 4.
INFO: [SCHED 204-11] Finished scheduling.
INFO: [HLS 200-111]  Elapsed time: 16.27 seconds; current allocated memory: 184.337 MB.
Execute       report -o /home/ds6365/SHA/solution4/.autopilot/db/store64.verbose.sched.rpt -verbose -f 
Execute       db_write -o /home/ds6365/SHA/solution4/.autopilot/db/store64.sched.adb -f 
INFO-FLOW: Finish scheduling store64.
Execute       set_default_model store64 
Execute       bind -model store64 
BIND OPTION: fu_weight=[ 0.0 -- 1.0 ]
BIND OPTION: model=store64
BIND OPTION: reg_weight=[ 0.0 -- 1.0 ]
INFO: [BIND 205-100] Starting micro-architecture generation ...
INFO: [BIND 205-101] Performing variable lifetime analysis.
INFO: [BIND 205-101] Exploring resource sharing.
INFO: [BIND 205-101] Binding ...
INFO: [BIND 205-100] Finished micro-architecture generation.
INFO: [HLS 200-111]  Elapsed time: 0.11 seconds; current allocated memory: 184.517 MB.
Execute       report -o /home/ds6365/SHA/solution4/.autopilot/db/store64.verbose.bind.rpt -verbose -f 
Execute       db_write -o /home/ds6365/SHA/solution4/.autopilot/db/store64.bind.adb -f 
INFO-FLOW: Finish binding store64.
INFO: [HLS 200-10] ----------------------------------------------------------------
INFO: [HLS 200-42] -- Implementing module 'pqcrystals_fips202_ref_sha3_256' 
INFO: [HLS 200-10] ----------------------------------------------------------------
Execute       set_default_model pqcrystals_fips202_ref_sha3_256 
Execute       schedule -model pqcrystals_fips202_ref_sha3_256 
INFO: [SCHED 204-11] Starting scheduling ...
WARNING: [SCHED 204-67] Unable to satisfy pipeline directive: subfunction 'keccak_absorb' is not pipelined.
INFO: [SCHED 204-11] Finished scheduling.
Command       schedule done; 0.43 sec.
INFO: [HLS 200-111]  Elapsed time: 0.54 seconds; current allocated memory: 185.142 MB.
Execute       report -o /home/ds6365/SHA/solution4/.autopilot/db/pqcrystals_fips202_ref_sha3_256.verbose.sched.rpt -verbose -f 
Command       report done; 0.73 sec.
Execute       db_write -o /home/ds6365/SHA/solution4/.autopilot/db/pqcrystals_fips202_ref_sha3_256.sched.adb -f 
INFO-FLOW: Finish scheduling pqcrystals_fips202_ref_sha3_256.
Execute       set_default_model pqcrystals_fips202_ref_sha3_256 
Execute       bind -model pqcrystals_fips202_ref_sha3_256 
BIND OPTION: fu_weight=[ 0.0 -- 1.0 ]
BIND OPTION: model=pqcrystals_fips202_ref_sha3_256
BIND OPTION: reg_weight=[ 0.0 -- 1.0 ]
INFO: [BIND 205-100] Starting micro-architecture generation ...
INFO: [BIND 205-101] Performing variable lifetime analysis.
INFO: [BIND 205-101] Exploring resource sharing.
INFO: [BIND 205-101] Binding ...
INFO: [BIND 205-100] Finished micro-architecture generation.
Command       bind done; 7.21 sec.
INFO: [HLS 200-111]  Elapsed time: 8.02 seconds; current allocated memory: 188.054 MB.
Execute       report -o /home/ds6365/SHA/solution4/.autopilot/db/pqcrystals_fips202_ref_sha3_256.verbose.bind.rpt -verbose -f 
Command       report done; 10.44 sec.
Execute       db_write -o /home/ds6365/SHA/solution4/.autopilot/db/pqcrystals_fips202_ref_sha3_256.bind.adb -f 
INFO-FLOW: Finish binding pqcrystals_fips202_ref_sha3_256.
Execute       get_model_list pqcrystals_fips202_ref_sha3_256 -filter all-wo-channel 
INFO-FLOW: Preprocessing for RTLGen ...
Execute       rtl_gen_preprocess load64 
Execute       rtl_gen_preprocess keccak_absorb 
Execute       rtl_gen_preprocess KeccakF1600_StatePer 
Execute       rtl_gen_preprocess store64 
Execute       rtl_gen_preprocess pqcrystals_fips202_ref_sha3_256 
INFO-FLOW: Model list for RTL generation: load64 keccak_absorb KeccakF1600_StatePer store64 pqcrystals_fips202_ref_sha3_256
INFO: [HLS 200-10] ----------------------------------------------------------------
INFO: [HLS 200-10] -- Generating RTL for module 'load64' 
INFO: [HLS 200-10] ----------------------------------------------------------------
Execute       get_config_rtl -prefix 
Execute       get_config_rtl -auto_prefix 
Execute       create_rtl_model load64 -vendor xilinx -mg_file /home/ds6365/SHA/solution4/.autopilot/db/load64.compgen.tcl 
INFO: [RTGEN 206-100] Generating core module 'pqcrystals_fips202_ref_sha3_256_mux_464_8_1_1': 8 instance(s).
INFO: [RTGEN 206-100] Generating core module 'pqcrystals_fips202_ref_sha3_256_urem_8ns_7ns_8_12_1': 8 instance(s).
INFO: [RTGEN 206-100] Finished creating RTL model for 'load64'.
INFO: [HLS 200-111]  Elapsed time: 10.65 seconds; current allocated memory: 192.038 MB.
Execute       source /home/ds6365/SHA/solution4/.autopilot/db/pqcrystals_fips202_ref_sha3_256.rtl_wrap.cfg.tcl 
Execute       gen_rtl load64 -style xilinx -tracefl mytrace -tracefmt vcd -traceopt all -f -lang sc -o /home/ds6365/SHA/solution4/syn/systemc/load64 -synmodules load64 keccak_absorb KeccakF1600_StatePer store64 pqcrystals_fips202_ref_sha3_256 
Execute       gen_rtl load64 -style xilinx -f -lang vhdl -o /home/ds6365/SHA/solution4/syn/vhdl/load64 
Execute       gen_rtl load64 -style xilinx -f -lang vlog -o /home/ds6365/SHA/solution4/syn/verilog/load64 
Execute       gen_tb_info load64 -o /home/ds6365/SHA/solution4/.autopilot/db/load64 -p /home/ds6365/SHA/solution4/.autopilot/db 
Execute       report -model load64 -o /home/ds6365/SHA/solution4/syn/report/load64_csynth.rpt -f 
Execute       report -model load64 -o /home/ds6365/SHA/solution4/syn/report/load64_csynth.xml -f -x 
Execute       report -model load64 -o /home/ds6365/SHA/solution4/.autopilot/db/load64.verbose.rpt -verbose -f 
Command       report done; 0.7 sec.
Execute       db_write -model load64 -o /home/ds6365/SHA/solution4/.autopilot/db/load64.adb -f 
Command       db_write done; 0.21 sec.
INFO: [HLS 200-10] ----------------------------------------------------------------
INFO: [HLS 200-10] -- Generating RTL for module 'keccak_absorb' 
INFO: [HLS 200-10] ----------------------------------------------------------------
Execute       get_config_rtl -prefix 
Execute       get_config_rtl -auto_prefix 
Execute       create_rtl_model keccak_absorb -vendor xilinx -mg_file /home/ds6365/SHA/solution4/.autopilot/db/keccak_absorb.compgen.tcl 
INFO: [RTGEN 206-100] Finished creating RTL model for 'keccak_absorb'.
Command       create_rtl_model done; 0.55 sec.
INFO: [HLS 200-111]  Elapsed time: 1.79 seconds; current allocated memory: 198.483 MB.
Execute       source /home/ds6365/SHA/solution4/.autopilot/db/pqcrystals_fips202_ref_sha3_256.rtl_wrap.cfg.tcl 
Execute       gen_rtl keccak_absorb -style xilinx -tracefl mytrace -tracefmt vcd -traceopt all -f -lang sc -o /home/ds6365/SHA/solution4/syn/systemc/keccak_absorb -synmodules load64 keccak_absorb KeccakF1600_StatePer store64 pqcrystals_fips202_ref_sha3_256 
Execute       gen_rtl keccak_absorb -style xilinx -f -lang vhdl -o /home/ds6365/SHA/solution4/syn/vhdl/keccak_absorb 
Execute       gen_rtl keccak_absorb -style xilinx -f -lang vlog -o /home/ds6365/SHA/solution4/syn/verilog/keccak_absorb 
Execute       gen_tb_info keccak_absorb -o /home/ds6365/SHA/solution4/.autopilot/db/keccak_absorb -p /home/ds6365/SHA/solution4/.autopilot/db 
Execute       report -model keccak_absorb -o /home/ds6365/SHA/solution4/syn/report/keccak_absorb_csynth.rpt -f 
Execute       report -model keccak_absorb -o /home/ds6365/SHA/solution4/syn/report/keccak_absorb_csynth.xml -f -x 
Execute       report -model keccak_absorb -o /home/ds6365/SHA/solution4/.autopilot/db/keccak_absorb.verbose.rpt -verbose -f 
Command       report done; 0.69 sec.
Execute       db_write -model keccak_absorb -o /home/ds6365/SHA/solution4/.autopilot/db/keccak_absorb.adb -f 
Command       db_write done; 0.21 sec.
INFO: [HLS 200-10] ----------------------------------------------------------------
INFO: [HLS 200-10] -- Generating RTL for module 'KeccakF1600_StatePer' 
INFO: [HLS 200-10] ----------------------------------------------------------------
Execute       get_config_rtl -prefix 
Execute       get_config_rtl -auto_prefix 
Execute       create_rtl_model KeccakF1600_StatePer -vendor xilinx -mg_file /home/ds6365/SHA/solution4/.autopilot/db/KeccakF1600_StatePer.compgen.tcl 
INFO: [RTGEN 206-104] Estimated max fanout for 'KeccakF1600_StatePer' is 10624 from HDL expression: (1'b0 == ap_block_pp0_stage0_11001)
INFO: [RTGEN 206-100] Finished creating RTL model for 'KeccakF1600_StatePer'.
Command       create_rtl_model done; 3.85 sec.
INFO: [HLS 200-111]  Elapsed time: 5.06 seconds; current allocated memory: 230.586 MB.
Execute       source /home/ds6365/SHA/solution4/.autopilot/db/pqcrystals_fips202_ref_sha3_256.rtl_wrap.cfg.tcl 
Execute       gen_rtl KeccakF1600_StatePer -style xilinx -tracefl mytrace -tracefmt vcd -traceopt all -f -lang sc -o /home/ds6365/SHA/solution4/syn/systemc/KeccakF1600_StatePer -synmodules load64 keccak_absorb KeccakF1600_StatePer store64 pqcrystals_fips202_ref_sha3_256 
Command       gen_rtl done; 0.12 sec.
Execute       gen_rtl KeccakF1600_StatePer -style xilinx -f -lang vhdl -o /home/ds6365/SHA/solution4/syn/vhdl/KeccakF1600_StatePer 
Execute       gen_rtl KeccakF1600_StatePer -style xilinx -f -lang vlog -o /home/ds6365/SHA/solution4/syn/verilog/KeccakF1600_StatePer 
Execute       gen_tb_info KeccakF1600_StatePer -o /home/ds6365/SHA/solution4/.autopilot/db/KeccakF1600_StatePer -p /home/ds6365/SHA/solution4/.autopilot/db 
Command       gen_tb_info done; 3.54 sec.
Execute       report -model KeccakF1600_StatePer -o /home/ds6365/SHA/solution4/syn/report/KeccakF1600_StatePer_csynth.rpt -f 
Command       report done; 3.64 sec.
Execute       report -model KeccakF1600_StatePer -o /home/ds6365/SHA/solution4/syn/report/KeccakF1600_StatePer_csynth.xml -f -x 
Command       report done; 3.41 sec.
Execute       report -model KeccakF1600_StatePer -o /home/ds6365/SHA/solution4/.autopilot/db/KeccakF1600_StatePer.verbose.rpt -verbose -f 
Command       report done; 18.23 sec.
Execute       db_write -model KeccakF1600_StatePer -o /home/ds6365/SHA/solution4/.autopilot/db/KeccakF1600_StatePer.adb -f 
Command       db_write done; 10.26 sec.
INFO: [HLS 200-10] ----------------------------------------------------------------
INFO: [HLS 200-10] -- Generating RTL for module 'store64' 
INFO: [HLS 200-10] ----------------------------------------------------------------
Execute       get_config_rtl -prefix 
Execute       get_config_rtl -auto_prefix 
Execute       create_rtl_model store64 -vendor xilinx -mg_file /home/ds6365/SHA/solution4/.autopilot/db/store64.compgen.tcl 
INFO: [RTGEN 206-100] Finished creating RTL model for 'store64'.
INFO: [HLS 200-111]  Elapsed time: 41.45 seconds; current allocated memory: 310.289 MB.
Execute       source /home/ds6365/SHA/solution4/.autopilot/db/pqcrystals_fips202_ref_sha3_256.rtl_wrap.cfg.tcl 
Execute       gen_rtl store64 -style xilinx -tracefl mytrace -tracefmt vcd -traceopt all -f -lang sc -o /home/ds6365/SHA/solution4/syn/systemc/store64 -synmodules load64 keccak_absorb KeccakF1600_StatePer store64 pqcrystals_fips202_ref_sha3_256 
Execute       gen_rtl store64 -style xilinx -f -lang vhdl -o /home/ds6365/SHA/solution4/syn/vhdl/store64 
Execute       gen_rtl store64 -style xilinx -f -lang vlog -o /home/ds6365/SHA/solution4/syn/verilog/store64 
Execute       gen_tb_info store64 -o /home/ds6365/SHA/solution4/.autopilot/db/store64 -p /home/ds6365/SHA/solution4/.autopilot/db 
Execute       report -model store64 -o /home/ds6365/SHA/solution4/syn/report/store64_csynth.rpt -f 
Execute       report -model store64 -o /home/ds6365/SHA/solution4/syn/report/store64_csynth.xml -f -x 
Execute       report -model store64 -o /home/ds6365/SHA/solution4/.autopilot/db/store64.verbose.rpt -verbose -f 
Command       report done; 0.11 sec.
Execute       db_write -model store64 -o /home/ds6365/SHA/solution4/.autopilot/db/store64.adb -f 
Command       db_write done; 1.83 sec.
INFO: [HLS 200-10] ----------------------------------------------------------------
INFO: [HLS 200-10] -- Generating RTL for module 'pqcrystals_fips202_ref_sha3_256' 
INFO: [HLS 200-10] ----------------------------------------------------------------
Execute       get_config_rtl -prefix 
Execute       get_config_rtl -auto_prefix 
Execute       create_rtl_model pqcrystals_fips202_ref_sha3_256 -vendor xilinx -mg_file /home/ds6365/SHA/solution4/.autopilot/db/pqcrystals_fips202_ref_sha3_256.compgen.tcl 
INFO: [RTGEN 206-500] Setting interface mode on port 'pqcrystals_fips202_ref_sha3_256/h' to 'ap_memory'.
INFO: [RTGEN 206-500] Setting interface mode on port 'pqcrystals_fips202_ref_sha3_256/in_r' to 'ap_memory'.
INFO: [RTGEN 206-500] Setting interface mode on port 'pqcrystals_fips202_ref_sha3_256/inlen' to 'ap_none'.
INFO: [RTGEN 206-500] Setting interface mode on function 'pqcrystals_fips202_ref_sha3_256' to 'ap_ctrl_hs'.
WARNING: [RTGEN 206-101] Port 'pqcrystals_fips202_ref_sha3_256/inlen' has no fanin or fanout and is left dangling.
               Please use C simulation to confirm this function argument can be read from or written to.
INFO: [RTGEN 206-100] Finished creating RTL model for 'pqcrystals_fips202_ref_sha3_256'.
Command       create_rtl_model done; 0.26 sec.
INFO: [HLS 200-111]  Elapsed time: 2.28 seconds; current allocated memory: 313.514 MB.
Execute       source /home/ds6365/SHA/solution4/.autopilot/db/pqcrystals_fips202_ref_sha3_256.rtl_wrap.cfg.tcl 
Execute       gen_rtl pqcrystals_fips202_ref_sha3_256 -istop -style xilinx -tracefl mytrace -tracefmt vcd -traceopt all -f -lang sc -o /home/ds6365/SHA/solution4/syn/systemc/pqcrystals_fips202_ref_sha3_256 -synmodules load64 keccak_absorb KeccakF1600_StatePer store64 pqcrystals_fips202_ref_sha3_256 
Execute       gen_rtl pqcrystals_fips202_ref_sha3_256 -istop -style xilinx -f -lang vhdl -o /home/ds6365/SHA/solution4/syn/vhdl/pqcrystals_fips202_ref_sha3_256 
Execute       gen_rtl pqcrystals_fips202_ref_sha3_256 -istop -style xilinx -f -lang vlog -o /home/ds6365/SHA/solution4/syn/verilog/pqcrystals_fips202_ref_sha3_256 
Execute       export_constraint_db -o /home/ds6365/SHA/solution4/.autopilot/db/pqcrystals_fips202_ref_sha3_256.constraint.tcl -f -tool general 
Execute       report -model pqcrystals_fips202_ref_sha3_256 -o /home/ds6365/SHA/solution4/.autopilot/db/pqcrystals_fips202_ref_sha3_256.design.xml -verbose -f -dv 
Command       report done; 7.27 sec.
Execute       report -model pqcrystals_fips202_ref_sha3_256 -o /home/ds6365/SHA/solution4/.autopilot/db/pqcrystals_fips202_ref_sha3_256.sdaccel.xml -verbose -f -sdaccel 
Command       report done; 0.12 sec.
Execute       gen_tb_info pqcrystals_fips202_ref_sha3_256 -o /home/ds6365/SHA/solution4/.autopilot/db/pqcrystals_fips202_ref_sha3_256 -p /home/ds6365/SHA/solution4/.autopilot/db 
Execute       report -model pqcrystals_fips202_ref_sha3_256 -o /home/ds6365/SHA/solution4/syn/report/pqcrystals_fips202_ref_sha3_256_csynth.rpt -f 
Execute       report -model pqcrystals_fips202_ref_sha3_256 -o /home/ds6365/SHA/solution4/syn/report/pqcrystals_fips202_ref_sha3_256_csynth.xml -f -x 
Execute       report -model pqcrystals_fips202_ref_sha3_256 -o /home/ds6365/SHA/solution4/.autopilot/db/pqcrystals_fips202_ref_sha3_256.verbose.rpt -verbose -f 
Command       report done; 11.08 sec.
Execute       db_write -model pqcrystals_fips202_ref_sha3_256 -o /home/ds6365/SHA/solution4/.autopilot/db/pqcrystals_fips202_ref_sha3_256.adb -f 
Command       db_write done; 2.03 sec.
Execute       sc_get_clocks pqcrystals_fips202_ref_sha3_256 
Execute       get_config_export -vivado_clock 
Execute       sc_get_portdomain pqcrystals_fips202_ref_sha3_256 
INFO-FLOW: Model list for RTL component generation: load64 keccak_absorb KeccakF1600_StatePer store64 pqcrystals_fips202_ref_sha3_256
INFO-FLOW: Handling components in module [load64] ... 
Execute       source /home/ds6365/SHA/solution4/.autopilot/db/load64.compgen.tcl 
INFO-FLOW: Found component pqcrystals_fips202_ref_sha3_256_urem_8ns_7ns_8_12_1.
INFO-FLOW: Append model pqcrystals_fips202_ref_sha3_256_urem_8ns_7ns_8_12_1
INFO-FLOW: Found component pqcrystals_fips202_ref_sha3_256_mux_464_8_1_1.
INFO-FLOW: Append model pqcrystals_fips202_ref_sha3_256_mux_464_8_1_1
INFO-FLOW: Handling components in module [keccak_absorb] ... 
Execute       source /home/ds6365/SHA/solution4/.autopilot/db/keccak_absorb.compgen.tcl 
INFO-FLOW: Found component keccak_absorb_t_1.
INFO-FLOW: Append model keccak_absorb_t_1
INFO-FLOW: Found component keccak_absorb_t_2.
INFO-FLOW: Append model keccak_absorb_t_2
INFO-FLOW: Found component keccak_absorb_t_0.
INFO-FLOW: Append model keccak_absorb_t_0
INFO-FLOW: Handling components in module [KeccakF1600_StatePer] ... 
Execute       source /home/ds6365/SHA/solution4/.autopilot/db/KeccakF1600_StatePer.compgen.tcl 
INFO-FLOW: Handling components in module [store64] ... 
Execute       source /home/ds6365/SHA/solution4/.autopilot/db/store64.compgen.tcl 
INFO-FLOW: Handling components in module [pqcrystals_fips202_ref_sha3_256] ... 
Execute       source /home/ds6365/SHA/solution4/.autopilot/db/pqcrystals_fips202_ref_sha3_256.compgen.tcl 
INFO-FLOW: Found component pqcrystals_fips202_ref_sha3_256_out_assign.
INFO-FLOW: Append model pqcrystals_fips202_ref_sha3_256_out_assign
INFO-FLOW: Append model load64
INFO-FLOW: Append model keccak_absorb
INFO-FLOW: Append model KeccakF1600_StatePer
INFO-FLOW: Append model store64
INFO-FLOW: Append model pqcrystals_fips202_ref_sha3_256
INFO-FLOW: Generating RTL model list ...
INFO-FLOW: All models in this session: pqcrystals_fips202_ref_sha3_256_urem_8ns_7ns_8_12_1 pqcrystals_fips202_ref_sha3_256_mux_464_8_1_1 keccak_absorb_t_1 keccak_absorb_t_2 keccak_absorb_t_0 pqcrystals_fips202_ref_sha3_256_out_assign load64 keccak_absorb KeccakF1600_StatePer store64 pqcrystals_fips202_ref_sha3_256
INFO-FLOW: To file: write model pqcrystals_fips202_ref_sha3_256_urem_8ns_7ns_8_12_1
INFO-FLOW: To file: write model pqcrystals_fips202_ref_sha3_256_mux_464_8_1_1
INFO-FLOW: To file: write model keccak_absorb_t_1
INFO-FLOW: To file: write model keccak_absorb_t_2
INFO-FLOW: To file: write model keccak_absorb_t_0
INFO-FLOW: To file: write model pqcrystals_fips202_ref_sha3_256_out_assign
INFO-FLOW: To file: write model load64
INFO-FLOW: To file: write model keccak_absorb
INFO-FLOW: To file: write model KeccakF1600_StatePer
INFO-FLOW: To file: write model store64
INFO-FLOW: To file: write model pqcrystals_fips202_ref_sha3_256
INFO-FLOW: Finished generating RTL model list.


INFO-FLOW: RTL Generation done.
INFO-FLOW: CAS Generation done.
INFO-FLOW: CBC Generation done.
INFO-FLOW: DBG:CMD: auto_generate_csynth_design
INFO-FLOW: DBG:CMD:     auto_generate --sim-model -phase csynth_design -d /home/ds6365/SHA/solution4
Execute       source /home/ds6365/SHA/solution4/.autopilot/db/global.setting.tcl 
INFO-FLOW: DBG:CMD: read_platform_lib /home/ds6365/SHA/solution4/.autopilot/db/global.setting.tcl
Execute       source /opt/Xilinx2018/Vivado/2018.3/common/technology/generic/autopilot/common.gen 
Execute         source /opt/Xilinx2018/Vivado/2018.3/common/technology/generic/autopilot/APCoreGen.gen 
Execute       source /opt/Xilinx2018/Vivado/2018.3/common/technology/generic/autopilot/op.gen 
Execute       source /opt/Xilinx2018/Vivado/2018.3/common/technology/generic/autopilot/op_simcore.gen 
Execute       source /opt/Xilinx2018/Vivado/2018.3/common/technology/generic/autopilot/interface.gen 
Execute       source /home/ds6365/SHA/solution4/.autopilot/db/global.setting.tcl 
Execute       source /opt/Xilinx2018/Vivado/2018.3/common/technology/xilinx/virtex7/virtex7.gen 
Execute         source /opt/Xilinx2018/Vivado/2018.3/common/technology/xilinx/common/virtex.gen 
Execute           source /opt/Xilinx2018/Vivado/2018.3/common/technology/xilinx/common/xilinx.gen 
Execute             source /opt/Xilinx2018/Vivado/2018.3/common/technology/xilinx/interface/plb46.gen 
Execute             source /opt/Xilinx2018/Vivado/2018.3/common/technology/xilinx/interface/fsl.gen 
Execute             source /opt/Xilinx2018/Vivado/2018.3/common/technology/xilinx/interface/axi4.gen 
Execute             source /opt/Xilinx2018/Vivado/2018.3/common/technology/xilinx/interface/nativeAXI4.gen 
Execute               source /opt/Xilinx2018/Vivado/2018.3/common/technology/xilinx/interface/saxilite.gen 
Execute               source /opt/Xilinx2018/Vivado/2018.3/common/technology/xilinx/interface/maxi.gen 
Execute             source /opt/Xilinx2018/Vivado/2018.3/common/technology/xilinx/scripts/xilinxcoregen.gen 
Execute             source /opt/Xilinx2018/Vivado/2018.3/common/technology/xilinx/interface/XilEDKCoreGen.gen 
Execute             source /opt/Xilinx2018/Vivado/2018.3/common/technology/xilinx/ip/dds_compiler.gen 
Execute             source /opt/Xilinx2018/Vivado/2018.3/common/technology/xilinx/ip/util.gen 
Execute             source /opt/Xilinx2018/Vivado/2018.3/common/technology/xilinx/ip/xfft.gen 
Command             ap_source done; 0.2 sec.
Execute             source /opt/Xilinx2018/Vivado/2018.3/common/technology/xilinx/ip/xfir.gen 
Command           ap_source done; 0.29 sec.
Execute           source /opt/Xilinx2018/Vivado/2018.3/common/technology/xilinx/common/dsp48.gen 
Command         ap_source done; 0.3 sec.
Command       ap_source done; 0.3 sec.
Execute       source /opt/Xilinx2018/Vivado/2018.3/common/technology/xilinx/virtex7/virtex7_fpv6.gen 
Execute         source /opt/Xilinx2018/Vivado/2018.3/common/technology/xilinx/common/xilinx_fpv6.gen 
INFO-FLOW: DBG:CMD:   using AESL_AUTOCG::g_clock_period=10.000 (was NA)
INFO-FLOW: DBG:CMD:       generate_ip_cores sim=1 export=0 expOnly=0 dstVlogDir=syn/verilog
Execute       source /home/ds6365/SHA/solution4/.autopilot/db/global.setting.tcl 
Execute       source /home/ds6365/SHA/solution4/.autopilot/db/global.setting.tcl 
Execute       source /home/ds6365/SHA/solution4/.autopilot/db/global.setting.tcl 
Execute       source /home/ds6365/SHA/solution4/.autopilot/db/load64.compgen.tcl 
INFO: [RTMG 210-282] Generating pipelined core: 'pqcrystals_fips202_ref_sha3_256_urem_8ns_7ns_8_12_1_div'
Command       ap_source done; 0.12 sec.
Execute       source /home/ds6365/SHA/solution4/.autopilot/db/keccak_absorb.compgen.tcl 
WARNING: [RTMG 210-274] Memory 'keccak_absorb_t_1' is read-only, switch it to a ROM.
INFO: [RTMG 210-279] Implementing memory 'keccak_absorb_t_1_rom' using distributed ROMs.
WARNING: [RTMG 210-274] Memory 'keccak_absorb_t_2' is read-only, switch it to a ROM.
INFO: [RTMG 210-279] Implementing memory 'keccak_absorb_t_2_rom' using distributed ROMs.
INFO: [RTMG 210-278] Implementing memory 'keccak_absorb_t_0_ram (RAM)' using block RAMs.
Command       ap_source done; 0.11 sec.
Execute       source /home/ds6365/SHA/solution4/.autopilot/db/KeccakF1600_StatePer.compgen.tcl 
Execute       source /home/ds6365/SHA/solution4/.autopilot/db/store64.compgen.tcl 
Execute       source /home/ds6365/SHA/solution4/.autopilot/db/pqcrystals_fips202_ref_sha3_256.compgen.tcl 
INFO: [RTMG 210-278] Implementing memory 'pqcrystals_fips202_ref_sha3_256_out_assign_ram (RAM)' using block RAMs.
INFO-FLOW: DBG:CMD:     auto_generate -export -impltomg_flag -rtl both -tool Vivado -pcore_version 1.00.a -phase csynth_design -d /home/ds6365/SHA/solution4
Execute       source /home/ds6365/SHA/solution4/.autopilot/db/global.setting.tcl 
INFO-FLOW: DBG:CMD: read_platform_lib /home/ds6365/SHA/solution4/.autopilot/db/global.setting.tcl
Execute       source /opt/Xilinx2018/Vivado/2018.3/common/technology/generic/autopilot/common.gen 
Execute         source /opt/Xilinx2018/Vivado/2018.3/common/technology/generic/autopilot/APCoreGen.gen 
Execute       source /opt/Xilinx2018/Vivado/2018.3/common/technology/generic/autopilot/op.gen 
Execute       source /opt/Xilinx2018/Vivado/2018.3/common/technology/generic/autopilot/op_simcore.gen 
Execute       source /opt/Xilinx2018/Vivado/2018.3/common/technology/generic/autopilot/interface.gen 
Execute       source /home/ds6365/SHA/solution4/.autopilot/db/global.setting.tcl 
Execute       source /opt/Xilinx2018/Vivado/2018.3/common/technology/xilinx/virtex7/virtex7.gen 
Execute         source /opt/Xilinx2018/Vivado/2018.3/common/technology/xilinx/common/virtex.gen 
Execute           source /opt/Xilinx2018/Vivado/2018.3/common/technology/xilinx/common/xilinx.gen 
Execute             source /opt/Xilinx2018/Vivado/2018.3/common/technology/xilinx/interface/plb46.gen 
Execute             source /opt/Xilinx2018/Vivado/2018.3/common/technology/xilinx/interface/fsl.gen 
Execute             source /opt/Xilinx2018/Vivado/2018.3/common/technology/xilinx/interface/axi4.gen 
Execute             source /opt/Xilinx2018/Vivado/2018.3/common/technology/xilinx/interface/nativeAXI4.gen 
Execute               source /opt/Xilinx2018/Vivado/2018.3/common/technology/xilinx/interface/saxilite.gen 
Execute               source /opt/Xilinx2018/Vivado/2018.3/common/technology/xilinx/interface/maxi.gen 
Execute             source /opt/Xilinx2018/Vivado/2018.3/common/technology/xilinx/scripts/xilinxcoregen.gen 
Execute             source /opt/Xilinx2018/Vivado/2018.3/common/technology/xilinx/interface/XilEDKCoreGen.gen 
Execute             source /opt/Xilinx2018/Vivado/2018.3/common/technology/xilinx/ip/dds_compiler.gen 
Execute             source /opt/Xilinx2018/Vivado/2018.3/common/technology/xilinx/ip/util.gen 
Execute             source /opt/Xilinx2018/Vivado/2018.3/common/technology/xilinx/ip/xfft.gen 
Command             ap_source done; 0.2 sec.
Execute             source /opt/Xilinx2018/Vivado/2018.3/common/technology/xilinx/ip/xfir.gen 
Command           ap_source done; 0.28 sec.
Execute           source /opt/Xilinx2018/Vivado/2018.3/common/technology/xilinx/common/dsp48.gen 
Command         ap_source done; 0.28 sec.
Command       ap_source done; 0.28 sec.
Execute       source /opt/Xilinx2018/Vivado/2018.3/common/technology/xilinx/virtex7/virtex7_fpv6.gen 
Execute         source /opt/Xilinx2018/Vivado/2018.3/common/technology/xilinx/common/xilinx_fpv6.gen 
INFO-FLOW: DBG:CMD:       initCTypeInfo top_module=pqcrystals_fips202_ref_sha3_256 xml_exists=0
Execute       source /home/ds6365/SHA/solution4/.autopilot/db/pqcrystals_fips202_ref_sha3_256.rtl_wrap.cfg.tcl 
Execute       source /home/ds6365/SHA/solution4/.autopilot/db/pqcrystals_fips202_ref_sha3_256.rtl_wrap.cfg.tcl 
Execute       source /home/ds6365/SHA/solution4/.autopilot/db/pqcrystals_fips202_ref_sha3_256.rtl_wrap.cfg.tcl 
Execute       source /home/ds6365/SHA/solution4/.autopilot/db/pqcrystals_fips202_ref_sha3_256.tbgen.tcl 
Execute       source /home/ds6365/SHA/solution4/.autopilot/db/pqcrystals_fips202_ref_sha3_256.tbgen.tcl 
INFO-FLOW: DBG:CMD:       export_impl_rtl
INFO-FLOW: DBG:CMD:       generate_ip_cores sim=0 export=0 expOnly=0 dstVlogDir=impl/.verilog
Execute       source /home/ds6365/SHA/solution4/.autopilot/db/global.setting.tcl 
Execute       source /home/ds6365/SHA/solution4/.autopilot/db/load64.compgen.tcl 
Execute       source /home/ds6365/SHA/solution4/.autopilot/db/keccak_absorb.compgen.tcl 
Execute       source /home/ds6365/SHA/solution4/.autopilot/db/KeccakF1600_StatePer.compgen.tcl 
Execute       source /home/ds6365/SHA/solution4/.autopilot/db/store64.compgen.tcl 
Execute       source /home/ds6365/SHA/solution4/.autopilot/db/pqcrystals_fips202_ref_sha3_256.compgen.tcl 
INFO-FLOW: DBG:CMD:       generate_ip_cores sim=0 export=1 expOnly=1 dstVlogDir=impl/.pcores/verilog
Execute       source /home/ds6365/SHA/solution4/.autopilot/db/global.setting.tcl 
Execute       source /home/ds6365/SHA/solution4/.autopilot/db/load64.compgen.tcl 
Execute       source /home/ds6365/SHA/solution4/.autopilot/db/keccak_absorb.compgen.tcl 
Execute       source /home/ds6365/SHA/solution4/.autopilot/db/KeccakF1600_StatePer.compgen.tcl 
Execute       source /home/ds6365/SHA/solution4/.autopilot/db/store64.compgen.tcl 
Execute       source /home/ds6365/SHA/solution4/.autopilot/db/pqcrystals_fips202_ref_sha3_256.compgen.tcl 
Execute         source /home/ds6365/SHA/solution4/.autopilot/db/pqcrystals_fips202_ref_sha3_256.tbgen.tcl 
Execute         source /home/ds6365/SHA/solution4/.autopilot/db/pqcrystals_fips202_ref_sha3_256.tbgen.tcl 
INFO-FLOW: DBG:CMD:       generate_ip_cores sim=0 export=0 expOnly=0 dstVlogDir=impl/.pcores/verilog_sim
Execute       source /home/ds6365/SHA/solution4/.autopilot/db/global.setting.tcl 
Execute       source /home/ds6365/SHA/solution4/.autopilot/db/load64.compgen.tcl 
Execute       source /home/ds6365/SHA/solution4/.autopilot/db/keccak_absorb.compgen.tcl 
Execute       source /home/ds6365/SHA/solution4/.autopilot/db/KeccakF1600_StatePer.compgen.tcl 
Execute       source /home/ds6365/SHA/solution4/.autopilot/db/store64.compgen.tcl 
Execute       source /home/ds6365/SHA/solution4/.autopilot/db/pqcrystals_fips202_ref_sha3_256.compgen.tcl 
Execute       source /home/ds6365/SHA/solution4/.autopilot/db/global.setting.tcl 
Execute       source /home/ds6365/SHA/solution4/.autopilot/db/pqcrystals_fips202_ref_sha3_256.constraint.tcl 
Execute       source /home/ds6365/SHA/solution4/.autopilot/db/pqcrystals_fips202_ref_sha3_256.tbgen.tcl 
INFO-FLOW: DBG:CMD:       hasPcoreIpAdapter=false #gSsdmPorts=6
INFO-FLOW: DBG:CMD: Skipping loadAnalyze_DB, #g_database=3
INFO-FLOW: DBG:CMD:       generate_json is_phase_csynth=1 g_has_adaptors=false generate_bd_files=0 #modelList=11 #gSsdmPorts=6
Execute       source /home/ds6365/SHA/solution4/.autopilot/db/global.setting.tcl 
Execute       source /home/ds6365/SHA/solution4/.autopilot/db/global.setting.tcl 
Execute       source /home/ds6365/SHA/solution4/.autopilot/db/pqcrystals_fips202_ref_sha3_256.tbgen.tcl 
Execute       source /home/ds6365/SHA/solution4/.autopilot/db/pqcrystals_fips202_ref_sha3_256.tbgen.tcl 
Execute       source /home/ds6365/SHA/solution4/.autopilot/db/global.setting.tcl 
Execute       get_config_sdx -target 
Execute       get_config_export -xo 
Execute       source /home/ds6365/SHA/solution4/.autopilot/db/global.setting.tcl 
Execute       source /home/ds6365/SHA/solution4/.autopilot/db/pqcrystals_fips202_ref_sha3_256.constraint.tcl 
Execute       sc_get_clocks pqcrystals_fips202_ref_sha3_256 
Execute       source /home/ds6365/SHA/solution4/.autopilot/db/global.setting.tcl 
Execute       get_config_sdx -target 
Execute       get_config_sdx -profile 
Execute       ::config_rtl 
INFO-FLOW: DBG:CMD: add_json_sdx_info kernel file does not exist: /home/ds6365/SHA/solution4/.autopilot/db/kernel.internal.xml
INFO-FLOW: DBG:CMD:       delete-temp-dirs (skipped for debug)
INFO: [HLS 200-111] Finished generating all RTL models Time (s): cpu = 00:03:23 ; elapsed = 00:04:05 . Memory (MB): peak = 1117.383 ; gain = 580.133 ; free physical = 60533 ; free virtual = 568052
INFO: [SYSC 207-301] Generating SystemC RTL for pqcrystals_fips202_ref_sha3_256.
INFO: [VHDL 208-304] Generating VHDL RTL for pqcrystals_fips202_ref_sha3_256.
INFO: [VLOG 209-307] Generating Verilog RTL for pqcrystals_fips202_ref_sha3_256.
Command     autosyn done; 177.33 sec.
Execute     get_part 
Execute     get_config_export -sdx_tcl 
Command   csynth_design done; 244.21 sec.
Command ap_source done; 244.83 sec.
Execute cleanup_all 
Command cleanup_all done; 0.48 sec.
