

================================================================
== Vivado HLS Report for 'keccak_squeezeblocks'
================================================================
* Date:           Mon Apr 12 09:19:23 2021

* Version:        2018.3 (Build 2405991 on Thu Dec 06 23:56:15 MST 2018)
* Project:        SHA
* Solution:       solution5
* Product family: virtex7
* Target device:  xc7vx980tffg1930-2l


================================================================
== Performance Estimates
================================================================
+ Timing (ns): 
    * Summary: 
    +--------+-------+----------+------------+
    |  Clock | Target| Estimated| Uncertainty|
    +--------+-------+----------+------------+
    |ap_clk  |  10.00|     8.736|        1.25|
    +--------+-------+----------+------------+

+ Latency (clock cycles): 
    * Summary: 
    +-----+-----+-----+-----+----------+
    |  Latency  |  Interval | Pipeline |
    | min | max | min | max |   Type   |
    +-----+-----+-----+-----+----------+
    |   74|   74|   68|   68| function |
    +-----+-----+-----+-----+----------+

    + Detail: 
        * Instance: 
        +---------------------------------+----------------------+-----+-----+-----+-----+----------+
        |                                 |                      |  Latency  |  Interval | Pipeline |
        |             Instance            |        Module        | min | max | min | max |   Type   |
        +---------------------------------+----------------------+-----+-----+-----+-----+----------+
        |grp_KeccakF1600_StatePer_fu_186  |KeccakF1600_StatePer  |    6|    6|    1|    1| function |
        |grp_store64_fu_224               |store64               |    3|    3|    4|    4| function |
        +---------------------------------+----------------------+-----+-----+-----+-----+----------+

        * Loop: 
        N/A



================================================================
== Utilization Estimates
================================================================
* Summary: 
+-----------------+---------+-------+---------+--------+
|       Name      | BRAM_18K| DSP48E|    FF   |   LUT  |
+-----------------+---------+-------+---------+--------+
|DSP              |        -|      -|        -|       -|
|Expression       |        -|      -|        0|       4|
|FIFO             |        -|      -|        -|       -|
|Instance         |        -|      -|    11773|  191113|
|Memory           |        -|      -|        -|       -|
|Multiplexer      |        -|      -|        -|     541|
|Register         |        -|      -|     1095|       -|
+-----------------+---------+-------+---------+--------+
|Total            |        0|      0|    12868|  191658|
+-----------------+---------+-------+---------+--------+
|Available        |     3000|   3600|  1224000|  612000|
+-----------------+---------+-------+---------+--------+
|Utilization (%)  |        0|      0|        1|      31|
+-----------------+---------+-------+---------+--------+

+ Detail: 
    * Instance: 
    +---------------------------------+----------------------+---------+-------+-------+--------+
    |             Instance            |        Module        | BRAM_18K| DSP48E|   FF  |   LUT  |
    +---------------------------------+----------------------+---------+-------+-------+--------+
    |grp_KeccakF1600_StatePer_fu_186  |KeccakF1600_StatePer  |        0|      0|  11713|  190873|
    |grp_store64_fu_224               |store64               |        0|      0|     60|     240|
    +---------------------------------+----------------------+---------+-------+-------+--------+
    |Total                            |                      |        0|      0|  11773|  191113|
    +---------------------------------+----------------------+---------+-------+-------+--------+

    * DSP48: 
    N/A

    * Memory: 
    N/A

    * FIFO: 
    N/A

    * Expression: 
    +---------------------------+----------+-------+---+----+------------+------------+
    |       Variable Name       | Operation| DSP48E| FF| LUT| Bitwidth P0| Bitwidth P1|
    +---------------------------+----------+-------+---+----+------------+------------+
    |ap_block_pp0_stage0_11001  |    and   |      0|  0|   2|           1|           1|
    |ap_enable_pp0              |    xor   |      0|  0|   2|           1|           2|
    +---------------------------+----------+-------+---+----+------------+------------+
    |Total                      |          |      0|  0|   4|           2|           3|
    +---------------------------+----------+-------+---+----+------------+------------+

    * Multiplexer: 
    +-----------------------------+-----+-----------+-----+-----------+
    |             Name            | LUT | Input Size| Bits| Total Bits|
    +-----------------------------+-----+-----------+-----+-----------+
    |ap_NS_fsm                    |  309|         69|    1|         69|
    |ap_enable_reg_pp0_iter0      |    9|          2|    1|          2|
    |ap_enable_reg_pp0_iter1      |    9|          2|    1|          2|
    |grp_store64_fu_224_u         |   89|         18|   64|       1152|
    |grp_store64_fu_224_x_offset  |   89|         18|    9|        162|
    |out_r_ce0                    |    9|          2|    1|          2|
    |out_r_ce1                    |    9|          2|    1|          2|
    |out_r_we0                    |    9|          2|    1|          2|
    |out_r_we1                    |    9|          2|    1|          2|
    +-----------------------------+-----+-----------+-----+-----------+
    |Total                        |  541|        117|   80|       1395|
    +-----------------------------+-----+-----------+-----+-----------+

    * Register: 
    +---------------------------------+----+----+-----+-----------+
    |               Name              | FF | LUT| Bits| Const Bits|
    +---------------------------------+----+----+-----+-----------+
    |ap_CS_fsm                        |  68|   0|   68|          0|
    |ap_enable_reg_pp0_iter0_reg      |   1|   0|    1|          0|
    |ap_enable_reg_pp0_iter1          |   1|   0|    1|          0|
    |grp_store64_fu_224_ap_start_reg  |   1|   0|    1|          0|
    |newret10_reg_448                 |  64|   0|   64|          0|
    |newret11_reg_453                 |  64|   0|   64|          0|
    |newret12_reg_458                 |  64|   0|   64|          0|
    |newret13_reg_463                 |  64|   0|   64|          0|
    |newret14_reg_468                 |  64|   0|   64|          0|
    |newret15_reg_473                 |  64|   0|   64|          0|
    |newret16_reg_478                 |  64|   0|   64|          0|
    |newret1_reg_403                  |  64|   0|   64|          0|
    |newret2_reg_428                  |  64|   0|   64|          0|
    |newret3_reg_408                  |  64|   0|   64|          0|
    |newret4_reg_433                  |  64|   0|   64|          0|
    |newret5_reg_413                  |  64|   0|   64|          0|
    |newret6_reg_438                  |  64|   0|   64|          0|
    |newret7_reg_418                  |  64|   0|   64|          0|
    |newret8_reg_443                  |  64|   0|   64|          0|
    |newret9_reg_423                  |  64|   0|   64|          0|
    +---------------------------------+----+----+-----+-----------+
    |Total                            |1095|   0| 1095|          0|
    +---------------------------------+----+----+-----+-----------+



================================================================
== Interface
================================================================
* Summary: 
+----------------+-----+-----+------------+----------------------+--------------+
|    RTL Ports   | Dir | Bits|  Protocol  |     Source Object    |    C Type    |
+----------------+-----+-----+------------+----------------------+--------------+
|ap_clk          |  in |    1| ap_ctrl_hs | keccak_squeezeblocks | return value |
|ap_rst          |  in |    1| ap_ctrl_hs | keccak_squeezeblocks | return value |
|ap_start        |  in |    1| ap_ctrl_hs | keccak_squeezeblocks | return value |
|ap_done         | out |    1| ap_ctrl_hs | keccak_squeezeblocks | return value |
|ap_idle         | out |    1| ap_ctrl_hs | keccak_squeezeblocks | return value |
|ap_ready        | out |    1| ap_ctrl_hs | keccak_squeezeblocks | return value |
|out_r_address0  | out |    8|  ap_memory |         out_r        |     array    |
|out_r_ce0       | out |    1|  ap_memory |         out_r        |     array    |
|out_r_we0       | out |    1|  ap_memory |         out_r        |     array    |
|out_r_d0        | out |    8|  ap_memory |         out_r        |     array    |
|out_r_address1  | out |    8|  ap_memory |         out_r        |     array    |
|out_r_ce1       | out |    1|  ap_memory |         out_r        |     array    |
|out_r_we1       | out |    1|  ap_memory |         out_r        |     array    |
|out_r_d1        | out |    8|  ap_memory |         out_r        |     array    |
|s_0_read        |  in |   64|   ap_none  |       s_0_read       |    scalar    |
|s_1_read        |  in |   64|   ap_none  |       s_1_read       |    scalar    |
|s_2_read        |  in |   64|   ap_none  |       s_2_read       |    scalar    |
|s_3_read        |  in |   64|   ap_none  |       s_3_read       |    scalar    |
|s_4_read        |  in |   64|   ap_none  |       s_4_read       |    scalar    |
|s_5_read        |  in |   64|   ap_none  |       s_5_read       |    scalar    |
|s_6_read        |  in |   64|   ap_none  |       s_6_read       |    scalar    |
|s_7_read        |  in |   64|   ap_none  |       s_7_read       |    scalar    |
|s_8_read        |  in |   64|   ap_none  |       s_8_read       |    scalar    |
|s_9_read        |  in |   64|   ap_none  |       s_9_read       |    scalar    |
|s_10_read       |  in |   64|   ap_none  |       s_10_read      |    scalar    |
|s_11_read       |  in |   64|   ap_none  |       s_11_read      |    scalar    |
|s_12_read       |  in |   64|   ap_none  |       s_12_read      |    scalar    |
|s_13_read       |  in |   64|   ap_none  |       s_13_read      |    scalar    |
|s_14_read       |  in |   64|   ap_none  |       s_14_read      |    scalar    |
|s_15_read       |  in |   64|   ap_none  |       s_15_read      |    scalar    |
|s_16_read       |  in |   64|   ap_none  |       s_16_read      |    scalar    |
+----------------+-----+-----+------------+----------------------+--------------+

