

================================================================
== Vivado HLS Report for 'pqcrystals_fips202_ref_sha3_256'
================================================================
* Date:           Mon Apr 12 09:19:43 2021

* Version:        2018.3 (Build 2405991 on Thu Dec 06 23:56:15 MST 2018)
* Project:        SHA
* Solution:       solution5
* Product family: virtex7
* Target device:  xc7vx980tffg1930-2l


================================================================
== Performance Estimates
================================================================
+ Timing (ns): 
    * Summary: 
    +--------+-------+----------+------------+
    |  Clock | Target| Estimated| Uncertainty|
    +--------+-------+----------+------------+
    |ap_clk  |  10.00|     8.736|        1.25|
    +--------+-------+----------+------------+

+ Latency (clock cycles): 
    * Summary: 
    +-----+-----+-----+-----+---------+
    |  Latency  |  Interval | Pipeline|
    | min | max | min | max |   Type  |
    +-----+-----+-----+-----+---------+
    |  392|  392|  392|  392|   none  |
    +-----+-----+-----+-----+---------+

    + Detail: 
        * Instance: 
        +---------------------------------+----------------------+-----+-----+-----+-----+----------+
        |                                 |                      |  Latency  |  Interval | Pipeline |
        |             Instance            |        Module        | min | max | min | max |   Type   |
        +---------------------------------+----------------------+-----+-----+-----+-----+----------+
        |grp_keccak_squeezeblocks_fu_664  |keccak_squeezeblocks  |   74|   74|   68|   68| function |
        |grp_keccak_absorb_fu_686         |keccak_absorb         |  299|  299|  299|  299|   none   |
        +---------------------------------+----------------------+-----+-----+-----+-----+----------+

        * Loop: 
        N/A



================================================================
== Utilization Estimates
================================================================
* Summary: 
+-----------------+---------+-------+---------+--------+
|       Name      | BRAM_18K| DSP48E|    FF   |   LUT  |
+-----------------+---------+-------+---------+--------+
|DSP              |        -|      -|        -|       -|
|Expression       |        -|      -|        -|       -|
|FIFO             |        -|      -|        -|       -|
|Instance         |        1|      0|    17493|  195806|
|Memory           |        1|      -|        0|       0|
|Multiplexer      |        -|      -|        -|     809|
|Register         |        -|      -|     1184|       -|
+-----------------+---------+-------+---------+--------+
|Total            |        2|      0|    18677|  196615|
+-----------------+---------+-------+---------+--------+
|Available        |     3000|   3600|  1224000|  612000|
+-----------------+---------+-------+---------+--------+
|Utilization (%)  |    ~0   |      0|        1|      32|
+-----------------+---------+-------+---------+--------+

+ Detail: 
    * Instance: 
    +---------------------------------+----------------------+---------+-------+-------+--------+
    |             Instance            |        Module        | BRAM_18K| DSP48E|   FF  |   LUT  |
    +---------------------------------+----------------------+---------+-------+-------+--------+
    |grp_keccak_absorb_fu_686         |keccak_absorb         |        1|      0|   4625|    4148|
    |grp_keccak_squeezeblocks_fu_664  |keccak_squeezeblocks  |        0|      0|  12868|  191658|
    +---------------------------------+----------------------+---------+-------+-------+--------+
    |Total                            |                      |        1|      0|  17493|  195806|
    +---------------------------------+----------------------+---------+-------+-------+--------+

    * DSP48: 
    N/A

    * Memory: 
    +-------+-----------------------------------+---------+---+----+------+-----+------+-------------+
    | Memory|               Module              | BRAM_18K| FF| LUT| Words| Bits| Banks| W*Bits*Banks|
    +-------+-----------------------------------+---------+---+----+------+-----+------+-------------+
    |t_U    |pqcrystals_fips202_ref_sha3_256_t  |        1|  0|   0|   136|    8|     1|         1088|
    +-------+-----------------------------------+---------+---+----+------+-----+------+-------------+
    |Total  |                                   |        1|  0|   0|   136|    8|     1|         1088|
    +-------+-----------------------------------+---------+---+----+------+-----+------+-------------+

    * FIFO: 
    N/A

    * Expression: 
    N/A

    * Multiplexer: 
    +------------+-----+-----------+-----+-----------+
    |    Name    | LUT | Input Size| Bits| Total Bits|
    +------------+-----+-----------+-----+-----------+
    |ap_NS_fsm   |  413|         95|    1|         95|
    |h_address0  |   85|         17|    5|         85|
    |h_address1  |   85|         17|    5|         85|
    |t_address0  |   89|         18|    8|        144|
    |t_address1  |   89|         18|    8|        144|
    |t_ce0       |   15|          3|    1|          3|
    |t_ce1       |   15|          3|    1|          3|
    |t_we0       |    9|          2|    1|          2|
    |t_we1       |    9|          2|    1|          2|
    +------------+-----+-----------+-----+-----------+
    |Total       |  809|        175|   31|        563|
    +------------+-----+-----------+-----+-----------+

    * Register: 
    +----------------------------------------------+----+----+-----+-----------+
    |                     Name                     | FF | LUT| Bits| Const Bits|
    +----------------------------------------------+----+----+-----+-----------+
    |ap_CS_fsm                                     |  94|   0|   94|          0|
    |grp_keccak_absorb_fu_686_ap_start_reg         |   1|   0|    1|          0|
    |grp_keccak_squeezeblocks_fu_664_ap_start_reg  |   1|   0|    1|          0|
    |s_0_reg_766                                   |  64|   0|   64|          0|
    |s_10_reg_816                                  |  64|   0|   64|          0|
    |s_11_reg_821                                  |  64|   0|   64|          0|
    |s_12_reg_826                                  |  64|   0|   64|          0|
    |s_13_reg_831                                  |  64|   0|   64|          0|
    |s_14_reg_836                                  |  64|   0|   64|          0|
    |s_15_reg_841                                  |  64|   0|   64|          0|
    |s_16_reg_846                                  |  64|   0|   64|          0|
    |s_1_reg_771                                   |  64|   0|   64|          0|
    |s_2_reg_776                                   |  64|   0|   64|          0|
    |s_3_reg_781                                   |  64|   0|   64|          0|
    |s_4_reg_786                                   |  64|   0|   64|          0|
    |s_5_reg_791                                   |  64|   0|   64|          0|
    |s_6_reg_796                                   |  64|   0|   64|          0|
    |s_7_reg_801                                   |  64|   0|   64|          0|
    |s_8_reg_806                                   |  64|   0|   64|          0|
    |s_9_reg_811                                   |  64|   0|   64|          0|
    +----------------------------------------------+----+----+-----+-----------+
    |Total                                         |1184|   0| 1184|          0|
    +----------------------------------------------+----+----+-----+-----------+



================================================================
== Interface
================================================================
* Summary: 
+---------------+-----+-----+------------+---------------------------------+--------------+
|   RTL Ports   | Dir | Bits|  Protocol  |          Source Object          |    C Type    |
+---------------+-----+-----+------------+---------------------------------+--------------+
|ap_clk         |  in |    1| ap_ctrl_hs | pqcrystals_fips202_ref_sha3_256 | return value |
|ap_rst         |  in |    1| ap_ctrl_hs | pqcrystals_fips202_ref_sha3_256 | return value |
|ap_start       |  in |    1| ap_ctrl_hs | pqcrystals_fips202_ref_sha3_256 | return value |
|ap_done        | out |    1| ap_ctrl_hs | pqcrystals_fips202_ref_sha3_256 | return value |
|ap_idle        | out |    1| ap_ctrl_hs | pqcrystals_fips202_ref_sha3_256 | return value |
|ap_ready       | out |    1| ap_ctrl_hs | pqcrystals_fips202_ref_sha3_256 | return value |
|h_address0     | out |    5|  ap_memory |                h                |     array    |
|h_ce0          | out |    1|  ap_memory |                h                |     array    |
|h_we0          | out |    1|  ap_memory |                h                |     array    |
|h_d0           | out |    8|  ap_memory |                h                |     array    |
|h_address1     | out |    5|  ap_memory |                h                |     array    |
|h_ce1          | out |    1|  ap_memory |                h                |     array    |
|h_we1          | out |    1|  ap_memory |                h                |     array    |
|h_d1           | out |    8|  ap_memory |                h                |     array    |
|in_r_address0  | out |    2|  ap_memory |               in_r              |     array    |
|in_r_ce0       | out |    1|  ap_memory |               in_r              |     array    |
|in_r_q0        |  in |    8|  ap_memory |               in_r              |     array    |
|in_r_address1  | out |    2|  ap_memory |               in_r              |     array    |
|in_r_ce1       | out |    1|  ap_memory |               in_r              |     array    |
|in_r_q1        |  in |    8|  ap_memory |               in_r              |     array    |
|inlen          |  in |   64|   ap_none  |              inlen              |    scalar    |
+---------------+-----+-----+------------+---------------------------------+--------------+

