

================================================================
== Vivado HLS Report for 'keccak_squeezeblocks'
================================================================
* Date:           Mon Apr 12 12:26:15 2021

* Version:        2018.3 (Build 2405991 on Thu Dec 06 23:56:15 MST 2018)
* Project:        SHA
* Solution:       native_dataType
* Product family: virtex7
* Target device:  xc7vx980tffg1930-2l


================================================================
== Performance Estimates
================================================================
+ Timing (ns): 
    * Summary: 
    +--------+-------+----------+------------+
    |  Clock | Target| Estimated| Uncertainty|
    +--------+-------+----------+------------+
    |ap_clk  |  10.00|     4.996|        1.25|
    +--------+-------+----------+------------+

+ Latency (clock cycles): 
    * Summary: 
    +-----+-----+-----+-----+---------+
    |  Latency  |  Interval | Pipeline|
    | min | max | min | max |   Type  |
    +-----+-----+-----+-----+---------+
    |  197|  197|  197|  197|   none  |
    +-----+-----+-----+-----+---------+

    + Detail: 
        * Instance: 
        N/A

        * Loop: 
        +-------------------+-----+-----+----------+-----------+-----------+------+----------+
        |                   |  Latency  | Iteration|  Initiation Interval  | Trip |          |
        |     Loop Name     | min | max |  Latency |  achieved |   target  | Count| Pipelined|
        +-------------------+-----+-----+----------+-----------+-----------+------+----------+
        |- Loop 1           |  170|  170|        10|          -|          -|    17|    no    |
        | + store64_label1  |    8|    8|         1|          -|          -|     8|    no    |
        +-------------------+-----+-----+----------+-----------+-----------+------+----------+

============================================================
+ Verbose Summary: Synthesis Manager
============================================================
InlineROM: 1
ExposeGlobal: 0
============================================================
+ Verbose Summary: CDFG Model
============================================================
IsTopModel: 0
ResetActiveHigh: 1
IsCombinational: 0
IsDatapathOnly: 0
HasWiredReturn: 1
HasMFsm: 0
HasVarLatency: 1
IsPipeline: 0
IsRtlPipelined: 0
IsInstanceOverlapped: 0
IsDontTouch: 0
HasImplIP: 0
IsGatedGlobalClock: 0


============================================================
+ Verbose Summary: Schedule
============================================================
* Number of FSM states : 4
* Pipeline : 0
* Dataflow Pipeline: 0

* FSM state transitions: 
1 --> 
	2  / true
2 --> 
	3  / true
3 --> 
	4  / (!tmp_s)
4 --> 
	4  / (!exitcond_i)
	3  / (exitcond_i)

* FSM state operations: 

State 1 <SV = 0> <Delay = 0.85>
ST_1 : Operation 5 [1/1] (0.00ns)   --->   "%s_16_read_1 = call i64 @_ssdm_op_Read.ap_auto.i64(i64 %s_16_read)" [fips202.c:408]   --->   Operation 5 'read' 's_16_read_1' <Predicate = true> <Delay = 0.00>
ST_1 : Operation 6 [1/1] (0.00ns)   --->   "%s_15_read_1 = call i64 @_ssdm_op_Read.ap_auto.i64(i64 %s_15_read)" [fips202.c:408]   --->   Operation 6 'read' 's_15_read_1' <Predicate = true> <Delay = 0.00>
ST_1 : Operation 7 [1/1] (0.00ns)   --->   "%s_14_read_1 = call i64 @_ssdm_op_Read.ap_auto.i64(i64 %s_14_read)" [fips202.c:408]   --->   Operation 7 'read' 's_14_read_1' <Predicate = true> <Delay = 0.00>
ST_1 : Operation 8 [1/1] (0.00ns)   --->   "%s_13_read_1 = call i64 @_ssdm_op_Read.ap_auto.i64(i64 %s_13_read)" [fips202.c:408]   --->   Operation 8 'read' 's_13_read_1' <Predicate = true> <Delay = 0.00>
ST_1 : Operation 9 [1/1] (0.00ns)   --->   "%s_12_read_1 = call i64 @_ssdm_op_Read.ap_auto.i64(i64 %s_12_read)" [fips202.c:408]   --->   Operation 9 'read' 's_12_read_1' <Predicate = true> <Delay = 0.00>
ST_1 : Operation 10 [1/1] (0.00ns)   --->   "%s_11_read_1 = call i64 @_ssdm_op_Read.ap_auto.i64(i64 %s_11_read)" [fips202.c:408]   --->   Operation 10 'read' 's_11_read_1' <Predicate = true> <Delay = 0.00>
ST_1 : Operation 11 [1/1] (0.00ns)   --->   "%s_10_read_1 = call i64 @_ssdm_op_Read.ap_auto.i64(i64 %s_10_read)" [fips202.c:408]   --->   Operation 11 'read' 's_10_read_1' <Predicate = true> <Delay = 0.00>
ST_1 : Operation 12 [1/1] (0.00ns)   --->   "%s_9_read_1 = call i64 @_ssdm_op_Read.ap_auto.i64(i64 %s_9_read)" [fips202.c:408]   --->   Operation 12 'read' 's_9_read_1' <Predicate = true> <Delay = 0.00>
ST_1 : Operation 13 [1/1] (0.00ns)   --->   "%s_8_read_1 = call i64 @_ssdm_op_Read.ap_auto.i64(i64 %s_8_read)" [fips202.c:408]   --->   Operation 13 'read' 's_8_read_1' <Predicate = true> <Delay = 0.00>
ST_1 : Operation 14 [1/1] (0.00ns)   --->   "%s_7_read_1 = call i64 @_ssdm_op_Read.ap_auto.i64(i64 %s_7_read)" [fips202.c:408]   --->   Operation 14 'read' 's_7_read_1' <Predicate = true> <Delay = 0.00>
ST_1 : Operation 15 [1/1] (0.00ns)   --->   "%s_6_read_1 = call i64 @_ssdm_op_Read.ap_auto.i64(i64 %s_6_read)" [fips202.c:408]   --->   Operation 15 'read' 's_6_read_1' <Predicate = true> <Delay = 0.00>
ST_1 : Operation 16 [1/1] (0.00ns)   --->   "%s_5_read_1 = call i64 @_ssdm_op_Read.ap_auto.i64(i64 %s_5_read)" [fips202.c:408]   --->   Operation 16 'read' 's_5_read_1' <Predicate = true> <Delay = 0.00>
ST_1 : Operation 17 [1/1] (0.00ns)   --->   "%s_4_read_1 = call i64 @_ssdm_op_Read.ap_auto.i64(i64 %s_4_read)" [fips202.c:408]   --->   Operation 17 'read' 's_4_read_1' <Predicate = true> <Delay = 0.00>
ST_1 : Operation 18 [1/1] (0.00ns)   --->   "%s_3_read_1 = call i64 @_ssdm_op_Read.ap_auto.i64(i64 %s_3_read)" [fips202.c:408]   --->   Operation 18 'read' 's_3_read_1' <Predicate = true> <Delay = 0.00>
ST_1 : Operation 19 [1/1] (0.00ns)   --->   "%s_2_read_1 = call i64 @_ssdm_op_Read.ap_auto.i64(i64 %s_2_read)" [fips202.c:408]   --->   Operation 19 'read' 's_2_read_1' <Predicate = true> <Delay = 0.00>
ST_1 : Operation 20 [1/1] (0.00ns)   --->   "%s_1_read_1 = call i64 @_ssdm_op_Read.ap_auto.i64(i64 %s_1_read)" [fips202.c:408]   --->   Operation 20 'read' 's_1_read_1' <Predicate = true> <Delay = 0.00>
ST_1 : Operation 21 [1/1] (0.00ns)   --->   "%s_0_read_1 = call i64 @_ssdm_op_Read.ap_auto.i64(i64 %s_0_read)" [fips202.c:408]   --->   Operation 21 'read' 's_0_read_1' <Predicate = true> <Delay = 0.00>
ST_1 : Operation 22 [2/2] (0.85ns)   --->   "%call_ret = call fastcc { i64, i64, i64, i64, i64, i64, i64, i64, i64, i64, i64, i64, i64, i64, i64, i64, i64 } @KeccakF1600_StatePer(i64 %s_0_read_1, i64 %s_1_read_1, i64 %s_2_read_1, i64 %s_3_read_1, i64 %s_4_read_1, i64 %s_5_read_1, i64 %s_6_read_1, i64 %s_7_read_1, i64 %s_8_read_1, i64 %s_9_read_1, i64 %s_10_read_1, i64 %s_11_read_1, i64 %s_12_read_1, i64 %s_13_read_1, i64 %s_14_read_1, i64 %s_15_read_1, i64 %s_16_read_1)" [fips202.c:417]   --->   Operation 22 'call' 'call_ret' <Predicate = true> <Delay = 0.85> <CoreType = "Generic">   --->   Core 0 '' <Latency = 0> <II = 1> <Delay = 1.00> <Generic> <Opcode : >

State 2 <SV = 1> <Delay = 0.85>
ST_2 : Operation 23 [1/2] (0.00ns)   --->   "%call_ret = call fastcc { i64, i64, i64, i64, i64, i64, i64, i64, i64, i64, i64, i64, i64, i64, i64, i64, i64 } @KeccakF1600_StatePer(i64 %s_0_read_1, i64 %s_1_read_1, i64 %s_2_read_1, i64 %s_3_read_1, i64 %s_4_read_1, i64 %s_5_read_1, i64 %s_6_read_1, i64 %s_7_read_1, i64 %s_8_read_1, i64 %s_9_read_1, i64 %s_10_read_1, i64 %s_11_read_1, i64 %s_12_read_1, i64 %s_13_read_1, i64 %s_14_read_1, i64 %s_15_read_1, i64 %s_16_read_1)" [fips202.c:417]   --->   Operation 23 'call' 'call_ret' <Predicate = true> <Delay = 0.00> <CoreType = "Generic">   --->   Core 0 '' <Latency = 0> <II = 1> <Delay = 1.00> <Generic> <Opcode : >
ST_2 : Operation 24 [1/1] (0.00ns)   --->   "%newret = extractvalue { i64, i64, i64, i64, i64, i64, i64, i64, i64, i64, i64, i64, i64, i64, i64, i64, i64 } %call_ret, 0" [fips202.c:417]   --->   Operation 24 'extractvalue' 'newret' <Predicate = true> <Delay = 0.00>
ST_2 : Operation 25 [1/1] (0.00ns)   --->   "%newret1 = extractvalue { i64, i64, i64, i64, i64, i64, i64, i64, i64, i64, i64, i64, i64, i64, i64, i64, i64 } %call_ret, 1" [fips202.c:417]   --->   Operation 25 'extractvalue' 'newret1' <Predicate = true> <Delay = 0.00>
ST_2 : Operation 26 [1/1] (0.00ns)   --->   "%newret3 = extractvalue { i64, i64, i64, i64, i64, i64, i64, i64, i64, i64, i64, i64, i64, i64, i64, i64, i64 } %call_ret, 2" [fips202.c:417]   --->   Operation 26 'extractvalue' 'newret3' <Predicate = true> <Delay = 0.00>
ST_2 : Operation 27 [1/1] (0.00ns)   --->   "%newret5 = extractvalue { i64, i64, i64, i64, i64, i64, i64, i64, i64, i64, i64, i64, i64, i64, i64, i64, i64 } %call_ret, 3" [fips202.c:417]   --->   Operation 27 'extractvalue' 'newret5' <Predicate = true> <Delay = 0.00>
ST_2 : Operation 28 [1/1] (0.00ns)   --->   "%newret7 = extractvalue { i64, i64, i64, i64, i64, i64, i64, i64, i64, i64, i64, i64, i64, i64, i64, i64, i64 } %call_ret, 4" [fips202.c:417]   --->   Operation 28 'extractvalue' 'newret7' <Predicate = true> <Delay = 0.00>
ST_2 : Operation 29 [1/1] (0.00ns)   --->   "%newret9 = extractvalue { i64, i64, i64, i64, i64, i64, i64, i64, i64, i64, i64, i64, i64, i64, i64, i64, i64 } %call_ret, 5" [fips202.c:417]   --->   Operation 29 'extractvalue' 'newret9' <Predicate = true> <Delay = 0.00>
ST_2 : Operation 30 [1/1] (0.00ns)   --->   "%newret2 = extractvalue { i64, i64, i64, i64, i64, i64, i64, i64, i64, i64, i64, i64, i64, i64, i64, i64, i64 } %call_ret, 6" [fips202.c:417]   --->   Operation 30 'extractvalue' 'newret2' <Predicate = true> <Delay = 0.00>
ST_2 : Operation 31 [1/1] (0.00ns)   --->   "%newret4 = extractvalue { i64, i64, i64, i64, i64, i64, i64, i64, i64, i64, i64, i64, i64, i64, i64, i64, i64 } %call_ret, 7" [fips202.c:417]   --->   Operation 31 'extractvalue' 'newret4' <Predicate = true> <Delay = 0.00>
ST_2 : Operation 32 [1/1] (0.00ns)   --->   "%newret6 = extractvalue { i64, i64, i64, i64, i64, i64, i64, i64, i64, i64, i64, i64, i64, i64, i64, i64, i64 } %call_ret, 8" [fips202.c:417]   --->   Operation 32 'extractvalue' 'newret6' <Predicate = true> <Delay = 0.00>
ST_2 : Operation 33 [1/1] (0.00ns)   --->   "%newret8 = extractvalue { i64, i64, i64, i64, i64, i64, i64, i64, i64, i64, i64, i64, i64, i64, i64, i64, i64 } %call_ret, 9" [fips202.c:417]   --->   Operation 33 'extractvalue' 'newret8' <Predicate = true> <Delay = 0.00>
ST_2 : Operation 34 [1/1] (0.00ns)   --->   "%newret10 = extractvalue { i64, i64, i64, i64, i64, i64, i64, i64, i64, i64, i64, i64, i64, i64, i64, i64, i64 } %call_ret, 10" [fips202.c:417]   --->   Operation 34 'extractvalue' 'newret10' <Predicate = true> <Delay = 0.00>
ST_2 : Operation 35 [1/1] (0.00ns)   --->   "%newret11 = extractvalue { i64, i64, i64, i64, i64, i64, i64, i64, i64, i64, i64, i64, i64, i64, i64, i64, i64 } %call_ret, 11" [fips202.c:417]   --->   Operation 35 'extractvalue' 'newret11' <Predicate = true> <Delay = 0.00>
ST_2 : Operation 36 [1/1] (0.00ns)   --->   "%newret12 = extractvalue { i64, i64, i64, i64, i64, i64, i64, i64, i64, i64, i64, i64, i64, i64, i64, i64, i64 } %call_ret, 12" [fips202.c:417]   --->   Operation 36 'extractvalue' 'newret12' <Predicate = true> <Delay = 0.00>
ST_2 : Operation 37 [1/1] (0.00ns)   --->   "%newret13 = extractvalue { i64, i64, i64, i64, i64, i64, i64, i64, i64, i64, i64, i64, i64, i64, i64, i64, i64 } %call_ret, 13" [fips202.c:417]   --->   Operation 37 'extractvalue' 'newret13' <Predicate = true> <Delay = 0.00>
ST_2 : Operation 38 [1/1] (0.00ns)   --->   "%newret14 = extractvalue { i64, i64, i64, i64, i64, i64, i64, i64, i64, i64, i64, i64, i64, i64, i64, i64, i64 } %call_ret, 14" [fips202.c:417]   --->   Operation 38 'extractvalue' 'newret14' <Predicate = true> <Delay = 0.00>
ST_2 : Operation 39 [1/1] (0.00ns)   --->   "%newret15 = extractvalue { i64, i64, i64, i64, i64, i64, i64, i64, i64, i64, i64, i64, i64, i64, i64, i64, i64 } %call_ret, 15" [fips202.c:417]   --->   Operation 39 'extractvalue' 'newret15' <Predicate = true> <Delay = 0.00>
ST_2 : Operation 40 [1/1] (0.00ns)   --->   "%newret16 = extractvalue { i64, i64, i64, i64, i64, i64, i64, i64, i64, i64, i64, i64, i64, i64, i64, i64, i64 } %call_ret, 16" [fips202.c:417]   --->   Operation 40 'extractvalue' 'newret16' <Predicate = true> <Delay = 0.00>
ST_2 : Operation 41 [1/1] (0.85ns)   --->   "br label %store64.exit" [fips202.c:418]   --->   Operation 41 'br' <Predicate = true> <Delay = 0.85>

State 3 <SV = 2> <Delay = 1.40>
ST_3 : Operation 42 [1/1] (0.00ns)   --->   "%i = phi i5 [ 0, %0 ], [ %i_4, %store64.exit.loopexit ]" [fips202.c:418]   --->   Operation 42 'phi' 'i' <Predicate = true> <Delay = 0.00>
ST_3 : Operation 43 [1/1] (0.87ns)   --->   "%tmp_s = icmp eq i5 %i, -15" [fips202.c:418]   --->   Operation 43 'icmp' 'tmp_s' <Predicate = true> <Delay = 0.87> <Core = "Cmp">   --->   Core 25 'Cmp' <Latency = 0> <II = 1> <Delay = 0.87> <FuncUnit> <Opcode : 'icmp'> <InPorts = 2> <OutPorts = 1>
ST_3 : Operation 44 [1/1] (0.00ns)   --->   "%empty = call i32 (...)* @_ssdm_op_SpecLoopTripCount(i64 17, i64 17, i64 17)"   --->   Operation 44 'speclooptripcount' 'empty' <Predicate = true> <Delay = 0.00>
ST_3 : Operation 45 [1/1] (1.09ns)   --->   "%i_4 = add i5 %i, 1" [fips202.c:418]   --->   Operation 45 'add' 'i_4' <Predicate = true> <Delay = 1.09> <Core = "AddSub">   --->   Core 14 'AddSub' <Latency = 0> <II = 1> <Delay = 1.35> <FuncUnit> <Opcode : 'add' 'sub'> <InPorts = 2> <OutPorts = 1>
ST_3 : Operation 46 [1/1] (0.00ns)   --->   "br i1 %tmp_s, label %4, label %1" [fips202.c:418]   --->   Operation 46 'br' <Predicate = true> <Delay = 0.00>
ST_3 : Operation 47 [1/1] (0.00ns)   --->   "%tmp_4 = call i8 @_ssdm_op_BitConcatenate.i8.i5.i3(i5 %i, i3 0)" [fips202.c:420]   --->   Operation 47 'bitconcatenate' 'tmp_4' <Predicate = (!tmp_s)> <Delay = 0.00>
ST_3 : Operation 48 [1/1] (1.40ns)   --->   "switch i5 %i, label %branch16 [
    i5 0, label %branch0
    i5 1, label %branch1
    i5 2, label %branch2
    i5 3, label %branch3
    i5 4, label %branch4
    i5 5, label %branch5
    i5 6, label %branch6
    i5 7, label %branch7
    i5 8, label %branch8
    i5 9, label %branch9
    i5 10, label %branch10
    i5 11, label %branch11
    i5 12, label %branch12
    i5 13, label %branch13
    i5 14, label %branch14
    i5 15, label %branch15
  ]" [fips202.c:420]   --->   Operation 48 'switch' <Predicate = (!tmp_s)> <Delay = 1.40>
ST_3 : Operation 49 [1/1] (1.40ns)   --->   "br label %branch0" [fips202.c:420]   --->   Operation 49 'br' <Predicate = (!tmp_s & i == 15)> <Delay = 1.40>
ST_3 : Operation 50 [1/1] (1.40ns)   --->   "br label %branch0" [fips202.c:420]   --->   Operation 50 'br' <Predicate = (!tmp_s & i == 14)> <Delay = 1.40>
ST_3 : Operation 51 [1/1] (1.40ns)   --->   "br label %branch0" [fips202.c:420]   --->   Operation 51 'br' <Predicate = (!tmp_s & i == 13)> <Delay = 1.40>
ST_3 : Operation 52 [1/1] (1.40ns)   --->   "br label %branch0" [fips202.c:420]   --->   Operation 52 'br' <Predicate = (!tmp_s & i == 12)> <Delay = 1.40>
ST_3 : Operation 53 [1/1] (1.40ns)   --->   "br label %branch0" [fips202.c:420]   --->   Operation 53 'br' <Predicate = (!tmp_s & i == 11)> <Delay = 1.40>
ST_3 : Operation 54 [1/1] (1.40ns)   --->   "br label %branch0" [fips202.c:420]   --->   Operation 54 'br' <Predicate = (!tmp_s & i == 10)> <Delay = 1.40>
ST_3 : Operation 55 [1/1] (1.40ns)   --->   "br label %branch0" [fips202.c:420]   --->   Operation 55 'br' <Predicate = (!tmp_s & i == 9)> <Delay = 1.40>
ST_3 : Operation 56 [1/1] (1.40ns)   --->   "br label %branch0" [fips202.c:420]   --->   Operation 56 'br' <Predicate = (!tmp_s & i == 8)> <Delay = 1.40>
ST_3 : Operation 57 [1/1] (1.40ns)   --->   "br label %branch0" [fips202.c:420]   --->   Operation 57 'br' <Predicate = (!tmp_s & i == 7)> <Delay = 1.40>
ST_3 : Operation 58 [1/1] (1.40ns)   --->   "br label %branch0" [fips202.c:420]   --->   Operation 58 'br' <Predicate = (!tmp_s & i == 6)> <Delay = 1.40>
ST_3 : Operation 59 [1/1] (1.40ns)   --->   "br label %branch0" [fips202.c:420]   --->   Operation 59 'br' <Predicate = (!tmp_s & i == 5)> <Delay = 1.40>
ST_3 : Operation 60 [1/1] (1.40ns)   --->   "br label %branch0" [fips202.c:420]   --->   Operation 60 'br' <Predicate = (!tmp_s & i == 4)> <Delay = 1.40>
ST_3 : Operation 61 [1/1] (1.40ns)   --->   "br label %branch0" [fips202.c:420]   --->   Operation 61 'br' <Predicate = (!tmp_s & i == 3)> <Delay = 1.40>
ST_3 : Operation 62 [1/1] (1.40ns)   --->   "br label %branch0" [fips202.c:420]   --->   Operation 62 'br' <Predicate = (!tmp_s & i == 2)> <Delay = 1.40>
ST_3 : Operation 63 [1/1] (1.40ns)   --->   "br label %branch0" [fips202.c:420]   --->   Operation 63 'br' <Predicate = (!tmp_s & i == 1)> <Delay = 1.40>
ST_3 : Operation 64 [1/1] (1.40ns)   --->   "br label %branch0" [fips202.c:420]   --->   Operation 64 'br' <Predicate = (!tmp_s & i != 0 & i != 1 & i != 2 & i != 3 & i != 4 & i != 5 & i != 6 & i != 7 & i != 8 & i != 9 & i != 10 & i != 11 & i != 12 & i != 13 & i != 14 & i != 15)> <Delay = 1.40>
ST_3 : Operation 65 [1/1] (0.00ns)   --->   "%u_assign = phi i64 [ %newret1, %branch1 ], [ %newret3, %branch2 ], [ %newret5, %branch3 ], [ %newret7, %branch4 ], [ %newret9, %branch5 ], [ %newret2, %branch6 ], [ %newret4, %branch7 ], [ %newret6, %branch8 ], [ %newret8, %branch9 ], [ %newret10, %branch10 ], [ %newret11, %branch11 ], [ %newret12, %branch12 ], [ %newret13, %branch13 ], [ %newret14, %branch14 ], [ %newret15, %branch15 ], [ %newret16, %branch16 ], [ %newret, %1 ]" [fips202.c:420]   --->   Operation 65 'phi' 'u_assign' <Predicate = (!tmp_s)> <Delay = 0.00>
ST_3 : Operation 66 [1/1] (0.85ns)   --->   "br label %2" [fips202.c:45->fips202.c:420]   --->   Operation 66 'br' <Predicate = (!tmp_s)> <Delay = 0.85>
ST_3 : Operation 67 [1/1] (0.00ns)   --->   "ret void"   --->   Operation 67 'ret' <Predicate = (tmp_s)> <Delay = 0.00>

State 4 <SV = 3> <Delay = 4.62>
ST_4 : Operation 68 [1/1] (0.00ns)   --->   "%i_i = phi i4 [ 0, %branch0 ], [ %i_2, %3 ]"   --->   Operation 68 'phi' 'i_i' <Predicate = true> <Delay = 0.00>
ST_4 : Operation 69 [1/1] (0.87ns)   --->   "%exitcond_i = icmp eq i4 %i_i, -8" [fips202.c:45->fips202.c:420]   --->   Operation 69 'icmp' 'exitcond_i' <Predicate = true> <Delay = 0.87> <Core = "Cmp">   --->   Core 25 'Cmp' <Latency = 0> <II = 1> <Delay = 0.87> <FuncUnit> <Opcode : 'icmp'> <InPorts = 2> <OutPorts = 1>
ST_4 : Operation 70 [1/1] (0.00ns)   --->   "%empty_9 = call i32 (...)* @_ssdm_op_SpecLoopTripCount(i64 8, i64 8, i64 8)"   --->   Operation 70 'speclooptripcount' 'empty_9' <Predicate = true> <Delay = 0.00>
ST_4 : Operation 71 [1/1] (1.01ns)   --->   "%i_2 = add i4 %i_i, 1" [fips202.c:45->fips202.c:420]   --->   Operation 71 'add' 'i_2' <Predicate = true> <Delay = 1.01> <Core = "AddSub">   --->   Core 14 'AddSub' <Latency = 0> <II = 1> <Delay = 1.35> <FuncUnit> <Opcode : 'add' 'sub'> <InPorts = 2> <OutPorts = 1>
ST_4 : Operation 72 [1/1] (0.00ns)   --->   "br i1 %exitcond_i, label %store64.exit.loopexit, label %3" [fips202.c:45->fips202.c:420]   --->   Operation 72 'br' <Predicate = true> <Delay = 0.00>
ST_4 : Operation 73 [1/1] (0.00ns)   --->   "call void (...)* @_ssdm_op_SpecLoopName([15 x i8]* @p_str3) nounwind" [fips202.c:46->fips202.c:420]   --->   Operation 73 'specloopname' <Predicate = (!exitcond_i)> <Delay = 0.00>
ST_4 : Operation 74 [1/1] (0.00ns)   --->   "%tmp = trunc i4 %i_i to i3" [fips202.c:45->fips202.c:420]   --->   Operation 74 'trunc' 'tmp' <Predicate = (!exitcond_i)> <Delay = 0.00>
ST_4 : Operation 75 [1/1] (0.00ns)   --->   "%tmp_1_i = call i6 @_ssdm_op_BitConcatenate.i6.i3.i3(i3 %tmp, i3 0)" [fips202.c:46->fips202.c:420]   --->   Operation 75 'bitconcatenate' 'tmp_1_i' <Predicate = (!exitcond_i)> <Delay = 0.00>
ST_4 : Operation 76 [1/1] (0.00ns)   --->   "%tmp_2_i = zext i6 %tmp_1_i to i64" [fips202.c:46->fips202.c:420]   --->   Operation 76 'zext' 'tmp_2_i' <Predicate = (!exitcond_i)> <Delay = 0.00>
ST_4 : Operation 77 [1/1] (2.35ns)   --->   "%tmp_3_i = lshr i64 %u_assign, %tmp_2_i" [fips202.c:46->fips202.c:420]   --->   Operation 77 'lshr' 'tmp_3_i' <Predicate = (!exitcond_i)> <Delay = 2.35> <Core = "Shift">   --->   Core 28 'Shift' <Latency = 0> <II = 1> <Delay = 2.35> <FuncUnit> <Opcode : 'shl' 'lshr' 'ashr'> <InPorts = 2> <OutPorts = 1>
ST_4 : Operation 78 [1/1] (0.00ns)   --->   "%tmp_1 = trunc i64 %tmp_3_i to i8" [fips202.c:46->fips202.c:420]   --->   Operation 78 'trunc' 'tmp_1' <Predicate = (!exitcond_i)> <Delay = 0.00>
ST_4 : Operation 79 [1/1] (0.00ns)   --->   "%tmp_5_i_cast = zext i4 %i_i to i8" [fips202.c:46->fips202.c:420]   --->   Operation 79 'zext' 'tmp_5_i_cast' <Predicate = (!exitcond_i)> <Delay = 0.00>
ST_4 : Operation 80 [1/1] (1.35ns)   --->   "%sum_i = add i8 %tmp_5_i_cast, %tmp_4" [fips202.c:46->fips202.c:420]   --->   Operation 80 'add' 'sum_i' <Predicate = (!exitcond_i)> <Delay = 1.35> <Core = "AddSub">   --->   Core 14 'AddSub' <Latency = 0> <II = 1> <Delay = 1.35> <FuncUnit> <Opcode : 'add' 'sub'> <InPorts = 2> <OutPorts = 1>
ST_4 : Operation 81 [1/1] (0.00ns)   --->   "%sum_i_cast = zext i8 %sum_i to i64" [fips202.c:46->fips202.c:420]   --->   Operation 81 'zext' 'sum_i_cast' <Predicate = (!exitcond_i)> <Delay = 0.00>
ST_4 : Operation 82 [1/1] (0.00ns)   --->   "%out_addr = getelementptr [136 x i8]* %out_r, i64 0, i64 %sum_i_cast" [fips202.c:46->fips202.c:420]   --->   Operation 82 'getelementptr' 'out_addr' <Predicate = (!exitcond_i)> <Delay = 0.00>
ST_4 : Operation 83 [1/1] (2.26ns)   --->   "store i8 %tmp_1, i8* %out_addr, align 1" [fips202.c:46->fips202.c:420]   --->   Operation 83 'store' <Predicate = (!exitcond_i)> <Delay = 2.26> <Core = "RAM">   --->   Core 37 'RAM' <Latency = 1> <II = 1> <Delay = 2.26> <Storage> <Opcode : 'load' 'store'> <Ports = 2> <Width = 8> <Depth = 136> <RAM>
ST_4 : Operation 84 [1/1] (0.00ns)   --->   "br label %2" [fips202.c:45->fips202.c:420]   --->   Operation 84 'br' <Predicate = (!exitcond_i)> <Delay = 0.00>
ST_4 : Operation 85 [1/1] (0.00ns)   --->   "br label %store64.exit"   --->   Operation 85 'br' <Predicate = (exitcond_i)> <Delay = 0.00>


============================================================
+ Verbose Summary: Timing violations
============================================================
Target clock period: 10ns, clock uncertainty: 1.25ns.

 <State 1>: 0.85ns
The critical path consists of the following:
	wire read on port 's_16_read' (fips202.c:408) [20]  (0 ns)
	'call' operation ('call_ret', fips202.c:417) to 'KeccakF1600_StatePer' [37]  (0.85 ns)

 <State 2>: 0.85ns
The critical path consists of the following:
	multiplexor before 'phi' operation ('i', fips202.c:418) with incoming values : ('i_4', fips202.c:418) [57]  (0.85 ns)

 <State 3>: 1.41ns
The critical path consists of the following:
	'phi' operation ('i', fips202.c:418) with incoming values : ('i_4', fips202.c:418) [57]  (0 ns)
	multiplexor before 'phi' operation ('u', fips202.c:420) with incoming values : ('newret', fips202.c:417) ('newret1', fips202.c:417) ('newret3', fips202.c:417) ('newret5', fips202.c:417) ('newret7', fips202.c:417) ('newret9', fips202.c:417) ('newret2', fips202.c:417) ('newret4', fips202.c:417) ('newret6', fips202.c:417) ('newret8', fips202.c:417) ('newret10', fips202.c:417) ('newret11', fips202.c:417) ('newret12', fips202.c:417) ('newret13', fips202.c:417) ('newret14', fips202.c:417) ('newret15', fips202.c:417) ('newret16', fips202.c:417) [98]  (1.41 ns)
	'phi' operation ('u', fips202.c:420) with incoming values : ('newret', fips202.c:417) ('newret1', fips202.c:417) ('newret3', fips202.c:417) ('newret5', fips202.c:417) ('newret7', fips202.c:417) ('newret9', fips202.c:417) ('newret2', fips202.c:417) ('newret4', fips202.c:417) ('newret6', fips202.c:417) ('newret8', fips202.c:417) ('newret10', fips202.c:417) ('newret11', fips202.c:417) ('newret12', fips202.c:417) ('newret13', fips202.c:417) ('newret14', fips202.c:417) ('newret15', fips202.c:417) ('newret16', fips202.c:417) [98]  (0 ns)

 <State 4>: 4.62ns
The critical path consists of the following:
	'phi' operation ('i') with incoming values : ('i', fips202.c:45->fips202.c:420) [101]  (0 ns)
	'lshr' operation ('tmp_3_i', fips202.c:46->fips202.c:420) [111]  (2.35 ns)
	'store' operation (fips202.c:46->fips202.c:420) of variable 'tmp_1', fips202.c:46->fips202.c:420 on array 'out_r' [117]  (2.27 ns)


============================================================
+ Verbose Summary: Binding
============================================================
N/A
* FSMD analyzer results:
  - Output states:
 - Input state : 
  - Chain level:
	State 1
	State 2
	State 3
	State 4


============================================================
+ Verbose Summary: Datapath Resource usage 
============================================================
N/A
