

================================================================
== Vivado HLS Report for 'pqcrystals_fips202_ref_sha3_256'
================================================================
* Date:           Mon Apr 12 12:26:25 2021

* Version:        2018.3 (Build 2405991 on Thu Dec 06 23:56:15 MST 2018)
* Project:        SHA
* Solution:       native_dataType
* Product family: virtex7
* Target device:  xc7vx980tffg1930-2l


================================================================
== Performance Estimates
================================================================
+ Timing (ns): 
    * Summary: 
    +--------+-------+----------+------------+
    |  Clock | Target| Estimated| Uncertainty|
    +--------+-------+----------+------------+
    |ap_clk  |  10.00|     4.996|        1.25|
    +--------+-------+----------+------------+

+ Latency (clock cycles): 
    * Summary: 
    +------+------+------+------+---------+
    |   Latency   |   Interval  | Pipeline|
    |  min |  max |  min |  max |   Type  |
    +------+------+------+------+---------+
    |  2343|  2343|  2343|  2343|   none  |
    +------+------+------+------+---------+

    + Detail: 
        * Instance: 
        +--------------------------------+----------------------+------+------+------+------+---------+
        |                                |                      |   Latency   |   Interval  | Pipeline|
        |            Instance            |        Module        |  min |  max |  min |  max |   Type  |
        +--------------------------------+----------------------+------+------+------+------+---------+
        |grp_keccak_squeezeblocks_fu_77  |keccak_squeezeblocks  |   197|   197|   197|   197|   none  |
        |grp_keccak_absorb_fu_101        |keccak_absorb         |  2079|  2079|  2079|  2079|   none  |
        +--------------------------------+----------------------+------+------+------+------+---------+

        * Loop: 
        +------------------------------------------+-----+-----+----------+-----------+-----------+------+----------+
        |                                          |  Latency  | Iteration|  Initiation Interval  | Trip |          |
        |                 Loop Name                | min | max |  Latency |  achieved |   target  | Count| Pipelined|
        +------------------------------------------+-----+-----+----------+-----------+-----------+------+----------+
        |- pqcrystals_fips202_ref_sha3_256_label2  |   64|   64|         2|          -|          -|    32|    no    |
        +------------------------------------------+-----+-----+----------+-----------+-----------+------+----------+



================================================================
== Utilization Estimates
================================================================
* Summary: 
+-----------------+---------+-------+---------+--------+
|       Name      | BRAM_18K| DSP48E|    FF   |   LUT  |
+-----------------+---------+-------+---------+--------+
|DSP              |        -|      -|        -|       -|
|Expression       |        -|      -|        0|      26|
|FIFO             |        -|      -|        -|       -|
|Instance         |        2|      0|     6416|   21127|
|Memory           |        1|      -|        0|       0|
|Multiplexer      |        -|      -|        -|      81|
|Register         |        -|      -|     1113|       -|
+-----------------+---------+-------+---------+--------+
|Total            |        3|      0|     7529|   21234|
+-----------------+---------+-------+---------+--------+
|Available        |     3000|   3600|  1224000|  612000|
+-----------------+---------+-------+---------+--------+
|Utilization (%)  |    ~0   |      0|    ~0   |       3|
+-----------------+---------+-------+---------+--------+

+ Detail: 
    * Instance: 
    +--------------------------------+----------------------+---------+-------+------+-------+
    |            Instance            |        Module        | BRAM_18K| DSP48E|  FF  |  LUT  |
    +--------------------------------+----------------------+---------+-------+------+-------+
    |grp_keccak_absorb_fu_101        |keccak_absorb         |        0|      0|  2539|   4181|
    |grp_keccak_squeezeblocks_fu_77  |keccak_squeezeblocks  |        2|      0|  3877|  16946|
    +--------------------------------+----------------------+---------+-------+------+-------+
    |Total                           |                      |        2|      0|  6416|  21127|
    +--------------------------------+----------------------+---------+-------+------+-------+

    * DSP48: 
    N/A

    * Memory: 
    +-------+-----------------------------------+---------+---+----+------+-----+------+-------------+
    | Memory|               Module              | BRAM_18K| FF| LUT| Words| Bits| Banks| W*Bits*Banks|
    +-------+-----------------------------------+---------+---+----+------+-----+------+-------------+
    |t_U    |pqcrystals_fips202_ref_sha3_256_t  |        1|  0|   0|   136|    8|     1|         1088|
    +-------+-----------------------------------+---------+---+----+------+-----+------+-------------+
    |Total  |                                   |        1|  0|   0|   136|    8|     1|         1088|
    +-------+-----------------------------------+---------+---+----+------+-----+------+-------------+

    * FIFO: 
    N/A

    * Expression: 
    +--------------------+----------+-------+---+----+------------+------------+
    |    Variable Name   | Operation| DSP48E| FF| LUT| Bitwidth P0| Bitwidth P1|
    +--------------------+----------+-------+---+----+------------+------------+
    |i_1_fu_198_p2       |     +    |      0|  0|  15|           6|           1|
    |exitcond_fu_192_p2  |   icmp   |      0|  0|  11|           6|           7|
    +--------------------+----------+-------+---+----+------------+------------+
    |Total               |          |      0|  0|  26|          12|           8|
    +--------------------+----------+-------+---+----+------------+------------+

    * Multiplexer: 
    +------------+----+-----------+-----+-----------+
    |    Name    | LUT| Input Size| Bits| Total Bits|
    +------------+----+-----------+-----+-----------+
    |ap_NS_fsm   |  33|          6|    1|          6|
    |i_reg_66    |   9|          2|    6|         12|
    |t_address0  |  15|          3|    8|         24|
    |t_ce0       |  15|          3|    1|          3|
    |t_we0       |   9|          2|    1|          2|
    +------------+----+-----------+-----+-----------+
    |Total       |  81|         16|   17|         47|
    +------------+----+-----------+-----+-----------+

    * Register: 
    +---------------------------------------------+----+----+-----+-----------+
    |                     Name                    | FF | LUT| Bits| Const Bits|
    +---------------------------------------------+----+----+-----+-----------+
    |ap_CS_fsm                                    |   5|   0|    5|          0|
    |grp_keccak_absorb_fu_101_ap_start_reg        |   1|   0|    1|          0|
    |grp_keccak_squeezeblocks_fu_77_ap_start_reg  |   1|   0|    1|          0|
    |i_1_reg_297                                  |   6|   0|    6|          0|
    |i_reg_66                                     |   6|   0|    6|          0|
    |s_0_reg_209                                  |  64|   0|   64|          0|
    |s_10_reg_259                                 |  64|   0|   64|          0|
    |s_11_reg_264                                 |  64|   0|   64|          0|
    |s_12_reg_269                                 |  64|   0|   64|          0|
    |s_13_reg_274                                 |  64|   0|   64|          0|
    |s_14_reg_279                                 |  64|   0|   64|          0|
    |s_15_reg_284                                 |  64|   0|   64|          0|
    |s_16_reg_289                                 |  64|   0|   64|          0|
    |s_1_reg_214                                  |  64|   0|   64|          0|
    |s_2_reg_219                                  |  64|   0|   64|          0|
    |s_3_reg_224                                  |  64|   0|   64|          0|
    |s_4_reg_229                                  |  64|   0|   64|          0|
    |s_5_reg_234                                  |  64|   0|   64|          0|
    |s_6_reg_239                                  |  64|   0|   64|          0|
    |s_7_reg_244                                  |  64|   0|   64|          0|
    |s_8_reg_249                                  |  64|   0|   64|          0|
    |s_9_reg_254                                  |  64|   0|   64|          0|
    |tmp_reg_302                                  |   6|   0|   64|         58|
    +---------------------------------------------+----+----+-----+-----------+
    |Total                                        |1113|   0| 1171|         58|
    +---------------------------------------------+----+----+-----+-----------+



================================================================
== Interface
================================================================
* Summary: 
+---------------+-----+-----+------------+---------------------------------+--------------+
|   RTL Ports   | Dir | Bits|  Protocol  |          Source Object          |    C Type    |
+---------------+-----+-----+------------+---------------------------------+--------------+
|ap_clk         |  in |    1| ap_ctrl_hs | pqcrystals_fips202_ref_sha3_256 | return value |
|ap_rst         |  in |    1| ap_ctrl_hs | pqcrystals_fips202_ref_sha3_256 | return value |
|ap_start       |  in |    1| ap_ctrl_hs | pqcrystals_fips202_ref_sha3_256 | return value |
|ap_done        | out |    1| ap_ctrl_hs | pqcrystals_fips202_ref_sha3_256 | return value |
|ap_idle        | out |    1| ap_ctrl_hs | pqcrystals_fips202_ref_sha3_256 | return value |
|ap_ready       | out |    1| ap_ctrl_hs | pqcrystals_fips202_ref_sha3_256 | return value |
|h_address0     | out |    5|  ap_memory |                h                |     array    |
|h_ce0          | out |    1|  ap_memory |                h                |     array    |
|h_we0          | out |    1|  ap_memory |                h                |     array    |
|h_d0           | out |    8|  ap_memory |                h                |     array    |
|in_r_address0  | out |    2|  ap_memory |               in_r              |     array    |
|in_r_ce0       | out |    1|  ap_memory |               in_r              |     array    |
|in_r_q0        |  in |    8|  ap_memory |               in_r              |     array    |
|inlen          |  in |   64|   ap_none  |              inlen              |    scalar    |
+---------------+-----+-----+------------+---------------------------------+--------------+

============================================================
+ Verbose Summary: Synthesis Manager
============================================================
InlineROM: 1
ExposeGlobal: 0
============================================================
+ Verbose Summary: CDFG Model
============================================================
IsTopModel: 1
ResetActiveHigh: 1
IsCombinational: 2
IsDatapathOnly: 2
HasWiredReturn: 1
HasMFsm: 0
HasVarLatency: 1
IsPipeline: 0
IsRtlPipelined: 0
IsInstanceOverlapped: 0
IsDontTouch: 0
HasImplIP: 0
IsGatedGlobalClock: 0


============================================================
+ Verbose Summary: Schedule
============================================================
* Number of FSM states : 5
* Pipeline : 0
* Dataflow Pipeline: 0

* FSM state transitions: 
1 --> 
	2  / true
2 --> 
	3  / true
3 --> 
	4  / true
4 --> 
	5  / (!exitcond)
5 --> 
	4  / true

* FSM state operations: 

State 1 <SV = 0> <Delay = 2.26>
ST_1 : Operation 6 [1/1] (2.26ns)   --->   "%t = alloca [136 x i8], align 16"   --->   Operation 6 'alloca' 't' <Predicate = true> <Delay = 2.26> <Core = "RAM">   --->   Core 37 'RAM' <Latency = 1> <II = 1> <Delay = 2.26> <Storage> <Opcode : 'load' 'store'> <Ports = 2> <Width = 8> <Depth = 136> <RAM>
ST_1 : Operation 7 [2/2] (0.00ns)   --->   "%call_ret = call fastcc { i64, i64, i64, i64, i64, i64, i64, i64, i64, i64, i64, i64, i64, i64, i64, i64, i64 } @keccak_absorb([3 x i8]* %in_r) nounwind" [fips202.c:566]   --->   Operation 7 'call' 'call_ret' <Predicate = true> <Delay = 0.00> <CoreType = "Generic">   --->   Core 0 '' <Latency = 0> <II = 1> <Delay = 1.00> <Generic> <Opcode : >

State 2 <SV = 1> <Delay = 0.85>
ST_2 : Operation 8 [1/2] (0.00ns)   --->   "%call_ret = call fastcc { i64, i64, i64, i64, i64, i64, i64, i64, i64, i64, i64, i64, i64, i64, i64, i64, i64 } @keccak_absorb([3 x i8]* %in_r) nounwind" [fips202.c:566]   --->   Operation 8 'call' 'call_ret' <Predicate = true> <Delay = 0.00> <CoreType = "Generic">   --->   Core 0 '' <Latency = 0> <II = 1> <Delay = 1.00> <Generic> <Opcode : >
ST_2 : Operation 9 [1/1] (0.00ns)   --->   "%s_0 = extractvalue { i64, i64, i64, i64, i64, i64, i64, i64, i64, i64, i64, i64, i64, i64, i64, i64, i64 } %call_ret, 0" [fips202.c:566]   --->   Operation 9 'extractvalue' 's_0' <Predicate = true> <Delay = 0.00>
ST_2 : Operation 10 [1/1] (0.00ns)   --->   "%s_1 = extractvalue { i64, i64, i64, i64, i64, i64, i64, i64, i64, i64, i64, i64, i64, i64, i64, i64, i64 } %call_ret, 1" [fips202.c:566]   --->   Operation 10 'extractvalue' 's_1' <Predicate = true> <Delay = 0.00>
ST_2 : Operation 11 [1/1] (0.00ns)   --->   "%s_2 = extractvalue { i64, i64, i64, i64, i64, i64, i64, i64, i64, i64, i64, i64, i64, i64, i64, i64, i64 } %call_ret, 2" [fips202.c:566]   --->   Operation 11 'extractvalue' 's_2' <Predicate = true> <Delay = 0.00>
ST_2 : Operation 12 [1/1] (0.00ns)   --->   "%s_3 = extractvalue { i64, i64, i64, i64, i64, i64, i64, i64, i64, i64, i64, i64, i64, i64, i64, i64, i64 } %call_ret, 3" [fips202.c:566]   --->   Operation 12 'extractvalue' 's_3' <Predicate = true> <Delay = 0.00>
ST_2 : Operation 13 [1/1] (0.00ns)   --->   "%s_4 = extractvalue { i64, i64, i64, i64, i64, i64, i64, i64, i64, i64, i64, i64, i64, i64, i64, i64, i64 } %call_ret, 4" [fips202.c:566]   --->   Operation 13 'extractvalue' 's_4' <Predicate = true> <Delay = 0.00>
ST_2 : Operation 14 [1/1] (0.00ns)   --->   "%s_5 = extractvalue { i64, i64, i64, i64, i64, i64, i64, i64, i64, i64, i64, i64, i64, i64, i64, i64, i64 } %call_ret, 5" [fips202.c:566]   --->   Operation 14 'extractvalue' 's_5' <Predicate = true> <Delay = 0.00>
ST_2 : Operation 15 [1/1] (0.00ns)   --->   "%s_6 = extractvalue { i64, i64, i64, i64, i64, i64, i64, i64, i64, i64, i64, i64, i64, i64, i64, i64, i64 } %call_ret, 6" [fips202.c:566]   --->   Operation 15 'extractvalue' 's_6' <Predicate = true> <Delay = 0.00>
ST_2 : Operation 16 [1/1] (0.00ns)   --->   "%s_7 = extractvalue { i64, i64, i64, i64, i64, i64, i64, i64, i64, i64, i64, i64, i64, i64, i64, i64, i64 } %call_ret, 7" [fips202.c:566]   --->   Operation 16 'extractvalue' 's_7' <Predicate = true> <Delay = 0.00>
ST_2 : Operation 17 [1/1] (0.00ns)   --->   "%s_8 = extractvalue { i64, i64, i64, i64, i64, i64, i64, i64, i64, i64, i64, i64, i64, i64, i64, i64, i64 } %call_ret, 8" [fips202.c:566]   --->   Operation 17 'extractvalue' 's_8' <Predicate = true> <Delay = 0.00>
ST_2 : Operation 18 [1/1] (0.00ns)   --->   "%s_9 = extractvalue { i64, i64, i64, i64, i64, i64, i64, i64, i64, i64, i64, i64, i64, i64, i64, i64, i64 } %call_ret, 9" [fips202.c:566]   --->   Operation 18 'extractvalue' 's_9' <Predicate = true> <Delay = 0.00>
ST_2 : Operation 19 [1/1] (0.00ns)   --->   "%s_10 = extractvalue { i64, i64, i64, i64, i64, i64, i64, i64, i64, i64, i64, i64, i64, i64, i64, i64, i64 } %call_ret, 10" [fips202.c:566]   --->   Operation 19 'extractvalue' 's_10' <Predicate = true> <Delay = 0.00>
ST_2 : Operation 20 [1/1] (0.00ns)   --->   "%s_11 = extractvalue { i64, i64, i64, i64, i64, i64, i64, i64, i64, i64, i64, i64, i64, i64, i64, i64, i64 } %call_ret, 11" [fips202.c:566]   --->   Operation 20 'extractvalue' 's_11' <Predicate = true> <Delay = 0.00>
ST_2 : Operation 21 [1/1] (0.00ns)   --->   "%s_12 = extractvalue { i64, i64, i64, i64, i64, i64, i64, i64, i64, i64, i64, i64, i64, i64, i64, i64, i64 } %call_ret, 12" [fips202.c:566]   --->   Operation 21 'extractvalue' 's_12' <Predicate = true> <Delay = 0.00>
ST_2 : Operation 22 [1/1] (0.00ns)   --->   "%s_13 = extractvalue { i64, i64, i64, i64, i64, i64, i64, i64, i64, i64, i64, i64, i64, i64, i64, i64, i64 } %call_ret, 13" [fips202.c:566]   --->   Operation 22 'extractvalue' 's_13' <Predicate = true> <Delay = 0.00>
ST_2 : Operation 23 [1/1] (0.00ns)   --->   "%s_14 = extractvalue { i64, i64, i64, i64, i64, i64, i64, i64, i64, i64, i64, i64, i64, i64, i64, i64, i64 } %call_ret, 14" [fips202.c:566]   --->   Operation 23 'extractvalue' 's_14' <Predicate = true> <Delay = 0.00>
ST_2 : Operation 24 [1/1] (0.00ns)   --->   "%s_15 = extractvalue { i64, i64, i64, i64, i64, i64, i64, i64, i64, i64, i64, i64, i64, i64, i64, i64, i64 } %call_ret, 15" [fips202.c:566]   --->   Operation 24 'extractvalue' 's_15' <Predicate = true> <Delay = 0.00>
ST_2 : Operation 25 [1/1] (0.00ns)   --->   "%s_16 = extractvalue { i64, i64, i64, i64, i64, i64, i64, i64, i64, i64, i64, i64, i64, i64, i64, i64, i64 } %call_ret, 16" [fips202.c:566]   --->   Operation 25 'extractvalue' 's_16' <Predicate = true> <Delay = 0.00>
ST_2 : Operation 26 [2/2] (0.85ns)   --->   "call fastcc void @keccak_squeezeblocks([136 x i8]* %t, i64 %s_0, i64 %s_1, i64 %s_2, i64 %s_3, i64 %s_4, i64 %s_5, i64 %s_6, i64 %s_7, i64 %s_8, i64 %s_9, i64 %s_10, i64 %s_11, i64 %s_12, i64 %s_13, i64 %s_14, i64 %s_15, i64 %s_16) nounwind" [fips202.c:567]   --->   Operation 26 'call' <Predicate = true> <Delay = 0.85> <CoreType = "Generic">   --->   Core 0 '' <Latency = 0> <II = 1> <Delay = 1.00> <Generic> <Opcode : >

State 3 <SV = 2> <Delay = 0.85>
ST_3 : Operation 27 [1/1] (0.00ns)   --->   "call void (...)* @_ssdm_op_SpecBitsMap([32 x i8]* %h) nounwind, !map !54"   --->   Operation 27 'specbitsmap' <Predicate = true> <Delay = 0.00>
ST_3 : Operation 28 [1/1] (0.00ns)   --->   "call void (...)* @_ssdm_op_SpecBitsMap([3 x i8]* %in_r) nounwind, !map !60"   --->   Operation 28 'specbitsmap' <Predicate = true> <Delay = 0.00>
ST_3 : Operation 29 [1/1] (0.00ns)   --->   "call void (...)* @_ssdm_op_SpecBitsMap(i64 %inlen) nounwind, !map !66"   --->   Operation 29 'specbitsmap' <Predicate = true> <Delay = 0.00>
ST_3 : Operation 30 [1/1] (0.00ns)   --->   "call void (...)* @_ssdm_op_SpecTopModule([32 x i8]* @pqcrystals_fips202_r) nounwind"   --->   Operation 30 'spectopmodule' <Predicate = true> <Delay = 0.00>
ST_3 : Operation 31 [1/2] (0.00ns)   --->   "call fastcc void @keccak_squeezeblocks([136 x i8]* %t, i64 %s_0, i64 %s_1, i64 %s_2, i64 %s_3, i64 %s_4, i64 %s_5, i64 %s_6, i64 %s_7, i64 %s_8, i64 %s_9, i64 %s_10, i64 %s_11, i64 %s_12, i64 %s_13, i64 %s_14, i64 %s_15, i64 %s_16) nounwind" [fips202.c:567]   --->   Operation 31 'call' <Predicate = true> <Delay = 0.00> <CoreType = "Generic">   --->   Core 0 '' <Latency = 0> <II = 1> <Delay = 1.00> <Generic> <Opcode : >
ST_3 : Operation 32 [1/1] (0.85ns)   --->   "br label %1" [fips202.c:569]   --->   Operation 32 'br' <Predicate = true> <Delay = 0.85>

State 4 <SV = 3> <Delay = 2.26>
ST_4 : Operation 33 [1/1] (0.00ns)   --->   "%i = phi i6 [ 0, %0 ], [ %i_1, %2 ]"   --->   Operation 33 'phi' 'i' <Predicate = true> <Delay = 0.00>
ST_4 : Operation 34 [1/1] (0.86ns)   --->   "%exitcond = icmp eq i6 %i, -32" [fips202.c:569]   --->   Operation 34 'icmp' 'exitcond' <Predicate = true> <Delay = 0.86> <Core = "Cmp">   --->   Core 25 'Cmp' <Latency = 0> <II = 1> <Delay = 0.86> <FuncUnit> <Opcode : 'icmp'> <InPorts = 2> <OutPorts = 1>
ST_4 : Operation 35 [1/1] (0.00ns)   --->   "%empty = call i32 (...)* @_ssdm_op_SpecLoopTripCount(i64 32, i64 32, i64 32) nounwind"   --->   Operation 35 'speclooptripcount' 'empty' <Predicate = true> <Delay = 0.00>
ST_4 : Operation 36 [1/1] (1.18ns)   --->   "%i_1 = add i6 %i, 1" [fips202.c:569]   --->   Operation 36 'add' 'i_1' <Predicate = true> <Delay = 1.18> <Core = "AddSub">   --->   Core 14 'AddSub' <Latency = 0> <II = 1> <Delay = 1.18> <FuncUnit> <Opcode : 'add' 'sub'> <InPorts = 2> <OutPorts = 1>
ST_4 : Operation 37 [1/1] (0.00ns)   --->   "br i1 %exitcond, label %3, label %2" [fips202.c:569]   --->   Operation 37 'br' <Predicate = true> <Delay = 0.00>
ST_4 : Operation 38 [1/1] (0.00ns)   --->   "%tmp = zext i6 %i to i64" [fips202.c:570]   --->   Operation 38 'zext' 'tmp' <Predicate = (!exitcond)> <Delay = 0.00>
ST_4 : Operation 39 [1/1] (0.00ns)   --->   "%t_addr = getelementptr inbounds [136 x i8]* %t, i64 0, i64 %tmp" [fips202.c:570]   --->   Operation 39 'getelementptr' 't_addr' <Predicate = (!exitcond)> <Delay = 0.00>
ST_4 : Operation 40 [2/2] (2.26ns)   --->   "%t_load = load i8* %t_addr, align 1" [fips202.c:570]   --->   Operation 40 'load' 't_load' <Predicate = (!exitcond)> <Delay = 2.26> <Core = "RAM">   --->   Core 37 'RAM' <Latency = 1> <II = 1> <Delay = 2.26> <Storage> <Opcode : 'load' 'store'> <Ports = 2> <Width = 8> <Depth = 136> <RAM>
ST_4 : Operation 41 [1/1] (0.00ns)   --->   "ret void" [fips202.c:571]   --->   Operation 41 'ret' <Predicate = (exitcond)> <Delay = 0.00>

State 5 <SV = 4> <Delay = 3.41>
ST_5 : Operation 42 [1/1] (0.00ns)   --->   "call void (...)* @_ssdm_op_SpecLoopName([39 x i8]* @p_str2) nounwind" [fips202.c:570]   --->   Operation 42 'specloopname' <Predicate = true> <Delay = 0.00>
ST_5 : Operation 43 [1/2] (2.26ns)   --->   "%t_load = load i8* %t_addr, align 1" [fips202.c:570]   --->   Operation 43 'load' 't_load' <Predicate = true> <Delay = 2.26> <Core = "RAM">   --->   Core 37 'RAM' <Latency = 1> <II = 1> <Delay = 2.26> <Storage> <Opcode : 'load' 'store'> <Ports = 2> <Width = 8> <Depth = 136> <RAM>
ST_5 : Operation 44 [1/1] (0.00ns)   --->   "%h_addr = getelementptr [32 x i8]* %h, i64 0, i64 %tmp" [fips202.c:570]   --->   Operation 44 'getelementptr' 'h_addr' <Predicate = true> <Delay = 0.00>
ST_5 : Operation 45 [1/1] (1.14ns)   --->   "store i8 %t_load, i8* %h_addr, align 1" [fips202.c:570]   --->   Operation 45 'store' <Predicate = true> <Delay = 1.14> <Core = "RAM">   --->   Core 37 'RAM' <Latency = 1> <II = 1> <Delay = 2.26> <Storage> <Opcode : 'load' 'store'> <Ports = 2> <Width = 8> <Depth = 136> <RAM>
ST_5 : Operation 46 [1/1] (0.00ns)   --->   "br label %1" [fips202.c:569]   --->   Operation 46 'br' <Predicate = true> <Delay = 0.00>


============================================================
+ Verbose Summary: Binding
============================================================
STG Binding: 
---------------- STG Properties BEGIN ----------------
- Is combinational: 0
- Is one-state seq: 0
- Is datapath-only: 0
- Is pipelined: 0
- Is top level: 1
Port [ Return ] is wired: 1; IO mode=ap_ctrl_hs:ce=0
Port [ h]:  wired=1; compound=1; hidden=0; nouse=0; global=0; static=0; extern=0; dir=1; type=1; pingpong=0; private_global=0; MemPort=[03]; IO mode=ap_memory:ce=0
Port [ in_r]:  wired=1; compound=1; hidden=0; nouse=0; global=0; static=0; extern=0; dir=0; type=1; pingpong=0; private_global=0; MemPort=[13]; IO mode=ap_memory:ce=0
Port [ inlen]:  wired=1; compound=0; hidden=0; nouse=1; global=0; static=0; extern=0; dir=0; type=0; pingpong=0; private_global=0; IO mode=ap_none:ce=0
Port [ KeccakF_RoundConstan]:  wired=0; compound=1; hidden=1; nouse=1; global=1; static=1; extern=0; dir=0; type=1; pingpong=0; private_global=0; linkage=7; visibility=0; MemPort=[11]; IO mode=ap_memory:ce=0
---------------- STG Properties END ------------------

---------------- Datapath Model BEGIN ----------------

<LifeTime>
<method=bitvector/>
t           (alloca           ) [ 001111]
call_ret    (call             ) [ 000000]
s_0         (extractvalue     ) [ 000100]
s_1         (extractvalue     ) [ 000100]
s_2         (extractvalue     ) [ 000100]
s_3         (extractvalue     ) [ 000100]
s_4         (extractvalue     ) [ 000100]
s_5         (extractvalue     ) [ 000100]
s_6         (extractvalue     ) [ 000100]
s_7         (extractvalue     ) [ 000100]
s_8         (extractvalue     ) [ 000100]
s_9         (extractvalue     ) [ 000100]
s_10        (extractvalue     ) [ 000100]
s_11        (extractvalue     ) [ 000100]
s_12        (extractvalue     ) [ 000100]
s_13        (extractvalue     ) [ 000100]
s_14        (extractvalue     ) [ 000100]
s_15        (extractvalue     ) [ 000100]
s_16        (extractvalue     ) [ 000100]
StgValue_27 (specbitsmap      ) [ 000000]
StgValue_28 (specbitsmap      ) [ 000000]
StgValue_29 (specbitsmap      ) [ 000000]
StgValue_30 (spectopmodule    ) [ 000000]
StgValue_31 (call             ) [ 000000]
StgValue_32 (br               ) [ 000111]
i           (phi              ) [ 000010]
exitcond    (icmp             ) [ 000011]
empty       (speclooptripcount) [ 000000]
i_1         (add              ) [ 000111]
StgValue_37 (br               ) [ 000000]
tmp         (zext             ) [ 000001]
t_addr      (getelementptr    ) [ 000001]
StgValue_41 (ret              ) [ 000000]
StgValue_42 (specloopname     ) [ 000000]
t_load      (load             ) [ 000000]
h_addr      (getelementptr    ) [ 000000]
StgValue_45 (store            ) [ 000000]
StgValue_46 (br               ) [ 000111]
</LifeTime>

<model>

<comp_list>
<comp id="0" class="1000" name="h">
<pin_list>
<pin id="1" dir="1" index="0" bw="1" slack="0"/>
</pin_list>
<bind>
<StgValue><ssdm name="h"/><MemPortTyVec>0 3 </MemPortTyVec>
</StgValue>
</bind>
</comp>

<comp id="2" class="1000" name="in_r">
<pin_list>
<pin id="3" dir="1" index="0" bw="1" slack="0"/>
</pin_list>
<bind>
<StgValue><ssdm name="in_r"/><MemPortTyVec>1 3 </MemPortTyVec>
</StgValue>
</bind>
</comp>

<comp id="4" class="1000" name="inlen">
<pin_list>
<pin id="5" dir="1" index="0" bw="1" slack="2147483647"/>
</pin_list>
<bind>
<StgValue><ssdm name="inlen"/></StgValue>
</bind>
</comp>

<comp id="6" class="1000" name="KeccakF_RoundConstan">
<pin_list>
<pin id="7" dir="1" index="0" bw="1" slack="0"/>
</pin_list>
<bind>
<StgValue><ssdm name="KeccakF_RoundConstan"/><MemPortTyVec>1 1 </MemPortTyVec>
</StgValue>
</bind>
</comp>

<comp id="8" class="1001" name="const_8">
<pin_list>
<pin id="9" dir="1" index="0" bw="1" slack="0"/>
</pin_list>
<bind>
<StgValue><ssdm name=""/></StgValue>
</bind>
</comp>

<comp id="10" class="1001" name="const_10">
<pin_list>
<pin id="11" dir="1" index="0" bw="1" slack="0"/>
</pin_list>
<bind>
<StgValue><ssdm name="keccak_absorb"/></StgValue>
</bind>
</comp>

<comp id="12" class="1001" name="const_12">
<pin_list>
<pin id="13" dir="1" index="0" bw="1" slack="0"/>
</pin_list>
<bind>
<StgValue><ssdm name="keccak_squeezeblocks"/></StgValue>
</bind>
</comp>

<comp id="14" class="1001" name="const_14">
<pin_list>
<pin id="15" dir="1" index="0" bw="1" slack="2147483647"/>
</pin_list>
<bind>
<StgValue><ssdm name="_ssdm_op_SpecBitsMap"/></StgValue>
</bind>
</comp>

<comp id="16" class="1001" name="const_16">
<pin_list>
<pin id="17" dir="1" index="0" bw="1" slack="2147483647"/>
</pin_list>
<bind>
<StgValue><ssdm name="_ssdm_op_SpecTopModule"/></StgValue>
</bind>
</comp>

<comp id="18" class="1001" name="const_18">
<pin_list>
<pin id="19" dir="1" index="0" bw="1" slack="2147483647"/>
</pin_list>
<bind>
<StgValue><ssdm name="pqcrystals_fips202_r"/></StgValue>
</bind>
</comp>

<comp id="20" class="1001" name="const_20">
<pin_list>
<pin id="21" dir="1" index="0" bw="1" slack="1"/>
</pin_list>
<bind>
<StgValue><ssdm name=""/></StgValue>
</bind>
</comp>

<comp id="22" class="1001" name="const_22">
<pin_list>
<pin id="23" dir="1" index="0" bw="1" slack="0"/>
</pin_list>
<bind>
<StgValue><ssdm name=""/></StgValue>
</bind>
</comp>

<comp id="24" class="1001" name="const_24">
<pin_list>
<pin id="25" dir="1" index="0" bw="1" slack="2147483647"/>
</pin_list>
<bind>
<StgValue><ssdm name="_ssdm_op_SpecLoopTripCount"/></StgValue>
</bind>
</comp>

<comp id="26" class="1001" name="const_26">
<pin_list>
<pin id="27" dir="1" index="0" bw="1" slack="2147483647"/>
</pin_list>
<bind>
<StgValue><ssdm name=""/></StgValue>
</bind>
</comp>

<comp id="28" class="1001" name="const_28">
<pin_list>
<pin id="29" dir="1" index="0" bw="1" slack="0"/>
</pin_list>
<bind>
<StgValue><ssdm name=""/></StgValue>
</bind>
</comp>

<comp id="30" class="1001" name="const_30">
<pin_list>
<pin id="31" dir="1" index="0" bw="1" slack="0"/>
</pin_list>
<bind>
<StgValue><ssdm name=""/></StgValue>
</bind>
</comp>

<comp id="32" class="1001" name="const_32">
<pin_list>
<pin id="33" dir="1" index="0" bw="1" slack="2147483647"/>
</pin_list>
<bind>
<StgValue><ssdm name="_ssdm_op_SpecLoopName"/></StgValue>
</bind>
</comp>

<comp id="34" class="1001" name="const_34">
<pin_list>
<pin id="35" dir="1" index="0" bw="1" slack="2147483647"/>
</pin_list>
<bind>
<StgValue><ssdm name="p_str2"/></StgValue>
</bind>
</comp>

<comp id="36" class="1004" name="t_alloca_fu_36">
<pin_list>
<pin id="37" dir="0" index="0" bw="1" slack="0"/>
<pin id="38" dir="1" index="1" bw="8" slack="2147483647"/>
</pin_list>
<bind>
<opcode="alloca(26) " fcode="alloca"/>
<opset="t/1 "/>
</bind>
</comp>

<comp id="40" class="1004" name="t_addr_gep_fu_40">
<pin_list>
<pin id="41" dir="0" index="0" bw="8" slack="2147483647"/>
<pin id="42" dir="0" index="1" bw="1" slack="0"/>
<pin id="43" dir="0" index="2" bw="6" slack="0"/>
<pin id="44" dir="1" index="3" bw="8" slack="0"/>
</pin_list>
<bind>
<opcode="getelementptr(29) " fcode="getelementptr"/>
<opset="t_addr/4 "/>
</bind>
</comp>

<comp id="46" class="1004" name="grp_access_fu_46">
<pin_list>
<pin id="47" dir="0" index="0" bw="8" slack="0"/>
<pin id="48" dir="0" index="1" bw="8" slack="2147483647"/>
<pin id="49" dir="0" index="2" bw="0" slack="2147483647"/>
<pin id="50" dir="1" index="3" bw="8" slack="0"/>
</pin_list>
<bind>
<opcode="load(27) " fcode="load"/>
<opset="t_load/4 "/>
</bind>
</comp>

<comp id="52" class="1004" name="h_addr_gep_fu_52">
<pin_list>
<pin id="53" dir="0" index="0" bw="8" slack="0"/>
<pin id="54" dir="0" index="1" bw="1" slack="0"/>
<pin id="55" dir="0" index="2" bw="6" slack="1"/>
<pin id="56" dir="1" index="3" bw="5" slack="0"/>
</pin_list>
<bind>
<opcode="getelementptr(29) " fcode="getelementptr"/>
<opset="h_addr/5 "/>
</bind>
</comp>

<comp id="59" class="1004" name="StgValue_45_access_fu_59">
<pin_list>
<pin id="60" dir="0" index="0" bw="5" slack="0"/>
<pin id="61" dir="0" index="1" bw="8" slack="0"/>
<pin id="62" dir="0" index="2" bw="0" slack="2147483647"/>
<pin id="63" dir="1" index="3" bw="8" slack="2147483647"/>
</pin_list>
<bind>
<opcode="store(28) " fcode="store"/>
<opset="StgValue_45/5 "/>
</bind>
</comp>

<comp id="66" class="1005" name="i_reg_66">
<pin_list>
<pin id="67" dir="0" index="0" bw="6" slack="1"/>
<pin id="68" dir="1" index="1" bw="6" slack="1"/>
</pin_list>
<bind>
<opset="i (phireg) "/>
</bind>
</comp>

<comp id="70" class="1004" name="i_phi_fu_70">
<pin_list>
<pin id="71" dir="0" index="0" bw="1" slack="1"/>
<pin id="72" dir="0" index="1" bw="0" slack="2147483647"/>
<pin id="73" dir="0" index="2" bw="6" slack="0"/>
<pin id="74" dir="0" index="3" bw="0" slack="2147483647"/>
<pin id="75" dir="1" index="4" bw="6" slack="0"/>
</pin_list>
<bind>
<opcode="phi(47) " fcode="phi"/>
<opset="i/4 "/>
</bind>
</comp>

<comp id="77" class="1004" name="grp_keccak_squeezeblocks_fu_77">
<pin_list>
<pin id="78" dir="0" index="0" bw="0" slack="0"/>
<pin id="79" dir="0" index="1" bw="8" slack="2147483647"/>
<pin id="80" dir="0" index="2" bw="64" slack="0"/>
<pin id="81" dir="0" index="3" bw="64" slack="0"/>
<pin id="82" dir="0" index="4" bw="64" slack="0"/>
<pin id="83" dir="0" index="5" bw="64" slack="0"/>
<pin id="84" dir="0" index="6" bw="64" slack="0"/>
<pin id="85" dir="0" index="7" bw="64" slack="0"/>
<pin id="86" dir="0" index="8" bw="64" slack="0"/>
<pin id="87" dir="0" index="9" bw="64" slack="0"/>
<pin id="88" dir="0" index="10" bw="64" slack="0"/>
<pin id="89" dir="0" index="11" bw="64" slack="0"/>
<pin id="90" dir="0" index="12" bw="64" slack="0"/>
<pin id="91" dir="0" index="13" bw="64" slack="0"/>
<pin id="92" dir="0" index="14" bw="64" slack="0"/>
<pin id="93" dir="0" index="15" bw="64" slack="0"/>
<pin id="94" dir="0" index="16" bw="64" slack="0"/>
<pin id="95" dir="0" index="17" bw="64" slack="0"/>
<pin id="96" dir="0" index="18" bw="64" slack="0"/>
<pin id="97" dir="0" index="19" bw="64" slack="0"/>
<pin id="98" dir="1" index="20" bw="0" slack="2147483647"/>
</pin_list>
<bind>
<opcode="call(48) " fcode="call"/>
<opset="StgValue_26/2 "/>
</bind>
</comp>

<comp id="101" class="1004" name="grp_keccak_absorb_fu_101">
<pin_list>
<pin id="102" dir="0" index="0" bw="1088" slack="0"/>
<pin id="103" dir="0" index="1" bw="8" slack="0"/>
<pin id="104" dir="1" index="2" bw="1088" slack="0"/>
</pin_list>
<bind>
<opcode="call(48) " fcode="call"/>
<opset="call_ret/1 "/>
</bind>
</comp>

<comp id="107" class="1004" name="s_0_fu_107">
<pin_list>
<pin id="108" dir="0" index="0" bw="1088" slack="0"/>
<pin id="109" dir="1" index="1" bw="64" slack="0"/>
</pin_list>
<bind>
<opcode="extractvalue(56) " fcode="extractvalue"/>
<opset="s_0/2 "/>
</bind>
</comp>

<comp id="112" class="1004" name="s_1_fu_112">
<pin_list>
<pin id="113" dir="0" index="0" bw="1088" slack="0"/>
<pin id="114" dir="1" index="1" bw="64" slack="0"/>
</pin_list>
<bind>
<opcode="extractvalue(56) " fcode="extractvalue"/>
<opset="s_1/2 "/>
</bind>
</comp>

<comp id="117" class="1004" name="s_2_fu_117">
<pin_list>
<pin id="118" dir="0" index="0" bw="1088" slack="0"/>
<pin id="119" dir="1" index="1" bw="64" slack="0"/>
</pin_list>
<bind>
<opcode="extractvalue(56) " fcode="extractvalue"/>
<opset="s_2/2 "/>
</bind>
</comp>

<comp id="122" class="1004" name="s_3_fu_122">
<pin_list>
<pin id="123" dir="0" index="0" bw="1088" slack="0"/>
<pin id="124" dir="1" index="1" bw="64" slack="0"/>
</pin_list>
<bind>
<opcode="extractvalue(56) " fcode="extractvalue"/>
<opset="s_3/2 "/>
</bind>
</comp>

<comp id="127" class="1004" name="s_4_fu_127">
<pin_list>
<pin id="128" dir="0" index="0" bw="1088" slack="0"/>
<pin id="129" dir="1" index="1" bw="64" slack="0"/>
</pin_list>
<bind>
<opcode="extractvalue(56) " fcode="extractvalue"/>
<opset="s_4/2 "/>
</bind>
</comp>

<comp id="132" class="1004" name="s_5_fu_132">
<pin_list>
<pin id="133" dir="0" index="0" bw="1088" slack="0"/>
<pin id="134" dir="1" index="1" bw="64" slack="0"/>
</pin_list>
<bind>
<opcode="extractvalue(56) " fcode="extractvalue"/>
<opset="s_5/2 "/>
</bind>
</comp>

<comp id="137" class="1004" name="s_6_fu_137">
<pin_list>
<pin id="138" dir="0" index="0" bw="1088" slack="0"/>
<pin id="139" dir="1" index="1" bw="64" slack="0"/>
</pin_list>
<bind>
<opcode="extractvalue(56) " fcode="extractvalue"/>
<opset="s_6/2 "/>
</bind>
</comp>

<comp id="142" class="1004" name="s_7_fu_142">
<pin_list>
<pin id="143" dir="0" index="0" bw="1088" slack="0"/>
<pin id="144" dir="1" index="1" bw="64" slack="0"/>
</pin_list>
<bind>
<opcode="extractvalue(56) " fcode="extractvalue"/>
<opset="s_7/2 "/>
</bind>
</comp>

<comp id="147" class="1004" name="s_8_fu_147">
<pin_list>
<pin id="148" dir="0" index="0" bw="1088" slack="0"/>
<pin id="149" dir="1" index="1" bw="64" slack="0"/>
</pin_list>
<bind>
<opcode="extractvalue(56) " fcode="extractvalue"/>
<opset="s_8/2 "/>
</bind>
</comp>

<comp id="152" class="1004" name="s_9_fu_152">
<pin_list>
<pin id="153" dir="0" index="0" bw="1088" slack="0"/>
<pin id="154" dir="1" index="1" bw="64" slack="0"/>
</pin_list>
<bind>
<opcode="extractvalue(56) " fcode="extractvalue"/>
<opset="s_9/2 "/>
</bind>
</comp>

<comp id="157" class="1004" name="s_10_fu_157">
<pin_list>
<pin id="158" dir="0" index="0" bw="1088" slack="0"/>
<pin id="159" dir="1" index="1" bw="64" slack="0"/>
</pin_list>
<bind>
<opcode="extractvalue(56) " fcode="extractvalue"/>
<opset="s_10/2 "/>
</bind>
</comp>

<comp id="162" class="1004" name="s_11_fu_162">
<pin_list>
<pin id="163" dir="0" index="0" bw="1088" slack="0"/>
<pin id="164" dir="1" index="1" bw="64" slack="0"/>
</pin_list>
<bind>
<opcode="extractvalue(56) " fcode="extractvalue"/>
<opset="s_11/2 "/>
</bind>
</comp>

<comp id="167" class="1004" name="s_12_fu_167">
<pin_list>
<pin id="168" dir="0" index="0" bw="1088" slack="0"/>
<pin id="169" dir="1" index="1" bw="64" slack="0"/>
</pin_list>
<bind>
<opcode="extractvalue(56) " fcode="extractvalue"/>
<opset="s_12/2 "/>
</bind>
</comp>

<comp id="172" class="1004" name="s_13_fu_172">
<pin_list>
<pin id="173" dir="0" index="0" bw="1088" slack="0"/>
<pin id="174" dir="1" index="1" bw="64" slack="0"/>
</pin_list>
<bind>
<opcode="extractvalue(56) " fcode="extractvalue"/>
<opset="s_13/2 "/>
</bind>
</comp>

<comp id="177" class="1004" name="s_14_fu_177">
<pin_list>
<pin id="178" dir="0" index="0" bw="1088" slack="0"/>
<pin id="179" dir="1" index="1" bw="64" slack="0"/>
</pin_list>
<bind>
<opcode="extractvalue(56) " fcode="extractvalue"/>
<opset="s_14/2 "/>
</bind>
</comp>

<comp id="182" class="1004" name="s_15_fu_182">
<pin_list>
<pin id="183" dir="0" index="0" bw="1088" slack="0"/>
<pin id="184" dir="1" index="1" bw="64" slack="0"/>
</pin_list>
<bind>
<opcode="extractvalue(56) " fcode="extractvalue"/>
<opset="s_15/2 "/>
</bind>
</comp>

<comp id="187" class="1004" name="s_16_fu_187">
<pin_list>
<pin id="188" dir="0" index="0" bw="1088" slack="0"/>
<pin id="189" dir="1" index="1" bw="64" slack="0"/>
</pin_list>
<bind>
<opcode="extractvalue(56) " fcode="extractvalue"/>
<opset="s_16/2 "/>
</bind>
</comp>

<comp id="192" class="1004" name="exitcond_fu_192">
<pin_list>
<pin id="193" dir="0" index="0" bw="6" slack="0"/>
<pin id="194" dir="0" index="1" bw="6" slack="0"/>
<pin id="195" dir="1" index="2" bw="1" slack="2147483647"/>
</pin_list>
<bind>
<opcode="icmp(45) " fcode="icmp"/>
<opset="exitcond/4 "/>
</bind>
</comp>

<comp id="198" class="1004" name="i_1_fu_198">
<pin_list>
<pin id="199" dir="0" index="0" bw="6" slack="0"/>
<pin id="200" dir="0" index="1" bw="1" slack="0"/>
<pin id="201" dir="1" index="2" bw="6" slack="0"/>
</pin_list>
<bind>
<opcode="add(8) " fcode="add"/>
<opset="i_1/4 "/>
</bind>
</comp>

<comp id="204" class="1004" name="tmp_fu_204">
<pin_list>
<pin id="205" dir="0" index="0" bw="6" slack="0"/>
<pin id="206" dir="1" index="1" bw="64" slack="0"/>
</pin_list>
<bind>
<opcode="zext(34) " fcode="zext"/>
<opset="tmp/4 "/>
</bind>
</comp>

<comp id="209" class="1005" name="s_0_reg_209">
<pin_list>
<pin id="210" dir="0" index="0" bw="64" slack="1"/>
<pin id="211" dir="1" index="1" bw="64" slack="1"/>
</pin_list>
<bind>
<opset="s_0 "/>
</bind>
</comp>

<comp id="214" class="1005" name="s_1_reg_214">
<pin_list>
<pin id="215" dir="0" index="0" bw="64" slack="1"/>
<pin id="216" dir="1" index="1" bw="64" slack="1"/>
</pin_list>
<bind>
<opset="s_1 "/>
</bind>
</comp>

<comp id="219" class="1005" name="s_2_reg_219">
<pin_list>
<pin id="220" dir="0" index="0" bw="64" slack="1"/>
<pin id="221" dir="1" index="1" bw="64" slack="1"/>
</pin_list>
<bind>
<opset="s_2 "/>
</bind>
</comp>

<comp id="224" class="1005" name="s_3_reg_224">
<pin_list>
<pin id="225" dir="0" index="0" bw="64" slack="1"/>
<pin id="226" dir="1" index="1" bw="64" slack="1"/>
</pin_list>
<bind>
<opset="s_3 "/>
</bind>
</comp>

<comp id="229" class="1005" name="s_4_reg_229">
<pin_list>
<pin id="230" dir="0" index="0" bw="64" slack="1"/>
<pin id="231" dir="1" index="1" bw="64" slack="1"/>
</pin_list>
<bind>
<opset="s_4 "/>
</bind>
</comp>

<comp id="234" class="1005" name="s_5_reg_234">
<pin_list>
<pin id="235" dir="0" index="0" bw="64" slack="1"/>
<pin id="236" dir="1" index="1" bw="64" slack="1"/>
</pin_list>
<bind>
<opset="s_5 "/>
</bind>
</comp>

<comp id="239" class="1005" name="s_6_reg_239">
<pin_list>
<pin id="240" dir="0" index="0" bw="64" slack="1"/>
<pin id="241" dir="1" index="1" bw="64" slack="1"/>
</pin_list>
<bind>
<opset="s_6 "/>
</bind>
</comp>

<comp id="244" class="1005" name="s_7_reg_244">
<pin_list>
<pin id="245" dir="0" index="0" bw="64" slack="1"/>
<pin id="246" dir="1" index="1" bw="64" slack="1"/>
</pin_list>
<bind>
<opset="s_7 "/>
</bind>
</comp>

<comp id="249" class="1005" name="s_8_reg_249">
<pin_list>
<pin id="250" dir="0" index="0" bw="64" slack="1"/>
<pin id="251" dir="1" index="1" bw="64" slack="1"/>
</pin_list>
<bind>
<opset="s_8 "/>
</bind>
</comp>

<comp id="254" class="1005" name="s_9_reg_254">
<pin_list>
<pin id="255" dir="0" index="0" bw="64" slack="1"/>
<pin id="256" dir="1" index="1" bw="64" slack="1"/>
</pin_list>
<bind>
<opset="s_9 "/>
</bind>
</comp>

<comp id="259" class="1005" name="s_10_reg_259">
<pin_list>
<pin id="260" dir="0" index="0" bw="64" slack="1"/>
<pin id="261" dir="1" index="1" bw="64" slack="1"/>
</pin_list>
<bind>
<opset="s_10 "/>
</bind>
</comp>

<comp id="264" class="1005" name="s_11_reg_264">
<pin_list>
<pin id="265" dir="0" index="0" bw="64" slack="1"/>
<pin id="266" dir="1" index="1" bw="64" slack="1"/>
</pin_list>
<bind>
<opset="s_11 "/>
</bind>
</comp>

<comp id="269" class="1005" name="s_12_reg_269">
<pin_list>
<pin id="270" dir="0" index="0" bw="64" slack="1"/>
<pin id="271" dir="1" index="1" bw="64" slack="1"/>
</pin_list>
<bind>
<opset="s_12 "/>
</bind>
</comp>

<comp id="274" class="1005" name="s_13_reg_274">
<pin_list>
<pin id="275" dir="0" index="0" bw="64" slack="1"/>
<pin id="276" dir="1" index="1" bw="64" slack="1"/>
</pin_list>
<bind>
<opset="s_13 "/>
</bind>
</comp>

<comp id="279" class="1005" name="s_14_reg_279">
<pin_list>
<pin id="280" dir="0" index="0" bw="64" slack="1"/>
<pin id="281" dir="1" index="1" bw="64" slack="1"/>
</pin_list>
<bind>
<opset="s_14 "/>
</bind>
</comp>

<comp id="284" class="1005" name="s_15_reg_284">
<pin_list>
<pin id="285" dir="0" index="0" bw="64" slack="1"/>
<pin id="286" dir="1" index="1" bw="64" slack="1"/>
</pin_list>
<bind>
<opset="s_15 "/>
</bind>
</comp>

<comp id="289" class="1005" name="s_16_reg_289">
<pin_list>
<pin id="290" dir="0" index="0" bw="64" slack="1"/>
<pin id="291" dir="1" index="1" bw="64" slack="1"/>
</pin_list>
<bind>
<opset="s_16 "/>
</bind>
</comp>

<comp id="297" class="1005" name="i_1_reg_297">
<pin_list>
<pin id="298" dir="0" index="0" bw="6" slack="0"/>
<pin id="299" dir="1" index="1" bw="6" slack="0"/>
</pin_list>
<bind>
<opset="i_1 "/>
</bind>
</comp>

<comp id="302" class="1005" name="tmp_reg_302">
<pin_list>
<pin id="303" dir="0" index="0" bw="64" slack="1"/>
<pin id="304" dir="1" index="1" bw="64" slack="1"/>
</pin_list>
<bind>
<opset="tmp "/>
</bind>
</comp>

<comp id="307" class="1005" name="t_addr_reg_307">
<pin_list>
<pin id="308" dir="0" index="0" bw="8" slack="1"/>
<pin id="309" dir="1" index="1" bw="8" slack="1"/>
</pin_list>
<bind>
<opset="t_addr "/>
</bind>
</comp>

</comp_list>

<net_list>
<net id="39"><net_src comp="8" pin="0"/><net_sink comp="36" pin=0"/></net>

<net id="45"><net_src comp="30" pin="0"/><net_sink comp="40" pin=1"/></net>

<net id="51"><net_src comp="40" pin="3"/><net_sink comp="46" pin=0"/></net>

<net id="57"><net_src comp="0" pin="0"/><net_sink comp="52" pin=0"/></net>

<net id="58"><net_src comp="30" pin="0"/><net_sink comp="52" pin=1"/></net>

<net id="64"><net_src comp="46" pin="3"/><net_sink comp="59" pin=1"/></net>

<net id="65"><net_src comp="52" pin="3"/><net_sink comp="59" pin=0"/></net>

<net id="69"><net_src comp="20" pin="0"/><net_sink comp="66" pin=0"/></net>

<net id="76"><net_src comp="66" pin="1"/><net_sink comp="70" pin=0"/></net>

<net id="99"><net_src comp="12" pin="0"/><net_sink comp="77" pin=0"/></net>

<net id="100"><net_src comp="6" pin="0"/><net_sink comp="77" pin=19"/></net>

<net id="105"><net_src comp="10" pin="0"/><net_sink comp="101" pin=0"/></net>

<net id="106"><net_src comp="2" pin="0"/><net_sink comp="101" pin=1"/></net>

<net id="110"><net_src comp="101" pin="2"/><net_sink comp="107" pin=0"/></net>

<net id="111"><net_src comp="107" pin="1"/><net_sink comp="77" pin=2"/></net>

<net id="115"><net_src comp="101" pin="2"/><net_sink comp="112" pin=0"/></net>

<net id="116"><net_src comp="112" pin="1"/><net_sink comp="77" pin=3"/></net>

<net id="120"><net_src comp="101" pin="2"/><net_sink comp="117" pin=0"/></net>

<net id="121"><net_src comp="117" pin="1"/><net_sink comp="77" pin=4"/></net>

<net id="125"><net_src comp="101" pin="2"/><net_sink comp="122" pin=0"/></net>

<net id="126"><net_src comp="122" pin="1"/><net_sink comp="77" pin=5"/></net>

<net id="130"><net_src comp="101" pin="2"/><net_sink comp="127" pin=0"/></net>

<net id="131"><net_src comp="127" pin="1"/><net_sink comp="77" pin=6"/></net>

<net id="135"><net_src comp="101" pin="2"/><net_sink comp="132" pin=0"/></net>

<net id="136"><net_src comp="132" pin="1"/><net_sink comp="77" pin=7"/></net>

<net id="140"><net_src comp="101" pin="2"/><net_sink comp="137" pin=0"/></net>

<net id="141"><net_src comp="137" pin="1"/><net_sink comp="77" pin=8"/></net>

<net id="145"><net_src comp="101" pin="2"/><net_sink comp="142" pin=0"/></net>

<net id="146"><net_src comp="142" pin="1"/><net_sink comp="77" pin=9"/></net>

<net id="150"><net_src comp="101" pin="2"/><net_sink comp="147" pin=0"/></net>

<net id="151"><net_src comp="147" pin="1"/><net_sink comp="77" pin=10"/></net>

<net id="155"><net_src comp="101" pin="2"/><net_sink comp="152" pin=0"/></net>

<net id="156"><net_src comp="152" pin="1"/><net_sink comp="77" pin=11"/></net>

<net id="160"><net_src comp="101" pin="2"/><net_sink comp="157" pin=0"/></net>

<net id="161"><net_src comp="157" pin="1"/><net_sink comp="77" pin=12"/></net>

<net id="165"><net_src comp="101" pin="2"/><net_sink comp="162" pin=0"/></net>

<net id="166"><net_src comp="162" pin="1"/><net_sink comp="77" pin=13"/></net>

<net id="170"><net_src comp="101" pin="2"/><net_sink comp="167" pin=0"/></net>

<net id="171"><net_src comp="167" pin="1"/><net_sink comp="77" pin=14"/></net>

<net id="175"><net_src comp="101" pin="2"/><net_sink comp="172" pin=0"/></net>

<net id="176"><net_src comp="172" pin="1"/><net_sink comp="77" pin=15"/></net>

<net id="180"><net_src comp="101" pin="2"/><net_sink comp="177" pin=0"/></net>

<net id="181"><net_src comp="177" pin="1"/><net_sink comp="77" pin=16"/></net>

<net id="185"><net_src comp="101" pin="2"/><net_sink comp="182" pin=0"/></net>

<net id="186"><net_src comp="182" pin="1"/><net_sink comp="77" pin=17"/></net>

<net id="190"><net_src comp="101" pin="2"/><net_sink comp="187" pin=0"/></net>

<net id="191"><net_src comp="187" pin="1"/><net_sink comp="77" pin=18"/></net>

<net id="196"><net_src comp="70" pin="4"/><net_sink comp="192" pin=0"/></net>

<net id="197"><net_src comp="22" pin="0"/><net_sink comp="192" pin=1"/></net>

<net id="202"><net_src comp="70" pin="4"/><net_sink comp="198" pin=0"/></net>

<net id="203"><net_src comp="28" pin="0"/><net_sink comp="198" pin=1"/></net>

<net id="207"><net_src comp="70" pin="4"/><net_sink comp="204" pin=0"/></net>

<net id="208"><net_src comp="204" pin="1"/><net_sink comp="40" pin=2"/></net>

<net id="212"><net_src comp="107" pin="1"/><net_sink comp="209" pin=0"/></net>

<net id="213"><net_src comp="209" pin="1"/><net_sink comp="77" pin=2"/></net>

<net id="217"><net_src comp="112" pin="1"/><net_sink comp="214" pin=0"/></net>

<net id="218"><net_src comp="214" pin="1"/><net_sink comp="77" pin=3"/></net>

<net id="222"><net_src comp="117" pin="1"/><net_sink comp="219" pin=0"/></net>

<net id="223"><net_src comp="219" pin="1"/><net_sink comp="77" pin=4"/></net>

<net id="227"><net_src comp="122" pin="1"/><net_sink comp="224" pin=0"/></net>

<net id="228"><net_src comp="224" pin="1"/><net_sink comp="77" pin=5"/></net>

<net id="232"><net_src comp="127" pin="1"/><net_sink comp="229" pin=0"/></net>

<net id="233"><net_src comp="229" pin="1"/><net_sink comp="77" pin=6"/></net>

<net id="237"><net_src comp="132" pin="1"/><net_sink comp="234" pin=0"/></net>

<net id="238"><net_src comp="234" pin="1"/><net_sink comp="77" pin=7"/></net>

<net id="242"><net_src comp="137" pin="1"/><net_sink comp="239" pin=0"/></net>

<net id="243"><net_src comp="239" pin="1"/><net_sink comp="77" pin=8"/></net>

<net id="247"><net_src comp="142" pin="1"/><net_sink comp="244" pin=0"/></net>

<net id="248"><net_src comp="244" pin="1"/><net_sink comp="77" pin=9"/></net>

<net id="252"><net_src comp="147" pin="1"/><net_sink comp="249" pin=0"/></net>

<net id="253"><net_src comp="249" pin="1"/><net_sink comp="77" pin=10"/></net>

<net id="257"><net_src comp="152" pin="1"/><net_sink comp="254" pin=0"/></net>

<net id="258"><net_src comp="254" pin="1"/><net_sink comp="77" pin=11"/></net>

<net id="262"><net_src comp="157" pin="1"/><net_sink comp="259" pin=0"/></net>

<net id="263"><net_src comp="259" pin="1"/><net_sink comp="77" pin=12"/></net>

<net id="267"><net_src comp="162" pin="1"/><net_sink comp="264" pin=0"/></net>

<net id="268"><net_src comp="264" pin="1"/><net_sink comp="77" pin=13"/></net>

<net id="272"><net_src comp="167" pin="1"/><net_sink comp="269" pin=0"/></net>

<net id="273"><net_src comp="269" pin="1"/><net_sink comp="77" pin=14"/></net>

<net id="277"><net_src comp="172" pin="1"/><net_sink comp="274" pin=0"/></net>

<net id="278"><net_src comp="274" pin="1"/><net_sink comp="77" pin=15"/></net>

<net id="282"><net_src comp="177" pin="1"/><net_sink comp="279" pin=0"/></net>

<net id="283"><net_src comp="279" pin="1"/><net_sink comp="77" pin=16"/></net>

<net id="287"><net_src comp="182" pin="1"/><net_sink comp="284" pin=0"/></net>

<net id="288"><net_src comp="284" pin="1"/><net_sink comp="77" pin=17"/></net>

<net id="292"><net_src comp="187" pin="1"/><net_sink comp="289" pin=0"/></net>

<net id="293"><net_src comp="289" pin="1"/><net_sink comp="77" pin=18"/></net>

<net id="300"><net_src comp="198" pin="2"/><net_sink comp="297" pin=0"/></net>

<net id="301"><net_src comp="297" pin="1"/><net_sink comp="70" pin=2"/></net>

<net id="305"><net_src comp="204" pin="1"/><net_sink comp="302" pin=0"/></net>

<net id="306"><net_src comp="302" pin="1"/><net_sink comp="52" pin=2"/></net>

<net id="310"><net_src comp="40" pin="3"/><net_sink comp="307" pin=0"/></net>

<net id="311"><net_src comp="307" pin="1"/><net_sink comp="46" pin=0"/></net>

</net_list>

</model> 
---------------- Datapath Model END ------------------

* FSMD analyzer results:
  - Output states:
	Port: h | {5 }
 - Input state : 
	Port: pqcrystals_fips202_ref_sha3_256 : in_r | {1 2 }
	Port: pqcrystals_fips202_ref_sha3_256 : KeccakF_RoundConstan | {2 3 }
  - Chain level:
	State 1
	State 2
		s_0 : 1
		s_1 : 1
		s_2 : 1
		s_3 : 1
		s_4 : 1
		s_5 : 1
		s_6 : 1
		s_7 : 1
		s_8 : 1
		s_9 : 1
		s_10 : 1
		s_11 : 1
		s_12 : 1
		s_13 : 1
		s_14 : 1
		s_15 : 1
		s_16 : 1
		StgValue_26 : 2
	State 3
	State 4
		exitcond : 1
		i_1 : 1
		StgValue_37 : 2
		tmp : 1
		t_addr : 2
		t_load : 3
	State 5
		StgValue_45 : 1


============================================================
+ Verbose Summary: Datapath Resource usage 
============================================================

* Functional unit list:
|----------|--------------------------------|---------|---------|---------|---------|---------|
| Operation|         Functional Unit        |   BRAM  |  DSP48E |  Delay  |    FF   |   LUT   |
|----------|--------------------------------|---------|---------|---------|---------|---------|
|   call   | grp_keccak_squeezeblocks_fu_77 |    0    |    0    |  22.95  |   6574  |  16642  |
|          |    grp_keccak_absorb_fu_101    |    0    |    0    |  8.1855 |   4882  |   3473  |
|----------|--------------------------------|---------|---------|---------|---------|---------|
|    add   |           i_1_fu_198           |    0    |    0    |    0    |    0    |    15   |
|----------|--------------------------------|---------|---------|---------|---------|---------|
|   icmp   |         exitcond_fu_192        |    0    |    0    |    0    |    0    |    11   |
|----------|--------------------------------|---------|---------|---------|---------|---------|
|          |           s_0_fu_107           |    0    |    0    |    0    |    0    |    0    |
|          |           s_1_fu_112           |    0    |    0    |    0    |    0    |    0    |
|          |           s_2_fu_117           |    0    |    0    |    0    |    0    |    0    |
|          |           s_3_fu_122           |    0    |    0    |    0    |    0    |    0    |
|          |           s_4_fu_127           |    0    |    0    |    0    |    0    |    0    |
|          |           s_5_fu_132           |    0    |    0    |    0    |    0    |    0    |
|          |           s_6_fu_137           |    0    |    0    |    0    |    0    |    0    |
|          |           s_7_fu_142           |    0    |    0    |    0    |    0    |    0    |
|extractvalue|           s_8_fu_147           |    0    |    0    |    0    |    0    |    0    |
|          |           s_9_fu_152           |    0    |    0    |    0    |    0    |    0    |
|          |           s_10_fu_157          |    0    |    0    |    0    |    0    |    0    |
|          |           s_11_fu_162          |    0    |    0    |    0    |    0    |    0    |
|          |           s_12_fu_167          |    0    |    0    |    0    |    0    |    0    |
|          |           s_13_fu_172          |    0    |    0    |    0    |    0    |    0    |
|          |           s_14_fu_177          |    0    |    0    |    0    |    0    |    0    |
|          |           s_15_fu_182          |    0    |    0    |    0    |    0    |    0    |
|          |           s_16_fu_187          |    0    |    0    |    0    |    0    |    0    |
|----------|--------------------------------|---------|---------|---------|---------|---------|
|   zext   |           tmp_fu_204           |    0    |    0    |    0    |    0    |    0    |
|----------|--------------------------------|---------|---------|---------|---------|---------|
|   Total  |                                |    0    |    0    | 31.1355 |  11456  |  20141  |
|----------|--------------------------------|---------|---------|---------|---------|---------|

Memories:
+--------------------+--------+--------+--------+
|                    |  BRAM  |   FF   |   LUT  |
+--------------------+--------+--------+--------+
|KeccakF_RoundConstan|    2   |    0   |    0   |
|          t         |    1   |    0   |    0   |
+--------------------+--------+--------+--------+
|        Total       |    3   |    0   |    0   |
+--------------------+--------+--------+--------+

* Register list:
+--------------+--------+
|              |   FF   |
+--------------+--------+
|  i_1_reg_297 |    6   |
|   i_reg_66   |    6   |
|  s_0_reg_209 |   64   |
| s_10_reg_259 |   64   |
| s_11_reg_264 |   64   |
| s_12_reg_269 |   64   |
| s_13_reg_274 |   64   |
| s_14_reg_279 |   64   |
| s_15_reg_284 |   64   |
| s_16_reg_289 |   64   |
|  s_1_reg_214 |   64   |
|  s_2_reg_219 |   64   |
|  s_3_reg_224 |   64   |
|  s_4_reg_229 |   64   |
|  s_5_reg_234 |   64   |
|  s_6_reg_239 |   64   |
|  s_7_reg_244 |   64   |
|  s_8_reg_249 |   64   |
|  s_9_reg_254 |   64   |
|t_addr_reg_307|    8   |
|  tmp_reg_302 |   64   |
+--------------+--------+
|     Total    |  1172  |
+--------------+--------+

* Multiplexer (MUX) list: 
|--------------------------------|------|------|------|--------||---------||---------|
|              Comp              |  Pin | Size |  BW  | S x BW ||  Delay  ||   LUT   |
|--------------------------------|------|------|------|--------||---------||---------|
|        grp_access_fu_46        |  p0  |   2  |   8  |   16   ||    9    |
| grp_keccak_squeezeblocks_fu_77 |  p2  |   2  |  64  |   128  ||    9    |
| grp_keccak_squeezeblocks_fu_77 |  p3  |   2  |  64  |   128  ||    9    |
| grp_keccak_squeezeblocks_fu_77 |  p4  |   2  |  64  |   128  ||    9    |
| grp_keccak_squeezeblocks_fu_77 |  p5  |   2  |  64  |   128  ||    9    |
| grp_keccak_squeezeblocks_fu_77 |  p6  |   2  |  64  |   128  ||    9    |
| grp_keccak_squeezeblocks_fu_77 |  p7  |   2  |  64  |   128  ||    9    |
| grp_keccak_squeezeblocks_fu_77 |  p8  |   2  |  64  |   128  ||    9    |
| grp_keccak_squeezeblocks_fu_77 |  p9  |   2  |  64  |   128  ||    9    |
| grp_keccak_squeezeblocks_fu_77 |  p10 |   2  |  64  |   128  ||    9    |
| grp_keccak_squeezeblocks_fu_77 |  p11 |   2  |  64  |   128  ||    9    |
| grp_keccak_squeezeblocks_fu_77 |  p12 |   2  |  64  |   128  ||    9    |
| grp_keccak_squeezeblocks_fu_77 |  p13 |   2  |  64  |   128  ||    9    |
| grp_keccak_squeezeblocks_fu_77 |  p14 |   2  |  64  |   128  ||    9    |
| grp_keccak_squeezeblocks_fu_77 |  p15 |   2  |  64  |   128  ||    9    |
| grp_keccak_squeezeblocks_fu_77 |  p16 |   2  |  64  |   128  ||    9    |
| grp_keccak_squeezeblocks_fu_77 |  p17 |   2  |  64  |   128  ||    9    |
| grp_keccak_squeezeblocks_fu_77 |  p18 |   2  |  64  |   128  ||    9    |
|--------------------------------|------|------|------|--------||---------||---------|
|              Total             |      |      |      |  2192  ||   15.3  ||   162   |
|--------------------------------|------|------|------|--------||---------||---------|



* Summary:
+-----------+--------+--------+--------+--------+--------+
|           |  BRAM  | DSP48E |  Delay |   FF   |   LUT  |
+-----------+--------+--------+--------+--------+--------+
|  Function |    0   |    0   |   31   |  11456 |  20141 |
|   Memory  |    3   |    -   |    -   |    0   |    0   |
|Multiplexer|    -   |    -   |   15   |    -   |   162  |
|  Register |    -   |    -   |    -   |  1172  |    -   |
+-----------+--------+--------+--------+--------+--------+
|   Total   |    3   |    0   |   46   |  12628 |  20303 |
+-----------+--------+--------+--------+--------+--------+
