

================================================================
== Vivado HLS Report for 'pqcrystals_fips202_ref_sha3_256'
================================================================
* Date:           Tue Apr 13 00:50:27 2021

* Version:        2018.3 (Build 2405991 on Thu Dec 06 23:56:15 MST 2018)
* Project:        SHA
* Solution:       solution6
* Product family: artix7l
* Target device:  xc7a75tlftg256-2l


================================================================
== Performance Estimates
================================================================
+ Timing (ns): 
    * Summary: 
    +--------+-------+----------+------------+
    |  Clock | Target| Estimated| Uncertainty|
    +--------+-------+----------+------------+
    |ap_clk  |  10.00|     7.440|        1.25|
    +--------+-------+----------+------------+

+ Latency (clock cycles): 
    * Summary: 
    +-----+-----+-----+-----+---------+
    |  Latency  |  Interval | Pipeline|
    | min | max | min | max |   Type  |
    +-----+-----+-----+-----+---------+
    |  876|  876|  876|  876|   none  |
    +-----+-----+-----+-----+---------+

    + Detail: 
        * Instance: 
        +---------------------------------+----------------------+-----+-----+-----+-----+---------+
        |                                 |                      |  Latency  |  Interval | Pipeline|
        |             Instance            |        Module        | min | max | min | max |   Type  |
        +---------------------------------+----------------------+-----+-----+-----+-----+---------+
        |grp_KeccakF1600_StatePer_fu_155  |KeccakF1600_StatePer  |   62|   62|   62|   62|   none  |
        |grp_keccak_absorb_fu_162         |keccak_absorb         |  558|  558|  558|  558|   none  |
        +---------------------------------+----------------------+-----+-----+-----+-----+---------+

        * Loop: 
        +------------------------------------------+-----+-----+----------+-----------+-----------+------+----------+
        |                                          |  Latency  | Iteration|  Initiation Interval  | Trip |          |
        |                 Loop Name                | min | max |  Latency |  achieved |   target  | Count| Pipelined|
        +------------------------------------------+-----+-----+----------+-----------+-----------+------+----------+
        |- keccak_squeezeblocks_label8             |  187|  187|        11|          -|          -|    17|    no    |
        | + store64_label1                         |    8|    8|         1|          -|          -|     8|    no    |
        |- pqcrystals_fips202_ref_sha3_256_label2  |   64|   64|         2|          -|          -|    32|    no    |
        +------------------------------------------+-----+-----+----------+-----------+-----------+------+----------+



================================================================
== Utilization Estimates
================================================================
* Summary: 
+-----------------+---------+-------+-------+-------+
|       Name      | BRAM_18K| DSP48E|   FF  |  LUT  |
+-----------------+---------+-------+-------+-------+
|DSP              |        -|      -|      -|      -|
|Expression       |        -|      -|      0|    273|
|FIFO             |        -|      -|      -|      -|
|Instance         |        3|      -|   3621|  19351|
|Memory           |        5|      -|      0|      0|
|Multiplexer      |        -|      -|      -|    179|
|Register         |        -|      -|    112|      -|
+-----------------+---------+-------+-------+-------+
|Total            |        8|      0|   3733|  19803|
+-----------------+---------+-------+-------+-------+
|Available        |      210|    180|  94400|  47200|
+-----------------+---------+-------+-------+-------+
|Utilization (%)  |        3|      0|      3|     41|
+-----------------+---------+-------+-------+-------+

+ Detail: 
    * Instance: 
    +---------------------------------+----------------------+---------+-------+------+-------+
    |             Instance            |        Module        | BRAM_18K| DSP48E|  FF  |  LUT  |
    +---------------------------------+----------------------+---------+-------+------+-------+
    |grp_KeccakF1600_StatePer_fu_155  |KeccakF1600_StatePer  |        2|      0|  3495|  18673|
    |grp_keccak_absorb_fu_162         |keccak_absorb         |        1|      0|   126|    678|
    +---------------------------------+----------------------+---------+-------+------+-------+
    |Total                            |                      |        3|      0|  3621|  19351|
    +---------------------------------+----------------------+---------+-------+------+-------+

    * DSP48: 
    N/A

    * Memory: 
    +--------------+--------------------------------------------+---------+---+----+------+-----+------+-------------+
    |    Memory    |                   Module                   | BRAM_18K| FF| LUT| Words| Bits| Banks| W*Bits*Banks|
    +--------------+--------------------------------------------+---------+---+----+------+-----+------+-------------+
    |out_assign_U  |pqcrystals_fips202_ref_sha3_256_out_assign  |        1|  0|   0|   136|    8|     1|         1088|
    |s_U           |pqcrystals_fips202_ref_sha3_256_s           |        4|  0|   0|    25|   64|     1|         1600|
    +--------------+--------------------------------------------+---------+---+----+------+-----+------+-------------+
    |Total         |                                            |        5|  0|   0|   161|   72|     2|         2688|
    +--------------+--------------------------------------------+---------+---+----+------+-----+------+-------------+

    * FIFO: 
    N/A

    * Expression: 
    +------------------------+----------+-------+---+-----+------------+------------+
    |      Variable Name     | Operation| DSP48E| FF| LUT | Bitwidth P0| Bitwidth P1|
    +------------------------+----------+-------+---+-----+------------+------------+
    |i_1_fu_253_p2           |     +    |      0|  0|   15|           6|           1|
    |i_2_fu_201_p2           |     +    |      0|  0|   13|           4|           1|
    |i_4_i_fu_176_p2         |     +    |      0|  0|   15|           5|           1|
    |sum_i_i_fu_237_p2       |     +    |      0|  0|   15|           8|           8|
    |exitcond_fu_247_p2      |   icmp   |      0|  0|   11|           6|           7|
    |exitcond_i_i_fu_195_p2  |   icmp   |      0|  0|   11|           4|           5|
    |tmp_i_5_fu_170_p2       |   icmp   |      0|  0|   11|           5|           5|
    |tmp_3_i_i_fu_223_p2     |   lshr   |      0|  0|  182|          64|          64|
    +------------------------+----------+-------+---+-----+------------+------------+
    |Total                   |          |      0|  0|  273|         102|          92|
    +------------------------+----------+-------+---+-----+------------+------------+

    * Multiplexer: 
    +---------------------+----+-----------+-----+-----------+
    |         Name        | LUT| Input Size| Bits| Total Bits|
    +---------------------+----+-----------+-----+-----------+
    |ap_NS_fsm            |  47|         10|    1|         10|
    |i_i_i_reg_133        |   9|          2|    4|          8|
    |i_i_reg_121          |   9|          2|    5|         10|
    |i_reg_144            |   9|          2|    6|         12|
    |out_assign_address0  |  15|          3|    8|         24|
    |s_address0           |  21|          4|    5|         20|
    |s_ce0                |  21|          4|    1|          4|
    |s_ce1                |   9|          2|    1|          2|
    |s_d0                 |  15|          3|   64|        192|
    |s_we0                |  15|          3|    1|          3|
    |s_we1                |   9|          2|    1|          2|
    +---------------------+----+-----------+-----+-----------+
    |Total                | 179|         37|   97|        287|
    +---------------------+----+-----------+-----+-----------+

    * Register: 
    +----------------------------------------------+----+----+-----+-----------+
    |                     Name                     | FF | LUT| Bits| Const Bits|
    +----------------------------------------------+----+----+-----+-----------+
    |ap_CS_fsm                                     |   9|   0|    9|          0|
    |grp_KeccakF1600_StatePer_fu_155_ap_start_reg  |   1|   0|    1|          0|
    |grp_keccak_absorb_fu_162_ap_start_reg         |   1|   0|    1|          0|
    |i_1_reg_298                                   |   6|   0|    6|          0|
    |i_4_i_reg_267                                 |   5|   0|    5|          0|
    |i_i_i_reg_133                                 |   4|   0|    4|          0|
    |i_i_reg_121                                   |   5|   0|    5|          0|
    |i_reg_144                                     |   6|   0|    6|          0|
    |s_load_reg_282                                |  64|   0|   64|          0|
    |tmp_4_i_reg_277                               |   5|   0|    8|          3|
    |tmp_reg_303                                   |   6|   0|   64|         58|
    +----------------------------------------------+----+----+-----+-----------+
    |Total                                         | 112|   0|  173|         61|
    +----------------------------------------------+----+----+-----+-----------+



================================================================
== Interface
================================================================
* Summary: 
+---------------+-----+-----+------------+---------------------------------+--------------+
|   RTL Ports   | Dir | Bits|  Protocol  |          Source Object          |    C Type    |
+---------------+-----+-----+------------+---------------------------------+--------------+
|ap_clk         |  in |    1| ap_ctrl_hs | pqcrystals_fips202_ref_sha3_256 | return value |
|ap_rst         |  in |    1| ap_ctrl_hs | pqcrystals_fips202_ref_sha3_256 | return value |
|ap_start       |  in |    1| ap_ctrl_hs | pqcrystals_fips202_ref_sha3_256 | return value |
|ap_done        | out |    1| ap_ctrl_hs | pqcrystals_fips202_ref_sha3_256 | return value |
|ap_idle        | out |    1| ap_ctrl_hs | pqcrystals_fips202_ref_sha3_256 | return value |
|ap_ready       | out |    1| ap_ctrl_hs | pqcrystals_fips202_ref_sha3_256 | return value |
|h_address0     | out |    5|  ap_memory |                h                |     array    |
|h_ce0          | out |    1|  ap_memory |                h                |     array    |
|h_we0          | out |    1|  ap_memory |                h                |     array    |
|h_d0           | out |    8|  ap_memory |                h                |     array    |
|in_r_address0  | out |    2|  ap_memory |               in_r              |     array    |
|in_r_ce0       | out |    1|  ap_memory |               in_r              |     array    |
|in_r_q0        |  in |    8|  ap_memory |               in_r              |     array    |
|inlen          |  in |   64|   ap_none  |              inlen              |    scalar    |
+---------------+-----+-----+------------+---------------------------------+--------------+

============================================================
+ Verbose Summary: Synthesis Manager
============================================================
InlineROM: 1
ExposeGlobal: 0
============================================================
+ Verbose Summary: CDFG Model
============================================================
IsTopModel: 1
ResetActiveHigh: 1
IsCombinational: 2
IsDatapathOnly: 2
HasWiredReturn: 1
HasMFsm: 0
HasVarLatency: 1
IsPipeline: 0
IsRtlPipelined: 0
IsInstanceOverlapped: 0
IsDontTouch: 0
HasImplIP: 0
IsGatedGlobalClock: 0


============================================================
+ Verbose Summary: Schedule
============================================================
* Number of FSM states : 9
* Pipeline : 0
* Dataflow Pipeline: 0

* FSM state transitions: 
1 --> 
	2  / true
2 --> 
	3  / true
3 --> 
	4  / true
4 --> 
	5  / true
5 --> 
	6  / (!tmp_i_5)
	8  / (tmp_i_5)
6 --> 
	7  / true
7 --> 
	7  / (!exitcond_i_i)
	5  / (exitcond_i_i)
8 --> 
	9  / (!exitcond)
9 --> 
	8  / true

* FSM state operations: 

State 1 <SV = 0> <Delay = 2.77>
ST_1 : Operation 10 [1/1] (2.77ns)   --->   "%s = alloca [25 x i64], align 16" [fips202.c:428]   --->   Operation 10 'alloca' 's' <Predicate = true> <Delay = 2.77> <Core = "RAM">   --->   Core 37 'RAM' <Latency = 1> <II = 1> <Delay = 2.77> <Storage> <Opcode : 'load' 'store'> <Ports = 2> <Width = 8> <Depth = 136> <RAM>
ST_1 : Operation 11 [1/1] (2.77ns)   --->   "%out_assign = alloca [136 x i8], align 16"   --->   Operation 11 'alloca' 'out_assign' <Predicate = true> <Delay = 2.77> <Core = "RAM">   --->   Core 37 'RAM' <Latency = 1> <II = 1> <Delay = 2.77> <Storage> <Opcode : 'load' 'store'> <Ports = 2> <Width = 8> <Depth = 136> <RAM>
ST_1 : Operation 12 [2/2] (0.00ns)   --->   "call fastcc void @keccak_absorb([25 x i64]* %s, [3 x i8]* %in_r) nounwind" [fips202.c:431]   --->   Operation 12 'call' <Predicate = true> <Delay = 0.00> <CoreType = "Generic">   --->   Core 0 '' <Latency = 0> <II = 1> <Delay = 1.00> <Generic> <Opcode : >

State 2 <SV = 1> <Delay = 0.00>
ST_2 : Operation 13 [1/2] (0.00ns)   --->   "call fastcc void @keccak_absorb([25 x i64]* %s, [3 x i8]* %in_r) nounwind" [fips202.c:431]   --->   Operation 13 'call' <Predicate = true> <Delay = 0.00> <CoreType = "Generic">   --->   Core 0 '' <Latency = 0> <II = 1> <Delay = 1.00> <Generic> <Opcode : >

State 3 <SV = 2> <Delay = 0.00>
ST_3 : Operation 14 [2/2] (0.00ns)   --->   "call fastcc void @KeccakF1600_StatePer([25 x i64]* %s) nounwind" [fips202.c:417->fips202.c:432]   --->   Operation 14 'call' <Predicate = true> <Delay = 0.00> <CoreType = "Generic">   --->   Core 0 '' <Latency = 0> <II = 1> <Delay = 1.00> <Generic> <Opcode : >

State 4 <SV = 3> <Delay = 1.35>
ST_4 : Operation 15 [1/1] (0.00ns)   --->   "call void (...)* @_ssdm_op_SpecBitsMap([32 x i8]* %h) nounwind, !map !42"   --->   Operation 15 'specbitsmap' <Predicate = true> <Delay = 0.00>
ST_4 : Operation 16 [1/1] (0.00ns)   --->   "call void (...)* @_ssdm_op_SpecBitsMap([3 x i8]* %in_r) nounwind, !map !48"   --->   Operation 16 'specbitsmap' <Predicate = true> <Delay = 0.00>
ST_4 : Operation 17 [1/1] (0.00ns)   --->   "call void (...)* @_ssdm_op_SpecBitsMap(i64 %inlen) nounwind, !map !54"   --->   Operation 17 'specbitsmap' <Predicate = true> <Delay = 0.00>
ST_4 : Operation 18 [1/1] (0.00ns)   --->   "call void (...)* @_ssdm_op_SpecTopModule([32 x i8]* @pqcrystals_fips202_r) nounwind"   --->   Operation 18 'spectopmodule' <Predicate = true> <Delay = 0.00>
ST_4 : Operation 19 [1/1] (0.00ns)   --->   "%tmp_i = call i32 (...)* @_ssdm_op_SpecRegionBegin([28 x i8]* @p_str1) nounwind" [fips202.c:416->fips202.c:432]   --->   Operation 19 'specregionbegin' 'tmp_i' <Predicate = true> <Delay = 0.00>
ST_4 : Operation 20 [1/2] (0.00ns)   --->   "call fastcc void @KeccakF1600_StatePer([25 x i64]* %s) nounwind" [fips202.c:417->fips202.c:432]   --->   Operation 20 'call' <Predicate = true> <Delay = 0.00> <CoreType = "Generic">   --->   Core 0 '' <Latency = 0> <II = 1> <Delay = 1.00> <Generic> <Opcode : >
ST_4 : Operation 21 [1/1] (1.35ns)   --->   "br label %store64.exit.i" [fips202.c:418->fips202.c:432]   --->   Operation 21 'br' <Predicate = true> <Delay = 1.35>

State 5 <SV = 4> <Delay = 2.77>
ST_5 : Operation 22 [1/1] (0.00ns)   --->   "%i_i = phi i5 [ 0, %0 ], [ %i_4_i, %store64.exit.i.loopexit ]" [fips202.c:418->fips202.c:432]   --->   Operation 22 'phi' 'i_i' <Predicate = true> <Delay = 0.00>
ST_5 : Operation 23 [1/1] (1.21ns)   --->   "%tmp_i_5 = icmp eq i5 %i_i, -15" [fips202.c:418->fips202.c:432]   --->   Operation 23 'icmp' 'tmp_i_5' <Predicate = true> <Delay = 1.21> <Core = "Cmp">   --->   Core 25 'Cmp' <Latency = 0> <II = 1> <Delay = 1.21> <FuncUnit> <Opcode : 'icmp'> <InPorts = 2> <OutPorts = 1>
ST_5 : Operation 24 [1/1] (0.00ns)   --->   "%empty = call i32 (...)* @_ssdm_op_SpecLoopTripCount(i64 17, i64 17, i64 17) nounwind"   --->   Operation 24 'speclooptripcount' 'empty' <Predicate = true> <Delay = 0.00>
ST_5 : Operation 25 [1/1] (1.54ns)   --->   "%i_4_i = add i5 %i_i, 1" [fips202.c:418->fips202.c:432]   --->   Operation 25 'add' 'i_4_i' <Predicate = true> <Delay = 1.54> <Core = "AddSub">   --->   Core 14 'AddSub' <Latency = 0> <II = 1> <Delay = 1.71> <FuncUnit> <Opcode : 'add' 'sub'> <InPorts = 2> <OutPorts = 1>
ST_5 : Operation 26 [1/1] (0.00ns)   --->   "br i1 %tmp_i_5, label %keccak_squeezeblocks.exit, label %1" [fips202.c:418->fips202.c:432]   --->   Operation 26 'br' <Predicate = true> <Delay = 0.00>
ST_5 : Operation 27 [1/1] (0.00ns)   --->   "%tmp_6_i = zext i5 %i_i to i64" [fips202.c:420->fips202.c:432]   --->   Operation 27 'zext' 'tmp_6_i' <Predicate = (!tmp_i_5)> <Delay = 0.00>
ST_5 : Operation 28 [1/1] (0.00ns)   --->   "%s_addr = getelementptr [25 x i64]* %s, i64 0, i64 %tmp_6_i" [fips202.c:420->fips202.c:432]   --->   Operation 28 'getelementptr' 's_addr' <Predicate = (!tmp_i_5)> <Delay = 0.00>
ST_5 : Operation 29 [2/2] (2.77ns)   --->   "%s_load = load i64* %s_addr, align 8" [fips202.c:420->fips202.c:432]   --->   Operation 29 'load' 's_load' <Predicate = (!tmp_i_5)> <Delay = 2.77> <Core = "RAM">   --->   Core 37 'RAM' <Latency = 1> <II = 1> <Delay = 2.77> <Storage> <Opcode : 'load' 'store'> <Ports = 2> <Width = 8> <Depth = 136> <RAM>
ST_5 : Operation 30 [1/1] (0.00ns)   --->   "%empty_7 = call i32 (...)* @_ssdm_op_SpecRegionEnd([28 x i8]* @p_str1, i32 %tmp_i) nounwind" [fips202.c:421->fips202.c:432]   --->   Operation 30 'specregionend' 'empty_7' <Predicate = (tmp_i_5)> <Delay = 0.00>
ST_5 : Operation 31 [1/1] (1.35ns)   --->   "br label %4" [fips202.c:434]   --->   Operation 31 'br' <Predicate = (tmp_i_5)> <Delay = 1.35>

State 6 <SV = 5> <Delay = 2.77>
ST_6 : Operation 32 [1/1] (0.00ns)   --->   "call void (...)* @_ssdm_op_SpecLoopName([28 x i8]* @p_str2) nounwind" [fips202.c:420->fips202.c:432]   --->   Operation 32 'specloopname' <Predicate = true> <Delay = 0.00>
ST_6 : Operation 33 [1/1] (0.00ns)   --->   "%tmp_4_i = call i8 @_ssdm_op_BitConcatenate.i8.i5.i3(i5 %i_i, i3 0)" [fips202.c:420->fips202.c:432]   --->   Operation 33 'bitconcatenate' 'tmp_4_i' <Predicate = true> <Delay = 0.00>
ST_6 : Operation 34 [1/2] (2.77ns)   --->   "%s_load = load i64* %s_addr, align 8" [fips202.c:420->fips202.c:432]   --->   Operation 34 'load' 's_load' <Predicate = true> <Delay = 2.77> <Core = "RAM">   --->   Core 37 'RAM' <Latency = 1> <II = 1> <Delay = 2.77> <Storage> <Opcode : 'load' 'store'> <Ports = 2> <Width = 8> <Depth = 136> <RAM>
ST_6 : Operation 35 [1/1] (1.35ns)   --->   "br label %2" [fips202.c:45->fips202.c:420->fips202.c:432]   --->   Operation 35 'br' <Predicate = true> <Delay = 1.35>

State 7 <SV = 6> <Delay = 6.24>
ST_7 : Operation 36 [1/1] (0.00ns)   --->   "%i_i_i = phi i4 [ 0, %1 ], [ %i_2, %3 ]"   --->   Operation 36 'phi' 'i_i_i' <Predicate = true> <Delay = 0.00>
ST_7 : Operation 37 [1/1] (1.21ns)   --->   "%exitcond_i_i = icmp eq i4 %i_i_i, -8" [fips202.c:45->fips202.c:420->fips202.c:432]   --->   Operation 37 'icmp' 'exitcond_i_i' <Predicate = true> <Delay = 1.21> <Core = "Cmp">   --->   Core 25 'Cmp' <Latency = 0> <II = 1> <Delay = 1.21> <FuncUnit> <Opcode : 'icmp'> <InPorts = 2> <OutPorts = 1>
ST_7 : Operation 38 [1/1] (0.00ns)   --->   "%empty_6 = call i32 (...)* @_ssdm_op_SpecLoopTripCount(i64 8, i64 8, i64 8) nounwind"   --->   Operation 38 'speclooptripcount' 'empty_6' <Predicate = true> <Delay = 0.00>
ST_7 : Operation 39 [1/1] (1.49ns)   --->   "%i_2 = add i4 %i_i_i, 1" [fips202.c:45->fips202.c:420->fips202.c:432]   --->   Operation 39 'add' 'i_2' <Predicate = true> <Delay = 1.49> <Core = "AddSub">   --->   Core 14 'AddSub' <Latency = 0> <II = 1> <Delay = 1.71> <FuncUnit> <Opcode : 'add' 'sub'> <InPorts = 2> <OutPorts = 1>
ST_7 : Operation 40 [1/1] (0.00ns)   --->   "br i1 %exitcond_i_i, label %store64.exit.i.loopexit, label %3" [fips202.c:45->fips202.c:420->fips202.c:432]   --->   Operation 40 'br' <Predicate = true> <Delay = 0.00>
ST_7 : Operation 41 [1/1] (0.00ns)   --->   "call void (...)* @_ssdm_op_SpecLoopName([15 x i8]* @p_str3) nounwind" [fips202.c:46->fips202.c:420->fips202.c:432]   --->   Operation 41 'specloopname' <Predicate = (!exitcond_i_i)> <Delay = 0.00>
ST_7 : Operation 42 [1/1] (0.00ns)   --->   "%tmp_1 = trunc i4 %i_i_i to i3" [fips202.c:45->fips202.c:420->fips202.c:432]   --->   Operation 42 'trunc' 'tmp_1' <Predicate = (!exitcond_i_i)> <Delay = 0.00>
ST_7 : Operation 43 [1/1] (0.00ns)   --->   "%tmp_1_i_i = call i6 @_ssdm_op_BitConcatenate.i6.i3.i3(i3 %tmp_1, i3 0)" [fips202.c:46->fips202.c:420->fips202.c:432]   --->   Operation 43 'bitconcatenate' 'tmp_1_i_i' <Predicate = (!exitcond_i_i)> <Delay = 0.00>
ST_7 : Operation 44 [1/1] (0.00ns)   --->   "%tmp_2_i_i = zext i6 %tmp_1_i_i to i64" [fips202.c:46->fips202.c:420->fips202.c:432]   --->   Operation 44 'zext' 'tmp_2_i_i' <Predicate = (!exitcond_i_i)> <Delay = 0.00>
ST_7 : Operation 45 [1/1] (3.47ns)   --->   "%tmp_3_i_i = lshr i64 %s_load, %tmp_2_i_i" [fips202.c:46->fips202.c:420->fips202.c:432]   --->   Operation 45 'lshr' 'tmp_3_i_i' <Predicate = (!exitcond_i_i)> <Delay = 3.47> <Core = "Shift">   --->   Core 28 'Shift' <Latency = 0> <II = 1> <Delay = 3.47> <FuncUnit> <Opcode : 'shl' 'lshr' 'ashr'> <InPorts = 2> <OutPorts = 1>
ST_7 : Operation 46 [1/1] (0.00ns)   --->   "%tmp_2 = trunc i64 %tmp_3_i_i to i8" [fips202.c:46->fips202.c:420->fips202.c:432]   --->   Operation 46 'trunc' 'tmp_2' <Predicate = (!exitcond_i_i)> <Delay = 0.00>
ST_7 : Operation 47 [1/1] (0.00ns)   --->   "%tmp_5_i_i_cast = zext i4 %i_i_i to i8" [fips202.c:46->fips202.c:420->fips202.c:432]   --->   Operation 47 'zext' 'tmp_5_i_i_cast' <Predicate = (!exitcond_i_i)> <Delay = 0.00>
ST_7 : Operation 48 [1/1] (1.71ns)   --->   "%sum_i_i = add i8 %tmp_5_i_i_cast, %tmp_4_i" [fips202.c:46->fips202.c:420->fips202.c:432]   --->   Operation 48 'add' 'sum_i_i' <Predicate = (!exitcond_i_i)> <Delay = 1.71> <Core = "AddSub">   --->   Core 14 'AddSub' <Latency = 0> <II = 1> <Delay = 1.71> <FuncUnit> <Opcode : 'add' 'sub'> <InPorts = 2> <OutPorts = 1>
ST_7 : Operation 49 [1/1] (0.00ns)   --->   "%sum_i_i_cast = zext i8 %sum_i_i to i64" [fips202.c:46->fips202.c:420->fips202.c:432]   --->   Operation 49 'zext' 'sum_i_i_cast' <Predicate = (!exitcond_i_i)> <Delay = 0.00>
ST_7 : Operation 50 [1/1] (0.00ns)   --->   "%out_assign_addr_1 = getelementptr [136 x i8]* %out_assign, i64 0, i64 %sum_i_i_cast" [fips202.c:46->fips202.c:420->fips202.c:432]   --->   Operation 50 'getelementptr' 'out_assign_addr_1' <Predicate = (!exitcond_i_i)> <Delay = 0.00>
ST_7 : Operation 51 [1/1] (2.77ns)   --->   "store i8 %tmp_2, i8* %out_assign_addr_1, align 1" [fips202.c:46->fips202.c:420->fips202.c:432]   --->   Operation 51 'store' <Predicate = (!exitcond_i_i)> <Delay = 2.77> <Core = "RAM">   --->   Core 37 'RAM' <Latency = 1> <II = 1> <Delay = 2.77> <Storage> <Opcode : 'load' 'store'> <Ports = 2> <Width = 8> <Depth = 136> <RAM>
ST_7 : Operation 52 [1/1] (0.00ns)   --->   "br label %2" [fips202.c:45->fips202.c:420->fips202.c:432]   --->   Operation 52 'br' <Predicate = (!exitcond_i_i)> <Delay = 0.00>
ST_7 : Operation 53 [1/1] (0.00ns)   --->   "br label %store64.exit.i"   --->   Operation 53 'br' <Predicate = (exitcond_i_i)> <Delay = 0.00>

State 8 <SV = 5> <Delay = 2.77>
ST_8 : Operation 54 [1/1] (0.00ns)   --->   "%i = phi i6 [ 0, %keccak_squeezeblocks.exit ], [ %i_1, %5 ]"   --->   Operation 54 'phi' 'i' <Predicate = true> <Delay = 0.00>
ST_8 : Operation 55 [1/1] (1.22ns)   --->   "%exitcond = icmp eq i6 %i, -32" [fips202.c:434]   --->   Operation 55 'icmp' 'exitcond' <Predicate = true> <Delay = 1.22> <Core = "Cmp">   --->   Core 25 'Cmp' <Latency = 0> <II = 1> <Delay = 1.21> <FuncUnit> <Opcode : 'icmp'> <InPorts = 2> <OutPorts = 1>
ST_8 : Operation 56 [1/1] (0.00ns)   --->   "%empty_8 = call i32 (...)* @_ssdm_op_SpecLoopTripCount(i64 32, i64 32, i64 32) nounwind"   --->   Operation 56 'speclooptripcount' 'empty_8' <Predicate = true> <Delay = 0.00>
ST_8 : Operation 57 [1/1] (1.60ns)   --->   "%i_1 = add i6 %i, 1" [fips202.c:434]   --->   Operation 57 'add' 'i_1' <Predicate = true> <Delay = 1.60> <Core = "AddSub">   --->   Core 14 'AddSub' <Latency = 0> <II = 1> <Delay = 1.71> <FuncUnit> <Opcode : 'add' 'sub'> <InPorts = 2> <OutPorts = 1>
ST_8 : Operation 58 [1/1] (0.00ns)   --->   "br i1 %exitcond, label %6, label %5" [fips202.c:434]   --->   Operation 58 'br' <Predicate = true> <Delay = 0.00>
ST_8 : Operation 59 [1/1] (0.00ns)   --->   "%tmp = zext i6 %i to i64" [fips202.c:435]   --->   Operation 59 'zext' 'tmp' <Predicate = (!exitcond)> <Delay = 0.00>
ST_8 : Operation 60 [1/1] (0.00ns)   --->   "%out_assign_addr = getelementptr inbounds [136 x i8]* %out_assign, i64 0, i64 %tmp" [fips202.c:435]   --->   Operation 60 'getelementptr' 'out_assign_addr' <Predicate = (!exitcond)> <Delay = 0.00>
ST_8 : Operation 61 [2/2] (2.77ns)   --->   "%out_assign_load = load i8* %out_assign_addr, align 1" [fips202.c:435]   --->   Operation 61 'load' 'out_assign_load' <Predicate = (!exitcond)> <Delay = 2.77> <Core = "RAM">   --->   Core 37 'RAM' <Latency = 1> <II = 1> <Delay = 2.77> <Storage> <Opcode : 'load' 'store'> <Ports = 2> <Width = 8> <Depth = 136> <RAM>
ST_8 : Operation 62 [1/1] (0.00ns)   --->   "ret void" [fips202.c:436]   --->   Operation 62 'ret' <Predicate = (exitcond)> <Delay = 0.00>

State 9 <SV = 6> <Delay = 4.52>
ST_9 : Operation 63 [1/1] (0.00ns)   --->   "call void (...)* @_ssdm_op_SpecLoopName([39 x i8]* @p_str) nounwind" [fips202.c:435]   --->   Operation 63 'specloopname' <Predicate = true> <Delay = 0.00>
ST_9 : Operation 64 [1/2] (2.77ns)   --->   "%out_assign_load = load i8* %out_assign_addr, align 1" [fips202.c:435]   --->   Operation 64 'load' 'out_assign_load' <Predicate = true> <Delay = 2.77> <Core = "RAM">   --->   Core 37 'RAM' <Latency = 1> <II = 1> <Delay = 2.77> <Storage> <Opcode : 'load' 'store'> <Ports = 2> <Width = 8> <Depth = 136> <RAM>
ST_9 : Operation 65 [1/1] (0.00ns)   --->   "%h_addr = getelementptr [32 x i8]* %h, i64 0, i64 %tmp" [fips202.c:435]   --->   Operation 65 'getelementptr' 'h_addr' <Predicate = true> <Delay = 0.00>
ST_9 : Operation 66 [1/1] (1.75ns)   --->   "store i8 %out_assign_load, i8* %h_addr, align 1" [fips202.c:435]   --->   Operation 66 'store' <Predicate = true> <Delay = 1.75> <Core = "RAM">   --->   Core 37 'RAM' <Latency = 1> <II = 1> <Delay = 2.77> <Storage> <Opcode : 'load' 'store'> <Ports = 2> <Width = 8> <Depth = 136> <RAM>
ST_9 : Operation 67 [1/1] (0.00ns)   --->   "br label %4" [fips202.c:434]   --->   Operation 67 'br' <Predicate = true> <Delay = 0.00>


============================================================
+ Verbose Summary: Binding
============================================================
STG Binding: 
---------------- STG Properties BEGIN ----------------
- Is combinational: 0
- Is one-state seq: 0
- Is datapath-only: 0
- Is pipelined: 0
- Is top level: 1
Port [ Return ] is wired: 1; IO mode=ap_ctrl_hs:ce=0
Port [ h]:  wired=1; compound=1; hidden=0; nouse=0; global=0; static=0; extern=0; dir=1; type=1; pingpong=0; private_global=0; MemPort=[03]; IO mode=ap_memory:ce=0
Port [ in_r]:  wired=1; compound=1; hidden=0; nouse=0; global=0; static=0; extern=0; dir=0; type=1; pingpong=0; private_global=0; MemPort=[13]; IO mode=ap_memory:ce=0
Port [ inlen]:  wired=1; compound=0; hidden=0; nouse=1; global=0; static=0; extern=0; dir=0; type=0; pingpong=0; private_global=0; IO mode=ap_none:ce=0
Port [ KeccakF_RoundConstan]:  wired=0; compound=1; hidden=1; nouse=1; global=1; static=1; extern=0; dir=0; type=1; pingpong=0; private_global=0; linkage=7; visibility=0; MemPort=[1]; IO mode=ap_memory:ce=0
---------------- STG Properties END ------------------

---------------- Datapath Model BEGIN ----------------

<LifeTime>
<method=bitvector/>
s                 (alloca           ) [ 0011111100]
out_assign        (alloca           ) [ 0011111111]
StgValue_13       (call             ) [ 0000000000]
StgValue_15       (specbitsmap      ) [ 0000000000]
StgValue_16       (specbitsmap      ) [ 0000000000]
StgValue_17       (specbitsmap      ) [ 0000000000]
StgValue_18       (spectopmodule    ) [ 0000000000]
tmp_i             (specregionbegin  ) [ 0000011100]
StgValue_20       (call             ) [ 0000000000]
StgValue_21       (br               ) [ 0000111100]
i_i               (phi              ) [ 0000011000]
tmp_i_5           (icmp             ) [ 0000011100]
empty             (speclooptripcount) [ 0000000000]
i_4_i             (add              ) [ 0000111100]
StgValue_26       (br               ) [ 0000000000]
tmp_6_i           (zext             ) [ 0000000000]
s_addr            (getelementptr    ) [ 0000001000]
empty_7           (specregionend    ) [ 0000000000]
StgValue_31       (br               ) [ 0000011111]
StgValue_32       (specloopname     ) [ 0000000000]
tmp_4_i           (bitconcatenate   ) [ 0000000100]
s_load            (load             ) [ 0000000100]
StgValue_35       (br               ) [ 0000011100]
i_i_i             (phi              ) [ 0000000100]
exitcond_i_i      (icmp             ) [ 0000011100]
empty_6           (speclooptripcount) [ 0000000000]
i_2               (add              ) [ 0000011100]
StgValue_40       (br               ) [ 0000000000]
StgValue_41       (specloopname     ) [ 0000000000]
tmp_1             (trunc            ) [ 0000000000]
tmp_1_i_i         (bitconcatenate   ) [ 0000000000]
tmp_2_i_i         (zext             ) [ 0000000000]
tmp_3_i_i         (lshr             ) [ 0000000000]
tmp_2             (trunc            ) [ 0000000000]
tmp_5_i_i_cast    (zext             ) [ 0000000000]
sum_i_i           (add              ) [ 0000000000]
sum_i_i_cast      (zext             ) [ 0000000000]
out_assign_addr_1 (getelementptr    ) [ 0000000000]
StgValue_51       (store            ) [ 0000000000]
StgValue_52       (br               ) [ 0000011100]
StgValue_53       (br               ) [ 0000111100]
i                 (phi              ) [ 0000000010]
exitcond          (icmp             ) [ 0000000011]
empty_8           (speclooptripcount) [ 0000000000]
i_1               (add              ) [ 0000010011]
StgValue_58       (br               ) [ 0000000000]
tmp               (zext             ) [ 0000000001]
out_assign_addr   (getelementptr    ) [ 0000000001]
StgValue_62       (ret              ) [ 0000000000]
StgValue_63       (specloopname     ) [ 0000000000]
out_assign_load   (load             ) [ 0000000000]
h_addr            (getelementptr    ) [ 0000000000]
StgValue_66       (store            ) [ 0000000000]
StgValue_67       (br               ) [ 0000010011]
</LifeTime>

<model>

<comp_list>
<comp id="0" class="1000" name="h">
<pin_list>
<pin id="1" dir="1" index="0" bw="1" slack="0"/>
</pin_list>
<bind>
<StgValue><ssdm name="h"/><MemPortTyVec>0 3 </MemPortTyVec>
</StgValue>
</bind>
</comp>

<comp id="2" class="1000" name="in_r">
<pin_list>
<pin id="3" dir="1" index="0" bw="1" slack="0"/>
</pin_list>
<bind>
<StgValue><ssdm name="in_r"/><MemPortTyVec>1 3 </MemPortTyVec>
</StgValue>
</bind>
</comp>

<comp id="4" class="1000" name="inlen">
<pin_list>
<pin id="5" dir="1" index="0" bw="1" slack="2147483647"/>
</pin_list>
<bind>
<StgValue><ssdm name="inlen"/></StgValue>
</bind>
</comp>

<comp id="6" class="1000" name="KeccakF_RoundConstan">
<pin_list>
<pin id="7" dir="1" index="0" bw="1" slack="0"/>
</pin_list>
<bind>
<StgValue><ssdm name="KeccakF_RoundConstan"/><MemPortTyVec>1 </MemPortTyVec>
</StgValue>
</bind>
</comp>

<comp id="8" class="1001" name="const_8">
<pin_list>
<pin id="9" dir="1" index="0" bw="1" slack="0"/>
</pin_list>
<bind>
<StgValue><ssdm name=""/></StgValue>
</bind>
</comp>

<comp id="10" class="1001" name="const_10">
<pin_list>
<pin id="11" dir="1" index="0" bw="1" slack="0"/>
</pin_list>
<bind>
<StgValue><ssdm name="keccak_absorb"/></StgValue>
</bind>
</comp>

<comp id="12" class="1001" name="const_12">
<pin_list>
<pin id="13" dir="1" index="0" bw="1" slack="0"/>
</pin_list>
<bind>
<StgValue><ssdm name="KeccakF1600_StatePer"/></StgValue>
</bind>
</comp>

<comp id="14" class="1001" name="const_14">
<pin_list>
<pin id="15" dir="1" index="0" bw="1" slack="2147483647"/>
</pin_list>
<bind>
<StgValue><ssdm name="_ssdm_op_SpecBitsMap"/></StgValue>
</bind>
</comp>

<comp id="16" class="1001" name="const_16">
<pin_list>
<pin id="17" dir="1" index="0" bw="1" slack="2147483647"/>
</pin_list>
<bind>
<StgValue><ssdm name="_ssdm_op_SpecTopModule"/></StgValue>
</bind>
</comp>

<comp id="18" class="1001" name="const_18">
<pin_list>
<pin id="19" dir="1" index="0" bw="1" slack="2147483647"/>
</pin_list>
<bind>
<StgValue><ssdm name="pqcrystals_fips202_r"/></StgValue>
</bind>
</comp>

<comp id="20" class="1001" name="const_20">
<pin_list>
<pin id="21" dir="1" index="0" bw="1" slack="2147483647"/>
</pin_list>
<bind>
<StgValue><ssdm name="_ssdm_op_SpecRegionBegin"/></StgValue>
</bind>
</comp>

<comp id="22" class="1001" name="const_22">
<pin_list>
<pin id="23" dir="1" index="0" bw="1" slack="2147483647"/>
</pin_list>
<bind>
<StgValue><ssdm name="p_str1"/></StgValue>
</bind>
</comp>

<comp id="24" class="1001" name="const_24">
<pin_list>
<pin id="25" dir="1" index="0" bw="1" slack="1"/>
</pin_list>
<bind>
<StgValue><ssdm name=""/></StgValue>
</bind>
</comp>

<comp id="26" class="1001" name="const_26">
<pin_list>
<pin id="27" dir="1" index="0" bw="1" slack="0"/>
</pin_list>
<bind>
<StgValue><ssdm name=""/></StgValue>
</bind>
</comp>

<comp id="28" class="1001" name="const_28">
<pin_list>
<pin id="29" dir="1" index="0" bw="1" slack="2147483647"/>
</pin_list>
<bind>
<StgValue><ssdm name="_ssdm_op_SpecLoopTripCount"/></StgValue>
</bind>
</comp>

<comp id="30" class="1001" name="const_30">
<pin_list>
<pin id="31" dir="1" index="0" bw="1" slack="2147483647"/>
</pin_list>
<bind>
<StgValue><ssdm name=""/></StgValue>
</bind>
</comp>

<comp id="32" class="1001" name="const_32">
<pin_list>
<pin id="33" dir="1" index="0" bw="1" slack="0"/>
</pin_list>
<bind>
<StgValue><ssdm name=""/></StgValue>
</bind>
</comp>

<comp id="34" class="1001" name="const_34">
<pin_list>
<pin id="35" dir="1" index="0" bw="1" slack="0"/>
</pin_list>
<bind>
<StgValue><ssdm name=""/></StgValue>
</bind>
</comp>

<comp id="36" class="1001" name="const_36">
<pin_list>
<pin id="37" dir="1" index="0" bw="1" slack="2147483647"/>
</pin_list>
<bind>
<StgValue><ssdm name="_ssdm_op_SpecRegionEnd"/></StgValue>
</bind>
</comp>

<comp id="38" class="1001" name="const_38">
<pin_list>
<pin id="39" dir="1" index="0" bw="1" slack="2147483647"/>
</pin_list>
<bind>
<StgValue><ssdm name="_ssdm_op_SpecLoopName"/></StgValue>
</bind>
</comp>

<comp id="40" class="1001" name="const_40">
<pin_list>
<pin id="41" dir="1" index="0" bw="1" slack="2147483647"/>
</pin_list>
<bind>
<StgValue><ssdm name="p_str2"/></StgValue>
</bind>
</comp>

<comp id="42" class="1001" name="const_42">
<pin_list>
<pin id="43" dir="1" index="0" bw="1" slack="0"/>
</pin_list>
<bind>
<StgValue><ssdm name="_ssdm_op_BitConcatenate.i8.i5.i3"/></StgValue>
</bind>
</comp>

<comp id="44" class="1001" name="const_44">
<pin_list>
<pin id="45" dir="1" index="0" bw="1" slack="0"/>
</pin_list>
<bind>
<StgValue><ssdm name=""/></StgValue>
</bind>
</comp>

<comp id="46" class="1001" name="const_46">
<pin_list>
<pin id="47" dir="1" index="0" bw="1" slack="1"/>
</pin_list>
<bind>
<StgValue><ssdm name=""/></StgValue>
</bind>
</comp>

<comp id="48" class="1001" name="const_48">
<pin_list>
<pin id="49" dir="1" index="0" bw="1" slack="0"/>
</pin_list>
<bind>
<StgValue><ssdm name=""/></StgValue>
</bind>
</comp>

<comp id="50" class="1001" name="const_50">
<pin_list>
<pin id="51" dir="1" index="0" bw="1" slack="2147483647"/>
</pin_list>
<bind>
<StgValue><ssdm name=""/></StgValue>
</bind>
</comp>

<comp id="52" class="1001" name="const_52">
<pin_list>
<pin id="53" dir="1" index="0" bw="1" slack="0"/>
</pin_list>
<bind>
<StgValue><ssdm name=""/></StgValue>
</bind>
</comp>

<comp id="54" class="1001" name="const_54">
<pin_list>
<pin id="55" dir="1" index="0" bw="1" slack="2147483647"/>
</pin_list>
<bind>
<StgValue><ssdm name="p_str3"/></StgValue>
</bind>
</comp>

<comp id="56" class="1001" name="const_56">
<pin_list>
<pin id="57" dir="1" index="0" bw="1" slack="0"/>
</pin_list>
<bind>
<StgValue><ssdm name="_ssdm_op_BitConcatenate.i6.i3.i3"/></StgValue>
</bind>
</comp>

<comp id="58" class="1001" name="const_58">
<pin_list>
<pin id="59" dir="1" index="0" bw="1" slack="1"/>
</pin_list>
<bind>
<StgValue><ssdm name=""/></StgValue>
</bind>
</comp>

<comp id="60" class="1001" name="const_60">
<pin_list>
<pin id="61" dir="1" index="0" bw="1" slack="0"/>
</pin_list>
<bind>
<StgValue><ssdm name=""/></StgValue>
</bind>
</comp>

<comp id="62" class="1001" name="const_62">
<pin_list>
<pin id="63" dir="1" index="0" bw="1" slack="2147483647"/>
</pin_list>
<bind>
<StgValue><ssdm name=""/></StgValue>
</bind>
</comp>

<comp id="64" class="1001" name="const_64">
<pin_list>
<pin id="65" dir="1" index="0" bw="1" slack="0"/>
</pin_list>
<bind>
<StgValue><ssdm name=""/></StgValue>
</bind>
</comp>

<comp id="66" class="1001" name="const_66">
<pin_list>
<pin id="67" dir="1" index="0" bw="1" slack="2147483647"/>
</pin_list>
<bind>
<StgValue><ssdm name="p_str"/></StgValue>
</bind>
</comp>

<comp id="68" class="1004" name="s_alloca_fu_68">
<pin_list>
<pin id="69" dir="0" index="0" bw="1" slack="0"/>
<pin id="70" dir="1" index="1" bw="64" slack="0"/>
</pin_list>
<bind>
<opcode="alloca(26) " fcode="alloca"/>
<opset="s/1 "/>
</bind>
</comp>

<comp id="72" class="1004" name="out_assign_alloca_fu_72">
<pin_list>
<pin id="73" dir="0" index="0" bw="1" slack="0"/>
<pin id="74" dir="1" index="1" bw="8" slack="2147483647"/>
</pin_list>
<bind>
<opcode="alloca(26) " fcode="alloca"/>
<opset="out_assign/1 "/>
</bind>
</comp>

<comp id="76" class="1004" name="s_addr_gep_fu_76">
<pin_list>
<pin id="77" dir="0" index="0" bw="64" slack="2147483647"/>
<pin id="78" dir="0" index="1" bw="1" slack="0"/>
<pin id="79" dir="0" index="2" bw="5" slack="0"/>
<pin id="80" dir="1" index="3" bw="5" slack="0"/>
</pin_list>
<bind>
<opcode="getelementptr(29) " fcode="getelementptr"/>
<opset="s_addr/5 "/>
</bind>
</comp>

<comp id="82" class="1004" name="grp_access_fu_82">
<pin_list>
<pin id="83" dir="0" index="0" bw="5" slack="0"/>
<pin id="84" dir="0" index="1" bw="64" slack="2147483647"/>
<pin id="85" dir="0" index="2" bw="0" slack="2147483647"/>
<pin id="86" dir="1" index="3" bw="64" slack="1"/>
</pin_list>
<bind>
<opcode="load(27) " fcode="load"/>
<opset="s_load/5 "/>
</bind>
</comp>

<comp id="88" class="1004" name="out_assign_addr_1_gep_fu_88">
<pin_list>
<pin id="89" dir="0" index="0" bw="8" slack="2147483647"/>
<pin id="90" dir="0" index="1" bw="1" slack="0"/>
<pin id="91" dir="0" index="2" bw="8" slack="0"/>
<pin id="92" dir="1" index="3" bw="8" slack="0"/>
</pin_list>
<bind>
<opcode="getelementptr(29) " fcode="getelementptr"/>
<opset="out_assign_addr_1/7 "/>
</bind>
</comp>

<comp id="94" class="1004" name="grp_access_fu_94">
<pin_list>
<pin id="95" dir="0" index="0" bw="8" slack="0"/>
<pin id="96" dir="0" index="1" bw="8" slack="0"/>
<pin id="97" dir="0" index="2" bw="0" slack="2147483647"/>
<pin id="98" dir="1" index="3" bw="8" slack="0"/>
</pin_list>
<bind>
<opcode="load(27) store(28) " fcode="load"/>
<opset="StgValue_51/7 out_assign_load/8 "/>
</bind>
</comp>

<comp id="100" class="1004" name="out_assign_addr_gep_fu_100">
<pin_list>
<pin id="101" dir="0" index="0" bw="8" slack="2147483647"/>
<pin id="102" dir="0" index="1" bw="1" slack="0"/>
<pin id="103" dir="0" index="2" bw="6" slack="0"/>
<pin id="104" dir="1" index="3" bw="8" slack="0"/>
</pin_list>
<bind>
<opcode="getelementptr(29) " fcode="getelementptr"/>
<opset="out_assign_addr/8 "/>
</bind>
</comp>

<comp id="107" class="1004" name="h_addr_gep_fu_107">
<pin_list>
<pin id="108" dir="0" index="0" bw="8" slack="0"/>
<pin id="109" dir="0" index="1" bw="1" slack="0"/>
<pin id="110" dir="0" index="2" bw="6" slack="1"/>
<pin id="111" dir="1" index="3" bw="5" slack="0"/>
</pin_list>
<bind>
<opcode="getelementptr(29) " fcode="getelementptr"/>
<opset="h_addr/9 "/>
</bind>
</comp>

<comp id="114" class="1004" name="StgValue_66_access_fu_114">
<pin_list>
<pin id="115" dir="0" index="0" bw="5" slack="0"/>
<pin id="116" dir="0" index="1" bw="8" slack="0"/>
<pin id="117" dir="0" index="2" bw="0" slack="2147483647"/>
<pin id="118" dir="1" index="3" bw="8" slack="2147483647"/>
</pin_list>
<bind>
<opcode="store(28) " fcode="store"/>
<opset="StgValue_66/9 "/>
</bind>
</comp>

<comp id="121" class="1005" name="i_i_reg_121">
<pin_list>
<pin id="122" dir="0" index="0" bw="5" slack="1"/>
<pin id="123" dir="1" index="1" bw="5" slack="1"/>
</pin_list>
<bind>
<opset="i_i (phireg) "/>
</bind>
</comp>

<comp id="125" class="1004" name="i_i_phi_fu_125">
<pin_list>
<pin id="126" dir="0" index="0" bw="1" slack="1"/>
<pin id="127" dir="0" index="1" bw="0" slack="2147483647"/>
<pin id="128" dir="0" index="2" bw="5" slack="0"/>
<pin id="129" dir="0" index="3" bw="0" slack="2147483647"/>
<pin id="130" dir="1" index="4" bw="5" slack="0"/>
</pin_list>
<bind>
<opcode="phi(47) " fcode="phi"/>
<opset="i_i/5 "/>
</bind>
</comp>

<comp id="133" class="1005" name="i_i_i_reg_133">
<pin_list>
<pin id="134" dir="0" index="0" bw="4" slack="1"/>
<pin id="135" dir="1" index="1" bw="4" slack="1"/>
</pin_list>
<bind>
<opset="i_i_i (phireg) "/>
</bind>
</comp>

<comp id="137" class="1004" name="i_i_i_phi_fu_137">
<pin_list>
<pin id="138" dir="0" index="0" bw="1" slack="1"/>
<pin id="139" dir="0" index="1" bw="0" slack="2147483647"/>
<pin id="140" dir="0" index="2" bw="4" slack="0"/>
<pin id="141" dir="0" index="3" bw="0" slack="2147483647"/>
<pin id="142" dir="1" index="4" bw="4" slack="0"/>
</pin_list>
<bind>
<opcode="phi(47) " fcode="phi"/>
<opset="i_i_i/7 "/>
</bind>
</comp>

<comp id="144" class="1005" name="i_reg_144">
<pin_list>
<pin id="145" dir="0" index="0" bw="6" slack="1"/>
<pin id="146" dir="1" index="1" bw="6" slack="1"/>
</pin_list>
<bind>
<opset="i (phireg) "/>
</bind>
</comp>

<comp id="148" class="1004" name="i_phi_fu_148">
<pin_list>
<pin id="149" dir="0" index="0" bw="1" slack="1"/>
<pin id="150" dir="0" index="1" bw="0" slack="2147483647"/>
<pin id="151" dir="0" index="2" bw="6" slack="0"/>
<pin id="152" dir="0" index="3" bw="0" slack="2147483647"/>
<pin id="153" dir="1" index="4" bw="6" slack="0"/>
</pin_list>
<bind>
<opcode="phi(47) " fcode="phi"/>
<opset="i/8 "/>
</bind>
</comp>

<comp id="155" class="1004" name="grp_KeccakF1600_StatePer_fu_155">
<pin_list>
<pin id="156" dir="0" index="0" bw="0" slack="0"/>
<pin id="157" dir="0" index="1" bw="64" slack="2147483647"/>
<pin id="158" dir="0" index="2" bw="64" slack="0"/>
<pin id="159" dir="1" index="3" bw="0" slack="2147483647"/>
</pin_list>
<bind>
<opcode="call(48) " fcode="call"/>
<opset="StgValue_14/3 "/>
</bind>
</comp>

<comp id="162" class="1004" name="grp_keccak_absorb_fu_162">
<pin_list>
<pin id="163" dir="0" index="0" bw="0" slack="0"/>
<pin id="164" dir="0" index="1" bw="64" slack="0"/>
<pin id="165" dir="0" index="2" bw="8" slack="0"/>
<pin id="166" dir="1" index="3" bw="0" slack="2147483647"/>
</pin_list>
<bind>
<opcode="call(48) " fcode="call"/>
<opset="StgValue_12/1 "/>
</bind>
</comp>

<comp id="170" class="1004" name="tmp_i_5_fu_170">
<pin_list>
<pin id="171" dir="0" index="0" bw="5" slack="0"/>
<pin id="172" dir="0" index="1" bw="5" slack="0"/>
<pin id="173" dir="1" index="2" bw="1" slack="2147483647"/>
</pin_list>
<bind>
<opcode="icmp(45) " fcode="icmp"/>
<opset="tmp_i_5/5 "/>
</bind>
</comp>

<comp id="176" class="1004" name="i_4_i_fu_176">
<pin_list>
<pin id="177" dir="0" index="0" bw="5" slack="0"/>
<pin id="178" dir="0" index="1" bw="1" slack="0"/>
<pin id="179" dir="1" index="2" bw="5" slack="0"/>
</pin_list>
<bind>
<opcode="add(8) " fcode="add"/>
<opset="i_4_i/5 "/>
</bind>
</comp>

<comp id="182" class="1004" name="tmp_6_i_fu_182">
<pin_list>
<pin id="183" dir="0" index="0" bw="5" slack="0"/>
<pin id="184" dir="1" index="1" bw="64" slack="0"/>
</pin_list>
<bind>
<opcode="zext(34) " fcode="zext"/>
<opset="tmp_6_i/5 "/>
</bind>
</comp>

<comp id="187" class="1004" name="tmp_4_i_fu_187">
<pin_list>
<pin id="188" dir="0" index="0" bw="8" slack="0"/>
<pin id="189" dir="0" index="1" bw="5" slack="1"/>
<pin id="190" dir="0" index="2" bw="1" slack="0"/>
<pin id="191" dir="1" index="3" bw="8" slack="1"/>
</pin_list>
<bind>
<opcode="bitconcatenate(1004) " fcode="bitconcatenate"/>
<opset="tmp_4_i/6 "/>
</bind>
</comp>

<comp id="195" class="1004" name="exitcond_i_i_fu_195">
<pin_list>
<pin id="196" dir="0" index="0" bw="4" slack="0"/>
<pin id="197" dir="0" index="1" bw="4" slack="0"/>
<pin id="198" dir="1" index="2" bw="1" slack="2147483647"/>
</pin_list>
<bind>
<opcode="icmp(45) " fcode="icmp"/>
<opset="exitcond_i_i/7 "/>
</bind>
</comp>

<comp id="201" class="1004" name="i_2_fu_201">
<pin_list>
<pin id="202" dir="0" index="0" bw="4" slack="0"/>
<pin id="203" dir="0" index="1" bw="1" slack="0"/>
<pin id="204" dir="1" index="2" bw="4" slack="0"/>
</pin_list>
<bind>
<opcode="add(8) " fcode="add"/>
<opset="i_2/7 "/>
</bind>
</comp>

<comp id="207" class="1004" name="tmp_1_fu_207">
<pin_list>
<pin id="208" dir="0" index="0" bw="4" slack="0"/>
<pin id="209" dir="1" index="1" bw="3" slack="0"/>
</pin_list>
<bind>
<opcode="trunc(33) " fcode="trunc"/>
<opset="tmp_1/7 "/>
</bind>
</comp>

<comp id="211" class="1004" name="tmp_1_i_i_fu_211">
<pin_list>
<pin id="212" dir="0" index="0" bw="6" slack="0"/>
<pin id="213" dir="0" index="1" bw="3" slack="0"/>
<pin id="214" dir="0" index="2" bw="1" slack="0"/>
<pin id="215" dir="1" index="3" bw="6" slack="0"/>
</pin_list>
<bind>
<opcode="bitconcatenate(1004) " fcode="bitconcatenate"/>
<opset="tmp_1_i_i/7 "/>
</bind>
</comp>

<comp id="219" class="1004" name="tmp_2_i_i_fu_219">
<pin_list>
<pin id="220" dir="0" index="0" bw="6" slack="0"/>
<pin id="221" dir="1" index="1" bw="64" slack="0"/>
</pin_list>
<bind>
<opcode="zext(34) " fcode="zext"/>
<opset="tmp_2_i_i/7 "/>
</bind>
</comp>

<comp id="223" class="1004" name="tmp_3_i_i_fu_223">
<pin_list>
<pin id="224" dir="0" index="0" bw="64" slack="1"/>
<pin id="225" dir="0" index="1" bw="6" slack="0"/>
<pin id="226" dir="1" index="2" bw="64" slack="0"/>
</pin_list>
<bind>
<opcode="lshr(21) " fcode="lshr"/>
<opset="tmp_3_i_i/7 "/>
</bind>
</comp>

<comp id="228" class="1004" name="tmp_2_fu_228">
<pin_list>
<pin id="229" dir="0" index="0" bw="64" slack="0"/>
<pin id="230" dir="1" index="1" bw="8" slack="0"/>
</pin_list>
<bind>
<opcode="trunc(33) " fcode="trunc"/>
<opset="tmp_2/7 "/>
</bind>
</comp>

<comp id="233" class="1004" name="tmp_5_i_i_cast_fu_233">
<pin_list>
<pin id="234" dir="0" index="0" bw="4" slack="0"/>
<pin id="235" dir="1" index="1" bw="8" slack="0"/>
</pin_list>
<bind>
<opcode="zext(34) " fcode="zext"/>
<opset="tmp_5_i_i_cast/7 "/>
</bind>
</comp>

<comp id="237" class="1004" name="sum_i_i_fu_237">
<pin_list>
<pin id="238" dir="0" index="0" bw="4" slack="0"/>
<pin id="239" dir="0" index="1" bw="8" slack="1"/>
<pin id="240" dir="1" index="2" bw="8" slack="0"/>
</pin_list>
<bind>
<opcode="add(8) " fcode="add"/>
<opset="sum_i_i/7 "/>
</bind>
</comp>

<comp id="242" class="1004" name="sum_i_i_cast_fu_242">
<pin_list>
<pin id="243" dir="0" index="0" bw="8" slack="0"/>
<pin id="244" dir="1" index="1" bw="64" slack="0"/>
</pin_list>
<bind>
<opcode="zext(34) " fcode="zext"/>
<opset="sum_i_i_cast/7 "/>
</bind>
</comp>

<comp id="247" class="1004" name="exitcond_fu_247">
<pin_list>
<pin id="248" dir="0" index="0" bw="6" slack="0"/>
<pin id="249" dir="0" index="1" bw="6" slack="0"/>
<pin id="250" dir="1" index="2" bw="1" slack="2147483647"/>
</pin_list>
<bind>
<opcode="icmp(45) " fcode="icmp"/>
<opset="exitcond/8 "/>
</bind>
</comp>

<comp id="253" class="1004" name="i_1_fu_253">
<pin_list>
<pin id="254" dir="0" index="0" bw="6" slack="0"/>
<pin id="255" dir="0" index="1" bw="1" slack="0"/>
<pin id="256" dir="1" index="2" bw="6" slack="0"/>
</pin_list>
<bind>
<opcode="add(8) " fcode="add"/>
<opset="i_1/8 "/>
</bind>
</comp>

<comp id="259" class="1004" name="tmp_fu_259">
<pin_list>
<pin id="260" dir="0" index="0" bw="6" slack="0"/>
<pin id="261" dir="1" index="1" bw="64" slack="0"/>
</pin_list>
<bind>
<opcode="zext(34) " fcode="zext"/>
<opset="tmp/8 "/>
</bind>
</comp>

<comp id="267" class="1005" name="i_4_i_reg_267">
<pin_list>
<pin id="268" dir="0" index="0" bw="5" slack="0"/>
<pin id="269" dir="1" index="1" bw="5" slack="0"/>
</pin_list>
<bind>
<opset="i_4_i "/>
</bind>
</comp>

<comp id="272" class="1005" name="s_addr_reg_272">
<pin_list>
<pin id="273" dir="0" index="0" bw="5" slack="1"/>
<pin id="274" dir="1" index="1" bw="5" slack="1"/>
</pin_list>
<bind>
<opset="s_addr "/>
</bind>
</comp>

<comp id="277" class="1005" name="tmp_4_i_reg_277">
<pin_list>
<pin id="278" dir="0" index="0" bw="8" slack="1"/>
<pin id="279" dir="1" index="1" bw="8" slack="1"/>
</pin_list>
<bind>
<opset="tmp_4_i "/>
</bind>
</comp>

<comp id="282" class="1005" name="s_load_reg_282">
<pin_list>
<pin id="283" dir="0" index="0" bw="64" slack="1"/>
<pin id="284" dir="1" index="1" bw="64" slack="1"/>
</pin_list>
<bind>
<opset="s_load "/>
</bind>
</comp>

<comp id="290" class="1005" name="i_2_reg_290">
<pin_list>
<pin id="291" dir="0" index="0" bw="4" slack="0"/>
<pin id="292" dir="1" index="1" bw="4" slack="0"/>
</pin_list>
<bind>
<opset="i_2 "/>
</bind>
</comp>

<comp id="298" class="1005" name="i_1_reg_298">
<pin_list>
<pin id="299" dir="0" index="0" bw="6" slack="0"/>
<pin id="300" dir="1" index="1" bw="6" slack="0"/>
</pin_list>
<bind>
<opset="i_1 "/>
</bind>
</comp>

<comp id="303" class="1005" name="tmp_reg_303">
<pin_list>
<pin id="304" dir="0" index="0" bw="64" slack="1"/>
<pin id="305" dir="1" index="1" bw="64" slack="1"/>
</pin_list>
<bind>
<opset="tmp "/>
</bind>
</comp>

<comp id="308" class="1005" name="out_assign_addr_reg_308">
<pin_list>
<pin id="309" dir="0" index="0" bw="8" slack="1"/>
<pin id="310" dir="1" index="1" bw="8" slack="1"/>
</pin_list>
<bind>
<opset="out_assign_addr "/>
</bind>
</comp>

</comp_list>

<net_list>
<net id="71"><net_src comp="8" pin="0"/><net_sink comp="68" pin=0"/></net>

<net id="75"><net_src comp="8" pin="0"/><net_sink comp="72" pin=0"/></net>

<net id="81"><net_src comp="34" pin="0"/><net_sink comp="76" pin=1"/></net>

<net id="87"><net_src comp="76" pin="3"/><net_sink comp="82" pin=0"/></net>

<net id="93"><net_src comp="34" pin="0"/><net_sink comp="88" pin=1"/></net>

<net id="99"><net_src comp="88" pin="3"/><net_sink comp="94" pin=0"/></net>

<net id="105"><net_src comp="34" pin="0"/><net_sink comp="100" pin=1"/></net>

<net id="106"><net_src comp="100" pin="3"/><net_sink comp="94" pin=0"/></net>

<net id="112"><net_src comp="0" pin="0"/><net_sink comp="107" pin=0"/></net>

<net id="113"><net_src comp="34" pin="0"/><net_sink comp="107" pin=1"/></net>

<net id="119"><net_src comp="94" pin="3"/><net_sink comp="114" pin=1"/></net>

<net id="120"><net_src comp="107" pin="3"/><net_sink comp="114" pin=0"/></net>

<net id="124"><net_src comp="24" pin="0"/><net_sink comp="121" pin=0"/></net>

<net id="131"><net_src comp="121" pin="1"/><net_sink comp="125" pin=0"/></net>

<net id="132"><net_src comp="125" pin="4"/><net_sink comp="121" pin=0"/></net>

<net id="136"><net_src comp="46" pin="0"/><net_sink comp="133" pin=0"/></net>

<net id="143"><net_src comp="133" pin="1"/><net_sink comp="137" pin=0"/></net>

<net id="147"><net_src comp="58" pin="0"/><net_sink comp="144" pin=0"/></net>

<net id="154"><net_src comp="144" pin="1"/><net_sink comp="148" pin=0"/></net>

<net id="160"><net_src comp="12" pin="0"/><net_sink comp="155" pin=0"/></net>

<net id="161"><net_src comp="6" pin="0"/><net_sink comp="155" pin=2"/></net>

<net id="167"><net_src comp="10" pin="0"/><net_sink comp="162" pin=0"/></net>

<net id="168"><net_src comp="68" pin="1"/><net_sink comp="162" pin=1"/></net>

<net id="169"><net_src comp="2" pin="0"/><net_sink comp="162" pin=2"/></net>

<net id="174"><net_src comp="125" pin="4"/><net_sink comp="170" pin=0"/></net>

<net id="175"><net_src comp="26" pin="0"/><net_sink comp="170" pin=1"/></net>

<net id="180"><net_src comp="125" pin="4"/><net_sink comp="176" pin=0"/></net>

<net id="181"><net_src comp="32" pin="0"/><net_sink comp="176" pin=1"/></net>

<net id="185"><net_src comp="125" pin="4"/><net_sink comp="182" pin=0"/></net>

<net id="186"><net_src comp="182" pin="1"/><net_sink comp="76" pin=2"/></net>

<net id="192"><net_src comp="42" pin="0"/><net_sink comp="187" pin=0"/></net>

<net id="193"><net_src comp="121" pin="1"/><net_sink comp="187" pin=1"/></net>

<net id="194"><net_src comp="44" pin="0"/><net_sink comp="187" pin=2"/></net>

<net id="199"><net_src comp="137" pin="4"/><net_sink comp="195" pin=0"/></net>

<net id="200"><net_src comp="48" pin="0"/><net_sink comp="195" pin=1"/></net>

<net id="205"><net_src comp="137" pin="4"/><net_sink comp="201" pin=0"/></net>

<net id="206"><net_src comp="52" pin="0"/><net_sink comp="201" pin=1"/></net>

<net id="210"><net_src comp="137" pin="4"/><net_sink comp="207" pin=0"/></net>

<net id="216"><net_src comp="56" pin="0"/><net_sink comp="211" pin=0"/></net>

<net id="217"><net_src comp="207" pin="1"/><net_sink comp="211" pin=1"/></net>

<net id="218"><net_src comp="44" pin="0"/><net_sink comp="211" pin=2"/></net>

<net id="222"><net_src comp="211" pin="3"/><net_sink comp="219" pin=0"/></net>

<net id="227"><net_src comp="219" pin="1"/><net_sink comp="223" pin=1"/></net>

<net id="231"><net_src comp="223" pin="2"/><net_sink comp="228" pin=0"/></net>

<net id="232"><net_src comp="228" pin="1"/><net_sink comp="94" pin=1"/></net>

<net id="236"><net_src comp="137" pin="4"/><net_sink comp="233" pin=0"/></net>

<net id="241"><net_src comp="233" pin="1"/><net_sink comp="237" pin=0"/></net>

<net id="245"><net_src comp="237" pin="2"/><net_sink comp="242" pin=0"/></net>

<net id="246"><net_src comp="242" pin="1"/><net_sink comp="88" pin=2"/></net>

<net id="251"><net_src comp="148" pin="4"/><net_sink comp="247" pin=0"/></net>

<net id="252"><net_src comp="60" pin="0"/><net_sink comp="247" pin=1"/></net>

<net id="257"><net_src comp="148" pin="4"/><net_sink comp="253" pin=0"/></net>

<net id="258"><net_src comp="64" pin="0"/><net_sink comp="253" pin=1"/></net>

<net id="262"><net_src comp="148" pin="4"/><net_sink comp="259" pin=0"/></net>

<net id="263"><net_src comp="259" pin="1"/><net_sink comp="100" pin=2"/></net>

<net id="270"><net_src comp="176" pin="2"/><net_sink comp="267" pin=0"/></net>

<net id="271"><net_src comp="267" pin="1"/><net_sink comp="125" pin=2"/></net>

<net id="275"><net_src comp="76" pin="3"/><net_sink comp="272" pin=0"/></net>

<net id="276"><net_src comp="272" pin="1"/><net_sink comp="82" pin=0"/></net>

<net id="280"><net_src comp="187" pin="3"/><net_sink comp="277" pin=0"/></net>

<net id="281"><net_src comp="277" pin="1"/><net_sink comp="237" pin=1"/></net>

<net id="285"><net_src comp="82" pin="3"/><net_sink comp="282" pin=0"/></net>

<net id="286"><net_src comp="282" pin="1"/><net_sink comp="223" pin=0"/></net>

<net id="293"><net_src comp="201" pin="2"/><net_sink comp="290" pin=0"/></net>

<net id="294"><net_src comp="290" pin="1"/><net_sink comp="137" pin=2"/></net>

<net id="301"><net_src comp="253" pin="2"/><net_sink comp="298" pin=0"/></net>

<net id="302"><net_src comp="298" pin="1"/><net_sink comp="148" pin=2"/></net>

<net id="306"><net_src comp="259" pin="1"/><net_sink comp="303" pin=0"/></net>

<net id="307"><net_src comp="303" pin="1"/><net_sink comp="107" pin=2"/></net>

<net id="311"><net_src comp="100" pin="3"/><net_sink comp="308" pin=0"/></net>

<net id="312"><net_src comp="308" pin="1"/><net_sink comp="94" pin=0"/></net>

</net_list>

</model> 
---------------- Datapath Model END ------------------

* FSMD analyzer results:
  - Output states:
	Port: h | {9 }
 - Input state : 
	Port: pqcrystals_fips202_ref_sha3_256 : in_r | {1 2 }
	Port: pqcrystals_fips202_ref_sha3_256 : KeccakF_RoundConstan | {3 4 }
  - Chain level:
	State 1
		StgValue_12 : 1
	State 2
	State 3
	State 4
	State 5
		tmp_i_5 : 1
		i_4_i : 1
		StgValue_26 : 2
		tmp_6_i : 1
		s_addr : 2
		s_load : 3
	State 6
	State 7
		exitcond_i_i : 1
		i_2 : 1
		StgValue_40 : 2
		tmp_1 : 1
		tmp_1_i_i : 2
		tmp_2_i_i : 3
		tmp_3_i_i : 4
		tmp_2 : 5
		tmp_5_i_i_cast : 1
		sum_i_i : 2
		sum_i_i_cast : 3
		out_assign_addr_1 : 4
		StgValue_51 : 6
	State 8
		exitcond : 1
		i_1 : 1
		StgValue_58 : 2
		tmp : 1
		out_assign_addr : 2
		out_assign_load : 3
	State 9
		StgValue_66 : 1


============================================================
+ Verbose Summary: Datapath Resource usage 
============================================================

* Functional unit list:
|----------|---------------------------------|---------|---------|---------|---------|
| Operation|         Functional Unit         |   BRAM  |  Delay  |    FF   |   LUT   |
|----------|---------------------------------|---------|---------|---------|---------|
|   call   | grp_KeccakF1600_StatePer_fu_155 |    0    |  11.799 |   5329  |  18383  |
|          |     grp_keccak_absorb_fu_162    |    1    | 11.4105 |   335   |   396   |
|----------|---------------------------------|---------|---------|---------|---------|
|   lshr   |         tmp_3_i_i_fu_223        |    0    |    0    |    0    |   182   |
|----------|---------------------------------|---------|---------|---------|---------|
|          |           i_4_i_fu_176          |    0    |    0    |    0    |    15   |
|    add   |            i_2_fu_201           |    0    |    0    |    0    |    13   |
|          |          sum_i_i_fu_237         |    0    |    0    |    0    |    15   |
|          |            i_1_fu_253           |    0    |    0    |    0    |    15   |
|----------|---------------------------------|---------|---------|---------|---------|
|          |          tmp_i_5_fu_170         |    0    |    0    |    0    |    11   |
|   icmp   |       exitcond_i_i_fu_195       |    0    |    0    |    0    |    9    |
|          |         exitcond_fu_247         |    0    |    0    |    0    |    11   |
|----------|---------------------------------|---------|---------|---------|---------|
|          |          tmp_6_i_fu_182         |    0    |    0    |    0    |    0    |
|          |         tmp_2_i_i_fu_219        |    0    |    0    |    0    |    0    |
|   zext   |      tmp_5_i_i_cast_fu_233      |    0    |    0    |    0    |    0    |
|          |       sum_i_i_cast_fu_242       |    0    |    0    |    0    |    0    |
|          |            tmp_fu_259           |    0    |    0    |    0    |    0    |
|----------|---------------------------------|---------|---------|---------|---------|
|bitconcatenate|          tmp_4_i_fu_187         |    0    |    0    |    0    |    0    |
|          |         tmp_1_i_i_fu_211        |    0    |    0    |    0    |    0    |
|----------|---------------------------------|---------|---------|---------|---------|
|   trunc  |           tmp_1_fu_207          |    0    |    0    |    0    |    0    |
|          |           tmp_2_fu_228          |    0    |    0    |    0    |    0    |
|----------|---------------------------------|---------|---------|---------|---------|
|   Total  |                                 |    1    | 23.2095 |   5664  |  19050  |
|----------|---------------------------------|---------|---------|---------|---------|

Memories:
+--------------------+--------+--------+--------+
|                    |  BRAM  |   FF   |   LUT  |
+--------------------+--------+--------+--------+
|KeccakF_RoundConstan|    2   |    0   |    0   |
|     out_assign     |    1   |    0   |    0   |
|          s         |    4   |    0   |    0   |
+--------------------+--------+--------+--------+
|        Total       |    7   |    0   |    0   |
+--------------------+--------+--------+--------+

* Register list:
+-----------------------+--------+
|                       |   FF   |
+-----------------------+--------+
|      i_1_reg_298      |    6   |
|      i_2_reg_290      |    4   |
|     i_4_i_reg_267     |    5   |
|     i_i_i_reg_133     |    4   |
|      i_i_reg_121      |    5   |
|       i_reg_144       |    6   |
|out_assign_addr_reg_308|    8   |
|     s_addr_reg_272    |    5   |
|     s_load_reg_282    |   64   |
|    tmp_4_i_reg_277    |    8   |
|      tmp_reg_303      |   64   |
+-----------------------+--------+
|         Total         |   179  |
+-----------------------+--------+

* Multiplexer (MUX) list: 
|------------------|------|------|------|--------||---------||---------|
|       Comp       |  Pin | Size |  BW  | S x BW ||  Delay  ||   LUT   |
|------------------|------|------|------|--------||---------||---------|
| grp_access_fu_82 |  p0  |   2  |   5  |   10   ||    9    |
| grp_access_fu_94 |  p0  |   3  |   8  |   24   ||    15   |
|    i_i_reg_121   |  p0  |   2  |   5  |   10   ||    9    |
|------------------|------|------|------|--------||---------||---------|
|       Total      |      |      |      |   44   || 4.15175 ||    33   |
|------------------|------|------|------|--------||---------||---------|



* Summary:
+-----------+--------+--------+--------+--------+
|           |  BRAM  |  Delay |   FF   |   LUT  |
+-----------+--------+--------+--------+--------+
|  Function |    1   |   23   |  5664  |  19050 |
|   Memory  |    7   |    -   |    0   |    0   |
|Multiplexer|    -   |    4   |    -   |   33   |
|  Register |    -   |    -   |   179  |    -   |
+-----------+--------+--------+--------+--------+
|   Total   |    8   |   27   |  5843  |  19083 |
+-----------+--------+--------+--------+--------+
