==============================================================
File generated on Sat Apr 10 23:21:38 EDT 2021
Vivado(TM) HLS - High-Level Synthesis from C, C++ and SystemC v2018.3 (64-bit)
SW Build 2405991 on Thu Dec  6 23:36:41 MST 2018
IP Build 2404404 on Fri Dec  7 01:43:56 MST 2018
Copyright 1986-2018 Xilinx, Inc. All Rights Reserved.
==============================================================
==============================================================
File generated on Sat Apr 10 23:22:48 EDT 2021
Vivado(TM) HLS - High-Level Synthesis from C, C++ and SystemC v2018.3 (64-bit)
SW Build 2405991 on Thu Dec  6 23:36:41 MST 2018
IP Build 2404404 on Fri Dec  7 01:43:56 MST 2018
Copyright 1986-2018 Xilinx, Inc. All Rights Reserved.
==============================================================
==============================================================
File generated on Sat Apr 10 23:34:56 EDT 2021
Vivado(TM) HLS - High-Level Synthesis from C, C++ and SystemC v2018.3 (64-bit)
SW Build 2405991 on Thu Dec  6 23:36:41 MST 2018
IP Build 2404404 on Fri Dec  7 01:43:56 MST 2018
Copyright 1986-2018 Xilinx, Inc. All Rights Reserved.
==============================================================
==============================================================
File generated on Sun Apr 11 00:17:00 EDT 2021
Vivado(TM) HLS - High-Level Synthesis from C, C++ and SystemC v2018.3 (64-bit)
SW Build 2405991 on Thu Dec  6 23:36:41 MST 2018
IP Build 2404404 on Fri Dec  7 01:43:56 MST 2018
Copyright 1986-2018 Xilinx, Inc. All Rights Reserved.
==============================================================
==============================================================
File generated on Sun Apr 11 01:02:43 EDT 2021
Vivado(TM) HLS - High-Level Synthesis from C, C++ and SystemC v2018.3 (64-bit)
SW Build 2405991 on Thu Dec  6 23:36:41 MST 2018
IP Build 2404404 on Fri Dec  7 01:43:56 MST 2018
Copyright 1986-2018 Xilinx, Inc. All Rights Reserved.
==============================================================
==============================================================
File generated on Sun Apr 11 01:03:50 EDT 2021
Vivado(TM) HLS - High-Level Synthesis from C, C++ and SystemC v2018.3 (64-bit)
SW Build 2405991 on Thu Dec  6 23:36:41 MST 2018
IP Build 2404404 on Fri Dec  7 01:43:56 MST 2018
Copyright 1986-2018 Xilinx, Inc. All Rights Reserved.
==============================================================
==============================================================
File generated on Sun Apr 11 01:05:23 EDT 2021
Vivado(TM) HLS - High-Level Synthesis from C, C++ and SystemC v2018.3 (64-bit)
SW Build 2405991 on Thu Dec  6 23:36:41 MST 2018
IP Build 2404404 on Fri Dec  7 01:43:56 MST 2018
Copyright 1986-2018 Xilinx, Inc. All Rights Reserved.
==============================================================
==============================================================
File generated on Sun Apr 11 01:07:17 EDT 2021
Vivado(TM) HLS - High-Level Synthesis from C, C++ and SystemC v2018.3 (64-bit)
SW Build 2405991 on Thu Dec  6 23:36:41 MST 2018
IP Build 2404404 on Fri Dec  7 01:43:56 MST 2018
Copyright 1986-2018 Xilinx, Inc. All Rights Reserved.
==============================================================
==============================================================
File generated on Sun Apr 11 01:13:28 EDT 2021
Vivado(TM) HLS - High-Level Synthesis from C, C++ and SystemC v2018.3 (64-bit)
SW Build 2405991 on Thu Dec  6 23:36:41 MST 2018
IP Build 2404404 on Fri Dec  7 01:43:56 MST 2018
Copyright 1986-2018 Xilinx, Inc. All Rights Reserved.
==============================================================
==============================================================
File generated on Sun Apr 11 01:14:58 EDT 2021
Vivado(TM) HLS - High-Level Synthesis from C, C++ and SystemC v2018.3 (64-bit)
SW Build 2405991 on Thu Dec  6 23:36:41 MST 2018
IP Build 2404404 on Fri Dec  7 01:43:56 MST 2018
Copyright 1986-2018 Xilinx, Inc. All Rights Reserved.
==============================================================
==============================================================
File generated on Sun Apr 11 01:16:10 EDT 2021
Vivado(TM) HLS - High-Level Synthesis from C, C++ and SystemC v2018.3 (64-bit)
SW Build 2405991 on Thu Dec  6 23:36:41 MST 2018
IP Build 2404404 on Fri Dec  7 01:43:56 MST 2018
Copyright 1986-2018 Xilinx, Inc. All Rights Reserved.
==============================================================
==============================================================
File generated on Sun Apr 11 01:18:31 EDT 2021
Vivado(TM) HLS - High-Level Synthesis from C, C++ and SystemC v2018.3 (64-bit)
SW Build 2405991 on Thu Dec  6 23:36:41 MST 2018
IP Build 2404404 on Fri Dec  7 01:43:56 MST 2018
Copyright 1986-2018 Xilinx, Inc. All Rights Reserved.
==============================================================
==============================================================
File generated on Sun Apr 11 01:36:41 EDT 2021
Vivado(TM) HLS - High-Level Synthesis from C, C++ and SystemC v2018.3 (64-bit)
SW Build 2405991 on Thu Dec  6 23:36:41 MST 2018
IP Build 2404404 on Fri Dec  7 01:43:56 MST 2018
Copyright 1986-2018 Xilinx, Inc. All Rights Reserved.
==============================================================
INFO: [SYN 201-201] Setting up clock 'default' with a period of 10ns.
INFO: [SYN 201-201] Setting up clock 'default' with an uncertainty of 1.25ns.
INFO: [HLS 200-10] Setting target device to 'xc7vx980tffg1930-2l'
INFO: [SCHED 204-61] Option 'relax_ii_for_timing' is enabled, will increase II to preserve clock frequency constraints.
INFO: [HLS 200-10] Analyzing design file 'fips202.c' ... 
INFO: [HLS 200-111] Finished Linking Time (s): cpu = 00:00:10 ; elapsed = 00:00:11 . Memory (MB): peak = 541.465 ; gain = 4.219 ; free physical = 59997 ; free virtual = 567595
INFO: [HLS 200-111] Finished Checking Pragmas Time (s): cpu = 00:00:10 ; elapsed = 00:00:11 . Memory (MB): peak = 541.465 ; gain = 4.219 ; free physical = 59997 ; free virtual = 567595
INFO: [HLS 200-10] Starting code transformations ...
INFO: [HLS 200-111] Finished Standard Transforms Time (s): cpu = 00:00:11 ; elapsed = 00:00:12 . Memory (MB): peak = 541.465 ; gain = 4.219 ; free physical = 59997 ; free virtual = 567594
INFO: [HLS 200-10] Checking synthesizability ...
INFO: [XFORM 203-602] Inlining function 'load64.1' into 'keccak_absorb' (fips202.c:379) automatically.
INFO: [XFORM 203-602] Inlining function 'load64' into 'keccak_absorb' (fips202.c:392) automatically.
INFO: [XFORM 203-602] Inlining function 'store64' into 'keccak_squeezeblocks' (fips202.c:419) automatically.
INFO: [HLS 200-111] Finished Checking Synthesizability Time (s): cpu = 00:00:11 ; elapsed = 00:00:12 . Memory (MB): peak = 541.465 ; gain = 4.219 ; free physical = 59996 ; free virtual = 567594
INFO: [XFORM 203-502] Unrolling all loops for pipelining in function 'pqcrystals_fips202_ref_sha3_256' (fips202.c:559).
INFO: [XFORM 203-502] Unrolling all loops for pipelining in function 'keccak_squeezeblocks' (fips202.c:407).
INFO: [XFORM 203-502] Unrolling all loops for pipelining in function 'keccak_absorb' (fips202.c:362).
INFO: [XFORM 203-502] Unrolling all loops for pipelining in function 'KeccakF1600_StatePermute' (fips202.c:84).
INFO: [XFORM 203-502] Unrolling all loops for pipelining in function 'store64' (fips202.c:41).
INFO: [XFORM 203-502] Unrolling all loops for pipelining in function 'load64' (fips202.c:23).
INFO: [HLS 200-489] Unrolling loop 'Loop-1' (fips202.c:568) in function 'pqcrystals_fips202_ref_sha3_256' completely with a factor of 32.
INFO: [HLS 200-489] Unrolling loop 'Loop-1' (fips202.c:415) in function 'keccak_squeezeblocks' completely with a factor of 1.
INFO: [HLS 200-489] Unrolling loop 'Loop-1.1' (fips202.c:417) in function 'keccak_squeezeblocks' completely with a factor of 17.
INFO: [HLS 200-489] Unrolling loop 'memset_t' in function 'keccak_absorb' completely with a factor of 199.
INFO: [HLS 200-489] Unrolling loop 'Loop-2' (fips202.c:372) in function 'keccak_absorb' completely with a factor of 25.
INFO: [HLS 200-489] Unrolling loop 'Loop-3' (fips202.c:376) in function 'keccak_absorb' completely with a factor of 0.
INFO: [HLS 200-489] Unrolling loop 'Loop-4' (fips202.c:386) in function 'keccak_absorb' completely with a factor of 3.
INFO: [HLS 200-489] Unrolling loop 'Loop-5' (fips202.c:391) in function 'keccak_absorb' completely with a factor of 17.
INFO: [HLS 200-489] Unrolling loop 'KeccakF1600_StatePermute_label1' (fips202.c:129) in function 'KeccakF1600_StatePermute' completely with a factor of 12.
INFO: [HLS 200-489] Unrolling loop 'Loop-1' (fips202.c:44) in function 'store64' completely with a factor of 8.
INFO: [HLS 200-489] Unrolling loop 'Loop-1' (fips202.c:27) in function 'load64' completely with a factor of 8.
INFO: [XFORM 203-101] Partitioning array 's' (fips202.c:562) in dimension 1 completely.
INFO: [XFORM 203-101] Partitioning array 't' (fips202.c:369) in dimension 1 with a block factor 4.
INFO: [XFORM 203-11] Balancing expressions in function 'KeccakF1600_StatePermute' (fips202.c:84)...821 expression(s) balanced.
INFO: [HLS 200-111] Finished Pre-synthesis Time (s): cpu = 00:00:24 ; elapsed = 00:00:25 . Memory (MB): peak = 669.379 ; gain = 132.133 ; free physical = 59753 ; free virtual = 567350
WARNING: [XFORM 203-631] Renaming function 'KeccakF1600_StatePermute' to 'KeccakF1600_StatePer' (fips202.c:131:13)
INFO: [HLS 200-111] Finished Architecture Synthesis Time (s): cpu = 00:01:07 ; elapsed = 00:01:09 . Memory (MB): peak = 733.379 ; gain = 196.133 ; free physical = 59661 ; free virtual = 567259
INFO: [HLS 200-10] Starting hardware synthesis ...
INFO: [HLS 200-10] Synthesizing 'pqcrystals_fips202_ref_sha3_256' ...
WARNING: [SYN 201-107] Renaming port name 'pqcrystals_fips202_ref_sha3_256/in' to 'pqcrystals_fips202_ref_sha3_256/in_r' to avoid the conflict with HDL keywords or other object names.
INFO: [HLS 200-10] ----------------------------------------------------------------
INFO: [HLS 200-42] -- Implementing module 'load64' 
INFO: [HLS 200-10] ----------------------------------------------------------------
INFO: [SCHED 204-11] Starting scheduling ...
INFO: [SCHED 204-61] Pipelining function 'load64'.
WARNING: [SCHED 204-69] Unable to schedule 'load' operation ('x_0_load_2', fips202.c:28) on array 'x_0' due to limited memory ports. Please consider using a memory core with more ports or partitioning the array 'x_0'.
INFO: [SCHED 204-61] Pipelining result : Target II = 1, Final II = 4, Depth = 16.
INFO: [SCHED 204-11] Finished scheduling.
INFO: [HLS 200-111]  Elapsed time: 69.76 seconds; current allocated memory: 158.845 MB.
INFO: [BIND 205-100] Starting micro-architecture generation ...
INFO: [BIND 205-101] Performing variable lifetime analysis.
INFO: [BIND 205-101] Exploring resource sharing.
INFO: [BIND 205-101] Binding ...
INFO: [BIND 205-100] Finished micro-architecture generation.
INFO: [HLS 200-111]  Elapsed time: 0.71 seconds; current allocated memory: 159.628 MB.
INFO: [HLS 200-10] ----------------------------------------------------------------
INFO: [HLS 200-42] -- Implementing module 'keccak_absorb' 
INFO: [HLS 200-10] ----------------------------------------------------------------
INFO: [SCHED 204-11] Starting scheduling ...
INFO: [SCHED 204-61] Pipelining function 'keccak_absorb'.
WARNING: [SCHED 204-68] The II Violation in module 'keccak_absorb': Unable to enforce a carried dependence constraint (II = 4, distance = 1, offset = 1)
   between 'call' operation ('tmp', fips202.c:392) to 'load64' and 'store' operation (fips202.c:387) of variable 'm_load', fips202.c:387 on array 't[0]', fips202.c:369.
WARNING: [SCHED 204-62] II = 5 is infeasible due to multiple pipeline iteration latency = 16 and incompatible II = 4 of 'call' operation ('tmp', fips202.c:392) to 'load64'.
WARNING: [SCHED 204-62] II = 6 is infeasible due to multiple pipeline iteration latency = 16 and incompatible II = 4 of 'call' operation ('tmp', fips202.c:392) to 'load64'.
WARNING: [SCHED 204-62] II = 7 is infeasible due to multiple pipeline iteration latency = 16 and incompatible II = 4 of 'call' operation ('tmp', fips202.c:392) to 'load64'.
WARNING: [SCHED 204-68] The II Violation in module 'keccak_absorb': Unable to enforce a carried dependence constraint (II = 8, distance = 1, offset = 1)
   between 'call' operation ('tmp', fips202.c:392) to 'load64' and 'store' operation (fips202.c:387) of variable 'm_load', fips202.c:387 on array 't[0]', fips202.c:369.
WARNING: [SCHED 204-62] II = 9 is infeasible due to multiple pipeline iteration latency = 16 and incompatible II = 4 of 'call' operation ('tmp', fips202.c:392) to 'load64'.
WARNING: [SCHED 204-62] II = 10 is infeasible due to multiple pipeline iteration latency = 16 and incompatible II = 4 of 'call' operation ('tmp', fips202.c:392) to 'load64'.
WARNING: [SCHED 204-62] II = 11 is infeasible due to multiple pipeline iteration latency = 16 and incompatible II = 4 of 'call' operation ('tmp', fips202.c:392) to 'load64'.
WARNING: [SCHED 204-68] The II Violation in module 'keccak_absorb': Unable to enforce a carried dependence constraint (II = 12, distance = 1, offset = 1)
   between 'call' operation ('tmp', fips202.c:392) to 'load64' and 'store' operation (fips202.c:387) of variable 'm_load', fips202.c:387 on array 't[0]', fips202.c:369.
WARNING: [SCHED 204-62] II = 13 is infeasible due to multiple pipeline iteration latency = 16 and incompatible II = 4 of 'call' operation ('tmp', fips202.c:392) to 'load64'.
WARNING: [SCHED 204-62] II = 14 is infeasible due to multiple pipeline iteration latency = 16 and incompatible II = 4 of 'call' operation ('tmp', fips202.c:392) to 'load64'.
WARNING: [SCHED 204-62] II = 15 is infeasible due to multiple pipeline iteration latency = 16 and incompatible II = 4 of 'call' operation ('tmp', fips202.c:392) to 'load64'.
WARNING: [SCHED 204-68] The II Violation in module 'keccak_absorb': Unable to enforce a carried dependence constraint (II = 16, distance = 1, offset = 1)
   between 'call' operation ('tmp', fips202.c:392) to 'load64' and 'store' operation (fips202.c:387) of variable 'm_load', fips202.c:387 on array 't[0]', fips202.c:369.
WARNING: [SCHED 204-68] The II Violation in module 'keccak_absorb': Unable to enforce a carried dependence constraint (II = 136, distance = 1, offset = 1)
   between 'call' operation ('tmp_5', fips202.c:392) to 'load64' and 'store' operation (fips202.c:387) of variable 'm_load', fips202.c:387 on array 't[0]', fips202.c:369.
WARNING: [SCHED 204-68] The II Violation in module 'keccak_absorb': Unable to enforce a carried dependence constraint (II = 196, distance = 1, offset = 1)
   between 'call' operation ('tmp_11', fips202.c:392) to 'load64' and 'store' operation (fips202.c:387) of variable 'm_load', fips202.c:387 on array 't[0]', fips202.c:369.
WARNING: [SCHED 204-68] The II Violation in module 'keccak_absorb': Unable to enforce a carried dependence constraint (II = 226, distance = 1, offset = 1)
   between 'call' operation ('tmp_13', fips202.c:392) to 'load64' and 'store' operation (fips202.c:387) of variable 'm_load', fips202.c:387 on array 't[0]', fips202.c:369.
WARNING: [SCHED 204-68] The II Violation in module 'keccak_absorb': Unable to enforce a carried dependence constraint (II = 241, distance = 1, offset = 1)
   between 'call' operation ('tmp_14', fips202.c:392) to 'load64' and 'store' operation (fips202.c:387) of variable 'm_load', fips202.c:387 on array 't[0]', fips202.c:369.
WARNING: [SCHED 204-68] The II Violation in module 'keccak_absorb': Unable to enforce a carried dependence constraint (II = 249, distance = 1, offset = 1)
   between 'call' operation ('tmp_14', fips202.c:392) to 'load64' and 'store' operation (fips202.c:387) of variable 'm_load', fips202.c:387 on array 't[0]', fips202.c:369.
WARNING: [SCHED 204-68] The II Violation in module 'keccak_absorb': Unable to enforce a carried dependence constraint (II = 253, distance = 1, offset = 1)
   between 'call' operation ('tmp_14', fips202.c:392) to 'load64' and 'store' operation (fips202.c:387) of variable 'm_load', fips202.c:387 on array 't[0]', fips202.c:369.
WARNING: [SCHED 204-68] The II Violation in module 'keccak_absorb': Unable to enforce a carried dependence constraint (II = 255, distance = 1, offset = 1)
   between 'call' operation ('tmp_14', fips202.c:392) to 'load64' and 'store' operation (fips202.c:387) of variable 'm_load', fips202.c:387 on array 't[0]', fips202.c:369.
WARNING: [SCHED 204-68] The II Violation in module 'keccak_absorb': Unable to enforce a carried dependence constraint (II = 256, distance = 1, offset = 1)
   between 'call' operation ('tmp_14', fips202.c:392) to 'load64' and 'store' operation (fips202.c:387) of variable 'm_load', fips202.c:387 on array 't[0]', fips202.c:369.
INFO: [SCHED 204-61] Unable to satisfy pipeline directive: Unable to pipeline the region.
INFO: [SCHED 204-11] Finished scheduling.
INFO: [HLS 200-111]  Elapsed time: 1.12 seconds; current allocated memory: 160.540 MB.
INFO: [BIND 205-100] Starting micro-architecture generation ...
INFO: [BIND 205-101] Performing variable lifetime analysis.
INFO: [BIND 205-101] Exploring resource sharing.
INFO: [BIND 205-101] Binding ...
INFO: [BIND 205-100] Finished micro-architecture generation.
INFO: [HLS 200-111]  Elapsed time: 1.9 seconds; current allocated memory: 162.083 MB.
INFO: [HLS 200-10] ----------------------------------------------------------------
INFO: [HLS 200-42] -- Implementing module 'KeccakF1600_StatePer' 
INFO: [HLS 200-10] ----------------------------------------------------------------
INFO: [SCHED 204-11] Starting scheduling ...
INFO: [SCHED 204-61] Pipelining function 'KeccakF1600_StatePer'.
INFO: [SCHED 204-61] Pipelining result : Target II = 1, Final II = 1, Depth = 7.
INFO: [SCHED 204-11] Finished scheduling.
INFO: [HLS 200-111]  Elapsed time: 40.79 seconds; current allocated memory: 173.165 MB.
INFO: [BIND 205-100] Starting micro-architecture generation ...
INFO: [BIND 205-101] Performing variable lifetime analysis.
INFO: [BIND 205-101] Exploring resource sharing.
INFO: [BIND 205-101] Binding ...
INFO: [BIND 205-100] Finished micro-architecture generation.
INFO: [HLS 200-111]  Elapsed time: 14.36 seconds; current allocated memory: 190.059 MB.
INFO: [HLS 200-10] ----------------------------------------------------------------
INFO: [HLS 200-42] -- Implementing module 'store64' 
INFO: [HLS 200-10] ----------------------------------------------------------------
INFO: [SCHED 204-11] Starting scheduling ...
INFO: [SCHED 204-61] Pipelining function 'store64'.
WARNING: [SCHED 204-69] Unable to schedule 'store' operation (fips202.c:45) of variable 'tmp_4_2', fips202.c:45 on array 'x' due to limited memory ports. Please consider using a memory core with more ports or partitioning the array 'x'.
INFO: [SCHED 204-61] Pipelining result : Target II = 1, Final II = 4, Depth = 4.
INFO: [SCHED 204-11] Finished scheduling.
INFO: [HLS 200-111]  Elapsed time: 17.05 seconds; current allocated memory: 193.653 MB.
INFO: [BIND 205-100] Starting micro-architecture generation ...
INFO: [BIND 205-101] Performing variable lifetime analysis.
INFO: [BIND 205-101] Exploring resource sharing.
INFO: [BIND 205-101] Binding ...
INFO: [BIND 205-100] Finished micro-architecture generation.
INFO: [HLS 200-111]  Elapsed time: 0.11 seconds; current allocated memory: 193.870 MB.
INFO: [HLS 200-10] ----------------------------------------------------------------
INFO: [HLS 200-42] -- Implementing module 'keccak_squeezeblocks' 
INFO: [HLS 200-10] ----------------------------------------------------------------
INFO: [SCHED 204-11] Starting scheduling ...
INFO: [SCHED 204-61] Pipelining function 'keccak_squeezeblocks'.
WARNING: [SCHED 204-68] The II Violation in module 'keccak_squeezeblocks': Unable to enforce a carried dependence constraint (II = 4, distance = 1, offset = 1)
   between 'call' operation (fips202.c:419) to 'store64' and 'call' operation (fips202.c:419) to 'store64'.
WARNING: [SCHED 204-68] The II Violation in module 'keccak_squeezeblocks': Unable to enforce a carried dependence constraint (II = 5, distance = 1, offset = 1)
   between 'call' operation (fips202.c:419) to 'store64' and 'call' operation (fips202.c:419) to 'store64'.
WARNING: [SCHED 204-68] The II Violation in module 'keccak_squeezeblocks': Unable to enforce a carried dependence constraint (II = 6, distance = 1, offset = 1)
   between 'call' operation (fips202.c:419) to 'store64' and 'call' operation (fips202.c:419) to 'store64'.
WARNING: [SCHED 204-68] The II Violation in module 'keccak_squeezeblocks': Unable to enforce a carried dependence constraint (II = 7, distance = 1, offset = 1)
   between 'call' operation (fips202.c:419) to 'store64' and 'call' operation (fips202.c:419) to 'store64'.
WARNING: [SCHED 204-68] The II Violation in module 'keccak_squeezeblocks': Unable to enforce a carried dependence constraint (II = 38, distance = 1, offset = 1)
   between 'call' operation (fips202.c:419) to 'store64' and 'call' operation (fips202.c:419) to 'store64'.
WARNING: [SCHED 204-68] The II Violation in module 'keccak_squeezeblocks': Unable to enforce a carried dependence constraint (II = 53, distance = 1, offset = 1)
   between 'call' operation (fips202.c:419) to 'store64' and 'call' operation (fips202.c:419) to 'store64'.
WARNING: [SCHED 204-68] The II Violation in module 'keccak_squeezeblocks': Unable to enforce a carried dependence constraint (II = 61, distance = 1, offset = 1)
   between 'call' operation (fips202.c:419) to 'store64' and 'call' operation (fips202.c:419) to 'store64'.
WARNING: [SCHED 204-68] The II Violation in module 'keccak_squeezeblocks': Unable to enforce a carried dependence constraint (II = 65, distance = 1, offset = 1)
   between 'call' operation (fips202.c:419) to 'store64' and 'call' operation (fips202.c:419) to 'store64'.
==============================================================
File generated on Sun Apr 11 01:42:55 EDT 2021
Vivado(TM) HLS - High-Level Synthesis from C, C++ and SystemC v2018.3 (64-bit)
SW Build 2405991 on Thu Dec  6 23:36:41 MST 2018
IP Build 2404404 on Fri Dec  7 01:43:56 MST 2018
Copyright 1986-2018 Xilinx, Inc. All Rights Reserved.
==============================================================
==============================================================
File generated on Sun Apr 11 01:44:42 EDT 2021
Vivado(TM) HLS - High-Level Synthesis from C, C++ and SystemC v2018.3 (64-bit)
SW Build 2405991 on Thu Dec  6 23:36:41 MST 2018
IP Build 2404404 on Fri Dec  7 01:43:56 MST 2018
Copyright 1986-2018 Xilinx, Inc. All Rights Reserved.
==============================================================
==============================================================
File generated on Mon Apr 12 09:09:43 EDT 2021
Vivado(TM) HLS - High-Level Synthesis from C, C++ and SystemC v2018.3 (64-bit)
SW Build 2405991 on Thu Dec  6 23:36:41 MST 2018
IP Build 2404404 on Fri Dec  7 01:43:56 MST 2018
Copyright 1986-2018 Xilinx, Inc. All Rights Reserved.
==============================================================
==============================================================
File generated on Mon Apr 12 09:14:41 EDT 2021
Vivado(TM) HLS - High-Level Synthesis from C, C++ and SystemC v2018.3 (64-bit)
SW Build 2405991 on Thu Dec  6 23:36:41 MST 2018
IP Build 2404404 on Fri Dec  7 01:43:56 MST 2018
Copyright 1986-2018 Xilinx, Inc. All Rights Reserved.
==============================================================
==============================================================
File generated on Mon Apr 12 09:15:35 EDT 2021
Vivado(TM) HLS - High-Level Synthesis from C, C++ and SystemC v2018.3 (64-bit)
SW Build 2405991 on Thu Dec  6 23:36:41 MST 2018
IP Build 2404404 on Fri Dec  7 01:43:56 MST 2018
Copyright 1986-2018 Xilinx, Inc. All Rights Reserved.
==============================================================
INFO: [SYN 201-201] Setting up clock 'default' with a period of 10ns.
INFO: [SYN 201-201] Setting up clock 'default' with an uncertainty of 1.25ns.
INFO: [HLS 200-10] Setting target device to 'xc7vx980tffg1930-2l'
INFO: [SCHED 204-61] Option 'relax_ii_for_timing' is enabled, will increase II to preserve clock frequency constraints.
INFO: [HLS 200-10] Analyzing design file 'fips202.c' ... 
INFO: [HLS 200-111] Finished Linking Time (s): cpu = 00:00:11 ; elapsed = 00:00:12 . Memory (MB): peak = 541.469 ; gain = 4.219 ; free physical = 1751 ; free virtual = 587936
INFO: [HLS 200-111] Finished Checking Pragmas Time (s): cpu = 00:00:11 ; elapsed = 00:00:12 . Memory (MB): peak = 541.469 ; gain = 4.219 ; free physical = 1751 ; free virtual = 587936
INFO: [HLS 200-10] Starting code transformations ...
INFO: [HLS 200-111] Finished Standard Transforms Time (s): cpu = 00:00:12 ; elapsed = 00:00:13 . Memory (MB): peak = 541.469 ; gain = 4.219 ; free physical = 1749 ; free virtual = 587934
INFO: [HLS 200-10] Checking synthesizability ...
INFO: [XFORM 203-602] Inlining function 'load64.1' into 'keccak_absorb' (fips202.c:380) automatically.
INFO: [XFORM 203-602] Inlining function 'load64' into 'keccak_absorb' (fips202.c:393) automatically.
INFO: [XFORM 203-602] Inlining function 'store64' into 'keccak_squeezeblocks' (fips202.c:420) automatically.
INFO: [HLS 200-111] Finished Checking Synthesizability Time (s): cpu = 00:00:12 ; elapsed = 00:00:14 . Memory (MB): peak = 541.469 ; gain = 4.219 ; free physical = 1749 ; free virtual = 587934
INFO: [XFORM 203-502] Unrolling all loops for pipelining in function 'pqcrystals_fips202_ref_sha3_256' (fips202.c:560).
INFO: [XFORM 203-502] Unrolling all loops for pipelining in function 'keccak_squeezeblocks' (fips202.c:408).
INFO: [XFORM 203-502] Unrolling all loops for pipelining in function 'keccak_absorb' (fips202.c:363).
INFO: [XFORM 203-502] Unrolling all loops for pipelining in function 'KeccakF1600_StatePermute' (fips202.c:85).
INFO: [XFORM 203-502] Unrolling all loops for pipelining in function 'store64' (fips202.c:42).
INFO: [XFORM 203-502] Unrolling all loops for pipelining in function 'load64' (fips202.c:24).
INFO: [HLS 200-489] Unrolling loop 'Loop-1' (fips202.c:569) in function 'pqcrystals_fips202_ref_sha3_256' completely with a factor of 32.
INFO: [HLS 200-489] Unrolling loop 'Loop-1' (fips202.c:416) in function 'keccak_squeezeblocks' completely with a factor of 1.
INFO: [HLS 200-489] Unrolling loop 'Loop-1.1' (fips202.c:418) in function 'keccak_squeezeblocks' completely with a factor of 17.
INFO: [HLS 200-489] Unrolling loop 'memset_t' in function 'keccak_absorb' completely with a factor of 199.
INFO: [HLS 200-489] Unrolling loop 'Loop-2' (fips202.c:373) in function 'keccak_absorb' completely with a factor of 25.
INFO: [HLS 200-489] Unrolling loop 'Loop-3' (fips202.c:377) in function 'keccak_absorb' completely with a factor of 0.
INFO: [HLS 200-489] Unrolling loop 'Loop-4' (fips202.c:387) in function 'keccak_absorb' completely with a factor of 3.
INFO: [HLS 200-489] Unrolling loop 'Loop-5' (fips202.c:392) in function 'keccak_absorb' completely with a factor of 17.
INFO: [HLS 200-489] Unrolling loop 'KeccakF1600_StatePermute_label1' (fips202.c:130) in function 'KeccakF1600_StatePermute' completely with a factor of 12.
INFO: [HLS 200-489] Unrolling loop 'Loop-1' (fips202.c:45) in function 'store64' completely with a factor of 8.
INFO: [HLS 200-489] Unrolling loop 'Loop-1' (fips202.c:28) in function 'load64' completely with a factor of 8.
INFO: [XFORM 203-101] Partitioning array 's' (fips202.c:563) in dimension 1 completely.
INFO: [XFORM 203-101] Partitioning array 't' (fips202.c:370) in dimension 1 with a block factor 4.
INFO: [XFORM 203-11] Balancing expressions in function 'KeccakF1600_StatePermute' (fips202.c:85)...821 expression(s) balanced.
INFO: [HLS 200-111] Finished Pre-synthesis Time (s): cpu = 00:00:25 ; elapsed = 00:00:27 . Memory (MB): peak = 669.383 ; gain = 132.133 ; free physical = 1691 ; free virtual = 587876
WARNING: [XFORM 203-631] Renaming function 'KeccakF1600_StatePermute' to 'KeccakF1600_StatePer' (fips202.c:87:13)
INFO: [HLS 200-111] Finished Architecture Synthesis Time (s): cpu = 00:01:08 ; elapsed = 00:01:10 . Memory (MB): peak = 733.383 ; gain = 196.133 ; free physical = 1649 ; free virtual = 587835
INFO: [HLS 200-10] Starting hardware synthesis ...
INFO: [HLS 200-10] Synthesizing 'pqcrystals_fips202_ref_sha3_256' ...
WARNING: [SYN 201-107] Renaming port name 'pqcrystals_fips202_ref_sha3_256/in' to 'pqcrystals_fips202_ref_sha3_256/in_r' to avoid the conflict with HDL keywords or other object names.
INFO: [HLS 200-10] ----------------------------------------------------------------
INFO: [HLS 200-42] -- Implementing module 'load64' 
INFO: [HLS 200-10] ----------------------------------------------------------------
INFO: [SCHED 204-11] Starting scheduling ...
INFO: [SCHED 204-61] Pipelining function 'load64'.
WARNING: [SCHED 204-69] Unable to schedule 'load' operation ('x_0_load_2', fips202.c:29) on array 'x_0' due to limited memory ports. Please consider using a memory core with more ports or partitioning the array 'x_0'.
INFO: [SCHED 204-61] Pipelining result : Target II = 1, Final II = 4, Depth = 16.
INFO: [SCHED 204-11] Finished scheduling.
INFO: [HLS 200-111]  Elapsed time: 70.72 seconds; current allocated memory: 158.967 MB.
INFO: [BIND 205-100] Starting micro-architecture generation ...
INFO: [BIND 205-101] Performing variable lifetime analysis.
INFO: [BIND 205-101] Exploring resource sharing.
INFO: [BIND 205-101] Binding ...
INFO: [BIND 205-100] Finished micro-architecture generation.
INFO: [HLS 200-111]  Elapsed time: 0.7 seconds; current allocated memory: 159.735 MB.
INFO: [HLS 200-10] ----------------------------------------------------------------
INFO: [HLS 200-42] -- Implementing module 'keccak_absorb' 
INFO: [HLS 200-10] ----------------------------------------------------------------
INFO: [SCHED 204-11] Starting scheduling ...
INFO: [SCHED 204-61] Pipelining function 'keccak_absorb'.
WARNING: [SCHED 204-68] The II Violation in module 'keccak_absorb': Unable to enforce a carried dependence constraint (II = 4, distance = 1, offset = 1)
   between 'call' operation ('tmp', fips202.c:393) to 'load64' and 'store' operation (fips202.c:388) of variable 'm_load', fips202.c:388 on array 't[0]', fips202.c:370.
WARNING: [SCHED 204-62] II = 5 is infeasible due to multiple pipeline iteration latency = 16 and incompatible II = 4 of 'call' operation ('tmp', fips202.c:393) to 'load64'.
WARNING: [SCHED 204-62] II = 6 is infeasible due to multiple pipeline iteration latency = 16 and incompatible II = 4 of 'call' operation ('tmp', fips202.c:393) to 'load64'.
WARNING: [SCHED 204-62] II = 7 is infeasible due to multiple pipeline iteration latency = 16 and incompatible II = 4 of 'call' operation ('tmp', fips202.c:393) to 'load64'.
WARNING: [SCHED 204-68] The II Violation in module 'keccak_absorb': Unable to enforce a carried dependence constraint (II = 8, distance = 1, offset = 1)
   between 'call' operation ('tmp', fips202.c:393) to 'load64' and 'store' operation (fips202.c:388) of variable 'm_load', fips202.c:388 on array 't[0]', fips202.c:370.
WARNING: [SCHED 204-62] II = 9 is infeasible due to multiple pipeline iteration latency = 16 and incompatible II = 4 of 'call' operation ('tmp', fips202.c:393) to 'load64'.
WARNING: [SCHED 204-62] II = 10 is infeasible due to multiple pipeline iteration latency = 16 and incompatible II = 4 of 'call' operation ('tmp', fips202.c:393) to 'load64'.
WARNING: [SCHED 204-62] II = 11 is infeasible due to multiple pipeline iteration latency = 16 and incompatible II = 4 of 'call' operation ('tmp', fips202.c:393) to 'load64'.
WARNING: [SCHED 204-68] The II Violation in module 'keccak_absorb': Unable to enforce a carried dependence constraint (II = 12, distance = 1, offset = 1)
   between 'call' operation ('tmp', fips202.c:393) to 'load64' and 'store' operation (fips202.c:388) of variable 'm_load', fips202.c:388 on array 't[0]', fips202.c:370.
WARNING: [SCHED 204-62] II = 13 is infeasible due to multiple pipeline iteration latency = 16 and incompatible II = 4 of 'call' operation ('tmp', fips202.c:393) to 'load64'.
WARNING: [SCHED 204-62] II = 14 is infeasible due to multiple pipeline iteration latency = 16 and incompatible II = 4 of 'call' operation ('tmp', fips202.c:393) to 'load64'.
WARNING: [SCHED 204-62] II = 15 is infeasible due to multiple pipeline iteration latency = 16 and incompatible II = 4 of 'call' operation ('tmp', fips202.c:393) to 'load64'.
WARNING: [SCHED 204-68] The II Violation in module 'keccak_absorb': Unable to enforce a carried dependence constraint (II = 16, distance = 1, offset = 1)
   between 'call' operation ('tmp', fips202.c:393) to 'load64' and 'store' operation (fips202.c:388) of variable 'm_load', fips202.c:388 on array 't[0]', fips202.c:370.
WARNING: [SCHED 204-68] The II Violation in module 'keccak_absorb': Unable to enforce a carried dependence constraint (II = 136, distance = 1, offset = 1)
   between 'call' operation ('tmp_5', fips202.c:393) to 'load64' and 'store' operation (fips202.c:388) of variable 'm_load', fips202.c:388 on array 't[0]', fips202.c:370.
WARNING: [SCHED 204-68] The II Violation in module 'keccak_absorb': Unable to enforce a carried dependence constraint (II = 196, distance = 1, offset = 1)
   between 'call' operation ('tmp_11', fips202.c:393) to 'load64' and 'store' operation (fips202.c:388) of variable 'm_load', fips202.c:388 on array 't[0]', fips202.c:370.
WARNING: [SCHED 204-68] The II Violation in module 'keccak_absorb': Unable to enforce a carried dependence constraint (II = 226, distance = 1, offset = 1)
   between 'call' operation ('tmp_13', fips202.c:393) to 'load64' and 'store' operation (fips202.c:388) of variable 'm_load', fips202.c:388 on array 't[0]', fips202.c:370.
WARNING: [SCHED 204-68] The II Violation in module 'keccak_absorb': Unable to enforce a carried dependence constraint (II = 241, distance = 1, offset = 1)
   between 'call' operation ('tmp_14', fips202.c:393) to 'load64' and 'store' operation (fips202.c:388) of variable 'm_load', fips202.c:388 on array 't[0]', fips202.c:370.
WARNING: [SCHED 204-68] The II Violation in module 'keccak_absorb': Unable to enforce a carried dependence constraint (II = 249, distance = 1, offset = 1)
   between 'call' operation ('tmp_14', fips202.c:393) to 'load64' and 'store' operation (fips202.c:388) of variable 'm_load', fips202.c:388 on array 't[0]', fips202.c:370.
WARNING: [SCHED 204-68] The II Violation in module 'keccak_absorb': Unable to enforce a carried dependence constraint (II = 253, distance = 1, offset = 1)
   between 'call' operation ('tmp_14', fips202.c:393) to 'load64' and 'store' operation (fips202.c:388) of variable 'm_load', fips202.c:388 on array 't[0]', fips202.c:370.
WARNING: [SCHED 204-68] The II Violation in module 'keccak_absorb': Unable to enforce a carried dependence constraint (II = 255, distance = 1, offset = 1)
   between 'call' operation ('tmp_14', fips202.c:393) to 'load64' and 'store' operation (fips202.c:388) of variable 'm_load', fips202.c:388 on array 't[0]', fips202.c:370.
WARNING: [SCHED 204-68] The II Violation in module 'keccak_absorb': Unable to enforce a carried dependence constraint (II = 256, distance = 1, offset = 1)
   between 'call' operation ('tmp_14', fips202.c:393) to 'load64' and 'store' operation (fips202.c:388) of variable 'm_load', fips202.c:388 on array 't[0]', fips202.c:370.
INFO: [SCHED 204-61] Unable to satisfy pipeline directive: Unable to pipeline the region.
INFO: [SCHED 204-11] Finished scheduling.
INFO: [HLS 200-111]  Elapsed time: 1.1 seconds; current allocated memory: 160.691 MB.
INFO: [BIND 205-100] Starting micro-architecture generation ...
INFO: [BIND 205-101] Performing variable lifetime analysis.
INFO: [BIND 205-101] Exploring resource sharing.
INFO: [BIND 205-101] Binding ...
INFO: [BIND 205-100] Finished micro-architecture generation.
INFO: [HLS 200-111]  Elapsed time: 1.85 seconds; current allocated memory: 162.235 MB.
INFO: [HLS 200-10] ----------------------------------------------------------------
INFO: [HLS 200-42] -- Implementing module 'KeccakF1600_StatePer' 
INFO: [HLS 200-10] ----------------------------------------------------------------
INFO: [SCHED 204-11] Starting scheduling ...
INFO: [SCHED 204-61] Pipelining function 'KeccakF1600_StatePer'.
INFO: [SCHED 204-61] Pipelining result : Target II = 1, Final II = 1, Depth = 7.
INFO: [SCHED 204-11] Finished scheduling.
INFO: [HLS 200-111]  Elapsed time: 40.84 seconds; current allocated memory: 173.318 MB.
INFO: [BIND 205-100] Starting micro-architecture generation ...
INFO: [BIND 205-101] Performing variable lifetime analysis.
INFO: [BIND 205-101] Exploring resource sharing.
INFO: [BIND 205-101] Binding ...
INFO: [BIND 205-100] Finished micro-architecture generation.
INFO: [HLS 200-111]  Elapsed time: 14.23 seconds; current allocated memory: 190.232 MB.
INFO: [HLS 200-10] ----------------------------------------------------------------
INFO: [HLS 200-42] -- Implementing module 'store64' 
INFO: [HLS 200-10] ----------------------------------------------------------------
INFO: [SCHED 204-11] Starting scheduling ...
INFO: [SCHED 204-61] Pipelining function 'store64'.
WARNING: [SCHED 204-69] Unable to schedule 'store' operation (fips202.c:46) of variable 'tmp_4_2', fips202.c:46 on array 'x' due to limited memory ports. Please consider using a memory core with more ports or partitioning the array 'x'.
INFO: [SCHED 204-61] Pipelining result : Target II = 1, Final II = 4, Depth = 4.
INFO: [SCHED 204-11] Finished scheduling.
INFO: [HLS 200-111]  Elapsed time: 16.3 seconds; current allocated memory: 193.795 MB.
INFO: [BIND 205-100] Starting micro-architecture generation ...
INFO: [BIND 205-101] Performing variable lifetime analysis.
INFO: [BIND 205-101] Exploring resource sharing.
INFO: [BIND 205-101] Binding ...
INFO: [BIND 205-100] Finished micro-architecture generation.
INFO: [HLS 200-111]  Elapsed time: 0.11 seconds; current allocated memory: 194.012 MB.
INFO: [HLS 200-10] ----------------------------------------------------------------
INFO: [HLS 200-42] -- Implementing module 'keccak_squeezeblocks' 
INFO: [HLS 200-10] ----------------------------------------------------------------
INFO: [SCHED 204-11] Starting scheduling ...
INFO: [SCHED 204-61] Pipelining function 'keccak_squeezeblocks'.
WARNING: [SCHED 204-68] The II Violation in module 'keccak_squeezeblocks': Unable to enforce a carried dependence constraint (II = 4, distance = 1, offset = 1)
   between 'call' operation (fips202.c:420) to 'store64' and 'call' operation (fips202.c:420) to 'store64'.
WARNING: [SCHED 204-68] The II Violation in module 'keccak_squeezeblocks': Unable to enforce a carried dependence constraint (II = 5, distance = 1, offset = 1)
   between 'call' operation (fips202.c:420) to 'store64' and 'call' operation (fips202.c:420) to 'store64'.
WARNING: [SCHED 204-68] The II Violation in module 'keccak_squeezeblocks': Unable to enforce a carried dependence constraint (II = 6, distance = 1, offset = 1)
   between 'call' operation (fips202.c:420) to 'store64' and 'call' operation (fips202.c:420) to 'store64'.
WARNING: [SCHED 204-68] The II Violation in module 'keccak_squeezeblocks': Unable to enforce a carried dependence constraint (II = 7, distance = 1, offset = 1)
   between 'call' operation (fips202.c:420) to 'store64' and 'call' operation (fips202.c:420) to 'store64'.
WARNING: [SCHED 204-68] The II Violation in module 'keccak_squeezeblocks': Unable to enforce a carried dependence constraint (II = 38, distance = 1, offset = 1)
   between 'call' operation (fips202.c:420) to 'store64' and 'call' operation (fips202.c:420) to 'store64'.
WARNING: [SCHED 204-68] The II Violation in module 'keccak_squeezeblocks': Unable to enforce a carried dependence constraint (II = 53, distance = 1, offset = 1)
   between 'call' operation (fips202.c:420) to 'store64' and 'call' operation (fips202.c:420) to 'store64'.
WARNING: [SCHED 204-68] The II Violation in module 'keccak_squeezeblocks': Unable to enforce a carried dependence constraint (II = 61, distance = 1, offset = 1)
   between 'call' operation (fips202.c:420) to 'store64' and 'call' operation (fips202.c:420) to 'store64'.
WARNING: [SCHED 204-68] The II Violation in module 'keccak_squeezeblocks': Unable to enforce a carried dependence constraint (II = 65, distance = 1, offset = 1)
   between 'call' operation (fips202.c:420) to 'store64' and 'call' operation (fips202.c:420) to 'store64'.
