Copyright 1986-2018 Xilinx, Inc. All Rights Reserved.
-------------------------------------------------------------------------------------------------------
| Tool Version : Vivado v.2018.3 (lin64) Build 2405991 Thu Dec  6 23:36:41 MST 2018
| Date         : Mon Apr 19 05:42:48 2021
| Host         : hansolo.poly.edu running 64-bit Red Hat Enterprise Linux Server release 7.8 (Maipo)
| Command      : report_timing_summary -file ./report/pqcrystals_fips202_ref_sha3_256_timing_synth.rpt
| Design       : bd_0_wrapper
| Device       : 7a75tl-ftg256
| Speed File   : -2L  PRODUCTION 1.14 2018-01-25
-------------------------------------------------------------------------------------------------------

Timing Summary Report

------------------------------------------------------------------------------------------------
| Timer Settings
| --------------
------------------------------------------------------------------------------------------------

  Enable Multi Corner Analysis               :  Yes
  Enable Pessimism Removal                   :  Yes
  Pessimism Removal Resolution               :  Nearest Common Node
  Enable Input Delay Default Clock           :  No
  Enable Preset / Clear Arcs                 :  No
  Disable Flight Delays                      :  No
  Ignore I/O Paths                           :  No
  Timing Early Launch at Borrowing Latches   :  false

  Corner  Analyze    Analyze    
  Name    Max Paths  Min Paths  
  ------  ---------  ---------  
  Slow    Yes        Yes        
  Fast    Yes        Yes        



check_timing report

Table of Contents
-----------------
1. checking no_clock
2. checking constant_clock
3. checking pulse_width_clock
4. checking unconstrained_internal_endpoints
5. checking no_input_delay
6. checking no_output_delay
7. checking multiple_clock
8. checking generated_clocks
9. checking loops
10. checking partial_input_delay
11. checking partial_output_delay
12. checking latch_loops

1. checking no_clock
--------------------
 There are 0 register/latch pins with no clock.


2. checking constant_clock
--------------------------
 There are 0 register/latch pins with constant_clock.


3. checking pulse_width_clock
-----------------------------
 There are 0 register/latch pins which need pulse_width check


4. checking unconstrained_internal_endpoints
--------------------------------------------
 There are 0 pins that are not constrained for maximum delay.

 There are 0 pins that are not constrained for maximum delay due to constant clock.


5. checking no_input_delay
--------------------------
 There are 82 input ports with no input delay specified. (HIGH)

 There are 0 input ports with no input delay but user has a false path constraint.


6. checking no_output_delay
---------------------------
 There are 56 ports with no output delay specified. (HIGH)

 There are 0 ports with no output delay but user has a false path constraint

 There are 0 ports with no output delay but with a timing clock defined on it or propagating through it


7. checking multiple_clock
--------------------------
 There are 0 register/latch pins with multiple clocks.


8. checking generated_clocks
----------------------------
 There are 0 generated clocks that are not connected to a clock source.


9. checking loops
-----------------
 There are 0 combinational loops in the design.


10. checking partial_input_delay
--------------------------------
 There are 0 input ports with partial input delay specified.


11. checking partial_output_delay
---------------------------------
 There are 0 ports with partial output delay specified.


12. checking latch_loops
------------------------
 There are 0 combinational latch loops in the design through latch input



------------------------------------------------------------------------------------------------
| Design Timing Summary
| ---------------------
------------------------------------------------------------------------------------------------

    WNS(ns)      TNS(ns)  TNS Failing Endpoints  TNS Total Endpoints      WHS(ns)      THS(ns)  THS Failing Endpoints  THS Total Endpoints     WPWS(ns)     TPWS(ns)  TPWS Failing Endpoints  TPWS Total Endpoints  
    -------      -------  ---------------------  -------------------      -------      -------  ---------------------  -------------------     --------     --------  ----------------------  --------------------  
      6.943        0.000                      0                13494        0.253        0.000                      0                13494        7.000        0.000                       0                  6704  


All user specified timing constraints are met.


------------------------------------------------------------------------------------------------
| Clock Summary
| -------------
------------------------------------------------------------------------------------------------

Clock   Waveform(ns)       Period(ns)      Frequency(MHz)
-----   ------------       ----------      --------------
ap_clk  {0.000 7.500}      15.000          66.667          


------------------------------------------------------------------------------------------------
| Intra Clock Table
| -----------------
------------------------------------------------------------------------------------------------

Clock             WNS(ns)      TNS(ns)  TNS Failing Endpoints  TNS Total Endpoints      WHS(ns)      THS(ns)  THS Failing Endpoints  THS Total Endpoints     WPWS(ns)     TPWS(ns)  TPWS Failing Endpoints  TPWS Total Endpoints  
-----             -------      -------  ---------------------  -------------------      -------      -------  ---------------------  -------------------     --------     --------  ----------------------  --------------------  
ap_clk              6.943        0.000                      0                13494        0.253        0.000                      0                13494        7.000        0.000                       0                  6704  


------------------------------------------------------------------------------------------------
| Inter Clock Table
| -----------------
------------------------------------------------------------------------------------------------

From Clock    To Clock          WNS(ns)      TNS(ns)  TNS Failing Endpoints  TNS Total Endpoints      WHS(ns)      THS(ns)  THS Failing Endpoints  THS Total Endpoints  
----------    --------          -------      -------  ---------------------  -------------------      -------      -------  ---------------------  -------------------  


------------------------------------------------------------------------------------------------
| Other Path Groups Table
| -----------------------
------------------------------------------------------------------------------------------------

Path Group    From Clock    To Clock          WNS(ns)      TNS(ns)  TNS Failing Endpoints  TNS Total Endpoints      WHS(ns)      THS(ns)  THS Failing Endpoints  THS Total Endpoints  
----------    ----------    --------          -------      -------  ---------------------  -------------------      -------      -------  ---------------------  -------------------  


------------------------------------------------------------------------------------------------
| Timing Details
| --------------
------------------------------------------------------------------------------------------------


---------------------------------------------------------------------------------------------------
From Clock:  ap_clk
  To Clock:  ap_clk

Setup :            0  Failing Endpoints,  Worst Slack        6.943ns,  Total Violation        0.000ns
Hold  :            0  Failing Endpoints,  Worst Slack        0.253ns,  Total Violation        0.000ns
PW    :            0  Failing Endpoints,  Worst Slack        7.000ns,  Total Violation        0.000ns
---------------------------------------------------------------------------------------------------


Max Delay Paths
--------------------------------------------------------------------------------------
Slack (MET) :             6.943ns  (required time - arrival time)
  Source:                 bd_0_i/hls_inst/U0/grp_keccak_absorb_fu_804/grp_KeccakF1600_StatePer_fu_736/ap_CS_fsm_reg[16]/C
                            (rising edge-triggered cell FDRE clocked by ap_clk  {rise@0.000ns fall@7.500ns period=15.000ns})
  Destination:            bd_0_i/hls_inst/U0/s_U/pqcrystals_fips202_ref_sha3_256_s_ram_U/ram_reg_0/ADDRBWRADDR[6]
                            (rising edge-triggered cell RAMB36E1 clocked by ap_clk  {rise@0.000ns fall@7.500ns period=15.000ns})
  Path Group:             ap_clk
  Path Type:              Setup (Max at Slow Process Corner)
  Requirement:            15.000ns  (ap_clk rise@15.000ns - ap_clk rise@0.000ns)
  Data Path Delay:        7.208ns  (logic 2.051ns (28.454%)  route 5.157ns (71.546%))
  Logic Levels:           9  (LUT4=3 LUT5=1 LUT6=5)
  Clock Path Skew:        -0.052ns (DCD - SCD + CPR)
    Destination Clock Delay (DCD):    0.986ns = ( 15.986 - 15.000 ) 
    Source Clock Delay      (SCD):    1.038ns
    Clock Pessimism Removal (CPR):    0.000ns
  Clock Uncertainty:      0.035ns  ((TSJ^2 + TIJ^2)^1/2 + DJ) / 2 + PE
    Total System Jitter     (TSJ):    0.071ns
    Total Input Jitter      (TIJ):    0.000ns
    Discrete Jitter          (DJ):    0.000ns
    Phase Error              (PE):    0.000ns

    Location             Delay type                Incr(ns)  Path(ns)    Netlist Resource(s)
  -------------------------------------------------------------------    -------------------
                         (clock ap_clk rise edge)     0.000     0.000 r  
                                                      0.000     0.000 r  ap_clk (IN)
                         net (fo=6703, unset)         1.038     1.038    bd_0_i/hls_inst/U0/grp_keccak_absorb_fu_804/grp_KeccakF1600_StatePer_fu_736/ap_clk
                         FDRE                                         r  bd_0_i/hls_inst/U0/grp_keccak_absorb_fu_804/grp_KeccakF1600_StatePer_fu_736/ap_CS_fsm_reg[16]/C
  -------------------------------------------------------------------    -------------------
                         FDRE (Prop_fdre_C_Q)         0.563     1.601 r  bd_0_i/hls_inst/U0/grp_keccak_absorb_fu_804/grp_KeccakF1600_StatePer_fu_736/ap_CS_fsm_reg[16]/Q
                         net (fo=139, unplaced)       1.137     2.738    bd_0_i/hls_inst/U0/grp_keccak_absorb_fu_804/grp_KeccakF1600_StatePer_fu_736/ap_CS_fsm_state18
                         LUT6 (Prop_lut6_I0_O)        0.301     3.039 r  bd_0_i/hls_inst/U0/grp_keccak_absorb_fu_804/grp_KeccakF1600_StatePer_fu_736/ram_reg_0_i_1190/O
                         net (fo=3, unplaced)         0.416     3.455    bd_0_i/hls_inst/U0/grp_keccak_absorb_fu_804/grp_KeccakF1600_StatePer_fu_736/ram_reg_0_i_1190_n_8
                         LUT4 (Prop_lut4_I2_O)        0.148     3.603 f  bd_0_i/hls_inst/U0/grp_keccak_absorb_fu_804/grp_KeccakF1600_StatePer_fu_736/ram_reg_0_i_1202/O
                         net (fo=1, unplaced)         0.405     4.008    bd_0_i/hls_inst/U0/grp_keccak_absorb_fu_804/grp_KeccakF1600_StatePer_fu_736/ram_reg_0_i_1202_n_8
                         LUT6 (Prop_lut6_I4_O)        0.148     4.156 r  bd_0_i/hls_inst/U0/grp_keccak_absorb_fu_804/grp_KeccakF1600_StatePer_fu_736/ram_reg_0_i_1197/O
                         net (fo=1, unplaced)         0.398     4.554    bd_0_i/hls_inst/U0/grp_keccak_absorb_fu_804/grp_KeccakF1600_StatePer_fu_736/ram_reg_0_i_1197_n_8
                         LUT6 (Prop_lut6_I2_O)        0.148     4.702 r  bd_0_i/hls_inst/U0/grp_keccak_absorb_fu_804/grp_KeccakF1600_StatePer_fu_736/ram_reg_0_i_1191/O
                         net (fo=1, unplaced)         0.398     5.100    bd_0_i/hls_inst/U0/grp_keccak_absorb_fu_804/grp_KeccakF1600_StatePer_fu_736/ram_reg_0_i_1191_n_8
                         LUT5 (Prop_lut5_I4_O)        0.151     5.251 r  bd_0_i/hls_inst/U0/grp_keccak_absorb_fu_804/grp_KeccakF1600_StatePer_fu_736/ram_reg_0_i_1163/O
                         net (fo=1, unplaced)         0.398     5.649    bd_0_i/hls_inst/U0/grp_keccak_absorb_fu_804/grp_KeccakF1600_StatePer_fu_736/state_address1_4[1]
                         LUT6 (Prop_lut6_I3_O)        0.148     5.797 r  bd_0_i/hls_inst/U0/grp_keccak_absorb_fu_804/grp_KeccakF1600_StatePer_fu_736/ram_reg_0_i_715/O
                         net (fo=1, unplaced)         0.398     6.195    bd_0_i/hls_inst/U0/grp_keccak_absorb_fu_804/grp_KeccakF1600_StatePer_fu_736/ram_reg_0_i_715_n_8
                         LUT4 (Prop_lut4_I3_O)        0.148     6.343 r  bd_0_i/hls_inst/U0/grp_keccak_absorb_fu_804/grp_KeccakF1600_StatePer_fu_736/ram_reg_0_i_389/O
                         net (fo=1, unplaced)         0.398     6.741    bd_0_i/hls_inst/U0/grp_keccak_absorb_fu_804/grp_KeccakF1600_StatePer_fu_736/ram_reg_0_i_389_n_8
                         LUT6 (Prop_lut6_I1_O)        0.148     6.889 r  bd_0_i/hls_inst/U0/grp_keccak_absorb_fu_804/grp_KeccakF1600_StatePer_fu_736/ram_reg_0_i_118/O
                         net (fo=1, unplaced)         0.398     7.287    bd_0_i/hls_inst/U0/grp_keccak_absorb_fu_804/grp_KeccakF1600_StatePer_fu_736/ram_reg_0_i_118_n_8
                         LUT4 (Prop_lut4_I2_O)        0.148     7.435 r  bd_0_i/hls_inst/U0/grp_keccak_absorb_fu_804/grp_KeccakF1600_StatePer_fu_736/ram_reg_0_i_11/O
                         net (fo=2, unplaced)         0.811     8.246    bd_0_i/hls_inst/U0/s_U/pqcrystals_fips202_ref_sha3_256_s_ram_U/addr1[1]
                         RAMB36E1                                     r  bd_0_i/hls_inst/U0/s_U/pqcrystals_fips202_ref_sha3_256_s_ram_U/ram_reg_0/ADDRBWRADDR[6]
  -------------------------------------------------------------------    -------------------

                         (clock ap_clk rise edge)    15.000    15.000 r  
                                                      0.000    15.000 r  ap_clk (IN)
                         net (fo=6703, unset)         0.986    15.986    bd_0_i/hls_inst/U0/s_U/pqcrystals_fips202_ref_sha3_256_s_ram_U/ap_clk
                         RAMB36E1                                     r  bd_0_i/hls_inst/U0/s_U/pqcrystals_fips202_ref_sha3_256_s_ram_U/ram_reg_0/CLKBWRCLK
                         clock pessimism              0.000    15.986    
                         clock uncertainty           -0.035    15.951    
                         RAMB36E1 (Setup_ramb36e1_CLKBWRCLK_ADDRBWRADDR[6])
                                                     -0.762    15.189    bd_0_i/hls_inst/U0/s_U/pqcrystals_fips202_ref_sha3_256_s_ram_U/ram_reg_0
  -------------------------------------------------------------------
                         required time                         15.189    
                         arrival time                          -8.246    
  -------------------------------------------------------------------
                         slack                                  6.943    





Min Delay Paths
--------------------------------------------------------------------------------------
Slack (MET) :             0.253ns  (arrival time - required time)
  Source:                 bd_0_i/hls_inst/U0/grp_keccak_absorb_fu_804/ap_CS_fsm_reg[15]/C
                            (rising edge-triggered cell FDRE clocked by ap_clk  {rise@0.000ns fall@7.500ns period=15.000ns})
  Destination:            bd_0_i/hls_inst/U0/grp_keccak_absorb_fu_804/i_3_reg_1266_reg[0]/CE
                            (rising edge-triggered cell FDRE clocked by ap_clk  {rise@0.000ns fall@7.500ns period=15.000ns})
  Path Group:             ap_clk
  Path Type:              Hold (Min at Fast Process Corner)
  Requirement:            0.000ns  (ap_clk rise@0.000ns - ap_clk rise@0.000ns)
  Data Path Delay:        0.373ns  (logic 0.203ns (54.482%)  route 0.170ns (45.518%))
  Logic Levels:           0  
  Clock Path Skew:        0.027ns (DCD - SCD - CPR)
    Destination Clock Delay (DCD):    0.542ns
    Source Clock Delay      (SCD):    0.515ns
    Clock Pessimism Removal (CPR):    -0.000ns

    Location             Delay type                Incr(ns)  Path(ns)    Netlist Resource(s)
  -------------------------------------------------------------------    -------------------
                         (clock ap_clk rise edge)     0.000     0.000 r  
                                                      0.000     0.000 r  ap_clk (IN)
                         net (fo=6703, unset)         0.515     0.515    bd_0_i/hls_inst/U0/grp_keccak_absorb_fu_804/ap_clk
                         FDRE                                         r  bd_0_i/hls_inst/U0/grp_keccak_absorb_fu_804/ap_CS_fsm_reg[15]/C
  -------------------------------------------------------------------    -------------------
                         FDRE (Prop_fdre_C_Q)         0.203     0.718 r  bd_0_i/hls_inst/U0/grp_keccak_absorb_fu_804/ap_CS_fsm_reg[15]/Q
                         net (fo=11, unplaced)        0.170     0.887    bd_0_i/hls_inst/U0/grp_keccak_absorb_fu_804/ap_CS_fsm_state16
                         FDRE                                         r  bd_0_i/hls_inst/U0/grp_keccak_absorb_fu_804/i_3_reg_1266_reg[0]/CE
  -------------------------------------------------------------------    -------------------

                         (clock ap_clk rise edge)     0.000     0.000 r  
                                                      0.000     0.000 r  ap_clk (IN)
                         net (fo=6703, unset)         0.542     0.542    bd_0_i/hls_inst/U0/grp_keccak_absorb_fu_804/ap_clk
                         FDRE                                         r  bd_0_i/hls_inst/U0/grp_keccak_absorb_fu_804/i_3_reg_1266_reg[0]/C
                         clock pessimism              0.000     0.542    
                         FDRE (Hold_fdre_C_CE)        0.093     0.635    bd_0_i/hls_inst/U0/grp_keccak_absorb_fu_804/i_3_reg_1266_reg[0]
  -------------------------------------------------------------------
                         required time                         -0.635    
                         arrival time                           0.887    
  -------------------------------------------------------------------
                         slack                                  0.253    





Pulse Width Checks
--------------------------------------------------------------------------------------
Clock Name:         ap_clk
Waveform(ns):       { 0.000 7.500 }
Period(ns):         15.000
Sources:            { ap_clk }

Check Type        Corner  Lib Pin             Reference Pin  Required(ns)  Actual(ns)  Slack(ns)  Location  Pin
Min Period        n/a     RAMB18E1/CLKARDCLK  n/a            3.168         15.000      11.832               bd_0_i/hls_inst/U0/out_assign_U/pqcrystals_fips202_ref_sha3_256_out_assign_ram_U/ram_reg/CLKARDCLK
Low Pulse Width   Slow    FDSE/C              n/a            0.500         7.500       7.000                bd_0_i/hls_inst/U0/ap_CS_fsm_reg[0]/C
High Pulse Width  Slow    FDSE/C              n/a            0.500         7.500       7.000                bd_0_i/hls_inst/U0/ap_CS_fsm_reg[0]/C



