

================================================================
== Vivado HLS Report for 'keccak_absorb'
================================================================
* Date:           Tue Mar 30 01:39:15 2021

* Version:        2018.3 (Build 2405991 on Thu Dec 06 23:56:15 MST 2018)
* Project:        SHA
* Solution:       solution3
* Product family: virtex7
* Target device:  xc7vx980tffg1930-2l


================================================================
== Performance Estimates
================================================================
+ Timing (ns): 
    * Summary: 
    +--------+-------+----------+------------+
    |  Clock | Target| Estimated| Uncertainty|
    +--------+-------+----------+------------+
    |ap_clk  |  10.00|     4.053|        1.25|
    +--------+-------+----------+------------+

+ Latency (clock cycles): 
    * Summary: 
    +-----+-----+-----+-----+---------+
    |  Latency  |  Interval | Pipeline|
    | min | max | min | max |   Type  |
    +-----+-----+-----+-----+---------+
    |  279|  279|  279|  279|   none  |
    +-----+-----+-----+-----+---------+

    + Detail: 
        * Instance: 
        +-------------------+--------+-----+-----+-----+-----+----------+
        |                   |        |  Latency  |  Interval | Pipeline |
        |      Instance     | Module | min | max | min | max |   Type   |
        +-------------------+--------+-----+-----+-----+-----+----------+
        |grp_load64_fu_258  |load64  |   15|   15|    4|    4| function |
        +-------------------+--------+-----+-----+-----+-----+----------+

        * Loop: 
        N/A



================================================================
== Utilization Estimates
================================================================
* Summary: 
+-----------------+---------+-------+---------+--------+
|       Name      | BRAM_18K| DSP48E|    FF   |   LUT  |
+-----------------+---------+-------+---------+--------+
|DSP              |        -|      -|        -|       -|
|Expression       |        -|      -|        -|       -|
|FIFO             |        -|      -|        -|       -|
|Instance         |        0|      0|     2384|    3555|
|Memory           |        1|      -|       44|      16|
|Multiplexer      |        -|      -|        -|    1947|
|Register         |        -|      -|     2393|       -|
+-----------------+---------+-------+---------+--------+
|Total            |        1|      0|     4821|    5518|
+-----------------+---------+-------+---------+--------+
|Available        |     3000|   3600|  1224000|  612000|
+-----------------+---------+-------+---------+--------+
|Utilization (%)  |    ~0   |      0|    ~0   |   ~0   |
+-----------------+---------+-------+---------+--------+

+ Detail: 
    * Instance: 
    +-------------------+--------+---------+-------+------+------+
    |      Instance     | Module | BRAM_18K| DSP48E|  FF  |  LUT |
    +-------------------+--------+---------+-------+------+------+
    |grp_load64_fu_258  |load64  |        0|      0|  2384|  3555|
    +-------------------+--------+---------+-------+------+------+
    |Total              |        |        0|      0|  2384|  3555|
    +-------------------+--------+---------+-------+------+------+

    * DSP48: 
    N/A

    * Memory: 
    +--------+--------------------+---------+----+----+------+-----+------+-------------+
    | Memory |       Module       | BRAM_18K| FF | LUT| Words| Bits| Banks| W*Bits*Banks|
    +--------+--------------------+---------+----+----+------+-----+------+-------------+
    |t_0_U   |keccak_absorb_t_0   |        1|   0|   0|    13|    8|     1|          104|
    |t_1_U   |keccak_absorb_t_1   |        0|   2|   1|    13|    1|     1|           13|
    |t_2_U   |keccak_absorb_t_1   |        0|   2|   1|    13|    1|     1|           13|
    |t_3_U   |keccak_absorb_t_1   |        0|   2|   1|    13|    1|     1|           13|
    |t_4_U   |keccak_absorb_t_1   |        0|   2|   1|    13|    1|     1|           13|
    |t_5_U   |keccak_absorb_t_1   |        0|   2|   1|    13|    1|     1|           13|
    |t_6_U   |keccak_absorb_t_1   |        0|   2|   1|    13|    1|     1|           13|
    |t_7_U   |keccak_absorb_t_1   |        0|   2|   1|    13|    1|     1|           13|
    |t_8_U   |keccak_absorb_t_1   |        0|   2|   1|    13|    1|     1|           13|
    |t_9_U   |keccak_absorb_t_1   |        0|   2|   1|    13|    1|     1|           13|
    |t_11_U  |keccak_absorb_t_1   |        0|   2|   1|    13|    1|     1|           13|
    |t_12_U  |keccak_absorb_t_1   |        0|   2|   1|    13|    1|     1|           13|
    |t_13_U  |keccak_absorb_t_1   |        0|   2|   1|    13|    1|     1|           13|
    |t_14_U  |keccak_absorb_t_1   |        0|   2|   1|    13|    1|     1|           13|
    |t_10_U  |keccak_absorb_t_10  |        0|  16|   2|    13|    8|     1|          104|
    |t_15_U  |keccak_absorb_t_15  |        0|   2|   1|     5|    1|     1|            5|
    +--------+--------------------+---------+----+----+------+-----+------+-------------+
    |Total   |                    |        1|  44|  16|   200|   30|    16|          382|
    +--------+--------------------+---------+----+----+------+-----+------+-------------+

    * FIFO: 
    N/A

    * Expression: 
    N/A

    * Multiplexer: 
    +----------------------------+------+-----------+-----+-----------+
    |            Name            |  LUT | Input Size| Bits| Total Bits|
    +----------------------------+------+-----------+-----+-----------+
    |ap_NS_fsm                   |  1269|        281|    1|        281|
    |ap_return_0                 |     9|          2|   64|        128|
    |ap_return_1                 |     9|          2|   64|        128|
    |ap_return_10                |     9|          2|   64|        128|
    |ap_return_11                |     9|          2|   64|        128|
    |ap_return_12                |     9|          2|   64|        128|
    |ap_return_13                |     9|          2|   64|        128|
    |ap_return_14                |     9|          2|   64|        128|
    |ap_return_15                |     9|          2|   64|        128|
    |ap_return_16                |     9|          2|   64|        128|
    |ap_return_2                 |     9|          2|   64|        128|
    |ap_return_3                 |     9|          2|   64|        128|
    |ap_return_4                 |     9|          2|   64|        128|
    |ap_return_5                 |     9|          2|   64|        128|
    |ap_return_6                 |     9|          2|   64|        128|
    |ap_return_7                 |     9|          2|   64|        128|
    |ap_return_8                 |     9|          2|   64|        128|
    |ap_return_9                 |     9|          2|   64|        128|
    |grp_load64_fu_258_x_offset  |    89|         18|    9|        162|
    |m_address0                  |    15|          3|    2|          6|
    |t_0_address0                |    44|          9|    4|         36|
    |t_0_address1                |    41|          8|    4|         32|
    |t_0_ce0                     |    15|          3|    1|          3|
    |t_0_ce1                     |    15|          3|    1|          3|
    |t_0_d0                      |    21|          4|    8|         32|
    |t_0_d1                      |    15|          3|    8|         24|
    |t_10_ce0                    |     9|          2|    1|          2|
    |t_10_ce1                    |     9|          2|    1|          2|
    |t_11_ce0                    |     9|          2|    1|          2|
    |t_11_ce1                    |     9|          2|    1|          2|
    |t_12_ce0                    |     9|          2|    1|          2|
    |t_12_ce1                    |     9|          2|    1|          2|
    |t_13_ce0                    |     9|          2|    1|          2|
    |t_13_ce1                    |     9|          2|    1|          2|
    |t_14_ce0                    |     9|          2|    1|          2|
    |t_14_ce1                    |     9|          2|    1|          2|
    |t_15_ce0                    |     9|          2|    1|          2|
    |t_15_ce1                    |     9|          2|    1|          2|
    |t_1_ce0                     |     9|          2|    1|          2|
    |t_1_ce1                     |     9|          2|    1|          2|
    |t_2_ce0                     |     9|          2|    1|          2|
    |t_2_ce1                     |     9|          2|    1|          2|
    |t_3_ce0                     |     9|          2|    1|          2|
    |t_3_ce1                     |     9|          2|    1|          2|
    |t_4_ce0                     |     9|          2|    1|          2|
    |t_4_ce1                     |     9|          2|    1|          2|
    |t_5_ce0                     |     9|          2|    1|          2|
    |t_5_ce1                     |     9|          2|    1|          2|
    |t_6_ce0                     |     9|          2|    1|          2|
    |t_6_ce1                     |     9|          2|    1|          2|
    |t_7_ce0                     |     9|          2|    1|          2|
    |t_7_ce1                     |     9|          2|    1|          2|
    |t_8_ce0                     |     9|          2|    1|          2|
    |t_8_ce1                     |     9|          2|    1|          2|
    |t_9_ce0                     |     9|          2|    1|          2|
    |t_9_ce1                     |     9|          2|    1|          2|
    +----------------------------+------+-----------+-----+-----------+
    |Total                       |  1947|        426| 1156|       2815|
    +----------------------------+------+-----------+-----+-----------+

    * Register: 
    +--------------------------------+-----+----+-----+-----------+
    |              Name              |  FF | LUT| Bits| Const Bits|
    +--------------------------------+-----+----+-----+-----------+
    |ap_CS_fsm                       |  280|   0|  280|          0|
    |ap_return_0_preg                |   64|   0|   64|          0|
    |ap_return_10_preg               |   64|   0|   64|          0|
    |ap_return_11_preg               |   64|   0|   64|          0|
    |ap_return_12_preg               |   64|   0|   64|          0|
    |ap_return_13_preg               |   64|   0|   64|          0|
    |ap_return_14_preg               |   64|   0|   64|          0|
    |ap_return_15_preg               |   64|   0|   64|          0|
    |ap_return_16_preg               |   64|   0|   64|          0|
    |ap_return_1_preg                |   64|   0|   64|          0|
    |ap_return_2_preg                |   64|   0|   64|          0|
    |ap_return_3_preg                |   64|   0|   64|          0|
    |ap_return_4_preg                |   64|   0|   64|          0|
    |ap_return_5_preg                |   64|   0|   64|          0|
    |ap_return_6_preg                |   64|   0|   64|          0|
    |ap_return_7_preg                |   64|   0|   64|          0|
    |ap_return_8_preg                |   64|   0|   64|          0|
    |ap_return_9_preg                |   64|   0|   64|          0|
    |grp_load64_fu_258_ap_start_reg  |    1|   0|    1|          0|
    |tmp_10_reg_467                  |   64|   0|   64|          0|
    |tmp_11_reg_472                  |   64|   0|   64|          0|
    |tmp_12_reg_477                  |   64|   0|   64|          0|
    |tmp_13_reg_482                  |   64|   0|   64|          0|
    |tmp_14_reg_487                  |   64|   0|   64|          0|
    |tmp_1_reg_417                   |   64|   0|   64|          0|
    |tmp_2_reg_422                   |   64|   0|   64|          0|
    |tmp_3_reg_427                   |   64|   0|   64|          0|
    |tmp_4_reg_432                   |   64|   0|   64|          0|
    |tmp_5_reg_437                   |   64|   0|   64|          0|
    |tmp_6_reg_442                   |   64|   0|   64|          0|
    |tmp_7_reg_447                   |   64|   0|   64|          0|
    |tmp_8_reg_452                   |   64|   0|   64|          0|
    |tmp_9_reg_457                   |   64|   0|   64|          0|
    |tmp_reg_412                     |   64|   0|   64|          0|
    |tmp_s_reg_462                   |   64|   0|   64|          0|
    +--------------------------------+-----+----+-----+-----------+
    |Total                           | 2393|   0| 2393|          0|
    +--------------------------------+-----+----+-----+-----------+



================================================================
== Interface
================================================================
* Summary: 
+--------------+-----+-----+------------+---------------+--------------+
|   RTL Ports  | Dir | Bits|  Protocol  | Source Object |    C Type    |
+--------------+-----+-----+------------+---------------+--------------+
|ap_clk        |  in |    1| ap_ctrl_hs | keccak_absorb | return value |
|ap_rst        |  in |    1| ap_ctrl_hs | keccak_absorb | return value |
|ap_start      |  in |    1| ap_ctrl_hs | keccak_absorb | return value |
|ap_done       | out |    1| ap_ctrl_hs | keccak_absorb | return value |
|ap_idle       | out |    1| ap_ctrl_hs | keccak_absorb | return value |
|ap_ready      | out |    1| ap_ctrl_hs | keccak_absorb | return value |
|ap_return_0   | out |   64| ap_ctrl_hs | keccak_absorb | return value |
|ap_return_1   | out |   64| ap_ctrl_hs | keccak_absorb | return value |
|ap_return_2   | out |   64| ap_ctrl_hs | keccak_absorb | return value |
|ap_return_3   | out |   64| ap_ctrl_hs | keccak_absorb | return value |
|ap_return_4   | out |   64| ap_ctrl_hs | keccak_absorb | return value |
|ap_return_5   | out |   64| ap_ctrl_hs | keccak_absorb | return value |
|ap_return_6   | out |   64| ap_ctrl_hs | keccak_absorb | return value |
|ap_return_7   | out |   64| ap_ctrl_hs | keccak_absorb | return value |
|ap_return_8   | out |   64| ap_ctrl_hs | keccak_absorb | return value |
|ap_return_9   | out |   64| ap_ctrl_hs | keccak_absorb | return value |
|ap_return_10  | out |   64| ap_ctrl_hs | keccak_absorb | return value |
|ap_return_11  | out |   64| ap_ctrl_hs | keccak_absorb | return value |
|ap_return_12  | out |   64| ap_ctrl_hs | keccak_absorb | return value |
|ap_return_13  | out |   64| ap_ctrl_hs | keccak_absorb | return value |
|ap_return_14  | out |   64| ap_ctrl_hs | keccak_absorb | return value |
|ap_return_15  | out |   64| ap_ctrl_hs | keccak_absorb | return value |
|ap_return_16  | out |   64| ap_ctrl_hs | keccak_absorb | return value |
|m_address0    | out |    2|  ap_memory |       m       |     array    |
|m_ce0         | out |    1|  ap_memory |       m       |     array    |
|m_q0          |  in |    8|  ap_memory |       m       |     array    |
|m_address1    | out |    2|  ap_memory |       m       |     array    |
|m_ce1         | out |    1|  ap_memory |       m       |     array    |
|m_q1          |  in |    8|  ap_memory |       m       |     array    |
+--------------+-----+-----+------------+---------------+--------------+

