

================================================================
== Vivado HLS Report for 'KeccakF1600_StatePer'
================================================================
* Date:           Mon Apr 12 13:45:32 2021

* Version:        2018.3 (Build 2405991 on Thu Dec 06 23:56:15 MST 2018)
* Project:        SHA
* Solution:       NDT_part_pipeline
* Product family: virtex7
* Target device:  xc7vx980tffg1930-2l


================================================================
== Performance Estimates
================================================================
+ Timing (ns): 
    * Summary: 
    +--------+-------+----------+------------+
    |  Clock | Target| Estimated| Uncertainty|
    +--------+-------+----------+------------+
    |ap_clk  |  10.00|     4.996|        1.25|
    +--------+-------+----------+------------+

+ Latency (clock cycles): 
    * Summary: 
    +-----+-----+-----+-----+---------+
    |  Latency  |  Interval | Pipeline|
    | min | max | min | max |   Type  |
    +-----+-----+-----+-----+---------+
    |   50|   50|   50|   50|   none  |
    +-----+-----+-----+-----+---------+

    + Detail: 
        * Instance: 
        N/A

        * Loop: 
        +-----------------------------------+-----+-----+----------+-----------+-----------+------+----------+
        |                                   |  Latency  | Iteration|  Initiation Interval  | Trip |          |
        |             Loop Name             | min | max |  Latency |  achieved |   target  | Count| Pipelined|
        +-----------------------------------+-----+-----+----------+-----------+-----------+------+----------+
        |- KeccakF1600_StatePermute_label1  |   24|   24|         2|          -|          -|    12|    no    |
        +-----------------------------------+-----+-----+----------+-----------+-----------+------+----------+



================================================================
== Utilization Estimates
================================================================
* Summary: 
+-----------------+---------+-------+---------+--------+
|       Name      | BRAM_18K| DSP48E|    FF   |   LUT  |
+-----------------+---------+-------+---------+--------+
|DSP              |        -|      -|        -|       -|
|Expression       |        -|      -|        0|   16159|
|FIFO             |        -|      -|        -|       -|
|Instance         |        -|      -|        -|       -|
|Memory           |        2|      -|        0|       0|
|Multiplexer      |        -|      -|        -|     724|
|Register         |        -|      -|     3110|       -|
+-----------------+---------+-------+---------+--------+
|Total            |        2|      0|     3110|   16883|
+-----------------+---------+-------+---------+--------+
|Available        |     3000|   3600|  1224000|  612000|
+-----------------+---------+-------+---------+--------+
|Utilization (%)  |    ~0   |      0|    ~0   |       2|
+-----------------+---------+-------+---------+--------+

+ Detail: 
    * Instance: 
    N/A

    * DSP48: 
    N/A

    * Memory: 
    +------------------------+-------------------------------------------+---------+---+----+------+-----+------+-------------+
    |         Memory         |                   Module                  | BRAM_18K| FF| LUT| Words| Bits| Banks| W*Bits*Banks|
    +------------------------+-------------------------------------------+---------+---+----+------+-----+------+-------------+
    |KeccakF_RoundConstan_U  |KeccakF1600_StatePer_KeccakF_RoundConstan  |        2|  0|   0|    24|   64|     1|         1536|
    +------------------------+-------------------------------------------+---------+---+----+------+-----+------+-------------+
    |Total                   |                                           |        2|  0|   0|    24|   64|     1|         1536|
    +------------------------+-------------------------------------------+---------+---+----+------+-----+------+-------------+

    * FIFO: 
    N/A

    * Expression: 
    +--------------------+----------+-------+---+-----+------------+------------+
    |    Variable Name   | Operation| DSP48E| FF| LUT | Bitwidth P0| Bitwidth P1|
    +--------------------+----------+-------+---+-----+------------+------------+
    |round_1_fu_781_p2   |     +    |      0|  0|   15|           2|           5|
    |tmp_101_fu_2157_p2  |    and   |      0|  0|   64|          64|          64|
    |tmp_10_fu_1161_p2   |    and   |      0|  0|   64|          64|          64|
    |tmp_121_fu_2543_p2  |    and   |      0|  0|   64|          64|          64|
    |tmp_127_fu_2567_p2  |    and   |      0|  0|   64|          64|          64|
    |tmp_130_fu_2585_p2  |    and   |      0|  0|   64|          64|          64|
    |tmp_134_fu_2603_p2  |    and   |      0|  0|   64|          64|          64|
    |tmp_137_fu_2621_p2  |    and   |      0|  0|   64|          64|          64|
    |tmp_13_fu_1185_p2   |    and   |      0|  0|   64|          64|          64|
    |tmp_144_fu_2779_p2  |    and   |      0|  0|   64|          64|          64|
    |tmp_146_fu_2797_p2  |    and   |      0|  0|   64|          64|          64|
    |tmp_148_fu_2815_p2  |    and   |      0|  0|   64|          64|          64|
    |tmp_152_fu_2833_p2  |    and   |      0|  0|   64|          64|          64|
    |tmp_156_fu_2851_p2  |    and   |      0|  0|   64|          64|          64|
    |tmp_15_fu_1203_p2   |    and   |      0|  0|   64|          64|          64|
    |tmp_164_fu_3007_p2  |    and   |      0|  0|   64|          64|          64|
    |tmp_166_fu_3025_p2  |    and   |      0|  0|   64|          64|          64|
    |tmp_168_fu_3043_p2  |    and   |      0|  0|   64|          64|          64|
    |tmp_172_fu_3061_p2  |    and   |      0|  0|   64|          64|          64|
    |tmp_176_fu_3079_p2  |    and   |      0|  0|   64|          64|          64|
    |tmp_184_fu_3237_p2  |    and   |      0|  0|   64|          64|          64|
    |tmp_186_fu_3255_p2  |    and   |      0|  0|   64|          64|          64|
    |tmp_188_fu_3273_p2  |    and   |      0|  0|   64|          64|          64|
    |tmp_18_fu_1221_p2   |    and   |      0|  0|   64|          64|          64|
    |tmp_192_fu_3291_p2  |    and   |      0|  0|   64|          64|          64|
    |tmp_196_fu_3309_p2  |    and   |      0|  0|   64|          64|          64|
    |tmp_204_fu_3467_p2  |    and   |      0|  0|   64|          64|          64|
    |tmp_206_fu_3485_p2  |    and   |      0|  0|   64|          64|          64|
    |tmp_208_fu_3503_p2  |    and   |      0|  0|   64|          64|          64|
    |tmp_212_fu_3521_p2  |    and   |      0|  0|   64|          64|          64|
    |tmp_216_fu_3539_p2  |    and   |      0|  0|   64|          64|          64|
    |tmp_22_fu_1239_p2   |    and   |      0|  0|   64|          64|          64|
    |tmp_29_fu_1397_p2   |    and   |      0|  0|   64|          64|          64|
    |tmp_31_fu_1415_p2   |    and   |      0|  0|   64|          64|          64|
    |tmp_33_fu_1433_p2   |    and   |      0|  0|   64|          64|          64|
    |tmp_37_fu_1451_p2   |    and   |      0|  0|   64|          64|          64|
    |tmp_41_fu_1469_p2   |    and   |      0|  0|   64|          64|          64|
    |tmp_49_fu_1625_p2   |    and   |      0|  0|   64|          64|          64|
    |tmp_51_fu_1643_p2   |    and   |      0|  0|   64|          64|          64|
    |tmp_53_fu_1661_p2   |    and   |      0|  0|   64|          64|          64|
    |tmp_57_fu_1679_p2   |    and   |      0|  0|   64|          64|          64|
    |tmp_61_fu_1697_p2   |    and   |      0|  0|   64|          64|          64|
    |tmp_69_fu_1855_p2   |    and   |      0|  0|   64|          64|          64|
    |tmp_71_fu_1873_p2   |    and   |      0|  0|   64|          64|          64|
    |tmp_73_fu_1891_p2   |    and   |      0|  0|   64|          64|          64|
    |tmp_77_fu_1909_p2   |    and   |      0|  0|   64|          64|          64|
    |tmp_81_fu_1927_p2   |    and   |      0|  0|   64|          64|          64|
    |tmp_89_fu_2085_p2   |    and   |      0|  0|   64|          64|          64|
    |tmp_91_fu_2103_p2   |    and   |      0|  0|   64|          64|          64|
    |tmp_93_fu_2121_p2   |    and   |      0|  0|   64|          64|          64|
    |tmp_97_fu_2139_p2   |    and   |      0|  0|   64|          64|          64|
    |tmp_fu_759_p2       |   icmp   |      0|  0|   11|           5|           5|
    |tmp_122_fu_770_p2   |    or    |      0|  0|    5|           5|           1|
    |Aba_2_fu_2555_p2    |    xor   |      0|  0|   64|          64|          64|
    |Aba_3_fu_1037_p2    |    xor   |      0|  0|   64|          64|          64|
    |Abe_1_fu_1481_p2    |    xor   |      0|  0|   64|          64|          64|
    |Abe_2_fu_2573_p2    |    xor   |      0|  0|   64|          64|          64|
    |Abi_1_fu_1939_p2    |    xor   |      0|  0|   64|          64|          64|
    |Abi_2_fu_2591_p2    |    xor   |      0|  0|   64|          64|          64|
    |Abo_1_fu_1251_p2    |    xor   |      0|  0|   64|          64|          64|
    |Abo_2_fu_2609_p2    |    xor   |      0|  0|   64|          64|          64|
    |Abu_1_fu_1709_p2    |    xor   |      0|  0|   64|          64|          64|
    |Abu_2_fu_2627_p2    |    xor   |      0|  0|   64|          64|          64|
    |Aga_1_fu_1737_p2    |    xor   |      0|  0|   64|          64|          64|
    |Aga_2_fu_2785_p2    |    xor   |      0|  0|   64|          64|          64|
    |Age_1_fu_1043_p2    |    xor   |      0|  0|   64|          64|          64|
    |Age_2_fu_2803_p2    |    xor   |      0|  0|   64|          64|          64|
    |Agi_1_fu_1507_p2    |    xor   |      0|  0|   64|          64|          64|
    |Agi_2_fu_2821_p2    |    xor   |      0|  0|   64|          64|          64|
    |Ago_1_fu_1967_p2    |    xor   |      0|  0|   64|          64|          64|
    |Ago_2_fu_2839_p2    |    xor   |      0|  0|   64|          64|          64|
    |Agu_1_fu_1279_p2    |    xor   |      0|  0|   64|          64|          64|
    |Agu_2_fu_2857_p2    |    xor   |      0|  0|   64|          64|          64|
    |Aka_1_fu_1307_p2    |    xor   |      0|  0|   64|          64|          64|
    |Aka_2_fu_3013_p2    |    xor   |      0|  0|   64|          64|          64|
    |Ake_1_fu_1765_p2    |    xor   |      0|  0|   64|          64|          64|
    |Ake_2_fu_3031_p2    |    xor   |      0|  0|   64|          64|          64|
    |Aki_1_fu_1071_p2    |    xor   |      0|  0|   64|          64|          64|
    |Aki_2_fu_3049_p2    |    xor   |      0|  0|   64|          64|          64|
    |Ako_1_fu_1535_p2    |    xor   |      0|  0|   64|          64|          64|
    |Ako_2_fu_3067_p2    |    xor   |      0|  0|   64|          64|          64|
    |Aku_1_fu_1995_p2    |    xor   |      0|  0|   64|          64|          64|
    |Aku_2_fu_3085_p2    |    xor   |      0|  0|   64|          64|          64|
    |Ama_1_fu_2023_p2    |    xor   |      0|  0|   64|          64|          64|
    |Ama_2_fu_3243_p2    |    xor   |      0|  0|   64|          64|          64|
    |Ame_1_fu_1335_p2    |    xor   |      0|  0|   64|          64|          64|
    |Ame_2_fu_3261_p2    |    xor   |      0|  0|   64|          64|          64|
    |Ami_1_fu_1793_p2    |    xor   |      0|  0|   64|          64|          64|
    |Ami_2_fu_3279_p2    |    xor   |      0|  0|   64|          64|          64|
    |Amo_1_fu_1099_p2    |    xor   |      0|  0|   64|          64|          64|
    |Amo_2_fu_3297_p2    |    xor   |      0|  0|   64|          64|          64|
    |Amu_1_fu_1563_p2    |    xor   |      0|  0|   64|          64|          64|
    |Amu_2_fu_3315_p2    |    xor   |      0|  0|   64|          64|          64|
    |Asa_1_fu_1591_p2    |    xor   |      0|  0|   64|          64|          64|
    |Asa_2_fu_3473_p2    |    xor   |      0|  0|   64|          64|          64|
    |Ase_1_fu_2051_p2    |    xor   |      0|  0|   64|          64|          64|
    |Ase_2_fu_3491_p2    |    xor   |      0|  0|   64|          64|          64|
    |Asi_1_fu_1363_p2    |    xor   |      0|  0|   64|          64|          64|
    |Asi_2_fu_3509_p2    |    xor   |      0|  0|   64|          64|          64|
    |Aso_1_fu_1821_p2    |    xor   |      0|  0|   64|          64|          64|
    |Aso_2_fu_3527_p2    |    xor   |      0|  0|   64|          64|          64|
    |Asu_1_fu_1127_p2    |    xor   |      0|  0|   64|          64|          64|
    |Asu_2_fu_3545_p2    |    xor   |      0|  0|   64|          64|          64|
    |BCa_6_fu_2187_p2    |    xor   |      0|  0|   64|          64|          64|
    |BCa_fu_805_p2       |    xor   |      0|  0|   64|          64|          64|
    |BCe_6_fu_2211_p2    |    xor   |      0|  0|   64|          64|          64|
    |BCe_fu_829_p2       |    xor   |      0|  0|   64|          64|          64|
    |BCi_6_fu_2235_p2    |    xor   |      0|  0|   64|          64|          64|
    |BCi_fu_853_p2       |    xor   |      0|  0|   64|          64|          64|
    |BCo_6_fu_2259_p2    |    xor   |      0|  0|   64|          64|          64|
    |BCo_fu_877_p2       |    xor   |      0|  0|   64|          64|          64|
    |BCu_6_fu_2283_p2    |    xor   |      0|  0|   64|          64|          64|
    |BCu_fu_901_p2       |    xor   |      0|  0|   64|          64|          64|
    |Da_1_fu_2309_p2     |    xor   |      0|  0|   64|          64|          64|
    |Da_fu_927_p2        |    xor   |      0|  0|   64|          64|          64|
    |De_1_fu_2335_p2     |    xor   |      0|  0|   64|          64|          64|
    |De_fu_953_p2        |    xor   |      0|  0|   64|          64|          64|
    |Di_1_fu_2361_p2     |    xor   |      0|  0|   64|          64|          64|
    |Di_fu_979_p2        |    xor   |      0|  0|   64|          64|          64|
    |Do_1_fu_2387_p2     |    xor   |      0|  0|   64|          64|          64|
    |Do_fu_1005_p2       |    xor   |      0|  0|   64|          64|          64|
    |Du_1_fu_2413_p2     |    xor   |      0|  0|   64|          64|          64|
    |Du_fu_1031_p2       |    xor   |      0|  0|   64|          64|          64|
    |Eba_2_fu_2419_p2    |    xor   |      0|  0|   64|          64|          64|
    |Eba_fu_1173_p2      |    xor   |      0|  0|   64|          64|          64|
    |Ebe_1_fu_2863_p2    |    xor   |      0|  0|   64|          64|          64|
    |Ebe_fu_1191_p2      |    xor   |      0|  0|   64|          64|          64|
    |Ebi_1_fu_3321_p2    |    xor   |      0|  0|   64|          64|          64|
    |Ebi_fu_1209_p2      |    xor   |      0|  0|   64|          64|          64|
    |Ebo_1_fu_2633_p2    |    xor   |      0|  0|   64|          64|          64|
    |Ebo_fu_1227_p2      |    xor   |      0|  0|   64|          64|          64|
    |Ebu_1_fu_3091_p2    |    xor   |      0|  0|   64|          64|          64|
    |Ebu_fu_1245_p2      |    xor   |      0|  0|   64|          64|          64|
    |Ega_1_fu_3119_p2    |    xor   |      0|  0|   64|          64|          64|
    |Ega_fu_1403_p2      |    xor   |      0|  0|   64|          64|          64|
    |Ege_1_fu_2425_p2    |    xor   |      0|  0|   64|          64|          64|
    |Ege_fu_1421_p2      |    xor   |      0|  0|   64|          64|          64|
    |Egi_1_fu_2889_p2    |    xor   |      0|  0|   64|          64|          64|
    |Egi_fu_1439_p2      |    xor   |      0|  0|   64|          64|          64|
    |Ego_1_fu_3349_p2    |    xor   |      0|  0|   64|          64|          64|
    |Ego_fu_1457_p2      |    xor   |      0|  0|   64|          64|          64|
    |Egu_1_fu_2661_p2    |    xor   |      0|  0|   64|          64|          64|
    |Egu_fu_1475_p2      |    xor   |      0|  0|   64|          64|          64|
    |Eka_1_fu_2689_p2    |    xor   |      0|  0|   64|          64|          64|
    |Eka_fu_1631_p2      |    xor   |      0|  0|   64|          64|          64|
    |Eke_1_fu_3147_p2    |    xor   |      0|  0|   64|          64|          64|
    |Eke_fu_1649_p2      |    xor   |      0|  0|   64|          64|          64|
    |Eki_1_fu_2453_p2    |    xor   |      0|  0|   64|          64|          64|
    |Eki_fu_1667_p2      |    xor   |      0|  0|   64|          64|          64|
    |Eko_1_fu_2917_p2    |    xor   |      0|  0|   64|          64|          64|
    |Eko_fu_1685_p2      |    xor   |      0|  0|   64|          64|          64|
    |Eku_1_fu_3377_p2    |    xor   |      0|  0|   64|          64|          64|
    |Eku_fu_1703_p2      |    xor   |      0|  0|   64|          64|          64|
    |Ema_1_fu_3405_p2    |    xor   |      0|  0|   64|          64|          64|
    |Ema_fu_1861_p2      |    xor   |      0|  0|   64|          64|          64|
    |Eme_1_fu_2717_p2    |    xor   |      0|  0|   64|          64|          64|
    |Eme_fu_1879_p2      |    xor   |      0|  0|   64|          64|          64|
    |Emi_1_fu_3175_p2    |    xor   |      0|  0|   64|          64|          64|
    |Emi_fu_1897_p2      |    xor   |      0|  0|   64|          64|          64|
    |Emo_1_fu_2481_p2    |    xor   |      0|  0|   64|          64|          64|
    |Emo_fu_1915_p2      |    xor   |      0|  0|   64|          64|          64|
    |Emu_1_fu_2945_p2    |    xor   |      0|  0|   64|          64|          64|
    |Emu_fu_1933_p2      |    xor   |      0|  0|   64|          64|          64|
    |Esa_1_fu_2973_p2    |    xor   |      0|  0|   64|          64|          64|
    |Esa_fu_2091_p2      |    xor   |      0|  0|   64|          64|          64|
    |Ese_1_fu_3433_p2    |    xor   |      0|  0|   64|          64|          64|
    |Ese_fu_2109_p2      |    xor   |      0|  0|   64|          64|          64|
    |Esi_1_fu_2745_p2    |    xor   |      0|  0|   64|          64|          64|
    |Esi_fu_2127_p2      |    xor   |      0|  0|   64|          64|          64|
    |Eso_1_fu_3203_p2    |    xor   |      0|  0|   64|          64|          64|
    |Eso_fu_2145_p2      |    xor   |      0|  0|   64|          64|          64|
    |Esu_1_fu_2509_p2    |    xor   |      0|  0|   64|          64|          64|
    |Esu_fu_2163_p2      |    xor   |      0|  0|   64|          64|          64|
    |tmp10_fu_859_p2     |    xor   |      0|  0|   64|          64|          64|
    |tmp11_fu_865_p2     |    xor   |      0|  0|   64|          64|          64|
    |tmp12_fu_871_p2     |    xor   |      0|  0|   64|          64|          64|
    |tmp13_fu_883_p2     |    xor   |      0|  0|   64|          64|          64|
    |tmp14_fu_889_p2     |    xor   |      0|  0|   64|          64|          64|
    |tmp15_fu_895_p2     |    xor   |      0|  0|   64|          64|          64|
    |tmp16_fu_1167_p2    |    xor   |      0|  0|   64|          64|          64|
    |tmp17_fu_2169_p2    |    xor   |      0|  0|   64|          64|          64|
    |tmp18_fu_2175_p2    |    xor   |      0|  0|   64|          64|          64|
    |tmp19_fu_2181_p2    |    xor   |      0|  0|   64|          64|          64|
    |tmp1_fu_817_p2      |    xor   |      0|  0|   64|          64|          64|
    |tmp20_fu_2193_p2    |    xor   |      0|  0|   64|          64|          64|
    |tmp21_fu_2199_p2    |    xor   |      0|  0|   64|          64|          64|
    |tmp22_fu_2205_p2    |    xor   |      0|  0|   64|          64|          64|
    |tmp23_fu_2217_p2    |    xor   |      0|  0|   64|          64|          64|
    |tmp24_fu_2223_p2    |    xor   |      0|  0|   64|          64|          64|
    |tmp25_fu_2229_p2    |    xor   |      0|  0|   64|          64|          64|
    |tmp26_fu_2241_p2    |    xor   |      0|  0|   64|          64|          64|
    |tmp27_fu_2247_p2    |    xor   |      0|  0|   64|          64|          64|
    |tmp28_fu_2253_p2    |    xor   |      0|  0|   64|          64|          64|
    |tmp29_fu_2265_p2    |    xor   |      0|  0|   64|          64|          64|
    |tmp2_fu_835_p2      |    xor   |      0|  0|   64|          64|          64|
    |tmp30_fu_2271_p2    |    xor   |      0|  0|   64|          64|          64|
    |tmp31_fu_2277_p2    |    xor   |      0|  0|   64|          64|          64|
    |tmp32_fu_2549_p2    |    xor   |      0|  0|   64|          64|          64|
    |tmp3_fu_787_p2      |    xor   |      0|  0|   64|          64|          64|
    |tmp4_fu_799_p2      |    xor   |      0|  0|   64|          64|          64|
    |tmp5_fu_793_p2      |    xor   |      0|  0|   64|          64|          64|
    |tmp6_fu_841_p2      |    xor   |      0|  0|   64|          64|          64|
    |tmp7_fu_847_p2      |    xor   |      0|  0|   64|          64|          64|
    |tmp8_fu_811_p2      |    xor   |      0|  0|   64|          64|          64|
    |tmp9_fu_823_p2      |    xor   |      0|  0|   64|          64|          64|
    |tmp_119_fu_2537_p2  |    xor   |      0|  0|   64|           2|          64|
    |tmp_125_fu_2561_p2  |    xor   |      0|  0|   64|           2|          64|
    |tmp_128_fu_2579_p2  |    xor   |      0|  0|   64|           2|          64|
    |tmp_12_fu_1179_p2   |    xor   |      0|  0|   64|           2|          64|
    |tmp_132_fu_2597_p2  |    xor   |      0|  0|   64|           2|          64|
    |tmp_136_fu_2615_p2  |    xor   |      0|  0|   64|           2|          64|
    |tmp_143_fu_2773_p2  |    xor   |      0|  0|   64|           2|          64|
    |tmp_145_fu_2791_p2  |    xor   |      0|  0|   64|           2|          64|
    |tmp_147_fu_2809_p2  |    xor   |      0|  0|   64|           2|          64|
    |tmp_14_fu_1197_p2   |    xor   |      0|  0|   64|           2|          64|
    |tmp_150_fu_2827_p2  |    xor   |      0|  0|   64|           2|          64|
    |tmp_154_fu_2845_p2  |    xor   |      0|  0|   64|           2|          64|
    |tmp_162_fu_3001_p2  |    xor   |      0|  0|   64|           2|          64|
    |tmp_165_fu_3019_p2  |    xor   |      0|  0|   64|           2|          64|
    |tmp_167_fu_3037_p2  |    xor   |      0|  0|   64|           2|          64|
    |tmp_16_fu_1215_p2   |    xor   |      0|  0|   64|           2|          64|
    |tmp_170_fu_3055_p2  |    xor   |      0|  0|   64|           2|          64|
    |tmp_174_fu_3073_p2  |    xor   |      0|  0|   64|           2|          64|
    |tmp_183_fu_3231_p2  |    xor   |      0|  0|   64|           2|          64|
    |tmp_185_fu_3249_p2  |    xor   |      0|  0|   64|           2|          64|
    |tmp_187_fu_3267_p2  |    xor   |      0|  0|   64|           2|          64|
    |tmp_190_fu_3285_p2  |    xor   |      0|  0|   64|           2|          64|
    |tmp_194_fu_3303_p2  |    xor   |      0|  0|   64|           2|          64|
    |tmp_203_fu_3461_p2  |    xor   |      0|  0|   64|           2|          64|
    |tmp_205_fu_3479_p2  |    xor   |      0|  0|   64|           2|          64|
    |tmp_207_fu_3497_p2  |    xor   |      0|  0|   64|           2|          64|
    |tmp_20_fu_1233_p2   |    xor   |      0|  0|   64|           2|          64|
    |tmp_210_fu_3515_p2  |    xor   |      0|  0|   64|           2|          64|
    |tmp_214_fu_3533_p2  |    xor   |      0|  0|   64|           2|          64|
    |tmp_28_fu_1391_p2   |    xor   |      0|  0|   64|           2|          64|
    |tmp_30_fu_1409_p2   |    xor   |      0|  0|   64|           2|          64|
    |tmp_32_fu_1427_p2   |    xor   |      0|  0|   64|           2|          64|
    |tmp_35_fu_1445_p2   |    xor   |      0|  0|   64|           2|          64|
    |tmp_39_fu_1463_p2   |    xor   |      0|  0|   64|           2|          64|
    |tmp_47_fu_1619_p2   |    xor   |      0|  0|   64|           2|          64|
    |tmp_50_fu_1637_p2   |    xor   |      0|  0|   64|           2|          64|
    |tmp_52_fu_1655_p2   |    xor   |      0|  0|   64|           2|          64|
    |tmp_55_fu_1673_p2   |    xor   |      0|  0|   64|           2|          64|
    |tmp_59_fu_1691_p2   |    xor   |      0|  0|   64|           2|          64|
    |tmp_68_fu_1849_p2   |    xor   |      0|  0|   64|           2|          64|
    |tmp_70_fu_1867_p2   |    xor   |      0|  0|   64|           2|          64|
    |tmp_72_fu_1885_p2   |    xor   |      0|  0|   64|           2|          64|
    |tmp_75_fu_1903_p2   |    xor   |      0|  0|   64|           2|          64|
    |tmp_79_fu_1921_p2   |    xor   |      0|  0|   64|           2|          64|
    |tmp_7_fu_1155_p2    |    xor   |      0|  0|   64|           2|          64|
    |tmp_88_fu_2079_p2   |    xor   |      0|  0|   64|           2|          64|
    |tmp_90_fu_2097_p2   |    xor   |      0|  0|   64|           2|          64|
    |tmp_92_fu_2115_p2   |    xor   |      0|  0|   64|           2|          64|
    |tmp_95_fu_2133_p2   |    xor   |      0|  0|   64|           2|          64|
    |tmp_99_fu_2151_p2   |    xor   |      0|  0|   64|           2|          64|
    +--------------------+----------+-------+---+-----+------------+------------+
    |Total               |          |      0|  0|16159|       13040|       16139|
    +--------------------+----------+-------+---+-----+------------+------------+

    * Multiplexer: 
    +----------------+-----+-----------+-----+-----------+
    |      Name      | LUT | Input Size| Bits| Total Bits|
    +----------------+-----+-----------+-----+-----------+
    |Aba1_reg_726    |    9|          2|   64|        128|
    |Abe1_reg_715    |    9|          2|   64|        128|
    |Abi1_reg_704    |    9|          2|   64|        128|
    |Abo1_reg_693    |    9|          2|   64|        128|
    |Abu1_reg_682    |    9|          2|   64|        128|
    |Aga1_reg_671    |    9|          2|   64|        128|
    |Age1_reg_660    |    9|          2|   64|        128|
    |Agi1_reg_649    |    9|          2|   64|        128|
    |Ago1_reg_638    |    9|          2|   64|        128|
    |Agu1_reg_627    |    9|          2|   64|        128|
    |Aka1_reg_616    |    9|          2|   64|        128|
    |Ake1_reg_605    |    9|          2|   64|        128|
    |Aki1_reg_594    |    9|          2|   64|        128|
    |Ako1_reg_583    |    9|          2|   64|        128|
    |Aku1_reg_572    |    9|          2|   64|        128|
    |Ama1_reg_561    |    9|          2|   64|        128|
    |Ame1_reg_550    |    9|          2|   64|        128|
    |Ami1_reg_539    |    9|          2|   64|        128|
    |Amo1_reg_528    |    9|          2|   64|        128|
    |Amu1_reg_517    |    9|          2|   64|        128|
    |Asa1_reg_506    |    9|          2|   64|        128|
    |Ase1_reg_495    |    9|          2|   64|        128|
    |Asi1_reg_484    |    9|          2|   64|        128|
    |Aso1_reg_473    |    9|          2|   64|        128|
    |Asu1_reg_748    |    9|          2|   64|        128|
    |ap_NS_fsm       |  133|         29|    1|         29|
    |round_reg_737   |    9|          2|    5|         10|
    |state_address0  |  121|         26|    5|        130|
    |state_address1  |  121|         26|    5|        130|
    |state_d0        |   56|         13|   64|        832|
    |state_d1        |   59|         14|   64|        896|
    +----------------+-----+-----------+-----+-----------+
    |Total           |  724|        160| 1744|       5227|
    +----------------+-----+-----------+-----+-----------+

    * Register: 
    +------------------+----+----+-----+-----------+
    |       Name       | FF | LUT| Bits| Const Bits|
    +------------------+----+----+-----+-----------+
    |Aba1_reg_726      |  64|   0|   64|          0|
    |Aba_reg_3557      |  64|   0|   64|          0|
    |Abe1_reg_715      |  64|   0|   64|          0|
    |Abe_reg_3572      |  64|   0|   64|          0|
    |Abi1_reg_704      |  64|   0|   64|          0|
    |Abi_reg_3577      |  64|   0|   64|          0|
    |Abo1_reg_693      |  64|   0|   64|          0|
    |Abo_reg_3594      |  64|   0|   64|          0|
    |Abu1_reg_682      |  64|   0|   64|          0|
    |Abu_reg_3599      |  64|   0|   64|          0|
    |Aga1_reg_671      |  64|   0|   64|          0|
    |Aga_reg_3616      |  64|   0|   64|          0|
    |Age1_reg_660      |  64|   0|   64|          0|
    |Age_reg_3621      |  64|   0|   64|          0|
    |Agi1_reg_649      |  64|   0|   64|          0|
    |Agi_reg_3638      |  64|   0|   64|          0|
    |Ago1_reg_638      |  64|   0|   64|          0|
    |Ago_reg_3643      |  64|   0|   64|          0|
    |Agu1_reg_627      |  64|   0|   64|          0|
    |Agu_reg_3660      |  64|   0|   64|          0|
    |Aka1_reg_616      |  64|   0|   64|          0|
    |Aka_reg_3665      |  64|   0|   64|          0|
    |Ake1_reg_605      |  64|   0|   64|          0|
    |Ake_reg_3682      |  64|   0|   64|          0|
    |Aki1_reg_594      |  64|   0|   64|          0|
    |Aki_reg_3687      |  64|   0|   64|          0|
    |Ako1_reg_583      |  64|   0|   64|          0|
    |Ako_reg_3704      |  64|   0|   64|          0|
    |Aku1_reg_572      |  64|   0|   64|          0|
    |Aku_reg_3709      |  64|   0|   64|          0|
    |Ama1_reg_561      |  64|   0|   64|          0|
    |Ama_reg_3726      |  64|   0|   64|          0|
    |Ame1_reg_550      |  64|   0|   64|          0|
    |Ame_reg_3731      |  64|   0|   64|          0|
    |Ami1_reg_539      |  64|   0|   64|          0|
    |Ami_reg_3748      |  64|   0|   64|          0|
    |Amo1_reg_528      |  64|   0|   64|          0|
    |Amo_reg_3753      |  64|   0|   64|          0|
    |Amu1_reg_517      |  64|   0|   64|          0|
    |Amu_reg_3770      |  64|   0|   64|          0|
    |Asa1_reg_506      |  64|   0|   64|          0|
    |Asa_reg_3775      |  64|   0|   64|          0|
    |Ase1_reg_495      |  64|   0|   64|          0|
    |Ase_reg_3792      |  64|   0|   64|          0|
    |Asi1_reg_484      |  64|   0|   64|          0|
    |Asi_reg_3797      |  64|   0|   64|          0|
    |Aso1_reg_473      |  64|   0|   64|          0|
    |Asu1_reg_748      |  64|   0|   64|          0|
    |ap_CS_fsm         |  28|   0|   28|          0|
    |round_1_reg_3837  |   5|   0|    5|          0|
    |round_reg_737     |   5|   0|    5|          0|
    +------------------+----+----+-----+-----------+
    |Total             |3110|   0| 3110|          0|
    +------------------+----+----+-----+-----------+



================================================================
== Interface
================================================================
* Summary: 
+----------------+-----+-----+------------+----------------------+--------------+
|    RTL Ports   | Dir | Bits|  Protocol  |     Source Object    |    C Type    |
+----------------+-----+-----+------------+----------------------+--------------+
|ap_clk          |  in |    1| ap_ctrl_hs | KeccakF1600_StatePer | return value |
|ap_rst          |  in |    1| ap_ctrl_hs | KeccakF1600_StatePer | return value |
|ap_start        |  in |    1| ap_ctrl_hs | KeccakF1600_StatePer | return value |
|ap_done         | out |    1| ap_ctrl_hs | KeccakF1600_StatePer | return value |
|ap_idle         | out |    1| ap_ctrl_hs | KeccakF1600_StatePer | return value |
|ap_ready        | out |    1| ap_ctrl_hs | KeccakF1600_StatePer | return value |
|state_address0  | out |    5|  ap_memory |         state        |     array    |
|state_ce0       | out |    1|  ap_memory |         state        |     array    |
|state_we0       | out |    1|  ap_memory |         state        |     array    |
|state_d0        | out |   64|  ap_memory |         state        |     array    |
|state_q0        |  in |   64|  ap_memory |         state        |     array    |
|state_address1  | out |    5|  ap_memory |         state        |     array    |
|state_ce1       | out |    1|  ap_memory |         state        |     array    |
|state_we1       | out |    1|  ap_memory |         state        |     array    |
|state_d1        | out |   64|  ap_memory |         state        |     array    |
|state_q1        |  in |   64|  ap_memory |         state        |     array    |
+----------------+-----+-----+------------+----------------------+--------------+

