

================================================================
== Vivado HLS Report for 'pqcrystals_fips202_ref_sha3_256'
================================================================
* Date:           Mon Apr 19 02:25:45 2021

* Version:        2018.3 (Build 2405991 on Thu Dec 06 23:56:15 MST 2018)
* Project:        SHA
* Solution:       NDT_c_mod
* Product family: artix7l
* Target device:  xc7a75tlftg256-2l


================================================================
== Performance Estimates
================================================================
+ Timing (ns): 
    * Summary: 
    +--------+-------+----------+------------+
    |  Clock | Target| Estimated| Uncertainty|
    +--------+-------+----------+------------+
    |ap_clk  |  15.00|     9.920|        1.88|
    +--------+-------+----------+------------+

+ Latency (clock cycles): 
    * Summary: 
    +-----+-----+-----+-----+---------+
    |  Latency  |  Interval | Pipeline|
    | min | max | min | max |   Type  |
    +-----+-----+-----+-----+---------+
    |    ?|    ?|    ?|    ?|   none  |
    +-----+-----+-----+-----+---------+

    + Detail: 
        * Instance: 
        +---------------------------------+----------------------+-----+-----+-----+-----+---------+
        |                                 |                      |  Latency  |  Interval | Pipeline|
        |             Instance            |        Module        | min | max | min | max |   Type  |
        +---------------------------------+----------------------+-----+-----+-----+-----+---------+
        |grp_keccak_absorb_fu_810         |keccak_absorb         |    ?|    ?|    ?|    ?|   none  |
        |grp_KeccakF1600_StatePer_fu_822  |KeccakF1600_StatePer  |   39|   39|   39|   39|   none  |
        +---------------------------------+----------------------+-----+-----+-----+-----+---------+

        * Loop: 
        +-------------------------------+-----+-----+----------+-----------+-----------+------+----------+
        |                               |  Latency  | Iteration|  Initiation Interval  | Trip |          |
        |           Loop Name           | min | max |  Latency |  achieved |   target  | Count| Pipelined|
        +-------------------------------+-----+-----+----------+-----------+-----------+------+----------+
        |- keccak_squeezeblocks_label8  |   85|   85|         5|          -|          -|    17|    no    |
        +-------------------------------+-----+-----+----------+-----------+-----------+------+----------+



================================================================
== Utilization Estimates
================================================================
* Summary: 
+-----------------+---------+-------+-------+-------+
|       Name      | BRAM_18K| DSP48E|   FF  |  LUT  |
+-----------------+---------+-------+-------+-------+
|DSP              |        -|      -|      -|      -|
|Expression       |        -|      -|      0|    131|
|FIFO             |        -|      -|      -|      -|
|Instance         |        5|      -|   6544|  38853|
|Memory           |        5|      -|      0|      0|
|Multiplexer      |        -|      -|      -|    688|
|Register         |        -|      -|     90|      -|
+-----------------+---------+-------+-------+-------+
|Total            |       10|      0|   6634|  39672|
+-----------------+---------+-------+-------+-------+
|Available        |      210|    180|  94400|  47200|
+-----------------+---------+-------+-------+-------+
|Utilization (%)  |        4|      0|      7|     84|
+-----------------+---------+-------+-------+-------+

+ Detail: 
    * Instance: 
    +---------------------------------+----------------------+---------+-------+------+-------+
    |             Instance            |        Module        | BRAM_18K| DSP48E|  FF  |  LUT  |
    +---------------------------------+----------------------+---------+-------+------+-------+
    |grp_KeccakF1600_StatePer_fu_822  |KeccakF1600_StatePer  |        2|      0|  3108|  18685|
    |grp_keccak_absorb_fu_810         |keccak_absorb         |        3|      0|  3436|  20168|
    +---------------------------------+----------------------+---------+-------+------+-------+
    |Total                            |                      |        5|      0|  6544|  38853|
    +---------------------------------+----------------------+---------+-------+------+-------+

    * DSP48: 
    N/A

    * Memory: 
    +--------------+--------------------------------------------+---------+---+----+------+-----+------+-------------+
    |    Memory    |                   Module                   | BRAM_18K| FF| LUT| Words| Bits| Banks| W*Bits*Banks|
    +--------------+--------------------------------------------+---------+---+----+------+-----+------+-------------+
    |out_assign_U  |pqcrystals_fips202_ref_sha3_256_out_assign  |        1|  0|   0|   136|    8|     1|         1088|
    |s_U           |pqcrystals_fips202_ref_sha3_256_s           |        4|  0|   0|    25|   64|     1|         1600|
    +--------------+--------------------------------------------+---------+---+----+------+-----+------+-------------+
    |Total         |                                            |        5|  0|   0|   161|   72|     2|         2688|
    +--------------+--------------------------------------------+---------+---+----+------+-----+------+-------------+

    * FIFO: 
    N/A

    * Expression: 
    +----------------------+----------+-------+---+----+------------+------------+
    |     Variable Name    | Operation| DSP48E| FF| LUT| Bitwidth P0| Bitwidth P1|
    +----------------------+----------+-------+---+----+------------+------------+
    |tmp_6_i_fu_835_p2     |     +    |      0|  0|  15|           5|           1|
    |exitcond_i_fu_829_p2  |   icmp   |      0|  0|  11|           5|           5|
    |sum_1_i_i5_fu_875_p2  |    or    |      0|  0|  15|           8|           1|
    |sum_2_i_i6_fu_946_p2  |    or    |      0|  0|  15|           8|           2|
    |sum_3_i_i7_fu_956_p2  |    or    |      0|  0|  15|           8|           2|
    |sum_4_i_i8_fu_966_p2  |    or    |      0|  0|  15|           8|           3|
    |sum_5_i_i9_fu_976_p2  |    or    |      0|  0|  15|           8|           3|
    |sum_6_i_i_fu_986_p2   |    or    |      0|  0|  15|           8|           3|
    |sum_7_i_i_fu_996_p2   |    or    |      0|  0|  15|           8|           3|
    +----------------------+----------+-------+---+----+------------+------------+
    |Total                 |          |      0|  0| 131|          66|          23|
    +----------------------+----------+-------+---+----+------------+------------+

    * Multiplexer: 
    +---------------------+-----+-----------+-----+-----------+
    |         Name        | LUT | Input Size| Bits| Total Bits|
    +---------------------+-----+-----------+-----+-----------+
    |ap_NS_fsm            |  121|         26|    1|         26|
    |h_address0           |   85|         17|    5|         85|
    |h_address1           |   85|         17|    5|         85|
    |i_1_i_reg_798        |    9|          2|    5|         10|
    |out_assign_address0  |  101|         21|    8|        168|
    |out_assign_address1  |  101|         21|    8|        168|
    |out_assign_d0        |   27|          5|    8|         40|
    |out_assign_d1        |   27|          5|    8|         40|
    |s_address0           |   21|          4|    5|         20|
    |s_address1           |   15|          3|    5|         15|
    |s_ce0                |   21|          4|    1|          4|
    |s_ce1                |   15|          3|    1|          3|
    |s_d0                 |   15|          3|   64|        192|
    |s_d1                 |   15|          3|   64|        192|
    |s_we0                |   15|          3|    1|          3|
    |s_we1                |   15|          3|    1|          3|
    +---------------------+-----+-----------+-----+-----------+
    |Total                |  688|        140|  190|       1054|
    +---------------------+-----+-----------+-----+-----------+

    * Register: 
    +----------------------------------------------+----+----+-----+-----------+
    |                     Name                     | FF | LUT| Bits| Const Bits|
    +----------------------------------------------+----+----+-----+-----------+
    |ap_CS_fsm                                     |  25|   0|   25|          0|
    |grp_KeccakF1600_StatePer_fu_822_ap_start_reg  |   1|   0|    1|          0|
    |grp_keccak_absorb_fu_810_ap_start_reg         |   1|   0|    1|          0|
    |i_1_i_reg_798                                 |   5|   0|    5|          0|
    |tmp_3_i_reg_1034                              |   5|   0|    8|          3|
    |tmp_4_2_i_i_reg_1044                          |   8|   0|    8|          0|
    |tmp_4_3_i_i_reg_1049                          |   8|   0|    8|          0|
    |tmp_4_4_i_i_reg_1054                          |   8|   0|    8|          0|
    |tmp_4_5_i_i_reg_1059                          |   8|   0|    8|          0|
    |tmp_4_6_i_i_reg_1064                          |   8|   0|    8|          0|
    |tmp_4_7_i_i_reg_1069                          |   8|   0|    8|          0|
    |tmp_6_i_reg_1014                              |   5|   0|    5|          0|
    +----------------------------------------------+----+----+-----+-----------+
    |Total                                         |  90|   0|   93|          3|
    +----------------------------------------------+----+----+-----+-----------+



================================================================
== Interface
================================================================
* Summary: 
+---------------+-----+-----+------------+---------------------------------+--------------+
|   RTL Ports   | Dir | Bits|  Protocol  |          Source Object          |    C Type    |
+---------------+-----+-----+------------+---------------------------------+--------------+
|ap_clk         |  in |    1| ap_ctrl_hs | pqcrystals_fips202_ref_sha3_256 | return value |
|ap_rst         |  in |    1| ap_ctrl_hs | pqcrystals_fips202_ref_sha3_256 | return value |
|ap_start       |  in |    1| ap_ctrl_hs | pqcrystals_fips202_ref_sha3_256 | return value |
|ap_done        | out |    1| ap_ctrl_hs | pqcrystals_fips202_ref_sha3_256 | return value |
|ap_idle        | out |    1| ap_ctrl_hs | pqcrystals_fips202_ref_sha3_256 | return value |
|ap_ready       | out |    1| ap_ctrl_hs | pqcrystals_fips202_ref_sha3_256 | return value |
|h_address0     | out |    5|  ap_memory |                h                |     array    |
|h_ce0          | out |    1|  ap_memory |                h                |     array    |
|h_we0          | out |    1|  ap_memory |                h                |     array    |
|h_d0           | out |    8|  ap_memory |                h                |     array    |
|h_address1     | out |    5|  ap_memory |                h                |     array    |
|h_ce1          | out |    1|  ap_memory |                h                |     array    |
|h_we1          | out |    1|  ap_memory |                h                |     array    |
|h_d1           | out |    8|  ap_memory |                h                |     array    |
|IN_r_address0  | out |   12|  ap_memory |               IN_r              |     array    |
|IN_r_ce0       | out |    1|  ap_memory |               IN_r              |     array    |
|IN_r_q0        |  in |    8|  ap_memory |               IN_r              |     array    |
|IN_r_address1  | out |   12|  ap_memory |               IN_r              |     array    |
|IN_r_ce1       | out |    1|  ap_memory |               IN_r              |     array    |
|IN_r_q1        |  in |    8|  ap_memory |               IN_r              |     array    |
|inlen          |  in |   64|   ap_none  |              inlen              |    scalar    |
+---------------+-----+-----+------------+---------------------------------+--------------+

