#-----------------------------------------------------------
# Vivado v2018.3 (64-bit)
# SW Build 2405991 on Thu Dec  6 23:36:41 MST 2018
# IP Build 2404404 on Fri Dec  7 01:43:56 MST 2018
# Start of session at: Mon Apr 19 02:23:14 2021
# Process ID: 130185
# Current directory: /home/ds6365/SHA/NDT_a_mod/sim/vhdl
# Command line: vivado -source open_wave.tcl
# Log file: /home/ds6365/SHA/NDT_a_mod/sim/vhdl/vivado.log
# Journal file: /home/ds6365/SHA/NDT_a_mod/sim/vhdl/vivado.jou
#-----------------------------------------------------------
start_gui
source open_wave.tcl
# current_fileset
INFO: [Common 17-41] Interrupt caught. Command should exit soon.
INFO: [IP_Flow 19-234] Refreshing IP repositories
INFO: [IP_Flow 19-1704] No user IP repositories specified
INFO: [IP_Flow 19-2338] Canceling the changes to the IP catalog. Reverting the catalog back to its previous state.
INFO: [IP_Flow 19-2340] The IP catalog has been returned to its previous state.
current_fileset: Time (s): cpu = 00:00:36 ; elapsed = 00:00:09 . Memory (MB): peak = 6911.340 ; gain = 96.766 ; free physical = 1402 ; free virtual = 589436
INFO: [Common 17-344] 'current_fileset' was cancelled
INFO: [Common 17-344] 'source' was cancelled
