#-----------------------------------------------------------
# xsim v2018.3 (64-bit)
# SW Build 2405991 on Thu Dec  6 23:36:41 MST 2018
# IP Build 2404404 on Fri Dec  7 01:43:56 MST 2018
# Start of session at: Mon Apr 19 02:22:47 2021
# Process ID: 129837
# Current directory: /home/ds6365/SHA/NDT_a_mod/sim/vhdl
# Command line: xsim -mode tcl -source {xsim.dir/pqcrystals_fips202_ref_sha3_256/xsim_script.tcl}
# Log file: /home/ds6365/SHA/NDT_a_mod/sim/vhdl/xsim.log
# Journal file: /home/ds6365/SHA/NDT_a_mod/sim/vhdl/xsim.jou
#-----------------------------------------------------------
source xsim.dir/pqcrystals_fips202_ref_sha3_256/xsim_script.tcl
# xsim {pqcrystals_fips202_ref_sha3_256} -autoloadwcfg -tclbatch {pqcrystals_fips202_ref_sha3_256.tcl}
Vivado Simulator 2018.3
Time resolution is 1 ps
source pqcrystals_fips202_ref_sha3_256.tcl
## log_wave -r /
WARNING: [Simtcl 6-197] One or more HDL objects could not be logged because of object type or size limitations.  To see details please rerun the command with -verbose (-v).
## set designtopgroup [add_wave_group "Design Top Signals"]
## set coutputgroup [add_wave_group "C Outputs" -into $designtopgroup]
## set h_group [add_wave_group h(memory) -into $coutputgroup]
## add_wave /apatb_pqcrystals_fips202_ref_sha3_256_top/AESL_inst_pqcrystals_fips202_ref_sha3_256/h_d1 -into $h_group -radix hex
## add_wave /apatb_pqcrystals_fips202_ref_sha3_256_top/AESL_inst_pqcrystals_fips202_ref_sha3_256/h_we1 -into $h_group -color #ffff00 -radix hex
## add_wave /apatb_pqcrystals_fips202_ref_sha3_256_top/AESL_inst_pqcrystals_fips202_ref_sha3_256/h_ce1 -into $h_group -color #ffff00 -radix hex
## add_wave /apatb_pqcrystals_fips202_ref_sha3_256_top/AESL_inst_pqcrystals_fips202_ref_sha3_256/h_address1 -into $h_group -radix hex
## add_wave /apatb_pqcrystals_fips202_ref_sha3_256_top/AESL_inst_pqcrystals_fips202_ref_sha3_256/h_d0 -into $h_group -radix hex
## add_wave /apatb_pqcrystals_fips202_ref_sha3_256_top/AESL_inst_pqcrystals_fips202_ref_sha3_256/h_we0 -into $h_group -color #ffff00 -radix hex
## add_wave /apatb_pqcrystals_fips202_ref_sha3_256_top/AESL_inst_pqcrystals_fips202_ref_sha3_256/h_ce0 -into $h_group -color #ffff00 -radix hex
## add_wave /apatb_pqcrystals_fips202_ref_sha3_256_top/AESL_inst_pqcrystals_fips202_ref_sha3_256/h_address0 -into $h_group -radix hex
## set cinputgroup [add_wave_group "C Inputs" -into $designtopgroup]
## set inlen_group [add_wave_group inlen(wire) -into $cinputgroup]
## add_wave /apatb_pqcrystals_fips202_ref_sha3_256_top/AESL_inst_pqcrystals_fips202_ref_sha3_256/inlen -into $inlen_group -radix hex
## set IN_group [add_wave_group IN(memory) -into $cinputgroup]
## add_wave /apatb_pqcrystals_fips202_ref_sha3_256_top/AESL_inst_pqcrystals_fips202_ref_sha3_256/IN_r_q1 -into $IN_group -radix hex
## add_wave /apatb_pqcrystals_fips202_ref_sha3_256_top/AESL_inst_pqcrystals_fips202_ref_sha3_256/IN_r_ce1 -into $IN_group -color #ffff00 -radix hex
## add_wave /apatb_pqcrystals_fips202_ref_sha3_256_top/AESL_inst_pqcrystals_fips202_ref_sha3_256/IN_r_address1 -into $IN_group -radix hex
## add_wave /apatb_pqcrystals_fips202_ref_sha3_256_top/AESL_inst_pqcrystals_fips202_ref_sha3_256/IN_r_q0 -into $IN_group -radix hex
## add_wave /apatb_pqcrystals_fips202_ref_sha3_256_top/AESL_inst_pqcrystals_fips202_ref_sha3_256/IN_r_ce0 -into $IN_group -color #ffff00 -radix hex
## add_wave /apatb_pqcrystals_fips202_ref_sha3_256_top/AESL_inst_pqcrystals_fips202_ref_sha3_256/IN_r_address0 -into $IN_group -radix hex
## set blocksiggroup [add_wave_group "Block-level IO Handshake" -into $designtopgroup]
## add_wave /apatb_pqcrystals_fips202_ref_sha3_256_top/AESL_inst_pqcrystals_fips202_ref_sha3_256/ap_start -into $blocksiggroup
## add_wave /apatb_pqcrystals_fips202_ref_sha3_256_top/AESL_inst_pqcrystals_fips202_ref_sha3_256/ap_done -into $blocksiggroup
## add_wave /apatb_pqcrystals_fips202_ref_sha3_256_top/AESL_inst_pqcrystals_fips202_ref_sha3_256/ap_idle -into $blocksiggroup
## add_wave /apatb_pqcrystals_fips202_ref_sha3_256_top/AESL_inst_pqcrystals_fips202_ref_sha3_256/ap_ready -into $blocksiggroup
## set resetgroup [add_wave_group "Reset" -into $designtopgroup]
## add_wave /apatb_pqcrystals_fips202_ref_sha3_256_top/AESL_inst_pqcrystals_fips202_ref_sha3_256/ap_rst -into $resetgroup
## set clockgroup [add_wave_group "Clock" -into $designtopgroup]
## add_wave /apatb_pqcrystals_fips202_ref_sha3_256_top/AESL_inst_pqcrystals_fips202_ref_sha3_256/ap_clk -into $clockgroup
## set testbenchgroup [add_wave_group "Test Bench Signals"]
## set tbinternalsiggroup [add_wave_group "Internal Signals" -into $testbenchgroup]
## set tb_simstatus_group [add_wave_group "Simulation Status" -into $tbinternalsiggroup]
## set tb_portdepth_group [add_wave_group "Port Depth" -into $tbinternalsiggroup]
## add_wave /apatb_pqcrystals_fips202_ref_sha3_256_top/AUTOTB_TRANSACTION_NUM -into $tb_simstatus_group -radix hex
## add_wave /apatb_pqcrystals_fips202_ref_sha3_256_top/ready_cnt -into $tb_simstatus_group -radix hex
## add_wave /apatb_pqcrystals_fips202_ref_sha3_256_top/done_cnt -into $tb_simstatus_group -radix hex
## add_wave /apatb_pqcrystals_fips202_ref_sha3_256_top/LENGTH_h -into $tb_portdepth_group -radix hex
## add_wave /apatb_pqcrystals_fips202_ref_sha3_256_top/LENGTH_IN_r -into $tb_portdepth_group -radix hex
## add_wave /apatb_pqcrystals_fips202_ref_sha3_256_top/LENGTH_inlen -into $tb_portdepth_group -radix hex
## set tbcoutputgroup [add_wave_group "C Outputs" -into $testbenchgroup]
## set tb_h_group [add_wave_group h(memory) -into $tbcoutputgroup]
## add_wave /apatb_pqcrystals_fips202_ref_sha3_256_top/h_d1 -into $tb_h_group -radix hex
## add_wave /apatb_pqcrystals_fips202_ref_sha3_256_top/h_we1 -into $tb_h_group -color #ffff00 -radix hex
## add_wave /apatb_pqcrystals_fips202_ref_sha3_256_top/h_ce1 -into $tb_h_group -color #ffff00 -radix hex
## add_wave /apatb_pqcrystals_fips202_ref_sha3_256_top/h_address1 -into $tb_h_group -radix hex
## add_wave /apatb_pqcrystals_fips202_ref_sha3_256_top/h_d0 -into $tb_h_group -radix hex
## add_wave /apatb_pqcrystals_fips202_ref_sha3_256_top/h_we0 -into $tb_h_group -color #ffff00 -radix hex
## add_wave /apatb_pqcrystals_fips202_ref_sha3_256_top/h_ce0 -into $tb_h_group -color #ffff00 -radix hex
## add_wave /apatb_pqcrystals_fips202_ref_sha3_256_top/h_address0 -into $tb_h_group -radix hex
## set tbcinputgroup [add_wave_group "C Inputs" -into $testbenchgroup]
## set tb_inlen_group [add_wave_group inlen(wire) -into $tbcinputgroup]
## add_wave /apatb_pqcrystals_fips202_ref_sha3_256_top/inlen -into $tb_inlen_group -radix hex
## set tb_IN_group [add_wave_group IN(memory) -into $tbcinputgroup]
## add_wave /apatb_pqcrystals_fips202_ref_sha3_256_top/IN_r_q1 -into $tb_IN_group -radix hex
## add_wave /apatb_pqcrystals_fips202_ref_sha3_256_top/IN_r_ce1 -into $tb_IN_group -color #ffff00 -radix hex
## add_wave /apatb_pqcrystals_fips202_ref_sha3_256_top/IN_r_address1 -into $tb_IN_group -radix hex
## add_wave /apatb_pqcrystals_fips202_ref_sha3_256_top/IN_r_q0 -into $tb_IN_group -radix hex
## add_wave /apatb_pqcrystals_fips202_ref_sha3_256_top/IN_r_ce0 -into $tb_IN_group -color #ffff00 -radix hex
## add_wave /apatb_pqcrystals_fips202_ref_sha3_256_top/IN_r_address0 -into $tb_IN_group -radix hex
## save_wave_config pqcrystals_fips202_ref_sha3_256.wcfg
## run all
Note: simulation done!
Time: 5275 ns  Iteration: 1  Process: /apatb_pqcrystals_fips202_ref_sha3_256_top/generate_sim_done_proc  File: /home/ds6365/SHA/NDT_a_mod/sim/vhdl/pqcrystals_fips202_ref_sha3_256.autotb.vhd
Failure: NORMAL EXIT (note: failure is to force the simulator to stop)
Time: 5275 ns  Iteration: 1  Process: /apatb_pqcrystals_fips202_ref_sha3_256_top/generate_sim_done_proc  File: /home/ds6365/SHA/NDT_a_mod/sim/vhdl/pqcrystals_fips202_ref_sha3_256.autotb.vhd
$finish called at time : 5275 ns
## quit
INFO: [Common 17-206] Exiting xsim at Mon Apr 19 02:23:07 2021...
